CRITICAL - 2022-07-27 05:05:35 --> Invalid file: customCards.php
#0 /home/amandeep/public_html/maara/vendor/codeigniter4/framework/system/View/View.php(198): CodeIgniter\Exceptions\FrameworkException::forInvalidFile('customCards.php')
#1 /home/amandeep/public_html/maara/vendor/codeigniter4/framework/system/Common.php(1089): CodeIgniter\View\View->render('customCards', Array, true)
#2 /home/amandeep/public_html/maara/app/Controllers/BaseController.php(590): view('customCards', Array)
#3 /home/amandeep/public_html/maara/app/Controllers/Landing.php(831): App\Controllers\BaseController->loadLandingViews('customCards', Array)
#4 /home/amandeep/public_html/maara/vendor/codeigniter4/framework/system/CodeIgniter.php(832): App\Controllers\Landing->customCard()
#5 /home/amandeep/public_html/maara/vendor/codeigniter4/framework/system/CodeIgniter.php(419): CodeIgniter\CodeIgniter->runController(Object(App\Controllers\Landing))
#6 /home/amandeep/public_html/maara/vendor/codeigniter4/framework/system/CodeIgniter.php(326): CodeIgniter\CodeIgniter->handleRequest(NULL, Object(Config\Cache), false)
#7 /home/amandeep/public_html/maara/index.php(43): CodeIgniter\CodeIgniter->run()
#8 {main}
CRITICAL - 2022-07-27 05:06:34 --> syntax error, unexpected 'version' (T_STRING)
#0 /home/amandeep/public_html/maara/vendor/codeigniter4/framework/system/View/View.php(213): CodeIgniter\View\View->CodeIgniter\View\{closure}()
#1 /home/amandeep/public_html/maara/vendor/codeigniter4/framework/system/Common.php(1089): CodeIgniter\View\View->render('customCard', Array, true)
#2 /home/amandeep/public_html/maara/app/Controllers/BaseController.php(590): view('customCard', Array)
#3 /home/amandeep/public_html/maara/app/Controllers/Landing.php(831): App\Controllers\BaseController->loadLandingViews('customCard', Array)
#4 /home/amandeep/public_html/maara/vendor/codeigniter4/framework/system/CodeIgniter.php(832): App\Controllers\Landing->customCard()
#5 /home/amandeep/public_html/maara/vendor/codeigniter4/framework/system/CodeIgniter.php(419): CodeIgniter\CodeIgniter->runController(Object(App\Controllers\Landing))
#6 /home/amandeep/public_html/maara/vendor/codeigniter4/framework/system/CodeIgniter.php(326): CodeIgniter\CodeIgniter->handleRequest(NULL, Object(Config\Cache), false)
#7 /home/amandeep/public_html/maara/index.php(43): CodeIgniter\CodeIgniter->run()
#8 {main}
CRITICAL - 2022-07-27 05:12:28 --> syntax error, unexpected 'version' (T_STRING)
#0 /home/amandeep/public_html/maara/vendor/codeigniter4/framework/system/View/View.php(213): CodeIgniter\View\View->CodeIgniter\View\{closure}()
#1 /home/amandeep/public_html/maara/vendor/codeigniter4/framework/system/Common.php(1089): CodeIgniter\View\View->render('customCard', Array, true)
#2 /home/amandeep/public_html/maara/app/Controllers/BaseController.php(590): view('customCard', Array)
#3 /home/amandeep/public_html/maara/app/Controllers/Landing.php(831): App\Controllers\BaseController->loadLandingViews('customCard', Array)
#4 /home/amandeep/public_html/maara/vendor/codeigniter4/framework/system/CodeIgniter.php(832): App\Controllers\Landing->customCard()
#5 /home/amandeep/public_html/maara/vendor/codeigniter4/framework/system/CodeIgniter.php(419): CodeIgniter\CodeIgniter->runController(Object(App\Controllers\Landing))
#6 /home/amandeep/public_html/maara/vendor/codeigniter4/framework/system/CodeIgniter.php(326): CodeIgniter\CodeIgniter->handleRequest(NULL, Object(Config\Cache), false)
#7 /home/amandeep/public_html/maara/index.php(43): CodeIgniter\CodeIgniter->run()
#8 {main}
CRITICAL - 2022-07-27 05:13:17 --> Use of undefined constant xml - assumed 'xml' (this will throw an Error in a future version of PHP)
#0 /home/amandeep/public_html/maara/app/Views/customCard.php(220): CodeIgniter\Debug\Exceptions->errorHandler(2, 'Use of undefine...', '/home/amandeep/...', 220, Array)
#1 /home/amandeep/public_html/maara/vendor/codeigniter4/framework/system/View/View.php(210): include('/home/amandeep/...')
#2 /home/amandeep/public_html/maara/vendor/codeigniter4/framework/system/View/View.php(213): CodeIgniter\View\View->CodeIgniter\View\{closure}()
#3 /home/amandeep/public_html/maara/vendor/codeigniter4/framework/system/Common.php(1089): CodeIgniter\View\View->render('customCard', Array, true)
#4 /home/amandeep/public_html/maara/app/Controllers/BaseController.php(590): view('customCard', Array)
#5 /home/amandeep/public_html/maara/app/Controllers/Landing.php(831): App\Controllers\BaseController->loadLandingViews('customCard', Array)
#6 /home/amandeep/public_html/maara/vendor/codeigniter4/framework/system/CodeIgniter.php(832): App\Controllers\Landing->customCard()
#7 /home/amandeep/public_html/maara/vendor/codeigniter4/framework/system/CodeIgniter.php(419): CodeIgniter\CodeIgniter->runController(Object(App\Controllers\Landing))
#8 /home/amandeep/public_html/maara/vendor/codeigniter4/framework/system/CodeIgniter.php(326): CodeIgniter\CodeIgniter->handleRequest(NULL, Object(Config\Cache), false)
#9 /home/amandeep/public_html/maara/index.php(43): CodeIgniter\CodeIgniter->run()
#10 {main}
CRITICAL - 2022-07-27 05:13:19 --> Use of undefined constant xml - assumed 'xml' (this will throw an Error in a future version of PHP)
#0 /home/amandeep/public_html/maara/app/Views/customCard.php(220): CodeIgniter\Debug\Exceptions->errorHandler(2, 'Use of undefine...', '/home/amandeep/...', 220, Array)
#1 /home/amandeep/public_html/maara/vendor/codeigniter4/framework/system/View/View.php(210): include('/home/amandeep/...')
#2 /home/amandeep/public_html/maara/vendor/codeigniter4/framework/system/View/View.php(213): CodeIgniter\View\View->CodeIgniter\View\{closure}()
#3 /home/amandeep/public_html/maara/vendor/codeigniter4/framework/system/Common.php(1089): CodeIgniter\View\View->render('customCard', Array, true)
#4 /home/amandeep/public_html/maara/app/Controllers/BaseController.php(590): view('customCard', Array)
#5 /home/amandeep/public_html/maara/app/Controllers/Landing.php(831): App\Controllers\BaseController->loadLandingViews('customCard', Array)
#6 /home/amandeep/public_html/maara/vendor/codeigniter4/framework/system/CodeIgniter.php(832): App\Controllers\Landing->customCard()
#7 /home/amandeep/public_html/maara/vendor/codeigniter4/framework/system/CodeIgniter.php(419): CodeIgniter\CodeIgniter->runController(Object(App\Controllers\Landing))
#8 /home/amandeep/public_html/maara/vendor/codeigniter4/framework/system/CodeIgniter.php(326): CodeIgniter\CodeIgniter->handleRequest(NULL, Object(Config\Cache), false)
#9 /home/amandeep/public_html/maara/index.php(43): CodeIgniter\CodeIgniter->run()
#10 {main}
CRITICAL - 2022-07-27 05:13:29 --> Use of undefined constant xml - assumed 'xml' (this will throw an Error in a future version of PHP)
#0 /home/amandeep/public_html/maara/app/Views/customCard.php(220): CodeIgniter\Debug\Exceptions->errorHandler(2, 'Use of undefine...', '/home/amandeep/...', 220, Array)
#1 /home/amandeep/public_html/maara/vendor/codeigniter4/framework/system/View/View.php(210): include('/home/amandeep/...')
#2 /home/amandeep/public_html/maara/vendor/codeigniter4/framework/system/View/View.php(213): CodeIgniter\View\View->CodeIgniter\View\{closure}()
#3 /home/amandeep/public_html/maara/vendor/codeigniter4/framework/system/Common.php(1089): CodeIgniter\View\View->render('customCard', Array, true)
#4 /home/amandeep/public_html/maara/app/Controllers/BaseController.php(590): view('customCard', Array)
#5 /home/amandeep/public_html/maara/app/Controllers/Landing.php(831): App\Controllers\BaseController->loadLandingViews('customCard', Array)
#6 /home/amandeep/public_html/maara/vendor/codeigniter4/framework/system/CodeIgniter.php(832): App\Controllers\Landing->customCard()
#7 /home/amandeep/public_html/maara/vendor/codeigniter4/framework/system/CodeIgniter.php(419): CodeIgniter\CodeIgniter->runController(Object(App\Controllers\Landing))
#8 /home/amandeep/public_html/maara/vendor/codeigniter4/framework/system/CodeIgniter.php(326): CodeIgniter\CodeIgniter->handleRequest(NULL, Object(Config\Cache), false)
#9 /home/amandeep/public_html/maara/index.php(43): CodeIgniter\CodeIgniter->run()
#10 {main}
