CRITICAL - 2022-05-24 04:19:45 --> move_uploaded_file(./uploads/inputVal_3/1klx3Gm70LTBcEPz240520222019+03+27_Mixology+Ice+Shoot_WR-6330.jpg): failed to open stream: No such file or directory
#0 [internal function]: CodeIgniter\Debug\Exceptions->errorHandler(2, 'move_uploaded_f...', '/home/amandeep/...', 314, Array)
#1 /home/amandeep/public_html/maara/app/Controllers/BaseController.php(314): move_uploaded_file('/tmp/phptt2Uti', './uploads/input...')
#2 /home/amandeep/public_html/maara/app/Controllers/Dashboard.php(159): App\Controllers\BaseController->uploadImages('inputVal_3', 'inputVal_3')
#3 /home/amandeep/public_html/maara/vendor/codeigniter4/framework/system/CodeIgniter.php(832): App\Controllers\Dashboard->insertDeviceType()
#4 /home/amandeep/public_html/maara/vendor/codeigniter4/framework/system/CodeIgniter.php(419): CodeIgniter\CodeIgniter->runController(Object(App\Controllers\Dashboard))
#5 /home/amandeep/public_html/maara/vendor/codeigniter4/framework/system/CodeIgniter.php(326): CodeIgniter\CodeIgniter->handleRequest(NULL, Object(Config\Cache), false)
#6 /home/amandeep/public_html/maara/index.php(43): CodeIgniter\CodeIgniter->run()
#7 {main}
CRITICAL - 2022-05-24 04:20:12 --> Call to undefined method CodeIgniter\Session\Session::set_flashdata()
#0 /home/amandeep/public_html/maara/vendor/codeigniter4/framework/system/CodeIgniter.php(832): App\Controllers\Dashboard->insertDeviceType()
#1 /home/amandeep/public_html/maara/vendor/codeigniter4/framework/system/CodeIgniter.php(419): CodeIgniter\CodeIgniter->runController(Object(App\Controllers\Dashboard))
#2 /home/amandeep/public_html/maara/vendor/codeigniter4/framework/system/CodeIgniter.php(326): CodeIgniter\CodeIgniter->handleRequest(NULL, Object(Config\Cache), false)
#3 /home/amandeep/public_html/maara/index.php(43): CodeIgniter\CodeIgniter->run()
#4 {main}
CRITICAL - 2022-05-24 05:29:54 --> array_filter() expects parameter 1 to be array, string given
#0 [internal function]: CodeIgniter\Debug\Exceptions->errorHandler(2, 'array_filter() ...', '/home/amandeep/...', 173, Array)
#1 /home/amandeep/public_html/maara/app/Controllers/Dashboard.php(173): array_filter('AM2.jpg')
#2 /home/amandeep/public_html/maara/vendor/codeigniter4/framework/system/CodeIgniter.php(832): App\Controllers\Dashboard->insertDeviceType()
#3 /home/amandeep/public_html/maara/vendor/codeigniter4/framework/system/CodeIgniter.php(419): CodeIgniter\CodeIgniter->runController(Object(App\Controllers\Dashboard))
#4 /home/amandeep/public_html/maara/vendor/codeigniter4/framework/system/CodeIgniter.php(326): CodeIgniter\CodeIgniter->handleRequest(NULL, Object(Config\Cache), false)
#5 /home/amandeep/public_html/maara/index.php(43): CodeIgniter\CodeIgniter->run()
#6 {main}
CRITICAL - 2022-05-24 05:30:12 --> array_filter() expects parameter 1 to be array, string given
#0 [internal function]: CodeIgniter\Debug\Exceptions->errorHandler(2, 'array_filter() ...', '/home/amandeep/...', 173, Array)
#1 /home/amandeep/public_html/maara/app/Controllers/Dashboard.php(173): array_filter('AM2.jpg')
#2 /home/amandeep/public_html/maara/vendor/codeigniter4/framework/system/CodeIgniter.php(832): App\Controllers\Dashboard->insertDeviceType()
#3 /home/amandeep/public_html/maara/vendor/codeigniter4/framework/system/CodeIgniter.php(419): CodeIgniter\CodeIgniter->runController(Object(App\Controllers\Dashboard))
#4 /home/amandeep/public_html/maara/vendor/codeigniter4/framework/system/CodeIgniter.php(326): CodeIgniter\CodeIgniter->handleRequest(NULL, Object(Config\Cache), false)
#5 /home/amandeep/public_html/maara/index.php(43): CodeIgniter\CodeIgniter->run()
#6 {main}
CRITICAL - 2022-05-24 05:30:42 --> Call to undefined method App\Controllers\Dashboard::multipleUploadImages()
#0 /home/amandeep/public_html/maara/vendor/codeigniter4/framework/system/CodeIgniter.php(832): App\Controllers\Dashboard->insertDeviceType()
#1 /home/amandeep/public_html/maara/vendor/codeigniter4/framework/system/CodeIgniter.php(419): CodeIgniter\CodeIgniter->runController(Object(App\Controllers\Dashboard))
#2 /home/amandeep/public_html/maara/vendor/codeigniter4/framework/system/CodeIgniter.php(326): CodeIgniter\CodeIgniter->handleRequest(NULL, Object(Config\Cache), false)
#3 /home/amandeep/public_html/maara/index.php(43): CodeIgniter\CodeIgniter->run()
#4 {main}
CRITICAL - 2022-05-24 05:48:48 --> Invalid argument supplied for foreach()
#0 /home/amandeep/public_html/maara/app/Controllers/Dashboard.php(193): CodeIgniter\Debug\Exceptions->errorHandler(2, 'Invalid argumen...', '/home/amandeep/...', 193, Array)
#1 /home/amandeep/public_html/maara/vendor/codeigniter4/framework/system/CodeIgniter.php(832): App\Controllers\Dashboard->insertDeviceType()
#2 /home/amandeep/public_html/maara/vendor/codeigniter4/framework/system/CodeIgniter.php(419): CodeIgniter\CodeIgniter->runController(Object(App\Controllers\Dashboard))
#3 /home/amandeep/public_html/maara/vendor/codeigniter4/framework/system/CodeIgniter.php(326): CodeIgniter\CodeIgniter->handleRequest(NULL, Object(Config\Cache), false)
#4 /home/amandeep/public_html/maara/index.php(43): CodeIgniter\CodeIgniter->run()
#5 {main}
ERROR - 2022-05-24 06:01:10 --> Operand should contain 1 column(s)
ERROR - 2022-05-24 06:01:10 --> Operand should contain 1 column(s)
ERROR - 2022-05-24 06:02:43 --> Operand should contain 1 column(s)
ERROR - 2022-05-24 06:02:43 --> Operand should contain 1 column(s)
CRITICAL - 2022-05-24 06:07:58 --> Call to a member function insert() on null
#0 /home/amandeep/public_html/maara/app/Controllers/Dashboard.php(208): App\Controllers\Dashboard->addColorImages(13)
#1 /home/amandeep/public_html/maara/vendor/codeigniter4/framework/system/CodeIgniter.php(832): App\Controllers\Dashboard->insertDeviceType()
#2 /home/amandeep/public_html/maara/vendor/codeigniter4/framework/system/CodeIgniter.php(419): CodeIgniter\CodeIgniter->runController(Object(App\Controllers\Dashboard))
#3 /home/amandeep/public_html/maara/vendor/codeigniter4/framework/system/CodeIgniter.php(326): CodeIgniter\CodeIgniter->handleRequest(NULL, Object(Config\Cache), false)
#4 /home/amandeep/public_html/maara/index.php(43): CodeIgniter\CodeIgniter->run()
#5 {main}
CRITICAL - 2022-05-24 06:12:50 --> Call to a member function insert() on null
#0 /home/amandeep/public_html/maara/vendor/codeigniter4/framework/system/CodeIgniter.php(832): App\Controllers\Dashboard->insertDeviceType()
#1 /home/amandeep/public_html/maara/vendor/codeigniter4/framework/system/CodeIgniter.php(419): CodeIgniter\CodeIgniter->runController(Object(App\Controllers\Dashboard))
#2 /home/amandeep/public_html/maara/vendor/codeigniter4/framework/system/CodeIgniter.php(326): CodeIgniter\CodeIgniter->handleRequest(NULL, Object(Config\Cache), false)
#3 /home/amandeep/public_html/maara/index.php(43): CodeIgniter\CodeIgniter->run()
#4 {main}
CRITICAL - 2022-05-24 06:13:21 --> Call to a member function insert() on null
#0 /home/amandeep/public_html/maara/vendor/codeigniter4/framework/system/CodeIgniter.php(832): App\Controllers\Dashboard->insertDeviceType()
#1 /home/amandeep/public_html/maara/vendor/codeigniter4/framework/system/CodeIgniter.php(419): CodeIgniter\CodeIgniter->runController(Object(App\Controllers\Dashboard))
#2 /home/amandeep/public_html/maara/vendor/codeigniter4/framework/system/CodeIgniter.php(326): CodeIgniter\CodeIgniter->handleRequest(NULL, Object(Config\Cache), false)
#3 /home/amandeep/public_html/maara/index.php(43): CodeIgniter\CodeIgniter->run()
#4 {main}
CRITICAL - 2022-05-24 06:15:36 --> Call to a member function setFlashdata() on null
#0 /home/amandeep/public_html/maara/app/Controllers/Dashboard.php(206): App\Controllers\Dashboard->addColorImages(16)
#1 /home/amandeep/public_html/maara/vendor/codeigniter4/framework/system/CodeIgniter.php(832): App\Controllers\Dashboard->insertDeviceType()
#2 /home/amandeep/public_html/maara/vendor/codeigniter4/framework/system/CodeIgniter.php(419): CodeIgniter\CodeIgniter->runController(Object(App\Controllers\Dashboard))
#3 /home/amandeep/public_html/maara/vendor/codeigniter4/framework/system/CodeIgniter.php(326): CodeIgniter\CodeIgniter->handleRequest(NULL, Object(Config\Cache), false)
#4 /home/amandeep/public_html/maara/index.php(43): CodeIgniter\CodeIgniter->run()
#5 {main}
ERROR - 2022-05-24 07:37:07 --> Unknown column 'NULL' in 'on clause'
CRITICAL - 2022-05-24 07:37:07 --> Call to a member function getResultArray() on bool
#0 /home/amandeep/public_html/maara/app/Controllers/Dashboard.php(87): Config\Services::getDevicesTypes()
#1 /home/amandeep/public_html/maara/vendor/codeigniter4/framework/system/CodeIgniter.php(832): App\Controllers\Dashboard->devicesTypesManagement('$1')
#2 /home/amandeep/public_html/maara/vendor/codeigniter4/framework/system/CodeIgniter.php(419): CodeIgniter\CodeIgniter->runController(Object(App\Controllers\Dashboard))
#3 /home/amandeep/public_html/maara/vendor/codeigniter4/framework/system/CodeIgniter.php(326): CodeIgniter\CodeIgniter->handleRequest(NULL, Object(Config\Cache), false)
#4 /home/amandeep/public_html/maara/index.php(43): CodeIgniter\CodeIgniter->run()
#5 {main}
ERROR - 2022-05-24 07:37:52 --> Unknown column 'NULL' in 'on clause'
CRITICAL - 2022-05-24 07:37:52 --> Call to a member function getResultArray() on bool
#0 /home/amandeep/public_html/maara/app/Controllers/Dashboard.php(87): Config\Services::getDevicesTypes()
#1 /home/amandeep/public_html/maara/vendor/codeigniter4/framework/system/CodeIgniter.php(832): App\Controllers\Dashboard->devicesTypesManagement('$1')
#2 /home/amandeep/public_html/maara/vendor/codeigniter4/framework/system/CodeIgniter.php(419): CodeIgniter\CodeIgniter->runController(Object(App\Controllers\Dashboard))
#3 /home/amandeep/public_html/maara/vendor/codeigniter4/framework/system/CodeIgniter.php(326): CodeIgniter\CodeIgniter->handleRequest(NULL, Object(Config\Cache), false)
#4 /home/amandeep/public_html/maara/index.php(43): CodeIgniter\CodeIgniter->run()
#5 {main}
ERROR - 2022-05-24 07:37:54 --> Unknown column 'NULL' in 'on clause'
CRITICAL - 2022-05-24 07:37:54 --> Call to a member function getResultArray() on bool
#0 /home/amandeep/public_html/maara/app/Controllers/Dashboard.php(87): Config\Services::getDevicesTypes()
#1 /home/amandeep/public_html/maara/vendor/codeigniter4/framework/system/CodeIgniter.php(832): App\Controllers\Dashboard->devicesTypesManagement('$1')
#2 /home/amandeep/public_html/maara/vendor/codeigniter4/framework/system/CodeIgniter.php(419): CodeIgniter\CodeIgniter->runController(Object(App\Controllers\Dashboard))
#3 /home/amandeep/public_html/maara/vendor/codeigniter4/framework/system/CodeIgniter.php(326): CodeIgniter\CodeIgniter->handleRequest(NULL, Object(Config\Cache), false)
#4 /home/amandeep/public_html/maara/index.php(43): CodeIgniter\CodeIgniter->run()
#5 {main}
ERROR - 2022-05-24 07:38:29 --> Unknown column 'NULL' in 'on clause'
CRITICAL - 2022-05-24 07:38:29 --> Call to a member function getResultArray() on bool
#0 /home/amandeep/public_html/maara/app/Controllers/Dashboard.php(87): Config\Services::getDevicesTypes()
#1 /home/amandeep/public_html/maara/vendor/codeigniter4/framework/system/CodeIgniter.php(832): App\Controllers\Dashboard->devicesTypesManagement('$1')
#2 /home/amandeep/public_html/maara/vendor/codeigniter4/framework/system/CodeIgniter.php(419): CodeIgniter\CodeIgniter->runController(Object(App\Controllers\Dashboard))
#3 /home/amandeep/public_html/maara/vendor/codeigniter4/framework/system/CodeIgniter.php(326): CodeIgniter\CodeIgniter->handleRequest(NULL, Object(Config\Cache), false)
#4 /home/amandeep/public_html/maara/index.php(43): CodeIgniter\CodeIgniter->run()
#5 {main}
ERROR - 2022-05-24 23:20:20 --> Unknown column 'NULL' in 'on clause'
CRITICAL - 2022-05-24 23:20:20 --> Call to a member function getResultArray() on bool
#0 /home/amandeep/public_html/maara/app/Controllers/Dashboard.php(87): Config\Services::getDevicesTypes()
#1 /home/amandeep/public_html/maara/vendor/codeigniter4/framework/system/CodeIgniter.php(832): App\Controllers\Dashboard->devicesTypesManagement('$1')
#2 /home/amandeep/public_html/maara/vendor/codeigniter4/framework/system/CodeIgniter.php(419): CodeIgniter\CodeIgniter->runController(Object(App\Controllers\Dashboard))
#3 /home/amandeep/public_html/maara/vendor/codeigniter4/framework/system/CodeIgniter.php(326): CodeIgniter\CodeIgniter->handleRequest(NULL, Object(Config\Cache), false)
#4 /home/amandeep/public_html/maara/index.php(43): CodeIgniter\CodeIgniter->run()
#5 {main}
