ERROR - 2022-07-22 04:34:58 --> Duplicate entry '1' for key 'PRIMARY'
ERROR - 2022-07-22 04:35:16 --> Duplicate entry '1' for key 'PRIMARY'
ERROR - 2022-07-22 04:35:42 --> Duplicate entry '1' for key 'PRIMARY'
ERROR - 2022-07-22 04:36:26 --> Duplicate entry '1' for key 'PRIMARY'
ERROR - 2022-07-22 04:37:15 --> Duplicate entry '1' for key 'PRIMARY'
ERROR - 2022-07-22 04:38:46 --> Duplicate entry '1' for key 'PRIMARY'
ERROR - 2022-07-22 04:39:13 --> Duplicate entry 'terms' for key 'type'
ERROR - 2022-07-22 04:39:34 --> Duplicate entry 'terms' for key 'type'
ERROR - 2022-07-22 04:40:30 --> Duplicate entry 'terms' for key 'type'
ERROR - 2022-07-22 04:40:56 --> Duplicate entry 'terms' for key 'type'
CRITICAL - 2022-07-22 04:53:40 --> Invalid argument supplied for foreach()
#0 /home/amandeep/public_html/maara/app/Views/admin/pages.php(30): CodeIgniter\Debug\Exceptions->errorHandler(2, 'Invalid argumen...', '/home/amandeep/...', 30, Array)
#1 /home/amandeep/public_html/maara/vendor/codeigniter4/framework/system/View/View.php(210): include('/home/amandeep/...')
#2 /home/amandeep/public_html/maara/vendor/codeigniter4/framework/system/View/View.php(213): CodeIgniter\View\View->CodeIgniter\View\{closure}()
#3 /home/amandeep/public_html/maara/vendor/codeigniter4/framework/system/Common.php(1089): CodeIgniter\View\View->render('admin/pages', Array, true)
#4 /home/amandeep/public_html/maara/app/Controllers/BaseController.php(550): view('admin/pages', Array)
#5 /home/amandeep/public_html/maara/app/Controllers/Dashboard.php(966): App\Controllers\BaseController->loadViews('pages', Array)
#6 /home/amandeep/public_html/maara/vendor/codeigniter4/framework/system/CodeIgniter.php(832): App\Controllers\Dashboard->pages()
#7 /home/amandeep/public_html/maara/vendor/codeigniter4/framework/system/CodeIgniter.php(419): CodeIgniter\CodeIgniter->runController(Object(App\Controllers\Dashboard))
#8 /home/amandeep/public_html/maara/vendor/codeigniter4/framework/system/CodeIgniter.php(326): CodeIgniter\CodeIgniter->handleRequest(NULL, Object(Config\Cache), false)
#9 /home/amandeep/public_html/maara/index.php(43): CodeIgniter\CodeIgniter->run()
#10 {main}
CRITICAL - 2022-07-22 05:02:14 --> Too few arguments to function App\Controllers\Dashboard::updatePage(), 0 passed in /home/amandeep/public_html/maara/vendor/codeigniter4/framework/system/CodeIgniter.php on line 832 and exactly 1 expected
#0 /home/amandeep/public_html/maara/vendor/codeigniter4/framework/system/CodeIgniter.php(832): App\Controllers\Dashboard->updatePage()
#1 /home/amandeep/public_html/maara/vendor/codeigniter4/framework/system/CodeIgniter.php(419): CodeIgniter\CodeIgniter->runController(Object(App\Controllers\Dashboard))
#2 /home/amandeep/public_html/maara/vendor/codeigniter4/framework/system/CodeIgniter.php(326): CodeIgniter\CodeIgniter->handleRequest(NULL, Object(Config\Cache), false)
#3 /home/amandeep/public_html/maara/index.php(43): CodeIgniter\CodeIgniter->run()
#4 {main}
CRITICAL - 2022-07-22 05:02:50 --> Too few arguments to function App\Controllers\Dashboard::updatePage(), 0 passed in /home/amandeep/public_html/maara/vendor/codeigniter4/framework/system/CodeIgniter.php on line 832 and exactly 1 expected
#0 /home/amandeep/public_html/maara/vendor/codeigniter4/framework/system/CodeIgniter.php(832): App\Controllers\Dashboard->updatePage()
#1 /home/amandeep/public_html/maara/vendor/codeigniter4/framework/system/CodeIgniter.php(419): CodeIgniter\CodeIgniter->runController(Object(App\Controllers\Dashboard))
#2 /home/amandeep/public_html/maara/vendor/codeigniter4/framework/system/CodeIgniter.php(326): CodeIgniter\CodeIgniter->handleRequest(NULL, Object(Config\Cache), false)
#3 /home/amandeep/public_html/maara/index.php(43): CodeIgniter\CodeIgniter->run()
#4 {main}
CRITICAL - 2022-07-22 05:02:51 --> Too few arguments to function App\Controllers\Dashboard::updatePage(), 0 passed in /home/amandeep/public_html/maara/vendor/codeigniter4/framework/system/CodeIgniter.php on line 832 and exactly 1 expected
#0 /home/amandeep/public_html/maara/vendor/codeigniter4/framework/system/CodeIgniter.php(832): App\Controllers\Dashboard->updatePage()
#1 /home/amandeep/public_html/maara/vendor/codeigniter4/framework/system/CodeIgniter.php(419): CodeIgniter\CodeIgniter->runController(Object(App\Controllers\Dashboard))
#2 /home/amandeep/public_html/maara/vendor/codeigniter4/framework/system/CodeIgniter.php(326): CodeIgniter\CodeIgniter->handleRequest(NULL, Object(Config\Cache), false)
#3 /home/amandeep/public_html/maara/index.php(43): CodeIgniter\CodeIgniter->run()
#4 {main}
CRITICAL - 2022-07-22 05:03:08 --> in_array() expects parameter 2 to be array, null given
#0 [internal function]: CodeIgniter\Debug\Exceptions->errorHandler(2, 'in_array() expe...', '/home/amandeep/...', 25, Array)
#1 /home/amandeep/public_html/maara/app/Views/admin/includes/footer.php(25): in_array('1', NULL, true)
#2 /home/amandeep/public_html/maara/vendor/codeigniter4/framework/system/View/View.php(210): include('/home/amandeep/...')
#3 /home/amandeep/public_html/maara/vendor/codeigniter4/framework/system/View/View.php(213): CodeIgniter\View\View->CodeIgniter\View\{closure}()
#4 /home/amandeep/public_html/maara/vendor/codeigniter4/framework/system/Common.php(1089): CodeIgniter\View\View->render('admin/includes/...', Array, true)
#5 /home/amandeep/public_html/maara/app/Controllers/BaseController.php(551): view('admin/includes/...', Array)
#6 /home/amandeep/public_html/maara/app/Controllers/Dashboard.php(982): App\Controllers\BaseController->loadViews('updatePage', Array)
#7 /home/amandeep/public_html/maara/vendor/codeigniter4/framework/system/CodeIgniter.php(832): App\Controllers\Dashboard->updatePage('Mw==')
#8 /home/amandeep/public_html/maara/vendor/codeigniter4/framework/system/CodeIgniter.php(419): CodeIgniter\CodeIgniter->runController(Object(App\Controllers\Dashboard))
#9 /home/amandeep/public_html/maara/vendor/codeigniter4/framework/system/CodeIgniter.php(326): CodeIgniter\CodeIgniter->handleRequest(NULL, Object(Config\Cache), false)
#10 /home/amandeep/public_html/maara/index.php(43): CodeIgniter\CodeIgniter->run()
#11 {main}
CRITICAL - 2022-07-22 05:03:52 --> in_array() expects parameter 2 to be array, null given
#0 [internal function]: CodeIgniter\Debug\Exceptions->errorHandler(2, 'in_array() expe...', '/home/amandeep/...', 25, Array)
#1 /home/amandeep/public_html/maara/app/Views/admin/includes/footer.php(25): in_array('1', NULL, true)
#2 /home/amandeep/public_html/maara/vendor/codeigniter4/framework/system/View/View.php(210): include('/home/amandeep/...')
#3 /home/amandeep/public_html/maara/vendor/codeigniter4/framework/system/View/View.php(213): CodeIgniter\View\View->CodeIgniter\View\{closure}()
#4 /home/amandeep/public_html/maara/vendor/codeigniter4/framework/system/Common.php(1089): CodeIgniter\View\View->render('admin/includes/...', Array, true)
#5 /home/amandeep/public_html/maara/app/Controllers/BaseController.php(551): view('admin/includes/...', Array)
#6 /home/amandeep/public_html/maara/app/Controllers/Dashboard.php(982): App\Controllers\BaseController->loadViews('updatePage', Array)
#7 /home/amandeep/public_html/maara/vendor/codeigniter4/framework/system/CodeIgniter.php(832): App\Controllers\Dashboard->updatePage('Mw==')
#8 /home/amandeep/public_html/maara/vendor/codeigniter4/framework/system/CodeIgniter.php(419): CodeIgniter\CodeIgniter->runController(Object(App\Controllers\Dashboard))
#9 /home/amandeep/public_html/maara/vendor/codeigniter4/framework/system/CodeIgniter.php(326): CodeIgniter\CodeIgniter->handleRequest(NULL, Object(Config\Cache), false)
#10 /home/amandeep/public_html/maara/index.php(43): CodeIgniter\CodeIgniter->run()
#11 {main}
CRITICAL - 2022-07-22 05:04:09 --> in_array() expects parameter 2 to be array, null given
#0 [internal function]: CodeIgniter\Debug\Exceptions->errorHandler(2, 'in_array() expe...', '/home/amandeep/...', 25, Array)
#1 /home/amandeep/public_html/maara/app/Views/admin/includes/footer.php(25): in_array('1', NULL, true)
#2 /home/amandeep/public_html/maara/vendor/codeigniter4/framework/system/View/View.php(210): include('/home/amandeep/...')
#3 /home/amandeep/public_html/maara/vendor/codeigniter4/framework/system/View/View.php(213): CodeIgniter\View\View->CodeIgniter\View\{closure}()
#4 /home/amandeep/public_html/maara/vendor/codeigniter4/framework/system/Common.php(1089): CodeIgniter\View\View->render('admin/includes/...', Array, true)
#5 /home/amandeep/public_html/maara/app/Controllers/BaseController.php(551): view('admin/includes/...', Array)
#6 /home/amandeep/public_html/maara/app/Controllers/Dashboard.php(982): App\Controllers\BaseController->loadViews('updatePage', Array)
#7 /home/amandeep/public_html/maara/vendor/codeigniter4/framework/system/CodeIgniter.php(832): App\Controllers\Dashboard->updatePage('Mw==')
#8 /home/amandeep/public_html/maara/vendor/codeigniter4/framework/system/CodeIgniter.php(419): CodeIgniter\CodeIgniter->runController(Object(App\Controllers\Dashboard))
#9 /home/amandeep/public_html/maara/vendor/codeigniter4/framework/system/CodeIgniter.php(326): CodeIgniter\CodeIgniter->handleRequest(NULL, Object(Config\Cache), false)
#10 /home/amandeep/public_html/maara/index.php(43): CodeIgniter\CodeIgniter->run()
#11 {main}
CRITICAL - 2022-07-22 05:04:45 --> in_array() expects parameter 2 to be array, null given
#0 [internal function]: CodeIgniter\Debug\Exceptions->errorHandler(2, 'in_array() expe...', '/home/amandeep/...', 25, Array)
#1 /home/amandeep/public_html/maara/app/Views/admin/includes/footer.php(25): in_array('1', NULL, true)
#2 /home/amandeep/public_html/maara/vendor/codeigniter4/framework/system/View/View.php(210): include('/home/amandeep/...')
#3 /home/amandeep/public_html/maara/vendor/codeigniter4/framework/system/View/View.php(213): CodeIgniter\View\View->CodeIgniter\View\{closure}()
#4 /home/amandeep/public_html/maara/vendor/codeigniter4/framework/system/Common.php(1089): CodeIgniter\View\View->render('admin/includes/...', Array, true)
#5 /home/amandeep/public_html/maara/app/Controllers/BaseController.php(551): view('admin/includes/...', Array)
#6 /home/amandeep/public_html/maara/app/Controllers/Dashboard.php(982): App\Controllers\BaseController->loadViews('updatePage', Array)
#7 /home/amandeep/public_html/maara/vendor/codeigniter4/framework/system/CodeIgniter.php(832): App\Controllers\Dashboard->updatePage('Mw==')
#8 /home/amandeep/public_html/maara/vendor/codeigniter4/framework/system/CodeIgniter.php(419): CodeIgniter\CodeIgniter->runController(Object(App\Controllers\Dashboard))
#9 /home/amandeep/public_html/maara/vendor/codeigniter4/framework/system/CodeIgniter.php(326): CodeIgniter\CodeIgniter->handleRequest(NULL, Object(Config\Cache), false)
#10 /home/amandeep/public_html/maara/index.php(43): CodeIgniter\CodeIgniter->run()
#11 {main}
CRITICAL - 2022-07-22 05:05:38 --> in_array() expects parameter 2 to be array, null given
#0 [internal function]: CodeIgniter\Debug\Exceptions->errorHandler(2, 'in_array() expe...', '/home/amandeep/...', 25, Array)
#1 /home/amandeep/public_html/maara/app/Views/admin/includes/footer.php(25): in_array('1', NULL, true)
#2 /home/amandeep/public_html/maara/vendor/codeigniter4/framework/system/View/View.php(210): include('/home/amandeep/...')
#3 /home/amandeep/public_html/maara/vendor/codeigniter4/framework/system/View/View.php(213): CodeIgniter\View\View->CodeIgniter\View\{closure}()
#4 /home/amandeep/public_html/maara/vendor/codeigniter4/framework/system/Common.php(1089): CodeIgniter\View\View->render('admin/includes/...', Array, true)
#5 /home/amandeep/public_html/maara/app/Controllers/BaseController.php(551): view('admin/includes/...', Array)
#6 /home/amandeep/public_html/maara/app/Controllers/Dashboard.php(981): App\Controllers\BaseController->loadViews('updatePage', Array)
#7 /home/amandeep/public_html/maara/vendor/codeigniter4/framework/system/CodeIgniter.php(832): App\Controllers\Dashboard->updatePage('Mw==')
#8 /home/amandeep/public_html/maara/vendor/codeigniter4/framework/system/CodeIgniter.php(419): CodeIgniter\CodeIgniter->runController(Object(App\Controllers\Dashboard))
#9 /home/amandeep/public_html/maara/vendor/codeigniter4/framework/system/CodeIgniter.php(326): CodeIgniter\CodeIgniter->handleRequest(NULL, Object(Config\Cache), false)
#10 /home/amandeep/public_html/maara/index.php(43): CodeIgniter\CodeIgniter->run()
#11 {main}
CRITICAL - 2022-07-22 05:06:37 --> in_array() expects parameter 2 to be array, null given
#0 [internal function]: CodeIgniter\Debug\Exceptions->errorHandler(2, 'in_array() expe...', '/home/amandeep/...', 25, Array)
#1 /home/amandeep/public_html/maara/app/Views/admin/includes/footer.php(25): in_array('1', NULL, true)
#2 /home/amandeep/public_html/maara/vendor/codeigniter4/framework/system/View/View.php(210): include('/home/amandeep/...')
#3 /home/amandeep/public_html/maara/vendor/codeigniter4/framework/system/View/View.php(213): CodeIgniter\View\View->CodeIgniter\View\{closure}()
#4 /home/amandeep/public_html/maara/vendor/codeigniter4/framework/system/Common.php(1089): CodeIgniter\View\View->render('admin/includes/...', Array, true)
#5 /home/amandeep/public_html/maara/app/Controllers/BaseController.php(551): view('admin/includes/...', Array)
#6 /home/amandeep/public_html/maara/app/Controllers/Dashboard.php(981): App\Controllers\BaseController->loadViews('updatePage', Array)
#7 /home/amandeep/public_html/maara/vendor/codeigniter4/framework/system/CodeIgniter.php(832): App\Controllers\Dashboard->updatePage('Mw==')
#8 /home/amandeep/public_html/maara/vendor/codeigniter4/framework/system/CodeIgniter.php(419): CodeIgniter\CodeIgniter->runController(Object(App\Controllers\Dashboard))
#9 /home/amandeep/public_html/maara/vendor/codeigniter4/framework/system/CodeIgniter.php(326): CodeIgniter\CodeIgniter->handleRequest(NULL, Object(Config\Cache), false)
#10 /home/amandeep/public_html/maara/index.php(43): CodeIgniter\CodeIgniter->run()
#11 {main}
CRITICAL - 2022-07-22 05:09:39 --> in_array() expects parameter 2 to be array, null given
#0 [internal function]: CodeIgniter\Debug\Exceptions->errorHandler(2, 'in_array() expe...', '/home/amandeep/...', 25, Array)
#1 /home/amandeep/public_html/maara/app/Views/admin/includes/footer.php(25): in_array('1', NULL, true)
#2 /home/amandeep/public_html/maara/vendor/codeigniter4/framework/system/View/View.php(210): include('/home/amandeep/...')
#3 /home/amandeep/public_html/maara/vendor/codeigniter4/framework/system/View/View.php(213): CodeIgniter\View\View->CodeIgniter\View\{closure}()
#4 /home/amandeep/public_html/maara/vendor/codeigniter4/framework/system/Common.php(1089): CodeIgniter\View\View->render('admin/includes/...', Array, true)
#5 /home/amandeep/public_html/maara/app/Controllers/BaseController.php(551): view('admin/includes/...', Array)
#6 /home/amandeep/public_html/maara/app/Controllers/Dashboard.php(981): App\Controllers\BaseController->loadViews('updatePage', Array)
#7 /home/amandeep/public_html/maara/vendor/codeigniter4/framework/system/CodeIgniter.php(832): App\Controllers\Dashboard->updsdadatePage('Mw==')
#8 /home/amandeep/public_html/maara/vendor/codeigniter4/framework/system/CodeIgniter.php(419): CodeIgniter\CodeIgniter->runController(Object(App\Controllers\Dashboard))
#9 /home/amandeep/public_html/maara/vendor/codeigniter4/framework/system/CodeIgniter.php(326): CodeIgniter\CodeIgniter->handleRequest(NULL, Object(Config\Cache), false)
#10 /home/amandeep/public_html/maara/index.php(43): CodeIgniter\CodeIgniter->run()
#11 {main}
