CRITICAL - 2022-03-11 05:11:10 --> Class 'App\Controllers\JWT' not found
#0 /home/amandeep/public_html/mixologyice/vendor/codeigniter4/framework/system/CodeIgniter.php(832): App\Controllers\User->index()
#1 /home/amandeep/public_html/mixologyice/vendor/codeigniter4/framework/system/CodeIgniter.php(419): CodeIgniter\CodeIgniter->runController(Object(App\Controllers\User))
#2 /home/amandeep/public_html/mixologyice/vendor/codeigniter4/framework/system/CodeIgniter.php(326): CodeIgniter\CodeIgniter->handleRequest(NULL, Object(Config\Cache), false)
#3 /home/amandeep/public_html/mixologyice/index.php(46): CodeIgniter\CodeIgniter->run()
#4 {main}
CRITICAL - 2022-03-11 05:11:10 --> Uncaught ErrorException: Cannot modify header information - headers already sent by (output started at /home/amandeep/public_html/mixologyice/index.php:1) in /home/amandeep/public_html/mixologyice/vendor/codeigniter4/framework/system/Debug/Exceptions.php:112
Stack trace:
#0 [internal function]: CodeIgniter\Debug\Exceptions->errorHandler(2, 'Cannot modify h...', '/home/amandeep/...', 112, Array)
#1 /home/amandeep/public_html/mixologyice/vendor/codeigniter4/framework/system/Debug/Exceptions.php(112): header('HTTP/1.1 500 In...', true, 500)
#2 [internal function]: CodeIgniter\Debug\Exceptions->exceptionHandler(Object(Error))
#3 {main}
  thrown
#0 [internal function]: CodeIgniter\Debug\Exceptions->shutdownHandler()
#1 {main}
CRITICAL - 2022-03-11 05:11:12 --> Class 'App\Controllers\JWT' not found
#0 /home/amandeep/public_html/mixologyice/vendor/codeigniter4/framework/system/CodeIgniter.php(832): App\Controllers\User->index()
#1 /home/amandeep/public_html/mixologyice/vendor/codeigniter4/framework/system/CodeIgniter.php(419): CodeIgniter\CodeIgniter->runController(Object(App\Controllers\User))
#2 /home/amandeep/public_html/mixologyice/vendor/codeigniter4/framework/system/CodeIgniter.php(326): CodeIgniter\CodeIgniter->handleRequest(NULL, Object(Config\Cache), false)
#3 /home/amandeep/public_html/mixologyice/index.php(46): CodeIgniter\CodeIgniter->run()
#4 {main}
CRITICAL - 2022-03-11 05:11:12 --> Uncaught ErrorException: Cannot modify header information - headers already sent by (output started at /home/amandeep/public_html/mixologyice/index.php:1) in /home/amandeep/public_html/mixologyice/vendor/codeigniter4/framework/system/Debug/Exceptions.php:112
Stack trace:
#0 [internal function]: CodeIgniter\Debug\Exceptions->errorHandler(2, 'Cannot modify h...', '/home/amandeep/...', 112, Array)
#1 /home/amandeep/public_html/mixologyice/vendor/codeigniter4/framework/system/Debug/Exceptions.php(112): header('HTTP/1.1 500 In...', true, 500)
#2 [internal function]: CodeIgniter\Debug\Exceptions->exceptionHandler(Object(Error))
#3 {main}
  thrown
#0 [internal function]: CodeIgniter\Debug\Exceptions->shutdownHandler()
#1 {main}
CRITICAL - 2022-03-11 05:12:07 --> Too few arguments to function Firebase\JWT\JWT::encode(), 2 passed in /home/amandeep/public_html/mixologyice/app/Controllers/User.php on line 25 and at least 3 expected
#0 /home/amandeep/public_html/mixologyice/app/Controllers/User.php(25): Firebase\JWT\JWT::encode(Array, 'dgjasgdahsgdagd...')
#1 /home/amandeep/public_html/mixologyice/vendor/codeigniter4/framework/system/CodeIgniter.php(832): App\Controllers\User->index()
#2 /home/amandeep/public_html/mixologyice/vendor/codeigniter4/framework/system/CodeIgniter.php(419): CodeIgniter\CodeIgniter->runController(Object(App\Controllers\User))
#3 /home/amandeep/public_html/mixologyice/vendor/codeigniter4/framework/system/CodeIgniter.php(326): CodeIgniter\CodeIgniter->handleRequest(NULL, Object(Config\Cache), false)
#4 /home/amandeep/public_html/mixologyice/index.php(46): CodeIgniter\CodeIgniter->run()
#5 {main}
CRITICAL - 2022-03-11 05:12:07 --> Uncaught ErrorException: Cannot modify header information - headers already sent by (output started at /home/amandeep/public_html/mixologyice/index.php:1) in /home/amandeep/public_html/mixologyice/vendor/codeigniter4/framework/system/Debug/Exceptions.php:112
Stack trace:
#0 [internal function]: CodeIgniter\Debug\Exceptions->errorHandler(2, 'Cannot modify h...', '/home/amandeep/...', 112, Array)
#1 /home/amandeep/public_html/mixologyice/vendor/codeigniter4/framework/system/Debug/Exceptions.php(112): header('HTTP/1.1 500 In...', true, 500)
#2 [internal function]: CodeIgniter\Debug\Exceptions->exceptionHandler(Object(ArgumentCountError))
#3 {main}
  thrown
#0 [internal function]: CodeIgniter\Debug\Exceptions->shutdownHandler()
#1 {main}
CRITICAL - 2022-03-11 05:12:25 --> Too few arguments to function Firebase\JWT\JWT::encode(), 2 passed in /home/amandeep/public_html/mixologyice/app/Controllers/User.php on line 25 and at least 3 expected
#0 /home/amandeep/public_html/mixologyice/app/Controllers/User.php(25): Firebase\JWT\JWT::encode(Array, 'dgjasgdahsgdagd...')
#1 /home/amandeep/public_html/mixologyice/vendor/codeigniter4/framework/system/CodeIgniter.php(832): App\Controllers\User->index()
#2 /home/amandeep/public_html/mixologyice/vendor/codeigniter4/framework/system/CodeIgniter.php(419): CodeIgniter\CodeIgniter->runController(Object(App\Controllers\User))
#3 /home/amandeep/public_html/mixologyice/vendor/codeigniter4/framework/system/CodeIgniter.php(326): CodeIgniter\CodeIgniter->handleRequest(NULL, Object(Config\Cache), false)
#4 /home/amandeep/public_html/mixologyice/index.php(46): CodeIgniter\CodeIgniter->run()
#5 {main}
CRITICAL - 2022-03-11 05:12:25 --> Uncaught ErrorException: Cannot modify header information - headers already sent by (output started at /home/amandeep/public_html/mixologyice/index.php:1) in /home/amandeep/public_html/mixologyice/vendor/codeigniter4/framework/system/Debug/Exceptions.php:112
Stack trace:
#0 [internal function]: CodeIgniter\Debug\Exceptions->errorHandler(2, 'Cannot modify h...', '/home/amandeep/...', 112, Array)
#1 /home/amandeep/public_html/mixologyice/vendor/codeigniter4/framework/system/Debug/Exceptions.php(112): header('HTTP/1.1 500 In...', true, 500)
#2 [internal function]: CodeIgniter\Debug\Exceptions->exceptionHandler(Object(ArgumentCountError))
#3 {main}
  thrown
#0 [internal function]: CodeIgniter\Debug\Exceptions->shutdownHandler()
#1 {main}
CRITICAL - 2022-03-11 05:20:09 --> Call to a member function getWhere() on null
#0 /home/amandeep/public_html/mixologyice/vendor/codeigniter4/framework/system/CodeIgniter.php(832): App\Controllers\User->register()
#1 /home/amandeep/public_html/mixologyice/vendor/codeigniter4/framework/system/CodeIgniter.php(419): CodeIgniter\CodeIgniter->runController(Object(App\Controllers\User))
#2 /home/amandeep/public_html/mixologyice/vendor/codeigniter4/framework/system/CodeIgniter.php(326): CodeIgniter\CodeIgniter->handleRequest(NULL, Object(Config\Cache), false)
#3 /home/amandeep/public_html/mixologyice/index.php(46): CodeIgniter\CodeIgniter->run()
#4 {main}
CRITICAL - 2022-03-11 05:20:09 --> Uncaught ErrorException: Cannot modify header information - headers already sent by (output started at /home/amandeep/public_html/mixologyice/index.php:1) in /home/amandeep/public_html/mixologyice/vendor/codeigniter4/framework/system/Debug/Exceptions.php:112
Stack trace:
#0 [internal function]: CodeIgniter\Debug\Exceptions->errorHandler(2, 'Cannot modify h...', '/home/amandeep/...', 112, Array)
#1 /home/amandeep/public_html/mixologyice/vendor/codeigniter4/framework/system/Debug/Exceptions.php(112): header('HTTP/1.1 500 In...', true, 500)
#2 [internal function]: CodeIgniter\Debug\Exceptions->exceptionHandler(Object(Error))
#3 {main}
  thrown
#0 [internal function]: CodeIgniter\Debug\Exceptions->shutdownHandler()
#1 {main}
CRITICAL - 2022-03-11 05:26:58 --> Call to a member function getWhere() on null
#0 /home/amandeep/public_html/mixologyice/vendor/codeigniter4/framework/system/CodeIgniter.php(832): App\Controllers\User->register()
#1 /home/amandeep/public_html/mixologyice/vendor/codeigniter4/framework/system/CodeIgniter.php(419): CodeIgniter\CodeIgniter->runController(Object(App\Controllers\User))
#2 /home/amandeep/public_html/mixologyice/vendor/codeigniter4/framework/system/CodeIgniter.php(326): CodeIgniter\CodeIgniter->handleRequest(NULL, Object(Config\Cache), false)
#3 /home/amandeep/public_html/mixologyice/index.php(46): CodeIgniter\CodeIgniter->run()
#4 {main}
CRITICAL - 2022-03-11 05:26:58 --> Uncaught ErrorException: Cannot modify header information - headers already sent by (output started at /home/amandeep/public_html/mixologyice/index.php:1) in /home/amandeep/public_html/mixologyice/vendor/codeigniter4/framework/system/Debug/Exceptions.php:112
Stack trace:
#0 [internal function]: CodeIgniter\Debug\Exceptions->errorHandler(2, 'Cannot modify h...', '/home/amandeep/...', 112, Array)
#1 /home/amandeep/public_html/mixologyice/vendor/codeigniter4/framework/system/Debug/Exceptions.php(112): header('HTTP/1.1 500 In...', true, 500)
#2 [internal function]: CodeIgniter\Debug\Exceptions->exceptionHandler(Object(Error))
#3 {main}
  thrown
#0 [internal function]: CodeIgniter\Debug\Exceptions->shutdownHandler()
#1 {main}
CRITICAL - 2022-03-11 05:31:07 --> Call to a member function getWhere() on null
#0 /home/amandeep/public_html/mixologyice/vendor/codeigniter4/framework/system/CodeIgniter.php(832): App\Controllers\User->register()
#1 /home/amandeep/public_html/mixologyice/vendor/codeigniter4/framework/system/CodeIgniter.php(419): CodeIgniter\CodeIgniter->runController(Object(App\Controllers\User))
#2 /home/amandeep/public_html/mixologyice/vendor/codeigniter4/framework/system/CodeIgniter.php(326): CodeIgniter\CodeIgniter->handleRequest(NULL, Object(Config\Cache), false)
#3 /home/amandeep/public_html/mixologyice/index.php(46): CodeIgniter\CodeIgniter->run()
#4 {main}
CRITICAL - 2022-03-11 05:31:07 --> Uncaught ErrorException: Cannot modify header information - headers already sent by (output started at /home/amandeep/public_html/mixologyice/index.php:1) in /home/amandeep/public_html/mixologyice/vendor/codeigniter4/framework/system/Debug/Exceptions.php:112
Stack trace:
#0 [internal function]: CodeIgniter\Debug\Exceptions->errorHandler(2, 'Cannot modify h...', '/home/amandeep/...', 112, Array)
#1 /home/amandeep/public_html/mixologyice/vendor/codeigniter4/framework/system/Debug/Exceptions.php(112): header('HTTP/1.1 500 In...', true, 500)
#2 [internal function]: CodeIgniter\Debug\Exceptions->exceptionHandler(Object(Error))
#3 {main}
  thrown
#0 [internal function]: CodeIgniter\Debug\Exceptions->shutdownHandler()
#1 {main}
CRITICAL - 2022-03-11 05:31:29 --> Call to a member function getWhere() on null
#0 /home/amandeep/public_html/mixologyice/vendor/codeigniter4/framework/system/CodeIgniter.php(832): App\Controllers\User->register()
#1 /home/amandeep/public_html/mixologyice/vendor/codeigniter4/framework/system/CodeIgniter.php(419): CodeIgniter\CodeIgniter->runController(Object(App\Controllers\User))
#2 /home/amandeep/public_html/mixologyice/vendor/codeigniter4/framework/system/CodeIgniter.php(326): CodeIgniter\CodeIgniter->handleRequest(NULL, Object(Config\Cache), false)
#3 /home/amandeep/public_html/mixologyice/index.php(46): CodeIgniter\CodeIgniter->run()
#4 {main}
CRITICAL - 2022-03-11 05:31:29 --> Uncaught ErrorException: Cannot modify header information - headers already sent by (output started at /home/amandeep/public_html/mixologyice/index.php:1) in /home/amandeep/public_html/mixologyice/vendor/codeigniter4/framework/system/Debug/Exceptions.php:112
Stack trace:
#0 [internal function]: CodeIgniter\Debug\Exceptions->errorHandler(2, 'Cannot modify h...', '/home/amandeep/...', 112, Array)
#1 /home/amandeep/public_html/mixologyice/vendor/codeigniter4/framework/system/Debug/Exceptions.php(112): header('HTTP/1.1 500 In...', true, 500)
#2 [internal function]: CodeIgniter\Debug\Exceptions->exceptionHandler(Object(Error))
#3 {main}
  thrown
#0 [internal function]: CodeIgniter\Debug\Exceptions->shutdownHandler()
#1 {main}
CRITICAL - 2022-03-11 05:39:39 --> Call to a member function getWhere() on null
#0 /home/amandeep/public_html/mixologyice/vendor/codeigniter4/framework/system/CodeIgniter.php(832): App\Controllers\User->register()
#1 /home/amandeep/public_html/mixologyice/vendor/codeigniter4/framework/system/CodeIgniter.php(419): CodeIgniter\CodeIgniter->runController(Object(App\Controllers\User))
#2 /home/amandeep/public_html/mixologyice/vendor/codeigniter4/framework/system/CodeIgniter.php(326): CodeIgniter\CodeIgniter->handleRequest(NULL, Object(Config\Cache), false)
#3 /home/amandeep/public_html/mixologyice/index.php(46): CodeIgniter\CodeIgniter->run()
#4 {main}
CRITICAL - 2022-03-11 05:39:39 --> Uncaught ErrorException: Cannot modify header information - headers already sent by (output started at /home/amandeep/public_html/mixologyice/index.php:1) in /home/amandeep/public_html/mixologyice/vendor/codeigniter4/framework/system/Debug/Exceptions.php:112
Stack trace:
#0 [internal function]: CodeIgniter\Debug\Exceptions->errorHandler(2, 'Cannot modify h...', '/home/amandeep/...', 112, Array)
#1 /home/amandeep/public_html/mixologyice/vendor/codeigniter4/framework/system/Debug/Exceptions.php(112): header('HTTP/1.1 500 In...', true, 500)
#2 [internal function]: CodeIgniter\Debug\Exceptions->exceptionHandler(Object(Error))
#3 {main}
  thrown
#0 [internal function]: CodeIgniter\Debug\Exceptions->shutdownHandler()
#1 {main}
CRITICAL - 2022-03-11 05:40:25 --> Call to a member function getWhere() on null
#0 /home/amandeep/public_html/mixologyice/vendor/codeigniter4/framework/system/CodeIgniter.php(832): App\Controllers\User->register()
#1 /home/amandeep/public_html/mixologyice/vendor/codeigniter4/framework/system/CodeIgniter.php(419): CodeIgniter\CodeIgniter->runController(Object(App\Controllers\User))
#2 /home/amandeep/public_html/mixologyice/vendor/codeigniter4/framework/system/CodeIgniter.php(326): CodeIgniter\CodeIgniter->handleRequest(NULL, Object(Config\Cache), false)
#3 /home/amandeep/public_html/mixologyice/index.php(46): CodeIgniter\CodeIgniter->run()
#4 {main}
CRITICAL - 2022-03-11 05:40:25 --> Uncaught ErrorException: Cannot modify header information - headers already sent by (output started at /home/amandeep/public_html/mixologyice/index.php:1) in /home/amandeep/public_html/mixologyice/vendor/codeigniter4/framework/system/Debug/Exceptions.php:112
Stack trace:
#0 [internal function]: CodeIgniter\Debug\Exceptions->errorHandler(2, 'Cannot modify h...', '/home/amandeep/...', 112, Array)
#1 /home/amandeep/public_html/mixologyice/vendor/codeigniter4/framework/system/Debug/Exceptions.php(112): header('HTTP/1.1 500 In...', true, 500)
#2 [internal function]: CodeIgniter\Debug\Exceptions->exceptionHandler(Object(Error))
#3 {main}
  thrown
#0 [internal function]: CodeIgniter\Debug\Exceptions->shutdownHandler()
#1 {main}
CRITICAL - 2022-03-11 05:40:48 --> Call to a member function getWhere() on null
#0 /home/amandeep/public_html/mixologyice/vendor/codeigniter4/framework/system/CodeIgniter.php(832): App\Controllers\User->register()
#1 /home/amandeep/public_html/mixologyice/vendor/codeigniter4/framework/system/CodeIgniter.php(419): CodeIgniter\CodeIgniter->runController(Object(App\Controllers\User))
#2 /home/amandeep/public_html/mixologyice/vendor/codeigniter4/framework/system/CodeIgniter.php(326): CodeIgniter\CodeIgniter->handleRequest(NULL, Object(Config\Cache), false)
#3 /home/amandeep/public_html/mixologyice/index.php(46): CodeIgniter\CodeIgniter->run()
#4 {main}
CRITICAL - 2022-03-11 05:40:48 --> Uncaught ErrorException: Cannot modify header information - headers already sent by (output started at /home/amandeep/public_html/mixologyice/index.php:1) in /home/amandeep/public_html/mixologyice/vendor/codeigniter4/framework/system/Debug/Exceptions.php:112
Stack trace:
#0 [internal function]: CodeIgniter\Debug\Exceptions->errorHandler(2, 'Cannot modify h...', '/home/amandeep/...', 112, Array)
#1 /home/amandeep/public_html/mixologyice/vendor/codeigniter4/framework/system/Debug/Exceptions.php(112): header('HTTP/1.1 500 In...', true, 500)
#2 [internal function]: CodeIgniter\Debug\Exceptions->exceptionHandler(Object(Error))
#3 {main}
  thrown
#0 [internal function]: CodeIgniter\Debug\Exceptions->shutdownHandler()
#1 {main}
CRITICAL - 2022-03-11 05:41:35 --> Call to a member function getWhere() on null
#0 /home/amandeep/public_html/mixologyice/vendor/codeigniter4/framework/system/CodeIgniter.php(832): App\Controllers\User->register()
#1 /home/amandeep/public_html/mixologyice/vendor/codeigniter4/framework/system/CodeIgniter.php(419): CodeIgniter\CodeIgniter->runController(Object(App\Controllers\User))
#2 /home/amandeep/public_html/mixologyice/vendor/codeigniter4/framework/system/CodeIgniter.php(326): CodeIgniter\CodeIgniter->handleRequest(NULL, Object(Config\Cache), false)
#3 /home/amandeep/public_html/mixologyice/index.php(46): CodeIgniter\CodeIgniter->run()
#4 {main}
CRITICAL - 2022-03-11 05:41:35 --> Uncaught ErrorException: Cannot modify header information - headers already sent by (output started at /home/amandeep/public_html/mixologyice/index.php:1) in /home/amandeep/public_html/mixologyice/vendor/codeigniter4/framework/system/Debug/Exceptions.php:112
Stack trace:
#0 [internal function]: CodeIgniter\Debug\Exceptions->errorHandler(2, 'Cannot modify h...', '/home/amandeep/...', 112, Array)
#1 /home/amandeep/public_html/mixologyice/vendor/codeigniter4/framework/system/Debug/Exceptions.php(112): header('HTTP/1.1 500 In...', true, 500)
#2 [internal function]: CodeIgniter\Debug\Exceptions->exceptionHandler(Object(Error))
#3 {main}
  thrown
#0 [internal function]: CodeIgniter\Debug\Exceptions->shutdownHandler()
#1 {main}
CRITICAL - 2022-03-11 05:48:09 --> Call to a member function getWhere() on null
#0 /home/amandeep/public_html/mixologyice/vendor/codeigniter4/framework/system/CodeIgniter.php(832): App\Controllers\User->register()
#1 /home/amandeep/public_html/mixologyice/vendor/codeigniter4/framework/system/CodeIgniter.php(419): CodeIgniter\CodeIgniter->runController(Object(App\Controllers\User))
#2 /home/amandeep/public_html/mixologyice/vendor/codeigniter4/framework/system/CodeIgniter.php(326): CodeIgniter\CodeIgniter->handleRequest(NULL, Object(Config\Cache), false)
#3 /home/amandeep/public_html/mixologyice/index.php(46): CodeIgniter\CodeIgniter->run()
#4 {main}
CRITICAL - 2022-03-11 05:48:09 --> Uncaught ErrorException: Cannot modify header information - headers already sent by (output started at /home/amandeep/public_html/mixologyice/index.php:1) in /home/amandeep/public_html/mixologyice/vendor/codeigniter4/framework/system/Debug/Exceptions.php:112
Stack trace:
#0 [internal function]: CodeIgniter\Debug\Exceptions->errorHandler(2, 'Cannot modify h...', '/home/amandeep/...', 112, Array)
#1 /home/amandeep/public_html/mixologyice/vendor/codeigniter4/framework/system/Debug/Exceptions.php(112): header('HTTP/1.1 500 In...', true, 500)
#2 [internal function]: CodeIgniter\Debug\Exceptions->exceptionHandler(Object(Error))
#3 {main}
  thrown
#0 [internal function]: CodeIgniter\Debug\Exceptions->shutdownHandler()
#1 {main}
CRITICAL - 2022-03-11 05:48:29 --> Call to a member function getWhere() on null
#0 /home/amandeep/public_html/mixologyice/vendor/codeigniter4/framework/system/CodeIgniter.php(832): App\Controllers\User->register()
#1 /home/amandeep/public_html/mixologyice/vendor/codeigniter4/framework/system/CodeIgniter.php(419): CodeIgniter\CodeIgniter->runController(Object(App\Controllers\User))
#2 /home/amandeep/public_html/mixologyice/vendor/codeigniter4/framework/system/CodeIgniter.php(326): CodeIgniter\CodeIgniter->handleRequest(NULL, Object(Config\Cache), false)
#3 /home/amandeep/public_html/mixologyice/index.php(46): CodeIgniter\CodeIgniter->run()
#4 {main}
CRITICAL - 2022-03-11 05:48:29 --> Uncaught ErrorException: Cannot modify header information - headers already sent by (output started at /home/amandeep/public_html/mixologyice/index.php:1) in /home/amandeep/public_html/mixologyice/vendor/codeigniter4/framework/system/Debug/Exceptions.php:112
Stack trace:
#0 [internal function]: CodeIgniter\Debug\Exceptions->errorHandler(2, 'Cannot modify h...', '/home/amandeep/...', 112, Array)
#1 /home/amandeep/public_html/mixologyice/vendor/codeigniter4/framework/system/Debug/Exceptions.php(112): header('HTTP/1.1 500 In...', true, 500)
#2 [internal function]: CodeIgniter\Debug\Exceptions->exceptionHandler(Object(Error))
#3 {main}
  thrown
#0 [internal function]: CodeIgniter\Debug\Exceptions->shutdownHandler()
#1 {main}
CRITICAL - 2022-03-11 05:49:20 --> Call to a member function getWhere() on null
#0 /home/amandeep/public_html/mixologyice/vendor/codeigniter4/framework/system/CodeIgniter.php(832): App\Controllers\User->register()
#1 /home/amandeep/public_html/mixologyice/vendor/codeigniter4/framework/system/CodeIgniter.php(419): CodeIgniter\CodeIgniter->runController(Object(App\Controllers\User))
#2 /home/amandeep/public_html/mixologyice/vendor/codeigniter4/framework/system/CodeIgniter.php(326): CodeIgniter\CodeIgniter->handleRequest(NULL, Object(Config\Cache), false)
#3 /home/amandeep/public_html/mixologyice/index.php(46): CodeIgniter\CodeIgniter->run()
#4 {main}
CRITICAL - 2022-03-11 05:49:20 --> Uncaught ErrorException: Cannot modify header information - headers already sent by (output started at /home/amandeep/public_html/mixologyice/index.php:1) in /home/amandeep/public_html/mixologyice/vendor/codeigniter4/framework/system/Debug/Exceptions.php:112
Stack trace:
#0 [internal function]: CodeIgniter\Debug\Exceptions->errorHandler(2, 'Cannot modify h...', '/home/amandeep/...', 112, Array)
#1 /home/amandeep/public_html/mixologyice/vendor/codeigniter4/framework/system/Debug/Exceptions.php(112): header('HTTP/1.1 500 In...', true, 500)
#2 [internal function]: CodeIgniter\Debug\Exceptions->exceptionHandler(Object(Error))
#3 {main}
  thrown
#0 [internal function]: CodeIgniter\Debug\Exceptions->shutdownHandler()
#1 {main}
CRITICAL - 2022-03-11 05:50:24 --> Call to a member function getWhere() on null
#0 /home/amandeep/public_html/mixologyice/vendor/codeigniter4/framework/system/CodeIgniter.php(832): App\Controllers\User->register()
#1 /home/amandeep/public_html/mixologyice/vendor/codeigniter4/framework/system/CodeIgniter.php(419): CodeIgniter\CodeIgniter->runController(Object(App\Controllers\User))
#2 /home/amandeep/public_html/mixologyice/vendor/codeigniter4/framework/system/CodeIgniter.php(326): CodeIgniter\CodeIgniter->handleRequest(NULL, Object(Config\Cache), false)
#3 /home/amandeep/public_html/mixologyice/index.php(46): CodeIgniter\CodeIgniter->run()
#4 {main}
CRITICAL - 2022-03-11 05:50:24 --> Uncaught ErrorException: Cannot modify header information - headers already sent by (output started at /home/amandeep/public_html/mixologyice/index.php:1) in /home/amandeep/public_html/mixologyice/vendor/codeigniter4/framework/system/Debug/Exceptions.php:112
Stack trace:
#0 [internal function]: CodeIgniter\Debug\Exceptions->errorHandler(2, 'Cannot modify h...', '/home/amandeep/...', 112, Array)
#1 /home/amandeep/public_html/mixologyice/vendor/codeigniter4/framework/system/Debug/Exceptions.php(112): header('HTTP/1.1 500 In...', true, 500)
#2 [internal function]: CodeIgniter\Debug\Exceptions->exceptionHandler(Object(Error))
#3 {main}
  thrown
#0 [internal function]: CodeIgniter\Debug\Exceptions->shutdownHandler()
#1 {main}
CRITICAL - 2022-03-11 05:51:06 --> Call to a member function getWhere() on null
#0 /home/amandeep/public_html/mixologyice/vendor/codeigniter4/framework/system/CodeIgniter.php(832): App\Controllers\User->register()
#1 /home/amandeep/public_html/mixologyice/vendor/codeigniter4/framework/system/CodeIgniter.php(419): CodeIgniter\CodeIgniter->runController(Object(App\Controllers\User))
#2 /home/amandeep/public_html/mixologyice/vendor/codeigniter4/framework/system/CodeIgniter.php(326): CodeIgniter\CodeIgniter->handleRequest(NULL, Object(Config\Cache), false)
#3 /home/amandeep/public_html/mixologyice/index.php(46): CodeIgniter\CodeIgniter->run()
#4 {main}
CRITICAL - 2022-03-11 05:51:06 --> Uncaught ErrorException: Cannot modify header information - headers already sent by (output started at /home/amandeep/public_html/mixologyice/index.php:1) in /home/amandeep/public_html/mixologyice/vendor/codeigniter4/framework/system/Debug/Exceptions.php:112
Stack trace:
#0 [internal function]: CodeIgniter\Debug\Exceptions->errorHandler(2, 'Cannot modify h...', '/home/amandeep/...', 112, Array)
#1 /home/amandeep/public_html/mixologyice/vendor/codeigniter4/framework/system/Debug/Exceptions.php(112): header('HTTP/1.1 500 In...', true, 500)
#2 [internal function]: CodeIgniter\Debug\Exceptions->exceptionHandler(Object(Error))
#3 {main}
  thrown
#0 [internal function]: CodeIgniter\Debug\Exceptions->shutdownHandler()
#1 {main}
CRITICAL - 2022-03-11 05:53:07 --> Class 'App\Models\UserModel' not found
#0 /home/amandeep/public_html/mixologyice/vendor/codeigniter4/framework/system/CodeIgniter.php(810): App\Controllers\BaseController->initController(Object(CodeIgniter\HTTP\IncomingRequest), Object(CodeIgniter\HTTP\Response), Object(CodeIgniter\Log\Logger))
#1 /home/amandeep/public_html/mixologyice/vendor/codeigniter4/framework/system/CodeIgniter.php(410): CodeIgniter\CodeIgniter->createController()
#2 /home/amandeep/public_html/mixologyice/vendor/codeigniter4/framework/system/CodeIgniter.php(326): CodeIgniter\CodeIgniter->handleRequest(NULL, Object(Config\Cache), false)
#3 /home/amandeep/public_html/mixologyice/index.php(46): CodeIgniter\CodeIgniter->run()
#4 {main}
CRITICAL - 2022-03-11 05:53:07 --> Uncaught ErrorException: Cannot modify header information - headers already sent by (output started at /home/amandeep/public_html/mixologyice/index.php:1) in /home/amandeep/public_html/mixologyice/vendor/codeigniter4/framework/system/Debug/Exceptions.php:112
Stack trace:
#0 [internal function]: CodeIgniter\Debug\Exceptions->errorHandler(2, 'Cannot modify h...', '/home/amandeep/...', 112, Array)
#1 /home/amandeep/public_html/mixologyice/vendor/codeigniter4/framework/system/Debug/Exceptions.php(112): header('HTTP/1.1 500 In...', true, 500)
#2 [internal function]: CodeIgniter\Debug\Exceptions->exceptionHandler(Object(Error))
#3 {main}
  thrown
#0 [internal function]: CodeIgniter\Debug\Exceptions->shutdownHandler()
#1 {main}
CRITICAL - 2022-03-11 05:53:45 --> Class 'App\Models\UserModel' not found
#0 /home/amandeep/public_html/mixologyice/vendor/codeigniter4/framework/system/CodeIgniter.php(810): App\Controllers\BaseController->initController(Object(CodeIgniter\HTTP\IncomingRequest), Object(CodeIgniter\HTTP\Response), Object(CodeIgniter\Log\Logger))
#1 /home/amandeep/public_html/mixologyice/vendor/codeigniter4/framework/system/CodeIgniter.php(410): CodeIgniter\CodeIgniter->createController()
#2 /home/amandeep/public_html/mixologyice/vendor/codeigniter4/framework/system/CodeIgniter.php(326): CodeIgniter\CodeIgniter->handleRequest(NULL, Object(Config\Cache), false)
#3 /home/amandeep/public_html/mixologyice/index.php(46): CodeIgniter\CodeIgniter->run()
#4 {main}
CRITICAL - 2022-03-11 05:53:45 --> Uncaught ErrorException: Cannot modify header information - headers already sent by (output started at /home/amandeep/public_html/mixologyice/index.php:1) in /home/amandeep/public_html/mixologyice/vendor/codeigniter4/framework/system/Debug/Exceptions.php:112
Stack trace:
#0 [internal function]: CodeIgniter\Debug\Exceptions->errorHandler(2, 'Cannot modify h...', '/home/amandeep/...', 112, Array)
#1 /home/amandeep/public_html/mixologyice/vendor/codeigniter4/framework/system/Debug/Exceptions.php(112): header('HTTP/1.1 500 In...', true, 500)
#2 [internal function]: CodeIgniter\Debug\Exceptions->exceptionHandler(Object(Error))
#3 {main}
  thrown
#0 [internal function]: CodeIgniter\Debug\Exceptions->shutdownHandler()
#1 {main}
CRITICAL - 2022-03-11 05:54:44 --> Call to undefined method App\Controllers\User::commonUserData()
#0 /home/amandeep/public_html/mixologyice/vendor/codeigniter4/framework/system/CodeIgniter.php(832): App\Controllers\User->register()
#1 /home/amandeep/public_html/mixologyice/vendor/codeigniter4/framework/system/CodeIgniter.php(419): CodeIgniter\CodeIgniter->runController(Object(App\Controllers\User))
#2 /home/amandeep/public_html/mixologyice/vendor/codeigniter4/framework/system/CodeIgniter.php(326): CodeIgniter\CodeIgniter->handleRequest(NULL, Object(Config\Cache), false)
#3 /home/amandeep/public_html/mixologyice/index.php(46): CodeIgniter\CodeIgniter->run()
#4 {main}
CRITICAL - 2022-03-11 05:54:44 --> Uncaught ErrorException: Cannot modify header information - headers already sent by (output started at /home/amandeep/public_html/mixologyice/index.php:1) in /home/amandeep/public_html/mixologyice/vendor/codeigniter4/framework/system/Debug/Exceptions.php:112
Stack trace:
#0 [internal function]: CodeIgniter\Debug\Exceptions->errorHandler(2, 'Cannot modify h...', '/home/amandeep/...', 112, Array)
#1 /home/amandeep/public_html/mixologyice/vendor/codeigniter4/framework/system/Debug/Exceptions.php(112): header('HTTP/1.1 500 In...', true, 500)
#2 [internal function]: CodeIgniter\Debug\Exceptions->exceptionHandler(Object(Error))
#3 {main}
  thrown
#0 [internal function]: CodeIgniter\Debug\Exceptions->shutdownHandler()
#1 {main}
CRITICAL - 2022-03-11 05:56:07 --> Too few arguments to function Firebase\JWT\JWT::encode(), 2 passed in /home/amandeep/public_html/mixologyice/app/Controllers/BaseController.php on line 132 and at least 3 expected
#0 /home/amandeep/public_html/mixologyice/app/Controllers/BaseController.php(132): Firebase\JWT\JWT::encode(Array, 'kzUf4sxss4AeGlo...')
#1 /home/amandeep/public_html/mixologyice/app/Controllers/User.php(55): App\Controllers\BaseController->encodeToken('1', NULL)
#2 /home/amandeep/public_html/mixologyice/vendor/codeigniter4/framework/system/CodeIgniter.php(832): App\Controllers\User->register()
#3 /home/amandeep/public_html/mixologyice/vendor/codeigniter4/framework/system/CodeIgniter.php(419): CodeIgniter\CodeIgniter->runController(Object(App\Controllers\User))
#4 /home/amandeep/public_html/mixologyice/vendor/codeigniter4/framework/system/CodeIgniter.php(326): CodeIgniter\CodeIgniter->handleRequest(NULL, Object(Config\Cache), false)
#5 /home/amandeep/public_html/mixologyice/index.php(46): CodeIgniter\CodeIgniter->run()
#6 {main}
CRITICAL - 2022-03-11 05:56:07 --> Uncaught ErrorException: Cannot modify header information - headers already sent by (output started at /home/amandeep/public_html/mixologyice/index.php:1) in /home/amandeep/public_html/mixologyice/vendor/codeigniter4/framework/system/Debug/Exceptions.php:112
Stack trace:
#0 [internal function]: CodeIgniter\Debug\Exceptions->errorHandler(2, 'Cannot modify h...', '/home/amandeep/...', 112, Array)
#1 /home/amandeep/public_html/mixologyice/vendor/codeigniter4/framework/system/Debug/Exceptions.php(112): header('HTTP/1.1 500 In...', true, 500)
#2 [internal function]: CodeIgniter\Debug\Exceptions->exceptionHandler(Object(ArgumentCountError))
#3 {main}
  thrown
#0 [internal function]: CodeIgniter\Debug\Exceptions->shutdownHandler()
#1 {main}
CRITICAL - 2022-03-11 06:01:46 --> Too few arguments to function Firebase\JWT\JWT::encode(), 2 passed in /home/amandeep/public_html/mixologyice/app/Controllers/BaseController.php on line 132 and at least 3 expected
#0 /home/amandeep/public_html/mixologyice/app/Controllers/BaseController.php(132): Firebase\JWT\JWT::encode(Array, 'kzUf4sxss4AeGlo...')
#1 /home/amandeep/public_html/mixologyice/app/Controllers/User.php(54): App\Controllers\BaseController->encodeToken('1', NULL)
#2 /home/amandeep/public_html/mixologyice/vendor/codeigniter4/framework/system/CodeIgniter.php(832): App\Controllers\User->register()
#3 /home/amandeep/public_html/mixologyice/vendor/codeigniter4/framework/system/CodeIgniter.php(419): CodeIgniter\CodeIgniter->runController(Object(App\Controllers\User))
#4 /home/amandeep/public_html/mixologyice/vendor/codeigniter4/framework/system/CodeIgniter.php(326): CodeIgniter\CodeIgniter->handleRequest(NULL, Object(Config\Cache), false)
#5 /home/amandeep/public_html/mixologyice/index.php(46): CodeIgniter\CodeIgniter->run()
#6 {main}
CRITICAL - 2022-03-11 06:01:46 --> Uncaught ErrorException: Cannot modify header information - headers already sent by (output started at /home/amandeep/public_html/mixologyice/index.php:1) in /home/amandeep/public_html/mixologyice/vendor/codeigniter4/framework/system/Debug/Exceptions.php:112
Stack trace:
#0 [internal function]: CodeIgniter\Debug\Exceptions->errorHandler(2, 'Cannot modify h...', '/home/amandeep/...', 112, Array)
#1 /home/amandeep/public_html/mixologyice/vendor/codeigniter4/framework/system/Debug/Exceptions.php(112): header('HTTP/1.1 500 In...', true, 500)
#2 [internal function]: CodeIgniter\Debug\Exceptions->exceptionHandler(Object(ArgumentCountError))
#3 {main}
  thrown
#0 [internal function]: CodeIgniter\Debug\Exceptions->shutdownHandler()
#1 {main}
CRITICAL - 2022-03-11 06:01:48 --> Too few arguments to function Firebase\JWT\JWT::encode(), 2 passed in /home/amandeep/public_html/mixologyice/app/Controllers/BaseController.php on line 132 and at least 3 expected
#0 /home/amandeep/public_html/mixologyice/app/Controllers/BaseController.php(132): Firebase\JWT\JWT::encode(Array, 'kzUf4sxss4AeGlo...')
#1 /home/amandeep/public_html/mixologyice/app/Controllers/User.php(54): App\Controllers\BaseController->encodeToken('1', NULL)
#2 /home/amandeep/public_html/mixologyice/vendor/codeigniter4/framework/system/CodeIgniter.php(832): App\Controllers\User->register()
#3 /home/amandeep/public_html/mixologyice/vendor/codeigniter4/framework/system/CodeIgniter.php(419): CodeIgniter\CodeIgniter->runController(Object(App\Controllers\User))
#4 /home/amandeep/public_html/mixologyice/vendor/codeigniter4/framework/system/CodeIgniter.php(326): CodeIgniter\CodeIgniter->handleRequest(NULL, Object(Config\Cache), false)
#5 /home/amandeep/public_html/mixologyice/index.php(46): CodeIgniter\CodeIgniter->run()
#6 {main}
CRITICAL - 2022-03-11 06:01:48 --> Uncaught ErrorException: Cannot modify header information - headers already sent by (output started at /home/amandeep/public_html/mixologyice/index.php:1) in /home/amandeep/public_html/mixologyice/vendor/codeigniter4/framework/system/Debug/Exceptions.php:112
Stack trace:
#0 [internal function]: CodeIgniter\Debug\Exceptions->errorHandler(2, 'Cannot modify h...', '/home/amandeep/...', 112, Array)
#1 /home/amandeep/public_html/mixologyice/vendor/codeigniter4/framework/system/Debug/Exceptions.php(112): header('HTTP/1.1 500 In...', true, 500)
#2 [internal function]: CodeIgniter\Debug\Exceptions->exceptionHandler(Object(ArgumentCountError))
#3 {main}
  thrown
#0 [internal function]: CodeIgniter\Debug\Exceptions->shutdownHandler()
#1 {main}
CRITICAL - 2022-03-11 06:02:10 --> Too few arguments to function Firebase\JWT\JWT::encode(), 2 passed in /home/amandeep/public_html/mixologyice/app/Controllers/BaseController.php on line 132 and at least 3 expected
#0 /home/amandeep/public_html/mixologyice/app/Controllers/BaseController.php(132): Firebase\JWT\JWT::encode(Array, 'kzUf4sxss4AeGlo...')
#1 /home/amandeep/public_html/mixologyice/app/Controllers/User.php(54): App\Controllers\BaseController->encodeToken('1', NULL)
#2 /home/amandeep/public_html/mixologyice/vendor/codeigniter4/framework/system/CodeIgniter.php(832): App\Controllers\User->register()
#3 /home/amandeep/public_html/mixologyice/vendor/codeigniter4/framework/system/CodeIgniter.php(419): CodeIgniter\CodeIgniter->runController(Object(App\Controllers\User))
#4 /home/amandeep/public_html/mixologyice/vendor/codeigniter4/framework/system/CodeIgniter.php(326): CodeIgniter\CodeIgniter->handleRequest(NULL, Object(Config\Cache), false)
#5 /home/amandeep/public_html/mixologyice/index.php(46): CodeIgniter\CodeIgniter->run()
#6 {main}
CRITICAL - 2022-03-11 06:02:10 --> Uncaught ErrorException: Cannot modify header information - headers already sent by (output started at /home/amandeep/public_html/mixologyice/index.php:1) in /home/amandeep/public_html/mixologyice/vendor/codeigniter4/framework/system/Debug/Exceptions.php:112
Stack trace:
#0 [internal function]: CodeIgniter\Debug\Exceptions->errorHandler(2, 'Cannot modify h...', '/home/amandeep/...', 112, Array)
#1 /home/amandeep/public_html/mixologyice/vendor/codeigniter4/framework/system/Debug/Exceptions.php(112): header('HTTP/1.1 500 In...', true, 500)
#2 [internal function]: CodeIgniter\Debug\Exceptions->exceptionHandler(Object(ArgumentCountError))
#3 {main}
  thrown
#0 [internal function]: CodeIgniter\Debug\Exceptions->shutdownHandler()
#1 {main}
CRITICAL - 2022-03-11 06:02:12 --> Too few arguments to function Firebase\JWT\JWT::encode(), 2 passed in /home/amandeep/public_html/mixologyice/app/Controllers/BaseController.php on line 132 and at least 3 expected
#0 /home/amandeep/public_html/mixologyice/app/Controllers/BaseController.php(132): Firebase\JWT\JWT::encode(Array, 'kzUf4sxss4AeGlo...')
#1 /home/amandeep/public_html/mixologyice/app/Controllers/User.php(54): App\Controllers\BaseController->encodeToken('1', NULL)
#2 /home/amandeep/public_html/mixologyice/vendor/codeigniter4/framework/system/CodeIgniter.php(832): App\Controllers\User->register()
#3 /home/amandeep/public_html/mixologyice/vendor/codeigniter4/framework/system/CodeIgniter.php(419): CodeIgniter\CodeIgniter->runController(Object(App\Controllers\User))
#4 /home/amandeep/public_html/mixologyice/vendor/codeigniter4/framework/system/CodeIgniter.php(326): CodeIgniter\CodeIgniter->handleRequest(NULL, Object(Config\Cache), false)
#5 /home/amandeep/public_html/mixologyice/index.php(46): CodeIgniter\CodeIgniter->run()
#6 {main}
CRITICAL - 2022-03-11 06:02:12 --> Uncaught ErrorException: Cannot modify header information - headers already sent by (output started at /home/amandeep/public_html/mixologyice/index.php:1) in /home/amandeep/public_html/mixologyice/vendor/codeigniter4/framework/system/Debug/Exceptions.php:112
Stack trace:
#0 [internal function]: CodeIgniter\Debug\Exceptions->errorHandler(2, 'Cannot modify h...', '/home/amandeep/...', 112, Array)
#1 /home/amandeep/public_html/mixologyice/vendor/codeigniter4/framework/system/Debug/Exceptions.php(112): header('HTTP/1.1 500 In...', true, 500)
#2 [internal function]: CodeIgniter\Debug\Exceptions->exceptionHandler(Object(ArgumentCountError))
#3 {main}
  thrown
#0 [internal function]: CodeIgniter\Debug\Exceptions->shutdownHandler()
#1 {main}
CRITICAL - 2022-03-11 06:02:17 --> Too few arguments to function Firebase\JWT\JWT::encode(), 2 passed in /home/amandeep/public_html/mixologyice/app/Controllers/BaseController.php on line 132 and at least 3 expected
#0 /home/amandeep/public_html/mixologyice/app/Controllers/BaseController.php(132): Firebase\JWT\JWT::encode(Array, 'kzUf4sxss4AeGlo...')
#1 /home/amandeep/public_html/mixologyice/app/Controllers/User.php(54): App\Controllers\BaseController->encodeToken('1', NULL)
#2 /home/amandeep/public_html/mixologyice/vendor/codeigniter4/framework/system/CodeIgniter.php(832): App\Controllers\User->register()
#3 /home/amandeep/public_html/mixologyice/vendor/codeigniter4/framework/system/CodeIgniter.php(419): CodeIgniter\CodeIgniter->runController(Object(App\Controllers\User))
#4 /home/amandeep/public_html/mixologyice/vendor/codeigniter4/framework/system/CodeIgniter.php(326): CodeIgniter\CodeIgniter->handleRequest(NULL, Object(Config\Cache), false)
#5 /home/amandeep/public_html/mixologyice/index.php(46): CodeIgniter\CodeIgniter->run()
#6 {main}
CRITICAL - 2022-03-11 06:02:17 --> Uncaught ErrorException: Cannot modify header information - headers already sent by (output started at /home/amandeep/public_html/mixologyice/index.php:1) in /home/amandeep/public_html/mixologyice/vendor/codeigniter4/framework/system/Debug/Exceptions.php:112
Stack trace:
#0 [internal function]: CodeIgniter\Debug\Exceptions->errorHandler(2, 'Cannot modify h...', '/home/amandeep/...', 112, Array)
#1 /home/amandeep/public_html/mixologyice/vendor/codeigniter4/framework/system/Debug/Exceptions.php(112): header('HTTP/1.1 500 In...', true, 500)
#2 [internal function]: CodeIgniter\Debug\Exceptions->exceptionHandler(Object(ArgumentCountError))
#3 {main}
  thrown
#0 [internal function]: CodeIgniter\Debug\Exceptions->shutdownHandler()
#1 {main}
CRITICAL - 2022-03-11 06:02:18 --> Too few arguments to function Firebase\JWT\JWT::encode(), 2 passed in /home/amandeep/public_html/mixologyice/app/Controllers/BaseController.php on line 132 and at least 3 expected
#0 /home/amandeep/public_html/mixologyice/app/Controllers/BaseController.php(132): Firebase\JWT\JWT::encode(Array, 'kzUf4sxss4AeGlo...')
#1 /home/amandeep/public_html/mixologyice/app/Controllers/User.php(54): App\Controllers\BaseController->encodeToken('1', NULL)
#2 /home/amandeep/public_html/mixologyice/vendor/codeigniter4/framework/system/CodeIgniter.php(832): App\Controllers\User->register()
#3 /home/amandeep/public_html/mixologyice/vendor/codeigniter4/framework/system/CodeIgniter.php(419): CodeIgniter\CodeIgniter->runController(Object(App\Controllers\User))
#4 /home/amandeep/public_html/mixologyice/vendor/codeigniter4/framework/system/CodeIgniter.php(326): CodeIgniter\CodeIgniter->handleRequest(NULL, Object(Config\Cache), false)
#5 /home/amandeep/public_html/mixologyice/index.php(46): CodeIgniter\CodeIgniter->run()
#6 {main}
CRITICAL - 2022-03-11 06:02:18 --> Uncaught ErrorException: Cannot modify header information - headers already sent by (output started at /home/amandeep/public_html/mixologyice/index.php:1) in /home/amandeep/public_html/mixologyice/vendor/codeigniter4/framework/system/Debug/Exceptions.php:112
Stack trace:
#0 [internal function]: CodeIgniter\Debug\Exceptions->errorHandler(2, 'Cannot modify h...', '/home/amandeep/...', 112, Array)
#1 /home/amandeep/public_html/mixologyice/vendor/codeigniter4/framework/system/Debug/Exceptions.php(112): header('HTTP/1.1 500 In...', true, 500)
#2 [internal function]: CodeIgniter\Debug\Exceptions->exceptionHandler(Object(ArgumentCountError))
#3 {main}
  thrown
#0 [internal function]: CodeIgniter\Debug\Exceptions->shutdownHandler()
#1 {main}
CRITICAL - 2022-03-11 06:02:45 --> Too few arguments to function Firebase\JWT\JWT::encode(), 2 passed in /home/amandeep/public_html/mixologyice/app/Controllers/BaseController.php on line 132 and at least 3 expected
#0 /home/amandeep/public_html/mixologyice/app/Controllers/BaseController.php(132): Firebase\JWT\JWT::encode(Array, 'kzUf4sxss4AeGlo...')
#1 /home/amandeep/public_html/mixologyice/app/Controllers/User.php(54): App\Controllers\BaseController->encodeToken('1', NULL)
#2 /home/amandeep/public_html/mixologyice/vendor/codeigniter4/framework/system/CodeIgniter.php(832): App\Controllers\User->register()
#3 /home/amandeep/public_html/mixologyice/vendor/codeigniter4/framework/system/CodeIgniter.php(419): CodeIgniter\CodeIgniter->runController(Object(App\Controllers\User))
#4 /home/amandeep/public_html/mixologyice/vendor/codeigniter4/framework/system/CodeIgniter.php(326): CodeIgniter\CodeIgniter->handleRequest(NULL, Object(Config\Cache), false)
#5 /home/amandeep/public_html/mixologyice/index.php(46): CodeIgniter\CodeIgniter->run()
#6 {main}
CRITICAL - 2022-03-11 06:02:45 --> Uncaught ErrorException: Cannot modify header information - headers already sent by (output started at /home/amandeep/public_html/mixologyice/index.php:1) in /home/amandeep/public_html/mixologyice/vendor/codeigniter4/framework/system/Debug/Exceptions.php:112
Stack trace:
#0 [internal function]: CodeIgniter\Debug\Exceptions->errorHandler(2, 'Cannot modify h...', '/home/amandeep/...', 112, Array)
#1 /home/amandeep/public_html/mixologyice/vendor/codeigniter4/framework/system/Debug/Exceptions.php(112): header('HTTP/1.1 500 In...', true, 500)
#2 [internal function]: CodeIgniter\Debug\Exceptions->exceptionHandler(Object(ArgumentCountError))
#3 {main}
  thrown
#0 [internal function]: CodeIgniter\Debug\Exceptions->shutdownHandler()
#1 {main}
CRITICAL - 2022-03-11 06:08:29 --> Too few arguments to function Firebase\JWT\JWT::encode(), 2 passed in /home/amandeep/public_html/mixologyice/app/Controllers/User.php on line 25 and at least 3 expected
#0 /home/amandeep/public_html/mixologyice/app/Controllers/User.php(25): Firebase\JWT\JWT::encode(Array, 'dgjasgdahsgdagd...')
#1 /home/amandeep/public_html/mixologyice/vendor/codeigniter4/framework/system/CodeIgniter.php(832): App\Controllers\User->test()
#2 /home/amandeep/public_html/mixologyice/vendor/codeigniter4/framework/system/CodeIgniter.php(419): CodeIgniter\CodeIgniter->runController(Object(App\Controllers\User))
#3 /home/amandeep/public_html/mixologyice/vendor/codeigniter4/framework/system/CodeIgniter.php(326): CodeIgniter\CodeIgniter->handleRequest(NULL, Object(Config\Cache), false)
#4 /home/amandeep/public_html/mixologyice/index.php(46): CodeIgniter\CodeIgniter->run()
#5 {main}
CRITICAL - 2022-03-11 06:08:29 --> Uncaught ErrorException: Cannot modify header information - headers already sent by (output started at /home/amandeep/public_html/mixologyice/index.php:1) in /home/amandeep/public_html/mixologyice/vendor/codeigniter4/framework/system/Debug/Exceptions.php:112
Stack trace:
#0 [internal function]: CodeIgniter\Debug\Exceptions->errorHandler(2, 'Cannot modify h...', '/home/amandeep/...', 112, Array)
#1 /home/amandeep/public_html/mixologyice/vendor/codeigniter4/framework/system/Debug/Exceptions.php(112): header('HTTP/1.1 500 In...', true, 500)
#2 [internal function]: CodeIgniter\Debug\Exceptions->exceptionHandler(Object(ArgumentCountError))
#3 {main}
  thrown
#0 [internal function]: CodeIgniter\Debug\Exceptions->shutdownHandler()
#1 {main}
CRITICAL - 2022-03-11 06:09:24 --> Too few arguments to function Firebase\JWT\JWT::encode(), 2 passed in /home/amandeep/public_html/mixologyice/app/Controllers/User.php on line 26 and at least 3 expected
#0 /home/amandeep/public_html/mixologyice/app/Controllers/User.php(26): Firebase\JWT\JWT::encode(Array, 'dgjasgdahsgdagd...')
#1 /home/amandeep/public_html/mixologyice/vendor/codeigniter4/framework/system/CodeIgniter.php(832): App\Controllers\User->test()
#2 /home/amandeep/public_html/mixologyice/vendor/codeigniter4/framework/system/CodeIgniter.php(419): CodeIgniter\CodeIgniter->runController(Object(App\Controllers\User))
#3 /home/amandeep/public_html/mixologyice/vendor/codeigniter4/framework/system/CodeIgniter.php(326): CodeIgniter\CodeIgniter->handleRequest(NULL, Object(Config\Cache), false)
#4 /home/amandeep/public_html/mixologyice/index.php(46): CodeIgniter\CodeIgniter->run()
#5 {main}
CRITICAL - 2022-03-11 06:09:24 --> Uncaught ErrorException: Cannot modify header information - headers already sent by (output started at /home/amandeep/public_html/mixologyice/index.php:1) in /home/amandeep/public_html/mixologyice/vendor/codeigniter4/framework/system/Debug/Exceptions.php:112
Stack trace:
#0 [internal function]: CodeIgniter\Debug\Exceptions->errorHandler(2, 'Cannot modify h...', '/home/amandeep/...', 112, Array)
#1 /home/amandeep/public_html/mixologyice/vendor/codeigniter4/framework/system/Debug/Exceptions.php(112): header('HTTP/1.1 500 In...', true, 500)
#2 [internal function]: CodeIgniter\Debug\Exceptions->exceptionHandler(Object(ArgumentCountError))
#3 {main}
  thrown
#0 [internal function]: CodeIgniter\Debug\Exceptions->shutdownHandler()
#1 {main}
CRITICAL - 2022-03-11 06:13:54 --> Too few arguments to function Firebase\JWT\JWT::encode(), 2 passed in /home/amandeep/public_html/mixologyice/app/Controllers/User.php on line 26 and at least 3 expected
#0 /home/amandeep/public_html/mixologyice/app/Controllers/User.php(26): Firebase\JWT\JWT::encode(Array, 'dgjasgdahsgdagd...')
#1 /home/amandeep/public_html/mixologyice/vendor/codeigniter4/framework/system/CodeIgniter.php(832): App\Controllers\User->test()
#2 /home/amandeep/public_html/mixologyice/vendor/codeigniter4/framework/system/CodeIgniter.php(419): CodeIgniter\CodeIgniter->runController(Object(App\Controllers\User))
#3 /home/amandeep/public_html/mixologyice/vendor/codeigniter4/framework/system/CodeIgniter.php(326): CodeIgniter\CodeIgniter->handleRequest(NULL, Object(Config\Cache), false)
#4 /home/amandeep/public_html/mixologyice/index.php(46): CodeIgniter\CodeIgniter->run()
#5 {main}
CRITICAL - 2022-03-11 06:13:54 --> Uncaught ErrorException: Cannot modify header information - headers already sent by (output started at /home/amandeep/public_html/mixologyice/index.php:1) in /home/amandeep/public_html/mixologyice/vendor/codeigniter4/framework/system/Debug/Exceptions.php:112
Stack trace:
#0 [internal function]: CodeIgniter\Debug\Exceptions->errorHandler(2, 'Cannot modify h...', '/home/amandeep/...', 112, Array)
#1 /home/amandeep/public_html/mixologyice/vendor/codeigniter4/framework/system/Debug/Exceptions.php(112): header('HTTP/1.1 500 In...', true, 500)
#2 [internal function]: CodeIgniter\Debug\Exceptions->exceptionHandler(Object(ArgumentCountError))
#3 {main}
  thrown
#0 [internal function]: CodeIgniter\Debug\Exceptions->shutdownHandler()
#1 {main}
CRITICAL - 2022-03-11 06:13:56 --> Too few arguments to function Firebase\JWT\JWT::encode(), 2 passed in /home/amandeep/public_html/mixologyice/app/Controllers/User.php on line 26 and at least 3 expected
#0 /home/amandeep/public_html/mixologyice/app/Controllers/User.php(26): Firebase\JWT\JWT::encode(Array, 'dgjasgdahsgdagd...')
#1 /home/amandeep/public_html/mixologyice/vendor/codeigniter4/framework/system/CodeIgniter.php(832): App\Controllers\User->test()
#2 /home/amandeep/public_html/mixologyice/vendor/codeigniter4/framework/system/CodeIgniter.php(419): CodeIgniter\CodeIgniter->runController(Object(App\Controllers\User))
#3 /home/amandeep/public_html/mixologyice/vendor/codeigniter4/framework/system/CodeIgniter.php(326): CodeIgniter\CodeIgniter->handleRequest(NULL, Object(Config\Cache), false)
#4 /home/amandeep/public_html/mixologyice/index.php(46): CodeIgniter\CodeIgniter->run()
#5 {main}
CRITICAL - 2022-03-11 06:13:56 --> Uncaught ErrorException: Cannot modify header information - headers already sent by (output started at /home/amandeep/public_html/mixologyice/index.php:1) in /home/amandeep/public_html/mixologyice/vendor/codeigniter4/framework/system/Debug/Exceptions.php:112
Stack trace:
#0 [internal function]: CodeIgniter\Debug\Exceptions->errorHandler(2, 'Cannot modify h...', '/home/amandeep/...', 112, Array)
#1 /home/amandeep/public_html/mixologyice/vendor/codeigniter4/framework/system/Debug/Exceptions.php(112): header('HTTP/1.1 500 In...', true, 500)
#2 [internal function]: CodeIgniter\Debug\Exceptions->exceptionHandler(Object(ArgumentCountError))
#3 {main}
  thrown
#0 [internal function]: CodeIgniter\Debug\Exceptions->shutdownHandler()
#1 {main}
CRITICAL - 2022-03-11 06:14:02 --> Too few arguments to function Firebase\JWT\JWT::encode(), 2 passed in /home/amandeep/public_html/mixologyice/app/Controllers/User.php on line 26 and at least 3 expected
#0 /home/amandeep/public_html/mixologyice/app/Controllers/User.php(26): Firebase\JWT\JWT::encode(Array, 'dgjasgdahsgdagd...')
#1 /home/amandeep/public_html/mixologyice/vendor/codeigniter4/framework/system/CodeIgniter.php(832): App\Controllers\User->test()
#2 /home/amandeep/public_html/mixologyice/vendor/codeigniter4/framework/system/CodeIgniter.php(419): CodeIgniter\CodeIgniter->runController(Object(App\Controllers\User))
#3 /home/amandeep/public_html/mixologyice/vendor/codeigniter4/framework/system/CodeIgniter.php(326): CodeIgniter\CodeIgniter->handleRequest(NULL, Object(Config\Cache), false)
#4 /home/amandeep/public_html/mixologyice/index.php(46): CodeIgniter\CodeIgniter->run()
#5 {main}
CRITICAL - 2022-03-11 06:14:02 --> Uncaught ErrorException: Cannot modify header information - headers already sent by (output started at /home/amandeep/public_html/mixologyice/index.php:1) in /home/amandeep/public_html/mixologyice/vendor/codeigniter4/framework/system/Debug/Exceptions.php:112
Stack trace:
#0 [internal function]: CodeIgniter\Debug\Exceptions->errorHandler(2, 'Cannot modify h...', '/home/amandeep/...', 112, Array)
#1 /home/amandeep/public_html/mixologyice/vendor/codeigniter4/framework/system/Debug/Exceptions.php(112): header('HTTP/1.1 500 In...', true, 500)
#2 [internal function]: CodeIgniter\Debug\Exceptions->exceptionHandler(Object(ArgumentCountError))
#3 {main}
  thrown
#0 [internal function]: CodeIgniter\Debug\Exceptions->shutdownHandler()
#1 {main}
CRITICAL - 2022-03-11 06:14:57 --> Too few arguments to function Firebase\JWT\JWT::encode(), 2 passed in /home/amandeep/public_html/mixologyice/app/Controllers/User.php on line 30 and at least 3 expected
#0 /home/amandeep/public_html/mixologyice/app/Controllers/User.php(30): Firebase\JWT\JWT::encode(Array, 'dgjasgdahsgdagd...')
#1 /home/amandeep/public_html/mixologyice/vendor/codeigniter4/framework/system/CodeIgniter.php(832): App\Controllers\User->test()
#2 /home/amandeep/public_html/mixologyice/vendor/codeigniter4/framework/system/CodeIgniter.php(419): CodeIgniter\CodeIgniter->runController(Object(App\Controllers\User))
#3 /home/amandeep/public_html/mixologyice/vendor/codeigniter4/framework/system/CodeIgniter.php(326): CodeIgniter\CodeIgniter->handleRequest(NULL, Object(Config\Cache), false)
#4 /home/amandeep/public_html/mixologyice/index.php(46): CodeIgniter\CodeIgniter->run()
#5 {main}
CRITICAL - 2022-03-11 06:14:57 --> Uncaught ErrorException: Cannot modify header information - headers already sent by (output started at /home/amandeep/public_html/mixologyice/index.php:1) in /home/amandeep/public_html/mixologyice/vendor/codeigniter4/framework/system/Debug/Exceptions.php:112
Stack trace:
#0 [internal function]: CodeIgniter\Debug\Exceptions->errorHandler(2, 'Cannot modify h...', '/home/amandeep/...', 112, Array)
#1 /home/amandeep/public_html/mixologyice/vendor/codeigniter4/framework/system/Debug/Exceptions.php(112): header('HTTP/1.1 500 In...', true, 500)
#2 [internal function]: CodeIgniter\Debug\Exceptions->exceptionHandler(Object(ArgumentCountError))
#3 {main}
  thrown
#0 [internal function]: CodeIgniter\Debug\Exceptions->shutdownHandler()
#1 {main}
CRITICAL - 2022-03-11 06:15:11 --> Too few arguments to function Firebase\JWT\JWT::encode(), 2 passed in /home/amandeep/public_html/mixologyice/app/Controllers/User.php on line 30 and at least 3 expected
#0 /home/amandeep/public_html/mixologyice/app/Controllers/User.php(30): Firebase\JWT\JWT::encode(Array, 'dgjasgdahsgdagd...')
#1 /home/amandeep/public_html/mixologyice/vendor/codeigniter4/framework/system/CodeIgniter.php(832): App\Controllers\User->test()
#2 /home/amandeep/public_html/mixologyice/vendor/codeigniter4/framework/system/CodeIgniter.php(419): CodeIgniter\CodeIgniter->runController(Object(App\Controllers\User))
#3 /home/amandeep/public_html/mixologyice/vendor/codeigniter4/framework/system/CodeIgniter.php(326): CodeIgniter\CodeIgniter->handleRequest(NULL, Object(Config\Cache), false)
#4 /home/amandeep/public_html/mixologyice/index.php(46): CodeIgniter\CodeIgniter->run()
#5 {main}
CRITICAL - 2022-03-11 06:15:11 --> Uncaught ErrorException: Cannot modify header information - headers already sent by (output started at /home/amandeep/public_html/mixologyice/index.php:1) in /home/amandeep/public_html/mixologyice/vendor/codeigniter4/framework/system/Debug/Exceptions.php:112
Stack trace:
#0 [internal function]: CodeIgniter\Debug\Exceptions->errorHandler(2, 'Cannot modify h...', '/home/amandeep/...', 112, Array)
#1 /home/amandeep/public_html/mixologyice/vendor/codeigniter4/framework/system/Debug/Exceptions.php(112): header('HTTP/1.1 500 In...', true, 500)
#2 [internal function]: CodeIgniter\Debug\Exceptions->exceptionHandler(Object(ArgumentCountError))
#3 {main}
  thrown
#0 [internal function]: CodeIgniter\Debug\Exceptions->shutdownHandler()
#1 {main}
