CRITICAL - 2022-06-22 00:19:51 --> Use of undefined constant php - assumed 'php' (this will throw an Error in a future version of PHP)
#0 /home/amandeep/public_html/maara/app/Views/includes/header.php(156): CodeIgniter\Debug\Exceptions->errorHandler(2, 'Use of undefine...', '/home/amandeep/...', 156, Array)
#1 /home/amandeep/public_html/maara/vendor/codeigniter4/framework/system/View/View.php(210): include('/home/amandeep/...')
#2 /home/amandeep/public_html/maara/vendor/codeigniter4/framework/system/View/View.php(213): CodeIgniter\View\View->CodeIgniter\View\{closure}()
#3 /home/amandeep/public_html/maara/vendor/codeigniter4/framework/system/Common.php(1089): CodeIgniter\View\View->render('includes/header', Array, true)
#4 /home/amandeep/public_html/maara/app/Controllers/BaseController.php(547): view('includes/header', Array)
#5 /home/amandeep/public_html/maara/app/Controllers/Landing.php(24): App\Controllers\BaseController->loadLandingViews('index', Array)
#6 /home/amandeep/public_html/maara/vendor/codeigniter4/framework/system/CodeIgniter.php(832): App\Controllers\Landing->index()
#7 /home/amandeep/public_html/maara/vendor/codeigniter4/framework/system/CodeIgniter.php(419): CodeIgniter\CodeIgniter->runController(Object(App\Controllers\Landing))
#8 /home/amandeep/public_html/maara/vendor/codeigniter4/framework/system/CodeIgniter.php(326): CodeIgniter\CodeIgniter->handleRequest(NULL, Object(Config\Cache), false)
#9 /home/amandeep/public_html/maara/index.php(43): CodeIgniter\CodeIgniter->run()
#10 {main}
CRITICAL - 2022-06-22 00:20:02 --> Use of undefined constant php - assumed 'php' (this will throw an Error in a future version of PHP)
#0 /home/amandeep/public_html/maara/app/Views/includes/header.php(156): CodeIgniter\Debug\Exceptions->errorHandler(2, 'Use of undefine...', '/home/amandeep/...', 156, Array)
#1 /home/amandeep/public_html/maara/vendor/codeigniter4/framework/system/View/View.php(210): include('/home/amandeep/...')
#2 /home/amandeep/public_html/maara/vendor/codeigniter4/framework/system/View/View.php(213): CodeIgniter\View\View->CodeIgniter\View\{closure}()
#3 /home/amandeep/public_html/maara/vendor/codeigniter4/framework/system/Common.php(1089): CodeIgniter\View\View->render('includes/header', Array, true)
#4 /home/amandeep/public_html/maara/app/Controllers/BaseController.php(547): view('includes/header', Array)
#5 /home/amandeep/public_html/maara/app/Controllers/Landing.php(24): App\Controllers\BaseController->loadLandingViews('index', Array)
#6 /home/amandeep/public_html/maara/vendor/codeigniter4/framework/system/CodeIgniter.php(832): App\Controllers\Landing->index()
#7 /home/amandeep/public_html/maara/vendor/codeigniter4/framework/system/CodeIgniter.php(419): CodeIgniter\CodeIgniter->runController(Object(App\Controllers\Landing))
#8 /home/amandeep/public_html/maara/vendor/codeigniter4/framework/system/CodeIgniter.php(326): CodeIgniter\CodeIgniter->handleRequest(NULL, Object(Config\Cache), false)
#9 /home/amandeep/public_html/maara/index.php(43): CodeIgniter\CodeIgniter->run()
#10 {main}
CRITICAL - 2022-06-22 00:20:32 --> Use of undefined constant php - assumed 'php' (this will throw an Error in a future version of PHP)
#0 /home/amandeep/public_html/maara/app/Views/includes/header.php(156): CodeIgniter\Debug\Exceptions->errorHandler(2, 'Use of undefine...', '/home/amandeep/...', 156, Array)
#1 /home/amandeep/public_html/maara/vendor/codeigniter4/framework/system/View/View.php(210): include('/home/amandeep/...')
#2 /home/amandeep/public_html/maara/vendor/codeigniter4/framework/system/View/View.php(213): CodeIgniter\View\View->CodeIgniter\View\{closure}()
#3 /home/amandeep/public_html/maara/vendor/codeigniter4/framework/system/Common.php(1089): CodeIgniter\View\View->render('includes/header', Array, true)
#4 /home/amandeep/public_html/maara/app/Controllers/BaseController.php(547): view('includes/header', Array)
#5 /home/amandeep/public_html/maara/app/Controllers/Landing.php(24): App\Controllers\BaseController->loadLandingViews('index', Array)
#6 /home/amandeep/public_html/maara/vendor/codeigniter4/framework/system/CodeIgniter.php(832): App\Controllers\Landing->index()
#7 /home/amandeep/public_html/maara/vendor/codeigniter4/framework/system/CodeIgniter.php(419): CodeIgniter\CodeIgniter->runController(Object(App\Controllers\Landing))
#8 /home/amandeep/public_html/maara/vendor/codeigniter4/framework/system/CodeIgniter.php(326): CodeIgniter\CodeIgniter->handleRequest(NULL, Object(Config\Cache), false)
#9 /home/amandeep/public_html/maara/index.php(43): CodeIgniter\CodeIgniter->run()
#10 {main}
CRITICAL - 2022-06-22 00:20:35 --> Use of undefined constant php - assumed 'php' (this will throw an Error in a future version of PHP)
#0 /home/amandeep/public_html/maara/app/Views/includes/header.php(156): CodeIgniter\Debug\Exceptions->errorHandler(2, 'Use of undefine...', '/home/amandeep/...', 156, Array)
#1 /home/amandeep/public_html/maara/vendor/codeigniter4/framework/system/View/View.php(210): include('/home/amandeep/...')
#2 /home/amandeep/public_html/maara/vendor/codeigniter4/framework/system/View/View.php(213): CodeIgniter\View\View->CodeIgniter\View\{closure}()
#3 /home/amandeep/public_html/maara/vendor/codeigniter4/framework/system/Common.php(1089): CodeIgniter\View\View->render('includes/header', Array, true)
#4 /home/amandeep/public_html/maara/app/Controllers/BaseController.php(547): view('includes/header', Array)
#5 /home/amandeep/public_html/maara/app/Controllers/Landing.php(24): App\Controllers\BaseController->loadLandingViews('index', Array)
#6 /home/amandeep/public_html/maara/vendor/codeigniter4/framework/system/CodeIgniter.php(832): App\Controllers\Landing->index()
#7 /home/amandeep/public_html/maara/vendor/codeigniter4/framework/system/CodeIgniter.php(419): CodeIgniter\CodeIgniter->runController(Object(App\Controllers\Landing))
#8 /home/amandeep/public_html/maara/vendor/codeigniter4/framework/system/CodeIgniter.php(326): CodeIgniter\CodeIgniter->handleRequest(NULL, Object(Config\Cache), false)
#9 /home/amandeep/public_html/maara/index.php(43): CodeIgniter\CodeIgniter->run()
#10 {main}
ERROR - 2022-06-22 03:38:39 --> Column 'colorID' cannot be null
ERROR - 2022-06-22 03:41:36 --> Column 'colorID' cannot be null
CRITICAL - 2022-06-22 03:43:42 --> syntax error, unexpected 'catch' (T_CATCH)
#0 /home/amandeep/public_html/maara/vendor/codeigniter4/framework/system/Autoloader/Autoloader.php(241): CodeIgniter\Autoloader\Autoloader->includeFile('/home/amandeep/...')
#1 /home/amandeep/public_html/maara/vendor/codeigniter4/framework/system/Autoloader/Autoloader.php(219): CodeIgniter\Autoloader\Autoloader->loadInNamespace('App\\Controllers...')
#2 [internal function]: CodeIgniter\Autoloader\Autoloader->loadClass('App\\Controllers...')
#3 [internal function]: spl_autoload_call('App\\Controllers...')
#4 /home/amandeep/public_html/maara/vendor/codeigniter4/framework/system/CodeIgniter.php(797): class_exists('\\App\\Controller...', true)
#5 /home/amandeep/public_html/maara/vendor/codeigniter4/framework/system/CodeIgniter.php(406): CodeIgniter\CodeIgniter->startController()
#6 /home/amandeep/public_html/maara/vendor/codeigniter4/framework/system/CodeIgniter.php(326): CodeIgniter\CodeIgniter->handleRequest(NULL, Object(Config\Cache), false)
#7 /home/amandeep/public_html/maara/index.php(43): CodeIgniter\CodeIgniter->run()
#8 {main}
CRITICAL - 2022-06-22 03:43:42 --> syntax error, unexpected 'catch' (T_CATCH)
#0 /home/amandeep/public_html/maara/vendor/codeigniter4/framework/system/Autoloader/Autoloader.php(241): CodeIgniter\Autoloader\Autoloader->includeFile('/home/amandeep/...')
#1 /home/amandeep/public_html/maara/vendor/codeigniter4/framework/system/Autoloader/Autoloader.php(219): CodeIgniter\Autoloader\Autoloader->loadInNamespace('App\\Controllers...')
#2 [internal function]: CodeIgniter\Autoloader\Autoloader->loadClass('App\\Controllers...')
#3 [internal function]: spl_autoload_call('App\\Controllers...')
#4 /home/amandeep/public_html/maara/vendor/codeigniter4/framework/system/CodeIgniter.php(797): class_exists('\\App\\Controller...', true)
#5 /home/amandeep/public_html/maara/vendor/codeigniter4/framework/system/CodeIgniter.php(406): CodeIgniter\CodeIgniter->startController()
#6 /home/amandeep/public_html/maara/vendor/codeigniter4/framework/system/CodeIgniter.php(326): CodeIgniter\CodeIgniter->handleRequest(NULL, Object(Config\Cache), false)
#7 /home/amandeep/public_html/maara/index.php(43): CodeIgniter\CodeIgniter->run()
#8 {main}
CRITICAL - 2022-06-22 03:43:49 --> syntax error, unexpected 'catch' (T_CATCH)
#0 /home/amandeep/public_html/maara/vendor/codeigniter4/framework/system/Autoloader/Autoloader.php(241): CodeIgniter\Autoloader\Autoloader->includeFile('/home/amandeep/...')
#1 /home/amandeep/public_html/maara/vendor/codeigniter4/framework/system/Autoloader/Autoloader.php(219): CodeIgniter\Autoloader\Autoloader->loadInNamespace('App\\Controllers...')
#2 [internal function]: CodeIgniter\Autoloader\Autoloader->loadClass('App\\Controllers...')
#3 [internal function]: spl_autoload_call('App\\Controllers...')
#4 /home/amandeep/public_html/maara/vendor/codeigniter4/framework/system/CodeIgniter.php(797): class_exists('\\App\\Controller...', true)
#5 /home/amandeep/public_html/maara/vendor/codeigniter4/framework/system/CodeIgniter.php(406): CodeIgniter\CodeIgniter->startController()
#6 /home/amandeep/public_html/maara/vendor/codeigniter4/framework/system/CodeIgniter.php(326): CodeIgniter\CodeIgniter->handleRequest(NULL, Object(Config\Cache), false)
#7 /home/amandeep/public_html/maara/index.php(43): CodeIgniter\CodeIgniter->run()
#8 {main}
ERROR - 2022-06-22 03:44:38 --> Column 'colorID' cannot be null
ERROR - 2022-06-22 03:49:00 --> Column 'colorID' cannot be null
CRITICAL - 2022-06-22 04:31:44 --> Too few arguments to function App\Controllers\Landing::saveToCart(), 2 passed in /home/amandeep/public_html/maara/app/Controllers/Landing.php on line 317 and exactly 4 expected
#0 /home/amandeep/public_html/maara/app/Controllers/Landing.php(317): App\Controllers\Landing->saveToCart('75', NULL)
#1 /home/amandeep/public_html/maara/vendor/codeigniter4/framework/system/CodeIgniter.php(832): App\Controllers\Landing->addToCart()
#2 /home/amandeep/public_html/maara/vendor/codeigniter4/framework/system/CodeIgniter.php(419): CodeIgniter\CodeIgniter->runController(Object(App\Controllers\Landing))
#3 /home/amandeep/public_html/maara/vendor/codeigniter4/framework/system/CodeIgniter.php(326): CodeIgniter\CodeIgniter->handleRequest(NULL, Object(Config\Cache), false)
#4 /home/amandeep/public_html/maara/index.php(43): CodeIgniter\CodeIgniter->run()
#5 {main}
CRITICAL - 2022-06-22 04:33:18 --> Call to undefined function App\Controllers\saveToCart()
#0 /home/amandeep/public_html/maara/vendor/codeigniter4/framework/system/CodeIgniter.php(832): App\Controllers\Landing->addToCart()
#1 /home/amandeep/public_html/maara/vendor/codeigniter4/framework/system/CodeIgniter.php(419): CodeIgniter\CodeIgniter->runController(Object(App\Controllers\Landing))
#2 /home/amandeep/public_html/maara/vendor/codeigniter4/framework/system/CodeIgniter.php(326): CodeIgniter\CodeIgniter->handleRequest(NULL, Object(Config\Cache), false)
#3 /home/amandeep/public_html/maara/index.php(43): CodeIgniter\CodeIgniter->run()
#4 {main}
CRITICAL - 2022-06-22 04:36:09 --> Call to undefined function App\Controllers\saveToCart()
#0 /home/amandeep/public_html/maara/vendor/codeigniter4/framework/system/CodeIgniter.php(832): App\Controllers\Landing->addToCart()
#1 /home/amandeep/public_html/maara/vendor/codeigniter4/framework/system/CodeIgniter.php(419): CodeIgniter\CodeIgniter->runController(Object(App\Controllers\Landing))
#2 /home/amandeep/public_html/maara/vendor/codeigniter4/framework/system/CodeIgniter.php(326): CodeIgniter\CodeIgniter->handleRequest(NULL, Object(Config\Cache), false)
#3 /home/amandeep/public_html/maara/index.php(43): CodeIgniter\CodeIgniter->run()
#4 {main}
CRITICAL - 2022-06-22 04:37:10 --> Call to undefined function App\Controllers\saveToCart()
#0 /home/amandeep/public_html/maara/vendor/codeigniter4/framework/system/CodeIgniter.php(832): App\Controllers\Landing->addToCart()
#1 /home/amandeep/public_html/maara/vendor/codeigniter4/framework/system/CodeIgniter.php(419): CodeIgniter\CodeIgniter->runController(Object(App\Controllers\Landing))
#2 /home/amandeep/public_html/maara/vendor/codeigniter4/framework/system/CodeIgniter.php(326): CodeIgniter\CodeIgniter->handleRequest(NULL, Object(Config\Cache), false)
#3 /home/amandeep/public_html/maara/index.php(43): CodeIgniter\CodeIgniter->run()
#4 {main}
CRITICAL - 2022-06-22 04:37:49 --> Call to undefined function App\Controllers\saveToCart()
#0 /home/amandeep/public_html/maara/vendor/codeigniter4/framework/system/CodeIgniter.php(832): App\Controllers\Landing->addToCart()
#1 /home/amandeep/public_html/maara/vendor/codeigniter4/framework/system/CodeIgniter.php(419): CodeIgniter\CodeIgniter->runController(Object(App\Controllers\Landing))
#2 /home/amandeep/public_html/maara/vendor/codeigniter4/framework/system/CodeIgniter.php(326): CodeIgniter\CodeIgniter->handleRequest(NULL, Object(Config\Cache), false)
#3 /home/amandeep/public_html/maara/index.php(43): CodeIgniter\CodeIgniter->run()
#4 {main}
CRITICAL - 2022-06-22 04:38:29 --> Call to undefined function App\Controllers\saveToCart()
#0 /home/amandeep/public_html/maara/vendor/codeigniter4/framework/system/CodeIgniter.php(832): App\Controllers\Landing->addToCart()
#1 /home/amandeep/public_html/maara/vendor/codeigniter4/framework/system/CodeIgniter.php(419): CodeIgniter\CodeIgniter->runController(Object(App\Controllers\Landing))
#2 /home/amandeep/public_html/maara/vendor/codeigniter4/framework/system/CodeIgniter.php(326): CodeIgniter\CodeIgniter->handleRequest(NULL, Object(Config\Cache), false)
#3 /home/amandeep/public_html/maara/index.php(43): CodeIgniter\CodeIgniter->run()
#4 {main}
CRITICAL - 2022-06-22 04:38:57 --> Call to undefined function App\Controllers\saveToCart()
#0 /home/amandeep/public_html/maara/vendor/codeigniter4/framework/system/CodeIgniter.php(832): App\Controllers\Landing->addToCart()
#1 /home/amandeep/public_html/maara/vendor/codeigniter4/framework/system/CodeIgniter.php(419): CodeIgniter\CodeIgniter->runController(Object(App\Controllers\Landing))
#2 /home/amandeep/public_html/maara/vendor/codeigniter4/framework/system/CodeIgniter.php(326): CodeIgniter\CodeIgniter->handleRequest(NULL, Object(Config\Cache), false)
#3 /home/amandeep/public_html/maara/index.php(43): CodeIgniter\CodeIgniter->run()
#4 {main}
CRITICAL - 2022-06-22 04:50:43 --> Too few arguments to function App\Controllers\Landing::saveToCart(), 2 passed in /home/amandeep/public_html/maara/app/Controllers/Landing.php on line 318 and exactly 4 expected
#0 /home/amandeep/public_html/maara/app/Controllers/Landing.php(318): App\Controllers\Landing->saveToCart('75', NULL)
#1 /home/amandeep/public_html/maara/vendor/codeigniter4/framework/system/CodeIgniter.php(832): App\Controllers\Landing->addToCart()
#2 /home/amandeep/public_html/maara/vendor/codeigniter4/framework/system/CodeIgniter.php(419): CodeIgniter\CodeIgniter->runController(Object(App\Controllers\Landing))
#3 /home/amandeep/public_html/maara/vendor/codeigniter4/framework/system/CodeIgniter.php(326): CodeIgniter\CodeIgniter->handleRequest(NULL, Object(Config\Cache), false)
#4 /home/amandeep/public_html/maara/index.php(43): CodeIgniter\CodeIgniter->run()
#5 {main}
CRITICAL - 2022-06-22 04:51:54 --> Call to undefined function App\Controllers\saveOrderItemsSingle()
#0 /home/amandeep/public_html/maara/app/Controllers/Landing.php(319): App\Controllers\Landing->saveToCart('75', NULL, 1, Array)
#1 /home/amandeep/public_html/maara/vendor/codeigniter4/framework/system/CodeIgniter.php(832): App\Controllers\Landing->addToCart()
#2 /home/amandeep/public_html/maara/vendor/codeigniter4/framework/system/CodeIgniter.php(419): CodeIgniter\CodeIgniter->runController(Object(App\Controllers\Landing))
#3 /home/amandeep/public_html/maara/vendor/codeigniter4/framework/system/CodeIgniter.php(326): CodeIgniter\CodeIgniter->handleRequest(NULL, Object(Config\Cache), false)
#4 /home/amandeep/public_html/maara/index.php(43): CodeIgniter\CodeIgniter->run()
#5 {main}
CRITICAL - 2022-06-22 06:06:45 --> Call to undefined method App\Models\OrderItemsModel::getNumRows
#0 /home/amandeep/public_html/maara/app/Controllers/Landing.php(595): CodeIgniter\Model->__call('getNumRows', Array)
#1 /home/amandeep/public_html/maara/app/Controllers/Landing.php(397): App\Controllers\Landing->deleteItem('75', '21', 56)
#2 /home/amandeep/public_html/maara/vendor/codeigniter4/framework/system/CodeIgniter.php(832): App\Controllers\Landing->changeCartQty()
#3 /home/amandeep/public_html/maara/vendor/codeigniter4/framework/system/CodeIgniter.php(419): CodeIgniter\CodeIgniter->runController(Object(App\Controllers\Landing))
#4 /home/amandeep/public_html/maara/vendor/codeigniter4/framework/system/CodeIgniter.php(326): CodeIgniter\CodeIgniter->handleRequest(NULL, Object(Config\Cache), false)
#5 /home/amandeep/public_html/maara/index.php(43): CodeIgniter\CodeIgniter->run()
#6 {main}
CRITICAL - 2022-06-22 06:09:46 --> Call to undefined method App\Models\OrderItemsModel::getNumRows
#0 /home/amandeep/public_html/maara/app/Controllers/Landing.php(595): CodeIgniter\Model->__call('getNumRows', Array)
#1 /home/amandeep/public_html/maara/app/Controllers/Landing.php(397): App\Controllers\Landing->deleteItem('75', '21', 57)
#2 /home/amandeep/public_html/maara/vendor/codeigniter4/framework/system/CodeIgniter.php(832): App\Controllers\Landing->changeCartQty()
#3 /home/amandeep/public_html/maara/vendor/codeigniter4/framework/system/CodeIgniter.php(419): CodeIgniter\CodeIgniter->runController(Object(App\Controllers\Landing))
#4 /home/amandeep/public_html/maara/vendor/codeigniter4/framework/system/CodeIgniter.php(326): CodeIgniter\CodeIgniter->handleRequest(NULL, Object(Config\Cache), false)
#5 /home/amandeep/public_html/maara/index.php(43): CodeIgniter\CodeIgniter->run()
#6 {main}
ERROR - 2022-06-22 23:50:36 --> Cannot add or update a child row: a foreign key constraint fails (`amandeep_maaraDB`.`tbl_userTheme`, CONSTRAINT `tbl_userTheme_themeID_foreign` FOREIGN KEY (`themeID`) REFERENCES `tbl_themes` (`id`) ON DELETE CASCADE ON UPDATE CASCADE)
