ERROR - 2022-03-25 03:44:09 --> Table 'amandeep_maaraDB.tbl_connections' doesn't exist
CRITICAL - 2022-03-25 03:44:09 --> Call to a member function getResultArray() on bool
#0 /home/amandeep/public_html/maara/app/Controllers/Home.php(786): Config\Services::userConnectionList('2', 0, 10)
#1 /home/amandeep/public_html/maara/vendor/codeigniter4/framework/system/CodeIgniter.php(832): App\Controllers\Home->userConnectionList()
#2 /home/amandeep/public_html/maara/vendor/codeigniter4/framework/system/CodeIgniter.php(419): CodeIgniter\CodeIgniter->runController(Object(App\Controllers\Home))
#3 /home/amandeep/public_html/maara/vendor/codeigniter4/framework/system/CodeIgniter.php(326): CodeIgniter\CodeIgniter->handleRequest(NULL, Object(Config\Cache), false)
#4 /home/amandeep/public_html/maara/index.php(43): CodeIgniter\CodeIgniter->run()
#5 {main}
ERROR - 2022-03-25 03:44:51 --> Table 'amandeep_maaraDB.tbl_connections' doesn't exist
CRITICAL - 2022-03-25 03:44:51 --> Call to a member function getResultArray() on bool
#0 /home/amandeep/public_html/maara/app/Controllers/Home.php(784): Config\Services::userConnectionList('2', 0, 10)
#1 /home/amandeep/public_html/maara/vendor/codeigniter4/framework/system/CodeIgniter.php(832): App\Controllers\Home->userConnectionList()
#2 /home/amandeep/public_html/maara/vendor/codeigniter4/framework/system/CodeIgniter.php(419): CodeIgniter\CodeIgniter->runController(Object(App\Controllers\Home))
#3 /home/amandeep/public_html/maara/vendor/codeigniter4/framework/system/CodeIgniter.php(326): CodeIgniter\CodeIgniter->handleRequest(NULL, Object(Config\Cache), false)
#4 /home/amandeep/public_html/maara/index.php(43): CodeIgniter\CodeIgniter->run()
#5 {main}
ERROR - 2022-03-25 03:45:46 --> Table 'amandeep_maaraDB.tbl_connections' doesn't exist
CRITICAL - 2022-03-25 03:45:46 --> Call to a member function getResultArray() on bool
#0 /home/amandeep/public_html/maara/app/Controllers/Home.php(784): Config\Services::userConnectionList('2', 0, 10)
#1 /home/amandeep/public_html/maara/vendor/codeigniter4/framework/system/CodeIgniter.php(832): App\Controllers\Home->userConnectionList()
#2 /home/amandeep/public_html/maara/vendor/codeigniter4/framework/system/CodeIgniter.php(419): CodeIgniter\CodeIgniter->runController(Object(App\Controllers\Home))
#3 /home/amandeep/public_html/maara/vendor/codeigniter4/framework/system/CodeIgniter.php(326): CodeIgniter\CodeIgniter->handleRequest(NULL, Object(Config\Cache), false)
#4 /home/amandeep/public_html/maara/index.php(43): CodeIgniter\CodeIgniter->run()
#5 {main}
ERROR - 2022-03-25 03:46:10 --> Table 'amandeep_maaraDB.tbl_connections' doesn't exist
CRITICAL - 2022-03-25 03:46:10 --> Call to a member function getResultArray() on bool
#0 /home/amandeep/public_html/maara/app/Controllers/Home.php(784): Config\Services::userConnectionList('2', 0, 10)
#1 /home/amandeep/public_html/maara/vendor/codeigniter4/framework/system/CodeIgniter.php(832): App\Controllers\Home->userConnectionList()
#2 /home/amandeep/public_html/maara/vendor/codeigniter4/framework/system/CodeIgniter.php(419): CodeIgniter\CodeIgniter->runController(Object(App\Controllers\Home))
#3 /home/amandeep/public_html/maara/vendor/codeigniter4/framework/system/CodeIgniter.php(326): CodeIgniter\CodeIgniter->handleRequest(NULL, Object(Config\Cache), false)
#4 /home/amandeep/public_html/maara/index.php(43): CodeIgniter\CodeIgniter->run()
#5 {main}
