CRITICAL - 2022-06-16 00:23:24 --> Cannot use object of type stdClass as array
#0 /home/amandeep/public_html/maara/vendor/codeigniter4/framework/system/CodeIgniter.php(832): App\Controllers\Home->connectionUserDetail()
#1 /home/amandeep/public_html/maara/vendor/codeigniter4/framework/system/CodeIgniter.php(419): CodeIgniter\CodeIgniter->runController(Object(App\Controllers\Home))
#2 /home/amandeep/public_html/maara/vendor/codeigniter4/framework/system/CodeIgniter.php(326): CodeIgniter\CodeIgniter->handleRequest(NULL, Object(Config\Cache), false)
#3 /home/amandeep/public_html/maara/index.php(43): CodeIgniter\CodeIgniter->run()
#4 {main}
CRITICAL - 2022-06-16 00:23:59 --> Cannot use object of type stdClass as array
#0 /home/amandeep/public_html/maara/vendor/codeigniter4/framework/system/CodeIgniter.php(832): App\Controllers\Home->connectionUserDetail()
#1 /home/amandeep/public_html/maara/vendor/codeigniter4/framework/system/CodeIgniter.php(419): CodeIgniter\CodeIgniter->runController(Object(App\Controllers\Home))
#2 /home/amandeep/public_html/maara/vendor/codeigniter4/framework/system/CodeIgniter.php(326): CodeIgniter\CodeIgniter->handleRequest(NULL, Object(Config\Cache), false)
#3 /home/amandeep/public_html/maara/index.php(43): CodeIgniter\CodeIgniter->run()
#4 {main}
CRITICAL - 2022-06-16 00:24:23 --> Cannot use object of type stdClass as array
#0 /home/amandeep/public_html/maara/vendor/codeigniter4/framework/system/CodeIgniter.php(832): App\Controllers\Home->connectionUserDetail()
#1 /home/amandeep/public_html/maara/vendor/codeigniter4/framework/system/CodeIgniter.php(419): CodeIgniter\CodeIgniter->runController(Object(App\Controllers\Home))
#2 /home/amandeep/public_html/maara/vendor/codeigniter4/framework/system/CodeIgniter.php(326): CodeIgniter\CodeIgniter->handleRequest(NULL, Object(Config\Cache), false)
#3 /home/amandeep/public_html/maara/index.php(43): CodeIgniter\CodeIgniter->run()
#4 {main}
CRITICAL - 2022-06-16 00:27:54 --> Cannot use object of type stdClass as array
#0 /home/amandeep/public_html/maara/vendor/codeigniter4/framework/system/CodeIgniter.php(832): App\Controllers\Home->connectionUserDetail()
#1 /home/amandeep/public_html/maara/vendor/codeigniter4/framework/system/CodeIgniter.php(419): CodeIgniter\CodeIgniter->runController(Object(App\Controllers\Home))
#2 /home/amandeep/public_html/maara/vendor/codeigniter4/framework/system/CodeIgniter.php(326): CodeIgniter\CodeIgniter->handleRequest(NULL, Object(Config\Cache), false)
#3 /home/amandeep/public_html/maara/index.php(43): CodeIgniter\CodeIgniter->run()
#4 {main}
CRITICAL - 2022-06-16 01:00:30 --> A non-numeric value encountered
#0 /home/amandeep/public_html/maara/app/Controllers/Landing.php(220): CodeIgniter\Debug\Exceptions->errorHandler(2, 'A non-numeric v...', '/home/amandeep/...', 220, Array)
#1 /home/amandeep/public_html/maara/vendor/codeigniter4/framework/system/CodeIgniter.php(832): App\Controllers\Landing->changeCartQty()
#2 /home/amandeep/public_html/maara/vendor/codeigniter4/framework/system/CodeIgniter.php(419): CodeIgniter\CodeIgniter->runController(Object(App\Controllers\Landing))
#3 /home/amandeep/public_html/maara/vendor/codeigniter4/framework/system/CodeIgniter.php(326): CodeIgniter\CodeIgniter->handleRequest(NULL, Object(Config\Cache), false)
#4 /home/amandeep/public_html/maara/index.php(43): CodeIgniter\CodeIgniter->run()
#5 {main}
CRITICAL - 2022-06-16 01:00:41 --> A non-numeric value encountered
#0 /home/amandeep/public_html/maara/app/Views/includes/header.php(124): CodeIgniter\Debug\Exceptions->errorHandler(2, 'A non-numeric v...', '/home/amandeep/...', 124, Array)
#1 /home/amandeep/public_html/maara/vendor/codeigniter4/framework/system/View/View.php(210): include('/home/amandeep/...')
#2 /home/amandeep/public_html/maara/vendor/codeigniter4/framework/system/View/View.php(213): CodeIgniter\View\View->CodeIgniter\View\{closure}()
#3 /home/amandeep/public_html/maara/vendor/codeigniter4/framework/system/Common.php(1089): CodeIgniter\View\View->render('includes/header', Array, true)
#4 /home/amandeep/public_html/maara/app/Controllers/BaseController.php(531): view('includes/header', Array)
#5 /home/amandeep/public_html/maara/app/Controllers/Landing.php(252): App\Controllers\BaseController->loadLandingViews('cart', Array)
#6 /home/amandeep/public_html/maara/vendor/codeigniter4/framework/system/CodeIgniter.php(832): App\Controllers\Landing->cartList()
#7 /home/amandeep/public_html/maara/vendor/codeigniter4/framework/system/CodeIgniter.php(419): CodeIgniter\CodeIgniter->runController(Object(App\Controllers\Landing))
#8 /home/amandeep/public_html/maara/vendor/codeigniter4/framework/system/CodeIgniter.php(326): CodeIgniter\CodeIgniter->handleRequest(NULL, Object(Config\Cache), false)
#9 /home/amandeep/public_html/maara/index.php(43): CodeIgniter\CodeIgniter->run()
#10 {main}
CRITICAL - 2022-06-16 05:01:59 --> syntax error, unexpected '=>' (T_DOUBLE_ARROW)
#0 /home/amandeep/public_html/maara/vendor/codeigniter4/framework/system/View/View.php(213): CodeIgniter\View\View->CodeIgniter\View\{closure}()
#1 /home/amandeep/public_html/maara/vendor/codeigniter4/framework/system/Common.php(1089): CodeIgniter\View\View->render('cart', Array, true)
#2 /home/amandeep/public_html/maara/app/Controllers/BaseController.php(532): view('cart', Array)
#3 /home/amandeep/public_html/maara/app/Controllers/Landing.php(257): App\Controllers\BaseController->loadLandingViews('cart', Array)
#4 /home/amandeep/public_html/maara/vendor/codeigniter4/framework/system/CodeIgniter.php(832): App\Controllers\Landing->cartList()
#5 /home/amandeep/public_html/maara/vendor/codeigniter4/framework/system/CodeIgniter.php(419): CodeIgniter\CodeIgniter->runController(Object(App\Controllers\Landing))
#6 /home/amandeep/public_html/maara/vendor/codeigniter4/framework/system/CodeIgniter.php(326): CodeIgniter\CodeIgniter->handleRequest(NULL, Object(Config\Cache), false)
#7 /home/amandeep/public_html/maara/index.php(43): CodeIgniter\CodeIgniter->run()
#8 {main}
CRITICAL - 2022-06-16 05:04:13 --> syntax error, unexpected '=>' (T_DOUBLE_ARROW)
#0 /home/amandeep/public_html/maara/vendor/codeigniter4/framework/system/View/View.php(213): CodeIgniter\View\View->CodeIgniter\View\{closure}()
#1 /home/amandeep/public_html/maara/vendor/codeigniter4/framework/system/Common.php(1089): CodeIgniter\View\View->render('cart', Array, true)
#2 /home/amandeep/public_html/maara/app/Controllers/BaseController.php(532): view('cart', Array)
#3 /home/amandeep/public_html/maara/app/Controllers/Landing.php(257): App\Controllers\BaseController->loadLandingViews('cart', Array)
#4 /home/amandeep/public_html/maara/vendor/codeigniter4/framework/system/CodeIgniter.php(832): App\Controllers\Landing->cartList()
#5 /home/amandeep/public_html/maara/vendor/codeigniter4/framework/system/CodeIgniter.php(419): CodeIgniter\CodeIgniter->runController(Object(App\Controllers\Landing))
#6 /home/amandeep/public_html/maara/vendor/codeigniter4/framework/system/CodeIgniter.php(326): CodeIgniter\CodeIgniter->handleRequest(NULL, Object(Config\Cache), false)
#7 /home/amandeep/public_html/maara/index.php(43): CodeIgniter\CodeIgniter->run()
#8 {main}
ERROR - 2022-06-16 05:49:32 --> Duplicate entry '27' for key 'PRIMARY'
ERROR - 2022-06-16 05:50:09 --> Duplicate entry '27' for key 'PRIMARY'
ERROR - 2022-06-16 06:24:06 --> Unknown column 'c.color' in 'field list'
CRITICAL - 2022-06-16 06:24:06 --> Call to a member function getRowArray() on bool
#0 /home/amandeep/public_html/maara/app/Controllers/User.php(163): Config\Services::getUserTheme('61', 'public')
#1 /home/amandeep/public_html/maara/app/Controllers/User.php(176): App\Controllers\User->commonUserData('61')
#2 /home/amandeep/public_html/maara/vendor/codeigniter4/framework/system/CodeIgniter.php(832): App\Controllers\User->getUserProfile()
#3 /home/amandeep/public_html/maara/vendor/codeigniter4/framework/system/CodeIgniter.php(419): CodeIgniter\CodeIgniter->runController(Object(App\Controllers\User))
#4 /home/amandeep/public_html/maara/vendor/codeigniter4/framework/system/CodeIgniter.php(326): CodeIgniter\CodeIgniter->handleRequest(NULL, Object(Config\Cache), false)
#5 /home/amandeep/public_html/maara/index.php(43): CodeIgniter\CodeIgniter->run()
#6 {main}
ERROR - 2022-06-16 06:24:54 --> Unknown column 'c.color' in 'field list'
CRITICAL - 2022-06-16 06:24:54 --> Call to a member function getRowArray() on bool
#0 /home/amandeep/public_html/maara/app/Controllers/User.php(163): Config\Services::getUserTheme('61', 'public')
#1 /home/amandeep/public_html/maara/app/Controllers/User.php(176): App\Controllers\User->commonUserData('61')
#2 /home/amandeep/public_html/maara/vendor/codeigniter4/framework/system/CodeIgniter.php(832): App\Controllers\User->getUserProfile()
#3 /home/amandeep/public_html/maara/vendor/codeigniter4/framework/system/CodeIgniter.php(419): CodeIgniter\CodeIgniter->runController(Object(App\Controllers\User))
#4 /home/amandeep/public_html/maara/vendor/codeigniter4/framework/system/CodeIgniter.php(326): CodeIgniter\CodeIgniter->handleRequest(NULL, Object(Config\Cache), false)
#5 /home/amandeep/public_html/maara/index.php(43): CodeIgniter\CodeIgniter->run()
#6 {main}
ERROR - 2022-06-16 06:24:58 --> Unknown column 'c.color' in 'field list'
CRITICAL - 2022-06-16 06:24:58 --> Call to a member function getRowArray() on bool
#0 /home/amandeep/public_html/maara/app/Controllers/User.php(163): Config\Services::getUserTheme('61', 'public')
#1 /home/amandeep/public_html/maara/app/Controllers/User.php(176): App\Controllers\User->commonUserData('61')
#2 /home/amandeep/public_html/maara/vendor/codeigniter4/framework/system/CodeIgniter.php(832): App\Controllers\User->getUserProfile()
#3 /home/amandeep/public_html/maara/vendor/codeigniter4/framework/system/CodeIgniter.php(419): CodeIgniter\CodeIgniter->runController(Object(App\Controllers\User))
#4 /home/amandeep/public_html/maara/vendor/codeigniter4/framework/system/CodeIgniter.php(326): CodeIgniter\CodeIgniter->handleRequest(NULL, Object(Config\Cache), false)
#5 /home/amandeep/public_html/maara/index.php(43): CodeIgniter\CodeIgniter->run()
#6 {main}
ERROR - 2022-06-16 06:25:37 --> Unknown column 'c.color' in 'field list'
CRITICAL - 2022-06-16 06:25:37 --> Call to a member function getRowArray() on bool
#0 /home/amandeep/public_html/maara/app/Controllers/User.php(163): Config\Services::getUserTheme('61', 'public')
#1 /home/amandeep/public_html/maara/app/Controllers/User.php(176): App\Controllers\User->commonUserData('61')
#2 /home/amandeep/public_html/maara/vendor/codeigniter4/framework/system/CodeIgniter.php(832): App\Controllers\User->getUserProfile()
#3 /home/amandeep/public_html/maara/vendor/codeigniter4/framework/system/CodeIgniter.php(419): CodeIgniter\CodeIgniter->runController(Object(App\Controllers\User))
#4 /home/amandeep/public_html/maara/vendor/codeigniter4/framework/system/CodeIgniter.php(326): CodeIgniter\CodeIgniter->handleRequest(NULL, Object(Config\Cache), false)
#5 /home/amandeep/public_html/maara/index.php(43): CodeIgniter\CodeIgniter->run()
#6 {main}
ERROR - 2022-06-16 07:40:09 --> Unknown column 'public' in 'on clause'
CRITICAL - 2022-06-16 07:40:09 --> Call to a member function getResultArray() on bool
#0 /home/amandeep/public_html/maara/app/Controllers/User.php(179): Config\Services::userPlatformList('61', '61', 'public')
#1 /home/amandeep/public_html/maara/vendor/codeigniter4/framework/system/CodeIgniter.php(832): App\Controllers\User->getUserProfile()
#2 /home/amandeep/public_html/maara/vendor/codeigniter4/framework/system/CodeIgniter.php(419): CodeIgniter\CodeIgniter->runController(Object(App\Controllers\User))
#3 /home/amandeep/public_html/maara/vendor/codeigniter4/framework/system/CodeIgniter.php(326): CodeIgniter\CodeIgniter->handleRequest(NULL, Object(Config\Cache), false)
#4 /home/amandeep/public_html/maara/index.php(43): CodeIgniter\CodeIgniter->run()
#5 {main}
ERROR - 2022-06-16 07:40:48 --> Unknown column 'public' in 'on clause'
CRITICAL - 2022-06-16 07:40:48 --> Call to a member function getResultArray() on bool
#0 /home/amandeep/public_html/maara/app/Controllers/User.php(179): Config\Services::userPlatformList('61', '61', 'public')
#1 /home/amandeep/public_html/maara/vendor/codeigniter4/framework/system/CodeIgniter.php(832): App\Controllers\User->getUserProfile()
#2 /home/amandeep/public_html/maara/vendor/codeigniter4/framework/system/CodeIgniter.php(419): CodeIgniter\CodeIgniter->runController(Object(App\Controllers\User))
#3 /home/amandeep/public_html/maara/vendor/codeigniter4/framework/system/CodeIgniter.php(326): CodeIgniter\CodeIgniter->handleRequest(NULL, Object(Config\Cache), false)
#4 /home/amandeep/public_html/maara/index.php(43): CodeIgniter\CodeIgniter->run()
#5 {main}
ERROR - 2022-06-16 07:41:38 --> Unknown column 'public' in 'on clause'
CRITICAL - 2022-06-16 07:41:38 --> Call to a member function getResultArray() on bool
#0 /home/amandeep/public_html/maara/app/Controllers/User.php(179): Config\Services::userPlatformList('61', '61', 'public')
#1 /home/amandeep/public_html/maara/vendor/codeigniter4/framework/system/CodeIgniter.php(832): App\Controllers\User->getUserProfile()
#2 /home/amandeep/public_html/maara/vendor/codeigniter4/framework/system/CodeIgniter.php(419): CodeIgniter\CodeIgniter->runController(Object(App\Controllers\User))
#3 /home/amandeep/public_html/maara/vendor/codeigniter4/framework/system/CodeIgniter.php(326): CodeIgniter\CodeIgniter->handleRequest(NULL, Object(Config\Cache), false)
#4 /home/amandeep/public_html/maara/index.php(43): CodeIgniter\CodeIgniter->run()
#5 {main}
ERROR - 2022-06-16 07:43:00 --> Unknown column 'business' in 'on clause'
CRITICAL - 2022-06-16 07:43:00 --> Call to a member function getResultArray() on bool
#0 /home/amandeep/public_html/maara/app/Controllers/Home.php(453): Config\Services::userPlatformList('52', '24', 'business')
#1 /home/amandeep/public_html/maara/vendor/codeigniter4/framework/system/CodeIgniter.php(832): App\Controllers\Home->businessAccountList()
#2 /home/amandeep/public_html/maara/vendor/codeigniter4/framework/system/CodeIgniter.php(419): CodeIgniter\CodeIgniter->runController(Object(App\Controllers\Home))
#3 /home/amandeep/public_html/maara/vendor/codeigniter4/framework/system/CodeIgniter.php(326): CodeIgniter\CodeIgniter->handleRequest(NULL, Object(Config\Cache), false)
#4 /home/amandeep/public_html/maara/index.php(43): CodeIgniter\CodeIgniter->run()
#5 {main}
ERROR - 2022-06-16 07:43:03 --> Unknown column 'private' in 'on clause'
CRITICAL - 2022-06-16 07:43:03 --> Call to a member function getResultArray() on bool
#0 /home/amandeep/public_html/maara/app/Controllers/Home.php(228): Config\Services::userPlatformList('52', '10', 'private')
#1 /home/amandeep/public_html/maara/vendor/codeigniter4/framework/system/CodeIgniter.php(832): App\Controllers\Home->privateAccountList()
#2 /home/amandeep/public_html/maara/vendor/codeigniter4/framework/system/CodeIgniter.php(419): CodeIgniter\CodeIgniter->runController(Object(App\Controllers\Home))
#3 /home/amandeep/public_html/maara/vendor/codeigniter4/framework/system/CodeIgniter.php(326): CodeIgniter\CodeIgniter->handleRequest(NULL, Object(Config\Cache), false)
#4 /home/amandeep/public_html/maara/index.php(43): CodeIgniter\CodeIgniter->run()
#5 {main}
ERROR - 2022-06-16 07:43:06 --> Unknown column 'public' in 'on clause'
CRITICAL - 2022-06-16 07:43:06 --> Call to a member function getResultArray() on bool
#0 /home/amandeep/public_html/maara/app/Controllers/User.php(179): Config\Services::userPlatformList('52', '52', 'public')
#1 /home/amandeep/public_html/maara/vendor/codeigniter4/framework/system/CodeIgniter.php(832): App\Controllers\User->getUserProfile()
#2 /home/amandeep/public_html/maara/vendor/codeigniter4/framework/system/CodeIgniter.php(419): CodeIgniter\CodeIgniter->runController(Object(App\Controllers\User))
#3 /home/amandeep/public_html/maara/vendor/codeigniter4/framework/system/CodeIgniter.php(326): CodeIgniter\CodeIgniter->handleRequest(NULL, Object(Config\Cache), false)
#4 /home/amandeep/public_html/maara/index.php(43): CodeIgniter\CodeIgniter->run()
#5 {main}
ERROR - 2022-06-16 07:44:50 --> Unknown column 'public' in 'on clause'
CRITICAL - 2022-06-16 07:44:50 --> Call to a member function getResultArray() on bool
#0 /home/amandeep/public_html/maara/app/Controllers/User.php(179): Config\Services::userPlatformList('61', '61', 'public')
#1 /home/amandeep/public_html/maara/vendor/codeigniter4/framework/system/CodeIgniter.php(832): App\Controllers\User->getUserProfile()
#2 /home/amandeep/public_html/maara/vendor/codeigniter4/framework/system/CodeIgniter.php(419): CodeIgniter\CodeIgniter->runController(Object(App\Controllers\User))
#3 /home/amandeep/public_html/maara/vendor/codeigniter4/framework/system/CodeIgniter.php(326): CodeIgniter\CodeIgniter->handleRequest(NULL, Object(Config\Cache), false)
#4 /home/amandeep/public_html/maara/index.php(43): CodeIgniter\CodeIgniter->run()
#5 {main}
