ERROR - 2022-07-05 01:09:37 --> Unknown column 'b.status' in 'field list'
CRITICAL - 2022-07-05 01:14:54 --> Call to a member function query() on null
#0 /home/amandeep/public_html/maara/app/Controllers/User.php(568): Config\Services::updateStatusOfUsers('61')
#1 /home/amandeep/public_html/maara/vendor/codeigniter4/framework/system/CodeIgniter.php(832): App\Controllers\User->userStatus()
#2 /home/amandeep/public_html/maara/vendor/codeigniter4/framework/system/CodeIgniter.php(419): CodeIgniter\CodeIgniter->runController(Object(App\Controllers\User))
#3 /home/amandeep/public_html/maara/vendor/codeigniter4/framework/system/CodeIgniter.php(326): CodeIgniter\CodeIgniter->handleRequest(NULL, Object(Config\Cache), false)
#4 /home/amandeep/public_html/maara/index.php(43): CodeIgniter\CodeIgniter->run()
#5 {main}
CRITICAL - 2022-07-05 01:15:10 --> Call to a member function query() on null
#0 /home/amandeep/public_html/maara/app/Controllers/User.php(568): Config\Services::updateStatusOfUsers('61')
#1 /home/amandeep/public_html/maara/vendor/codeigniter4/framework/system/CodeIgniter.php(832): App\Controllers\User->userStatus()
#2 /home/amandeep/public_html/maara/vendor/codeigniter4/framework/system/CodeIgniter.php(419): CodeIgniter\CodeIgniter->runController(Object(App\Controllers\User))
#3 /home/amandeep/public_html/maara/vendor/codeigniter4/framework/system/CodeIgniter.php(326): CodeIgniter\CodeIgniter->handleRequest(NULL, Object(Config\Cache), false)
#4 /home/amandeep/public_html/maara/index.php(43): CodeIgniter\CodeIgniter->run()
#5 {main}
ERROR - 2022-07-05 01:15:34 --> Unknown column 'b.status' in 'field list'
ERROR - 2022-07-05 01:19:50 --> Unknown column 'b.status' in 'field list'
ERROR - 2022-07-05 01:23:12 --> You have an error in your SQL syntax; check the manual that corresponds to your MySQL server version for the right syntax to use near 'WHERE `u`.`id` = 61' at line 5
ERROR - 2022-07-05 01:24:14 --> You have an error in your SQL syntax; check the manual that corresponds to your MySQL server version for the right syntax to use near 'WHERE `u`.`id` = 61' at line 5
CRITICAL - 2022-07-05 02:08:59 --> syntax error, unexpected '|', expecting variable (T_VARIABLE)
#0 /home/amandeep/public_html/maara/vendor/codeigniter4/framework/system/Autoloader/Autoloader.php(241): CodeIgniter\Autoloader\Autoloader->includeFile('/home/amandeep/...')
#1 /home/amandeep/public_html/maara/vendor/codeigniter4/framework/system/Autoloader/Autoloader.php(219): CodeIgniter\Autoloader\Autoloader->loadInNamespace('Psr\\SimpleCache...')
#2 [internal function]: CodeIgniter\Autoloader\Autoloader->loadClass('Psr\\SimpleCache...')
#3 /home/amandeep/public_html/maara/vendor/phpoffice/phpspreadsheet/src/PhpSpreadsheet/Collection/Memory.php(13): spl_autoload_call('Psr\\SimpleCache...')
#4 /home/amandeep/public_html/maara/vendor/codeigniter4/framework/system/Autoloader/Autoloader.php(264): include_once('/home/amandeep/...')
#5 /home/amandeep/public_html/maara/vendor/codeigniter4/framework/system/Autoloader/Autoloader.php(241): CodeIgniter\Autoloader\Autoloader->includeFile('/home/amandeep/...')
#6 /home/amandeep/public_html/maara/vendor/codeigniter4/framework/system/Autoloader/Autoloader.php(219): CodeIgniter\Autoloader\Autoloader->loadInNamespace('PhpOffice\\PhpSp...')
#7 [internal function]: CodeIgniter\Autoloader\Autoloader->loadClass('PhpOffice\\PhpSp...')
#8 /home/amandeep/public_html/maara/vendor/phpoffice/phpspreadsheet/src/PhpSpreadsheet/Settings.php(154): spl_autoload_call('PhpOffice\\PhpSp...')
#9 /home/amandeep/public_html/maara/vendor/phpoffice/phpspreadsheet/src/PhpSpreadsheet/Collection/CellsFactory.php(19): PhpOffice\PhpSpreadsheet\Settings::getCache()
#10 /home/amandeep/public_html/maara/vendor/phpoffice/phpspreadsheet/src/PhpSpreadsheet/Worksheet/Worksheet.php(356): PhpOffice\PhpSpreadsheet\Collection\CellsFactory::getInstance(Object(PhpOffice\PhpSpreadsheet\Worksheet\Worksheet))
#11 /home/amandeep/public_html/maara/vendor/phpoffice/phpspreadsheet/src/PhpSpreadsheet/Spreadsheet.php(474): PhpOffice\PhpSpreadsheet\Worksheet\Worksheet->__construct(Object(PhpOffice\PhpSpreadsheet\Spreadsheet))
#12 /home/amandeep/public_html/maara/vendor/phpoffice/phpspreadsheet/src/PhpSpreadsheet/Reader/Xls.php(625): PhpOffice\PhpSpreadsheet\Spreadsheet->__construct()
#13 /home/amandeep/public_html/maara/vendor/phpoffice/phpspreadsheet/src/PhpSpreadsheet/IOFactory.php(86): PhpOffice\PhpSpreadsheet\Reader\Xls->load('./uploads/users...')
#14 /home/amandeep/public_html/maara/app/Controllers/Dashboard.php(784): PhpOffice\PhpSpreadsheet\IOFactory::load('./uploads/users...')
#15 /home/amandeep/public_html/maara/vendor/codeigniter4/framework/system/CodeIgniter.php(832): App\Controllers\Dashboard->usersCSVImport()
#16 /home/amandeep/public_html/maara/vendor/codeigniter4/framework/system/CodeIgniter.php(419): CodeIgniter\CodeIgniter->runController(Object(App\Controllers\Dashboard))
#17 /home/amandeep/public_html/maara/vendor/codeigniter4/framework/system/CodeIgniter.php(326): CodeIgniter\CodeIgniter->handleRequest(NULL, Object(Config\Cache), false)
#18 /home/amandeep/public_html/maara/index.php(43): CodeIgniter\CodeIgniter->run()
#19 {main}
CRITICAL - 2022-07-05 02:09:12 --> syntax error, unexpected '|', expecting variable (T_VARIABLE)
#0 /home/amandeep/public_html/maara/vendor/codeigniter4/framework/system/Autoloader/Autoloader.php(241): CodeIgniter\Autoloader\Autoloader->includeFile('/home/amandeep/...')
#1 /home/amandeep/public_html/maara/vendor/codeigniter4/framework/system/Autoloader/Autoloader.php(219): CodeIgniter\Autoloader\Autoloader->loadInNamespace('Psr\\SimpleCache...')
#2 [internal function]: CodeIgniter\Autoloader\Autoloader->loadClass('Psr\\SimpleCache...')
#3 /home/amandeep/public_html/maara/vendor/phpoffice/phpspreadsheet/src/PhpSpreadsheet/Collection/Memory.php(13): spl_autoload_call('Psr\\SimpleCache...')
#4 /home/amandeep/public_html/maara/vendor/codeigniter4/framework/system/Autoloader/Autoloader.php(264): include_once('/home/amandeep/...')
#5 /home/amandeep/public_html/maara/vendor/codeigniter4/framework/system/Autoloader/Autoloader.php(241): CodeIgniter\Autoloader\Autoloader->includeFile('/home/amandeep/...')
#6 /home/amandeep/public_html/maara/vendor/codeigniter4/framework/system/Autoloader/Autoloader.php(219): CodeIgniter\Autoloader\Autoloader->loadInNamespace('PhpOffice\\PhpSp...')
#7 [internal function]: CodeIgniter\Autoloader\Autoloader->loadClass('PhpOffice\\PhpSp...')
#8 /home/amandeep/public_html/maara/vendor/phpoffice/phpspreadsheet/src/PhpSpreadsheet/Settings.php(154): spl_autoload_call('PhpOffice\\PhpSp...')
#9 /home/amandeep/public_html/maara/vendor/phpoffice/phpspreadsheet/src/PhpSpreadsheet/Collection/CellsFactory.php(19): PhpOffice\PhpSpreadsheet\Settings::getCache()
#10 /home/amandeep/public_html/maara/vendor/phpoffice/phpspreadsheet/src/PhpSpreadsheet/Worksheet/Worksheet.php(356): PhpOffice\PhpSpreadsheet\Collection\CellsFactory::getInstance(Object(PhpOffice\PhpSpreadsheet\Worksheet\Worksheet))
#11 /home/amandeep/public_html/maara/vendor/phpoffice/phpspreadsheet/src/PhpSpreadsheet/Spreadsheet.php(474): PhpOffice\PhpSpreadsheet\Worksheet\Worksheet->__construct(Object(PhpOffice\PhpSpreadsheet\Spreadsheet))
#12 /home/amandeep/public_html/maara/vendor/phpoffice/phpspreadsheet/src/PhpSpreadsheet/Reader/Xls.php(625): PhpOffice\PhpSpreadsheet\Spreadsheet->__construct()
#13 /home/amandeep/public_html/maara/vendor/phpoffice/phpspreadsheet/src/PhpSpreadsheet/IOFactory.php(86): PhpOffice\PhpSpreadsheet\Reader\Xls->load('./uploads/users...')
#14 /home/amandeep/public_html/maara/app/Controllers/Dashboard.php(784): PhpOffice\PhpSpreadsheet\IOFactory::load('./uploads/users...')
#15 /home/amandeep/public_html/maara/vendor/codeigniter4/framework/system/CodeIgniter.php(832): App\Controllers\Dashboard->usersCSVImport()
#16 /home/amandeep/public_html/maara/vendor/codeigniter4/framework/system/CodeIgniter.php(419): CodeIgniter\CodeIgniter->runController(Object(App\Controllers\Dashboard))
#17 /home/amandeep/public_html/maara/vendor/codeigniter4/framework/system/CodeIgniter.php(326): CodeIgniter\CodeIgniter->handleRequest(NULL, Object(Config\Cache), false)
#18 /home/amandeep/public_html/maara/index.php(43): CodeIgniter\CodeIgniter->run()
#19 {main}
CRITICAL - 2022-07-05 02:09:14 --> syntax error, unexpected '|', expecting variable (T_VARIABLE)
#0 /home/amandeep/public_html/maara/vendor/codeigniter4/framework/system/Autoloader/Autoloader.php(241): CodeIgniter\Autoloader\Autoloader->includeFile('/home/amandeep/...')
#1 /home/amandeep/public_html/maara/vendor/codeigniter4/framework/system/Autoloader/Autoloader.php(219): CodeIgniter\Autoloader\Autoloader->loadInNamespace('Psr\\SimpleCache...')
#2 [internal function]: CodeIgniter\Autoloader\Autoloader->loadClass('Psr\\SimpleCache...')
#3 /home/amandeep/public_html/maara/vendor/phpoffice/phpspreadsheet/src/PhpSpreadsheet/Collection/Memory.php(13): spl_autoload_call('Psr\\SimpleCache...')
#4 /home/amandeep/public_html/maara/vendor/codeigniter4/framework/system/Autoloader/Autoloader.php(264): include_once('/home/amandeep/...')
#5 /home/amandeep/public_html/maara/vendor/codeigniter4/framework/system/Autoloader/Autoloader.php(241): CodeIgniter\Autoloader\Autoloader->includeFile('/home/amandeep/...')
#6 /home/amandeep/public_html/maara/vendor/codeigniter4/framework/system/Autoloader/Autoloader.php(219): CodeIgniter\Autoloader\Autoloader->loadInNamespace('PhpOffice\\PhpSp...')
#7 [internal function]: CodeIgniter\Autoloader\Autoloader->loadClass('PhpOffice\\PhpSp...')
#8 /home/amandeep/public_html/maara/vendor/phpoffice/phpspreadsheet/src/PhpSpreadsheet/Settings.php(154): spl_autoload_call('PhpOffice\\PhpSp...')
#9 /home/amandeep/public_html/maara/vendor/phpoffice/phpspreadsheet/src/PhpSpreadsheet/Collection/CellsFactory.php(19): PhpOffice\PhpSpreadsheet\Settings::getCache()
#10 /home/amandeep/public_html/maara/vendor/phpoffice/phpspreadsheet/src/PhpSpreadsheet/Worksheet/Worksheet.php(356): PhpOffice\PhpSpreadsheet\Collection\CellsFactory::getInstance(Object(PhpOffice\PhpSpreadsheet\Worksheet\Worksheet))
#11 /home/amandeep/public_html/maara/vendor/phpoffice/phpspreadsheet/src/PhpSpreadsheet/Spreadsheet.php(474): PhpOffice\PhpSpreadsheet\Worksheet\Worksheet->__construct(Object(PhpOffice\PhpSpreadsheet\Spreadsheet))
#12 /home/amandeep/public_html/maara/vendor/phpoffice/phpspreadsheet/src/PhpSpreadsheet/Reader/Xls.php(625): PhpOffice\PhpSpreadsheet\Spreadsheet->__construct()
#13 /home/amandeep/public_html/maara/vendor/phpoffice/phpspreadsheet/src/PhpSpreadsheet/IOFactory.php(86): PhpOffice\PhpSpreadsheet\Reader\Xls->load('./uploads/users...')
#14 /home/amandeep/public_html/maara/app/Controllers/Dashboard.php(784): PhpOffice\PhpSpreadsheet\IOFactory::load('./uploads/users...')
#15 /home/amandeep/public_html/maara/vendor/codeigniter4/framework/system/CodeIgniter.php(832): App\Controllers\Dashboard->usersCSVImport()
#16 /home/amandeep/public_html/maara/vendor/codeigniter4/framework/system/CodeIgniter.php(419): CodeIgniter\CodeIgniter->runController(Object(App\Controllers\Dashboard))
#17 /home/amandeep/public_html/maara/vendor/codeigniter4/framework/system/CodeIgniter.php(326): CodeIgniter\CodeIgniter->handleRequest(NULL, Object(Config\Cache), false)
#18 /home/amandeep/public_html/maara/index.php(43): CodeIgniter\CodeIgniter->run()
#19 {main}
