CRITICAL - 2022-10-11 00:00:27 --> Invalid argument supplied for foreach()
#0 /home/zjtoavd5rlc8/maaracard.com/app/Controllers/Landing.php(441): CodeIgniter\Debug\Exceptions->errorHandler(2, 'Invalid argumen...', '/home/zjtoavd5r...', 441, Array)
#1 /home/zjtoavd5rlc8/maaracard.com/vendor/codeigniter4/framework/system/CodeIgniter.php(832): App\Controllers\Landing->changeCartQty()
#2 /home/zjtoavd5rlc8/maaracard.com/vendor/codeigniter4/framework/system/CodeIgniter.php(419): CodeIgniter\CodeIgniter->runController(Object(App\Controllers\Landing))
#3 /home/zjtoavd5rlc8/maaracard.com/vendor/codeigniter4/framework/system/CodeIgniter.php(326): CodeIgniter\CodeIgniter->handleRequest(NULL, Object(Config\Cache), false)
#4 /home/zjtoavd5rlc8/maaracard.com/index.php(43): CodeIgniter\CodeIgniter->run()
#5 {main}
CRITICAL - 2022-10-11 00:03:58 --> Invalid argument supplied for foreach()
#0 /home/zjtoavd5rlc8/maaracard.com/app/Controllers/Landing.php(441): CodeIgniter\Debug\Exceptions->errorHandler(2, 'Invalid argumen...', '/home/zjtoavd5r...', 441, Array)
#1 /home/zjtoavd5rlc8/maaracard.com/vendor/codeigniter4/framework/system/CodeIgniter.php(832): App\Controllers\Landing->changeCartQty()
#2 /home/zjtoavd5rlc8/maaracard.com/vendor/codeigniter4/framework/system/CodeIgniter.php(419): CodeIgniter\CodeIgniter->runController(Object(App\Controllers\Landing))
#3 /home/zjtoavd5rlc8/maaracard.com/vendor/codeigniter4/framework/system/CodeIgniter.php(326): CodeIgniter\CodeIgniter->handleRequest(NULL, Object(Config\Cache), false)
#4 /home/zjtoavd5rlc8/maaracard.com/index.php(43): CodeIgniter\CodeIgniter->run()
#5 {main}
CRITICAL - 2022-10-11 00:04:01 --> Invalid argument supplied for foreach()
#0 /home/zjtoavd5rlc8/maaracard.com/app/Controllers/Landing.php(441): CodeIgniter\Debug\Exceptions->errorHandler(2, 'Invalid argumen...', '/home/zjtoavd5r...', 441, Array)
#1 /home/zjtoavd5rlc8/maaracard.com/vendor/codeigniter4/framework/system/CodeIgniter.php(832): App\Controllers\Landing->changeCartQty()
#2 /home/zjtoavd5rlc8/maaracard.com/vendor/codeigniter4/framework/system/CodeIgniter.php(419): CodeIgniter\CodeIgniter->runController(Object(App\Controllers\Landing))
#3 /home/zjtoavd5rlc8/maaracard.com/vendor/codeigniter4/framework/system/CodeIgniter.php(326): CodeIgniter\CodeIgniter->handleRequest(NULL, Object(Config\Cache), false)
#4 /home/zjtoavd5rlc8/maaracard.com/index.php(43): CodeIgniter\CodeIgniter->run()
#5 {main}
CRITICAL - 2022-10-11 00:04:09 --> Invalid argument supplied for foreach()
#0 /home/zjtoavd5rlc8/maaracard.com/app/Controllers/Landing.php(441): CodeIgniter\Debug\Exceptions->errorHandler(2, 'Invalid argumen...', '/home/zjtoavd5r...', 441, Array)
#1 /home/zjtoavd5rlc8/maaracard.com/vendor/codeigniter4/framework/system/CodeIgniter.php(832): App\Controllers\Landing->changeCartQty()
#2 /home/zjtoavd5rlc8/maaracard.com/vendor/codeigniter4/framework/system/CodeIgniter.php(419): CodeIgniter\CodeIgniter->runController(Object(App\Controllers\Landing))
#3 /home/zjtoavd5rlc8/maaracard.com/vendor/codeigniter4/framework/system/CodeIgniter.php(326): CodeIgniter\CodeIgniter->handleRequest(NULL, Object(Config\Cache), false)
#4 /home/zjtoavd5rlc8/maaracard.com/index.php(43): CodeIgniter\CodeIgniter->run()
#5 {main}
CRITICAL - 2022-10-11 00:04:10 --> Invalid argument supplied for foreach()
#0 /home/zjtoavd5rlc8/maaracard.com/app/Controllers/Landing.php(441): CodeIgniter\Debug\Exceptions->errorHandler(2, 'Invalid argumen...', '/home/zjtoavd5r...', 441, Array)
#1 /home/zjtoavd5rlc8/maaracard.com/vendor/codeigniter4/framework/system/CodeIgniter.php(832): App\Controllers\Landing->changeCartQty()
#2 /home/zjtoavd5rlc8/maaracard.com/vendor/codeigniter4/framework/system/CodeIgniter.php(419): CodeIgniter\CodeIgniter->runController(Object(App\Controllers\Landing))
#3 /home/zjtoavd5rlc8/maaracard.com/vendor/codeigniter4/framework/system/CodeIgniter.php(326): CodeIgniter\CodeIgniter->handleRequest(NULL, Object(Config\Cache), false)
#4 /home/zjtoavd5rlc8/maaracard.com/index.php(43): CodeIgniter\CodeIgniter->run()
#5 {main}
CRITICAL - 2022-10-11 00:04:10 --> Invalid argument supplied for foreach()
#0 /home/zjtoavd5rlc8/maaracard.com/app/Controllers/Landing.php(441): CodeIgniter\Debug\Exceptions->errorHandler(2, 'Invalid argumen...', '/home/zjtoavd5r...', 441, Array)
#1 /home/zjtoavd5rlc8/maaracard.com/vendor/codeigniter4/framework/system/CodeIgniter.php(832): App\Controllers\Landing->changeCartQty()
#2 /home/zjtoavd5rlc8/maaracard.com/vendor/codeigniter4/framework/system/CodeIgniter.php(419): CodeIgniter\CodeIgniter->runController(Object(App\Controllers\Landing))
#3 /home/zjtoavd5rlc8/maaracard.com/vendor/codeigniter4/framework/system/CodeIgniter.php(326): CodeIgniter\CodeIgniter->handleRequest(NULL, Object(Config\Cache), false)
#4 /home/zjtoavd5rlc8/maaracard.com/index.php(43): CodeIgniter\CodeIgniter->run()
#5 {main}
CRITICAL - 2022-10-11 00:04:11 --> Invalid argument supplied for foreach()
#0 /home/zjtoavd5rlc8/maaracard.com/app/Controllers/Landing.php(441): CodeIgniter\Debug\Exceptions->errorHandler(2, 'Invalid argumen...', '/home/zjtoavd5r...', 441, Array)
#1 /home/zjtoavd5rlc8/maaracard.com/vendor/codeigniter4/framework/system/CodeIgniter.php(832): App\Controllers\Landing->changeCartQty()
#2 /home/zjtoavd5rlc8/maaracard.com/vendor/codeigniter4/framework/system/CodeIgniter.php(419): CodeIgniter\CodeIgniter->runController(Object(App\Controllers\Landing))
#3 /home/zjtoavd5rlc8/maaracard.com/vendor/codeigniter4/framework/system/CodeIgniter.php(326): CodeIgniter\CodeIgniter->handleRequest(NULL, Object(Config\Cache), false)
#4 /home/zjtoavd5rlc8/maaracard.com/index.php(43): CodeIgniter\CodeIgniter->run()
#5 {main}
CRITICAL - 2022-10-11 00:04:12 --> Invalid argument supplied for foreach()
#0 /home/zjtoavd5rlc8/maaracard.com/app/Controllers/Landing.php(441): CodeIgniter\Debug\Exceptions->errorHandler(2, 'Invalid argumen...', '/home/zjtoavd5r...', 441, Array)
#1 /home/zjtoavd5rlc8/maaracard.com/vendor/codeigniter4/framework/system/CodeIgniter.php(832): App\Controllers\Landing->changeCartQty()
#2 /home/zjtoavd5rlc8/maaracard.com/vendor/codeigniter4/framework/system/CodeIgniter.php(419): CodeIgniter\CodeIgniter->runController(Object(App\Controllers\Landing))
#3 /home/zjtoavd5rlc8/maaracard.com/vendor/codeigniter4/framework/system/CodeIgniter.php(326): CodeIgniter\CodeIgniter->handleRequest(NULL, Object(Config\Cache), false)
#4 /home/zjtoavd5rlc8/maaracard.com/index.php(43): CodeIgniter\CodeIgniter->run()
#5 {main}
CRITICAL - 2022-10-11 00:04:18 --> Invalid argument supplied for foreach()
#0 /home/zjtoavd5rlc8/maaracard.com/app/Controllers/Landing.php(441): CodeIgniter\Debug\Exceptions->errorHandler(2, 'Invalid argumen...', '/home/zjtoavd5r...', 441, Array)
#1 /home/zjtoavd5rlc8/maaracard.com/vendor/codeigniter4/framework/system/CodeIgniter.php(832): App\Controllers\Landing->changeCartQty()
#2 /home/zjtoavd5rlc8/maaracard.com/vendor/codeigniter4/framework/system/CodeIgniter.php(419): CodeIgniter\CodeIgniter->runController(Object(App\Controllers\Landing))
#3 /home/zjtoavd5rlc8/maaracard.com/vendor/codeigniter4/framework/system/CodeIgniter.php(326): CodeIgniter\CodeIgniter->handleRequest(NULL, Object(Config\Cache), false)
#4 /home/zjtoavd5rlc8/maaracard.com/index.php(43): CodeIgniter\CodeIgniter->run()
#5 {main}
CRITICAL - 2022-10-11 00:04:20 --> Invalid argument supplied for foreach()
#0 /home/zjtoavd5rlc8/maaracard.com/app/Controllers/Landing.php(441): CodeIgniter\Debug\Exceptions->errorHandler(2, 'Invalid argumen...', '/home/zjtoavd5r...', 441, Array)
#1 /home/zjtoavd5rlc8/maaracard.com/vendor/codeigniter4/framework/system/CodeIgniter.php(832): App\Controllers\Landing->changeCartQty()
#2 /home/zjtoavd5rlc8/maaracard.com/vendor/codeigniter4/framework/system/CodeIgniter.php(419): CodeIgniter\CodeIgniter->runController(Object(App\Controllers\Landing))
#3 /home/zjtoavd5rlc8/maaracard.com/vendor/codeigniter4/framework/system/CodeIgniter.php(326): CodeIgniter\CodeIgniter->handleRequest(NULL, Object(Config\Cache), false)
#4 /home/zjtoavd5rlc8/maaracard.com/index.php(43): CodeIgniter\CodeIgniter->run()
#5 {main}
CRITICAL - 2022-10-11 00:04:41 --> Invalid argument supplied for foreach()
#0 /home/zjtoavd5rlc8/maaracard.com/app/Controllers/Landing.php(441): CodeIgniter\Debug\Exceptions->errorHandler(2, 'Invalid argumen...', '/home/zjtoavd5r...', 441, Array)
#1 /home/zjtoavd5rlc8/maaracard.com/vendor/codeigniter4/framework/system/CodeIgniter.php(832): App\Controllers\Landing->changeCartQty()
#2 /home/zjtoavd5rlc8/maaracard.com/vendor/codeigniter4/framework/system/CodeIgniter.php(419): CodeIgniter\CodeIgniter->runController(Object(App\Controllers\Landing))
#3 /home/zjtoavd5rlc8/maaracard.com/vendor/codeigniter4/framework/system/CodeIgniter.php(326): CodeIgniter\CodeIgniter->handleRequest(NULL, Object(Config\Cache), false)
#4 /home/zjtoavd5rlc8/maaracard.com/index.php(43): CodeIgniter\CodeIgniter->run()
#5 {main}
CRITICAL - 2022-10-11 00:05:21 --> Invalid argument supplied for foreach()
#0 /home/zjtoavd5rlc8/maaracard.com/app/Controllers/Landing.php(441): CodeIgniter\Debug\Exceptions->errorHandler(2, 'Invalid argumen...', '/home/zjtoavd5r...', 441, Array)
#1 /home/zjtoavd5rlc8/maaracard.com/vendor/codeigniter4/framework/system/CodeIgniter.php(832): App\Controllers\Landing->changeCartQty()
#2 /home/zjtoavd5rlc8/maaracard.com/vendor/codeigniter4/framework/system/CodeIgniter.php(419): CodeIgniter\CodeIgniter->runController(Object(App\Controllers\Landing))
#3 /home/zjtoavd5rlc8/maaracard.com/vendor/codeigniter4/framework/system/CodeIgniter.php(326): CodeIgniter\CodeIgniter->handleRequest(NULL, Object(Config\Cache), false)
#4 /home/zjtoavd5rlc8/maaracard.com/index.php(43): CodeIgniter\CodeIgniter->run()
#5 {main}
CRITICAL - 2022-10-11 00:06:38 --> Invalid argument supplied for foreach()
#0 /home/zjtoavd5rlc8/maaracard.com/app/Controllers/Landing.php(441): CodeIgniter\Debug\Exceptions->errorHandler(2, 'Invalid argumen...', '/home/zjtoavd5r...', 441, Array)
#1 /home/zjtoavd5rlc8/maaracard.com/vendor/codeigniter4/framework/system/CodeIgniter.php(832): App\Controllers\Landing->changeCartQty()
#2 /home/zjtoavd5rlc8/maaracard.com/vendor/codeigniter4/framework/system/CodeIgniter.php(419): CodeIgniter\CodeIgniter->runController(Object(App\Controllers\Landing))
#3 /home/zjtoavd5rlc8/maaracard.com/vendor/codeigniter4/framework/system/CodeIgniter.php(326): CodeIgniter\CodeIgniter->handleRequest(NULL, Object(Config\Cache), false)
#4 /home/zjtoavd5rlc8/maaracard.com/index.php(43): CodeIgniter\CodeIgniter->run()
#5 {main}
CRITICAL - 2022-10-11 00:06:39 --> Invalid argument supplied for foreach()
#0 /home/zjtoavd5rlc8/maaracard.com/app/Controllers/Landing.php(441): CodeIgniter\Debug\Exceptions->errorHandler(2, 'Invalid argumen...', '/home/zjtoavd5r...', 441, Array)
#1 /home/zjtoavd5rlc8/maaracard.com/vendor/codeigniter4/framework/system/CodeIgniter.php(832): App\Controllers\Landing->changeCartQty()
#2 /home/zjtoavd5rlc8/maaracard.com/vendor/codeigniter4/framework/system/CodeIgniter.php(419): CodeIgniter\CodeIgniter->runController(Object(App\Controllers\Landing))
#3 /home/zjtoavd5rlc8/maaracard.com/vendor/codeigniter4/framework/system/CodeIgniter.php(326): CodeIgniter\CodeIgniter->handleRequest(NULL, Object(Config\Cache), false)
#4 /home/zjtoavd5rlc8/maaracard.com/index.php(43): CodeIgniter\CodeIgniter->run()
#5 {main}
CRITICAL - 2022-10-11 00:06:40 --> Invalid argument supplied for foreach()
#0 /home/zjtoavd5rlc8/maaracard.com/app/Controllers/Landing.php(441): CodeIgniter\Debug\Exceptions->errorHandler(2, 'Invalid argumen...', '/home/zjtoavd5r...', 441, Array)
#1 /home/zjtoavd5rlc8/maaracard.com/vendor/codeigniter4/framework/system/CodeIgniter.php(832): App\Controllers\Landing->changeCartQty()
#2 /home/zjtoavd5rlc8/maaracard.com/vendor/codeigniter4/framework/system/CodeIgniter.php(419): CodeIgniter\CodeIgniter->runController(Object(App\Controllers\Landing))
#3 /home/zjtoavd5rlc8/maaracard.com/vendor/codeigniter4/framework/system/CodeIgniter.php(326): CodeIgniter\CodeIgniter->handleRequest(NULL, Object(Config\Cache), false)
#4 /home/zjtoavd5rlc8/maaracard.com/index.php(43): CodeIgniter\CodeIgniter->run()
#5 {main}
CRITICAL - 2022-10-11 00:10:09 --> Invalid argument supplied for foreach()
#0 /home/zjtoavd5rlc8/maaracard.com/app/Controllers/Landing.php(441): CodeIgniter\Debug\Exceptions->errorHandler(2, 'Invalid argumen...', '/home/zjtoavd5r...', 441, Array)
#1 /home/zjtoavd5rlc8/maaracard.com/vendor/codeigniter4/framework/system/CodeIgniter.php(832): App\Controllers\Landing->changeCartQty()
#2 /home/zjtoavd5rlc8/maaracard.com/vendor/codeigniter4/framework/system/CodeIgniter.php(419): CodeIgniter\CodeIgniter->runController(Object(App\Controllers\Landing))
#3 /home/zjtoavd5rlc8/maaracard.com/vendor/codeigniter4/framework/system/CodeIgniter.php(326): CodeIgniter\CodeIgniter->handleRequest(NULL, Object(Config\Cache), false)
#4 /home/zjtoavd5rlc8/maaracard.com/index.php(43): CodeIgniter\CodeIgniter->run()
#5 {main}
CRITICAL - 2022-10-11 00:15:34 --> Invalid argument supplied for foreach()
#0 /home/zjtoavd5rlc8/maaracard.com/app/Controllers/Landing.php(441): CodeIgniter\Debug\Exceptions->errorHandler(2, 'Invalid argumen...', '/home/zjtoavd5r...', 441, Array)
#1 /home/zjtoavd5rlc8/maaracard.com/vendor/codeigniter4/framework/system/CodeIgniter.php(832): App\Controllers\Landing->changeCartQty()
#2 /home/zjtoavd5rlc8/maaracard.com/vendor/codeigniter4/framework/system/CodeIgniter.php(419): CodeIgniter\CodeIgniter->runController(Object(App\Controllers\Landing))
#3 /home/zjtoavd5rlc8/maaracard.com/vendor/codeigniter4/framework/system/CodeIgniter.php(326): CodeIgniter\CodeIgniter->handleRequest(NULL, Object(Config\Cache), false)
#4 /home/zjtoavd5rlc8/maaracard.com/index.php(43): CodeIgniter\CodeIgniter->run()
#5 {main}
CRITICAL - 2022-10-11 00:17:24 --> Invalid argument supplied for foreach()
#0 /home/zjtoavd5rlc8/maaracard.com/app/Controllers/Landing.php(441): CodeIgniter\Debug\Exceptions->errorHandler(2, 'Invalid argumen...', '/home/zjtoavd5r...', 441, Array)
#1 /home/zjtoavd5rlc8/maaracard.com/vendor/codeigniter4/framework/system/CodeIgniter.php(832): App\Controllers\Landing->changeCartQty()
#2 /home/zjtoavd5rlc8/maaracard.com/vendor/codeigniter4/framework/system/CodeIgniter.php(419): CodeIgniter\CodeIgniter->runController(Object(App\Controllers\Landing))
#3 /home/zjtoavd5rlc8/maaracard.com/vendor/codeigniter4/framework/system/CodeIgniter.php(326): CodeIgniter\CodeIgniter->handleRequest(NULL, Object(Config\Cache), false)
#4 /home/zjtoavd5rlc8/maaracard.com/index.php(43): CodeIgniter\CodeIgniter->run()
#5 {main}
CRITICAL - 2022-10-11 00:18:31 --> Invalid argument supplied for foreach()
#0 /home/zjtoavd5rlc8/maaracard.com/app/Controllers/Landing.php(441): CodeIgniter\Debug\Exceptions->errorHandler(2, 'Invalid argumen...', '/home/zjtoavd5r...', 441, Array)
#1 /home/zjtoavd5rlc8/maaracard.com/vendor/codeigniter4/framework/system/CodeIgniter.php(832): App\Controllers\Landing->changeCartQty()
#2 /home/zjtoavd5rlc8/maaracard.com/vendor/codeigniter4/framework/system/CodeIgniter.php(419): CodeIgniter\CodeIgniter->runController(Object(App\Controllers\Landing))
#3 /home/zjtoavd5rlc8/maaracard.com/vendor/codeigniter4/framework/system/CodeIgniter.php(326): CodeIgniter\CodeIgniter->handleRequest(NULL, Object(Config\Cache), false)
#4 /home/zjtoavd5rlc8/maaracard.com/index.php(43): CodeIgniter\CodeIgniter->run()
#5 {main}
CRITICAL - 2022-10-11 00:18:32 --> Invalid argument supplied for foreach()
#0 /home/zjtoavd5rlc8/maaracard.com/app/Controllers/Landing.php(441): CodeIgniter\Debug\Exceptions->errorHandler(2, 'Invalid argumen...', '/home/zjtoavd5r...', 441, Array)
#1 /home/zjtoavd5rlc8/maaracard.com/vendor/codeigniter4/framework/system/CodeIgniter.php(832): App\Controllers\Landing->changeCartQty()
#2 /home/zjtoavd5rlc8/maaracard.com/vendor/codeigniter4/framework/system/CodeIgniter.php(419): CodeIgniter\CodeIgniter->runController(Object(App\Controllers\Landing))
#3 /home/zjtoavd5rlc8/maaracard.com/vendor/codeigniter4/framework/system/CodeIgniter.php(326): CodeIgniter\CodeIgniter->handleRequest(NULL, Object(Config\Cache), false)
#4 /home/zjtoavd5rlc8/maaracard.com/index.php(43): CodeIgniter\CodeIgniter->run()
#5 {main}
CRITICAL - 2022-10-11 00:18:33 --> Invalid argument supplied for foreach()
#0 /home/zjtoavd5rlc8/maaracard.com/app/Controllers/Landing.php(441): CodeIgniter\Debug\Exceptions->errorHandler(2, 'Invalid argumen...', '/home/zjtoavd5r...', 441, Array)
#1 /home/zjtoavd5rlc8/maaracard.com/vendor/codeigniter4/framework/system/CodeIgniter.php(832): App\Controllers\Landing->changeCartQty()
#2 /home/zjtoavd5rlc8/maaracard.com/vendor/codeigniter4/framework/system/CodeIgniter.php(419): CodeIgniter\CodeIgniter->runController(Object(App\Controllers\Landing))
#3 /home/zjtoavd5rlc8/maaracard.com/vendor/codeigniter4/framework/system/CodeIgniter.php(326): CodeIgniter\CodeIgniter->handleRequest(NULL, Object(Config\Cache), false)
#4 /home/zjtoavd5rlc8/maaracard.com/index.php(43): CodeIgniter\CodeIgniter->run()
#5 {main}
CRITICAL - 2022-10-11 00:19:22 --> Invalid argument supplied for foreach()
#0 /home/zjtoavd5rlc8/maaracard.com/app/Controllers/Landing.php(441): CodeIgniter\Debug\Exceptions->errorHandler(2, 'Invalid argumen...', '/home/zjtoavd5r...', 441, Array)
#1 /home/zjtoavd5rlc8/maaracard.com/vendor/codeigniter4/framework/system/CodeIgniter.php(832): App\Controllers\Landing->changeCartQty()
#2 /home/zjtoavd5rlc8/maaracard.com/vendor/codeigniter4/framework/system/CodeIgniter.php(419): CodeIgniter\CodeIgniter->runController(Object(App\Controllers\Landing))
#3 /home/zjtoavd5rlc8/maaracard.com/vendor/codeigniter4/framework/system/CodeIgniter.php(326): CodeIgniter\CodeIgniter->handleRequest(NULL, Object(Config\Cache), false)
#4 /home/zjtoavd5rlc8/maaracard.com/index.php(43): CodeIgniter\CodeIgniter->run()
#5 {main}
CRITICAL - 2022-10-11 00:19:22 --> Invalid argument supplied for foreach()
#0 /home/zjtoavd5rlc8/maaracard.com/app/Controllers/Landing.php(441): CodeIgniter\Debug\Exceptions->errorHandler(2, 'Invalid argumen...', '/home/zjtoavd5r...', 441, Array)
#1 /home/zjtoavd5rlc8/maaracard.com/vendor/codeigniter4/framework/system/CodeIgniter.php(832): App\Controllers\Landing->changeCartQty()
#2 /home/zjtoavd5rlc8/maaracard.com/vendor/codeigniter4/framework/system/CodeIgniter.php(419): CodeIgniter\CodeIgniter->runController(Object(App\Controllers\Landing))
#3 /home/zjtoavd5rlc8/maaracard.com/vendor/codeigniter4/framework/system/CodeIgniter.php(326): CodeIgniter\CodeIgniter->handleRequest(NULL, Object(Config\Cache), false)
#4 /home/zjtoavd5rlc8/maaracard.com/index.php(43): CodeIgniter\CodeIgniter->run()
#5 {main}
CRITICAL - 2022-10-11 00:19:24 --> Invalid argument supplied for foreach()
#0 /home/zjtoavd5rlc8/maaracard.com/app/Controllers/Landing.php(441): CodeIgniter\Debug\Exceptions->errorHandler(2, 'Invalid argumen...', '/home/zjtoavd5r...', 441, Array)
#1 /home/zjtoavd5rlc8/maaracard.com/vendor/codeigniter4/framework/system/CodeIgniter.php(832): App\Controllers\Landing->changeCartQty()
#2 /home/zjtoavd5rlc8/maaracard.com/vendor/codeigniter4/framework/system/CodeIgniter.php(419): CodeIgniter\CodeIgniter->runController(Object(App\Controllers\Landing))
#3 /home/zjtoavd5rlc8/maaracard.com/vendor/codeigniter4/framework/system/CodeIgniter.php(326): CodeIgniter\CodeIgniter->handleRequest(NULL, Object(Config\Cache), false)
#4 /home/zjtoavd5rlc8/maaracard.com/index.php(43): CodeIgniter\CodeIgniter->run()
#5 {main}
CRITICAL - 2022-10-11 00:19:33 --> Invalid argument supplied for foreach()
#0 /home/zjtoavd5rlc8/maaracard.com/app/Controllers/Landing.php(441): CodeIgniter\Debug\Exceptions->errorHandler(2, 'Invalid argumen...', '/home/zjtoavd5r...', 441, Array)
#1 /home/zjtoavd5rlc8/maaracard.com/vendor/codeigniter4/framework/system/CodeIgniter.php(832): App\Controllers\Landing->changeCartQty()
#2 /home/zjtoavd5rlc8/maaracard.com/vendor/codeigniter4/framework/system/CodeIgniter.php(419): CodeIgniter\CodeIgniter->runController(Object(App\Controllers\Landing))
#3 /home/zjtoavd5rlc8/maaracard.com/vendor/codeigniter4/framework/system/CodeIgniter.php(326): CodeIgniter\CodeIgniter->handleRequest(NULL, Object(Config\Cache), false)
#4 /home/zjtoavd5rlc8/maaracard.com/index.php(43): CodeIgniter\CodeIgniter->run()
#5 {main}
CRITICAL - 2022-10-11 00:19:33 --> Invalid argument supplied for foreach()
#0 /home/zjtoavd5rlc8/maaracard.com/app/Controllers/Landing.php(441): CodeIgniter\Debug\Exceptions->errorHandler(2, 'Invalid argumen...', '/home/zjtoavd5r...', 441, Array)
#1 /home/zjtoavd5rlc8/maaracard.com/vendor/codeigniter4/framework/system/CodeIgniter.php(832): App\Controllers\Landing->changeCartQty()
#2 /home/zjtoavd5rlc8/maaracard.com/vendor/codeigniter4/framework/system/CodeIgniter.php(419): CodeIgniter\CodeIgniter->runController(Object(App\Controllers\Landing))
#3 /home/zjtoavd5rlc8/maaracard.com/vendor/codeigniter4/framework/system/CodeIgniter.php(326): CodeIgniter\CodeIgniter->handleRequest(NULL, Object(Config\Cache), false)
#4 /home/zjtoavd5rlc8/maaracard.com/index.php(43): CodeIgniter\CodeIgniter->run()
#5 {main}
CRITICAL - 2022-10-11 00:19:33 --> Invalid argument supplied for foreach()
#0 /home/zjtoavd5rlc8/maaracard.com/app/Controllers/Landing.php(441): CodeIgniter\Debug\Exceptions->errorHandler(2, 'Invalid argumen...', '/home/zjtoavd5r...', 441, Array)
#1 /home/zjtoavd5rlc8/maaracard.com/vendor/codeigniter4/framework/system/CodeIgniter.php(832): App\Controllers\Landing->changeCartQty()
#2 /home/zjtoavd5rlc8/maaracard.com/vendor/codeigniter4/framework/system/CodeIgniter.php(419): CodeIgniter\CodeIgniter->runController(Object(App\Controllers\Landing))
#3 /home/zjtoavd5rlc8/maaracard.com/vendor/codeigniter4/framework/system/CodeIgniter.php(326): CodeIgniter\CodeIgniter->handleRequest(NULL, Object(Config\Cache), false)
#4 /home/zjtoavd5rlc8/maaracard.com/index.php(43): CodeIgniter\CodeIgniter->run()
#5 {main}
CRITICAL - 2022-10-11 00:19:33 --> Invalid argument supplied for foreach()
#0 /home/zjtoavd5rlc8/maaracard.com/app/Controllers/Landing.php(441): CodeIgniter\Debug\Exceptions->errorHandler(2, 'Invalid argumen...', '/home/zjtoavd5r...', 441, Array)
#1 /home/zjtoavd5rlc8/maaracard.com/vendor/codeigniter4/framework/system/CodeIgniter.php(832): App\Controllers\Landing->changeCartQty()
#2 /home/zjtoavd5rlc8/maaracard.com/vendor/codeigniter4/framework/system/CodeIgniter.php(419): CodeIgniter\CodeIgniter->runController(Object(App\Controllers\Landing))
#3 /home/zjtoavd5rlc8/maaracard.com/vendor/codeigniter4/framework/system/CodeIgniter.php(326): CodeIgniter\CodeIgniter->handleRequest(NULL, Object(Config\Cache), false)
#4 /home/zjtoavd5rlc8/maaracard.com/index.php(43): CodeIgniter\CodeIgniter->run()
#5 {main}
CRITICAL - 2022-10-11 00:19:51 --> Invalid argument supplied for foreach()
#0 /home/zjtoavd5rlc8/maaracard.com/app/Controllers/Landing.php(441): CodeIgniter\Debug\Exceptions->errorHandler(2, 'Invalid argumen...', '/home/zjtoavd5r...', 441, Array)
#1 /home/zjtoavd5rlc8/maaracard.com/vendor/codeigniter4/framework/system/CodeIgniter.php(832): App\Controllers\Landing->changeCartQty()
#2 /home/zjtoavd5rlc8/maaracard.com/vendor/codeigniter4/framework/system/CodeIgniter.php(419): CodeIgniter\CodeIgniter->runController(Object(App\Controllers\Landing))
#3 /home/zjtoavd5rlc8/maaracard.com/vendor/codeigniter4/framework/system/CodeIgniter.php(326): CodeIgniter\CodeIgniter->handleRequest(NULL, Object(Config\Cache), false)
#4 /home/zjtoavd5rlc8/maaracard.com/index.php(43): CodeIgniter\CodeIgniter->run()
#5 {main}
CRITICAL - 2022-10-11 00:19:52 --> Invalid argument supplied for foreach()
#0 /home/zjtoavd5rlc8/maaracard.com/app/Controllers/Landing.php(441): CodeIgniter\Debug\Exceptions->errorHandler(2, 'Invalid argumen...', '/home/zjtoavd5r...', 441, Array)
#1 /home/zjtoavd5rlc8/maaracard.com/vendor/codeigniter4/framework/system/CodeIgniter.php(832): App\Controllers\Landing->changeCartQty()
#2 /home/zjtoavd5rlc8/maaracard.com/vendor/codeigniter4/framework/system/CodeIgniter.php(419): CodeIgniter\CodeIgniter->runController(Object(App\Controllers\Landing))
#3 /home/zjtoavd5rlc8/maaracard.com/vendor/codeigniter4/framework/system/CodeIgniter.php(326): CodeIgniter\CodeIgniter->handleRequest(NULL, Object(Config\Cache), false)
#4 /home/zjtoavd5rlc8/maaracard.com/index.php(43): CodeIgniter\CodeIgniter->run()
#5 {main}
CRITICAL - 2022-10-11 00:19:56 --> Invalid argument supplied for foreach()
#0 /home/zjtoavd5rlc8/maaracard.com/app/Controllers/Landing.php(441): CodeIgniter\Debug\Exceptions->errorHandler(2, 'Invalid argumen...', '/home/zjtoavd5r...', 441, Array)
#1 /home/zjtoavd5rlc8/maaracard.com/vendor/codeigniter4/framework/system/CodeIgniter.php(832): App\Controllers\Landing->changeCartQty()
#2 /home/zjtoavd5rlc8/maaracard.com/vendor/codeigniter4/framework/system/CodeIgniter.php(419): CodeIgniter\CodeIgniter->runController(Object(App\Controllers\Landing))
#3 /home/zjtoavd5rlc8/maaracard.com/vendor/codeigniter4/framework/system/CodeIgniter.php(326): CodeIgniter\CodeIgniter->handleRequest(NULL, Object(Config\Cache), false)
#4 /home/zjtoavd5rlc8/maaracard.com/index.php(43): CodeIgniter\CodeIgniter->run()
#5 {main}
CRITICAL - 2022-10-11 00:19:57 --> Invalid argument supplied for foreach()
#0 /home/zjtoavd5rlc8/maaracard.com/app/Controllers/Landing.php(441): CodeIgniter\Debug\Exceptions->errorHandler(2, 'Invalid argumen...', '/home/zjtoavd5r...', 441, Array)
#1 /home/zjtoavd5rlc8/maaracard.com/vendor/codeigniter4/framework/system/CodeIgniter.php(832): App\Controllers\Landing->changeCartQty()
#2 /home/zjtoavd5rlc8/maaracard.com/vendor/codeigniter4/framework/system/CodeIgniter.php(419): CodeIgniter\CodeIgniter->runController(Object(App\Controllers\Landing))
#3 /home/zjtoavd5rlc8/maaracard.com/vendor/codeigniter4/framework/system/CodeIgniter.php(326): CodeIgniter\CodeIgniter->handleRequest(NULL, Object(Config\Cache), false)
#4 /home/zjtoavd5rlc8/maaracard.com/index.php(43): CodeIgniter\CodeIgniter->run()
#5 {main}
CRITICAL - 2022-10-11 00:19:57 --> Invalid argument supplied for foreach()
#0 /home/zjtoavd5rlc8/maaracard.com/app/Controllers/Landing.php(441): CodeIgniter\Debug\Exceptions->errorHandler(2, 'Invalid argumen...', '/home/zjtoavd5r...', 441, Array)
#1 /home/zjtoavd5rlc8/maaracard.com/vendor/codeigniter4/framework/system/CodeIgniter.php(832): App\Controllers\Landing->changeCartQty()
#2 /home/zjtoavd5rlc8/maaracard.com/vendor/codeigniter4/framework/system/CodeIgniter.php(419): CodeIgniter\CodeIgniter->runController(Object(App\Controllers\Landing))
#3 /home/zjtoavd5rlc8/maaracard.com/vendor/codeigniter4/framework/system/CodeIgniter.php(326): CodeIgniter\CodeIgniter->handleRequest(NULL, Object(Config\Cache), false)
#4 /home/zjtoavd5rlc8/maaracard.com/index.php(43): CodeIgniter\CodeIgniter->run()
#5 {main}
CRITICAL - 2022-10-11 00:31:28 --> Invalid argument supplied for foreach()
#0 /home/zjtoavd5rlc8/maaracard.com/app/Controllers/Landing.php(441): CodeIgniter\Debug\Exceptions->errorHandler(2, 'Invalid argumen...', '/home/zjtoavd5r...', 441, Array)
#1 /home/zjtoavd5rlc8/maaracard.com/vendor/codeigniter4/framework/system/CodeIgniter.php(832): App\Controllers\Landing->changeCartQty()
#2 /home/zjtoavd5rlc8/maaracard.com/vendor/codeigniter4/framework/system/CodeIgniter.php(419): CodeIgniter\CodeIgniter->runController(Object(App\Controllers\Landing))
#3 /home/zjtoavd5rlc8/maaracard.com/vendor/codeigniter4/framework/system/CodeIgniter.php(326): CodeIgniter\CodeIgniter->handleRequest(NULL, Object(Config\Cache), false)
#4 /home/zjtoavd5rlc8/maaracard.com/index.php(43): CodeIgniter\CodeIgniter->run()
#5 {main}
CRITICAL - 2022-10-11 00:31:34 --> Invalid argument supplied for foreach()
#0 /home/zjtoavd5rlc8/maaracard.com/app/Controllers/Landing.php(441): CodeIgniter\Debug\Exceptions->errorHandler(2, 'Invalid argumen...', '/home/zjtoavd5r...', 441, Array)
#1 /home/zjtoavd5rlc8/maaracard.com/vendor/codeigniter4/framework/system/CodeIgniter.php(832): App\Controllers\Landing->changeCartQty()
#2 /home/zjtoavd5rlc8/maaracard.com/vendor/codeigniter4/framework/system/CodeIgniter.php(419): CodeIgniter\CodeIgniter->runController(Object(App\Controllers\Landing))
#3 /home/zjtoavd5rlc8/maaracard.com/vendor/codeigniter4/framework/system/CodeIgniter.php(326): CodeIgniter\CodeIgniter->handleRequest(NULL, Object(Config\Cache), false)
#4 /home/zjtoavd5rlc8/maaracard.com/index.php(43): CodeIgniter\CodeIgniter->run()
#5 {main}
CRITICAL - 2022-10-11 00:31:46 --> Invalid argument supplied for foreach()
#0 /home/zjtoavd5rlc8/maaracard.com/app/Controllers/Landing.php(441): CodeIgniter\Debug\Exceptions->errorHandler(2, 'Invalid argumen...', '/home/zjtoavd5r...', 441, Array)
#1 /home/zjtoavd5rlc8/maaracard.com/vendor/codeigniter4/framework/system/CodeIgniter.php(832): App\Controllers\Landing->changeCartQty()
#2 /home/zjtoavd5rlc8/maaracard.com/vendor/codeigniter4/framework/system/CodeIgniter.php(419): CodeIgniter\CodeIgniter->runController(Object(App\Controllers\Landing))
#3 /home/zjtoavd5rlc8/maaracard.com/vendor/codeigniter4/framework/system/CodeIgniter.php(326): CodeIgniter\CodeIgniter->handleRequest(NULL, Object(Config\Cache), false)
#4 /home/zjtoavd5rlc8/maaracard.com/index.php(43): CodeIgniter\CodeIgniter->run()
#5 {main}
CRITICAL - 2022-10-11 08:49:04 --> A non-numeric value encountered
#0 /home/zjtoavd5rlc8/maaracard.com/app/Controllers/Landing.php(457): CodeIgniter\Debug\Exceptions->errorHandler(2, 'A non-numeric v...', '/home/zjtoavd5r...', 457, Array)
#1 /home/zjtoavd5rlc8/maaracard.com/vendor/codeigniter4/framework/system/CodeIgniter.php(832): App\Controllers\Landing->changeCartQty()
#2 /home/zjtoavd5rlc8/maaracard.com/vendor/codeigniter4/framework/system/CodeIgniter.php(419): CodeIgniter\CodeIgniter->runController(Object(App\Controllers\Landing))
#3 /home/zjtoavd5rlc8/maaracard.com/vendor/codeigniter4/framework/system/CodeIgniter.php(326): CodeIgniter\CodeIgniter->handleRequest(NULL, Object(Config\Cache), false)
#4 /home/zjtoavd5rlc8/maaracard.com/index.php(43): CodeIgniter\CodeIgniter->run()
#5 {main}
CRITICAL - 2022-10-11 08:49:04 --> A non-numeric value encountered
#0 /home/zjtoavd5rlc8/maaracard.com/app/Controllers/Landing.php(457): CodeIgniter\Debug\Exceptions->errorHandler(2, 'A non-numeric v...', '/home/zjtoavd5r...', 457, Array)
#1 /home/zjtoavd5rlc8/maaracard.com/vendor/codeigniter4/framework/system/CodeIgniter.php(832): App\Controllers\Landing->changeCartQty()
#2 /home/zjtoavd5rlc8/maaracard.com/vendor/codeigniter4/framework/system/CodeIgniter.php(419): CodeIgniter\CodeIgniter->runController(Object(App\Controllers\Landing))
#3 /home/zjtoavd5rlc8/maaracard.com/vendor/codeigniter4/framework/system/CodeIgniter.php(326): CodeIgniter\CodeIgniter->handleRequest(NULL, Object(Config\Cache), false)
#4 /home/zjtoavd5rlc8/maaracard.com/index.php(43): CodeIgniter\CodeIgniter->run()
#5 {main}
CRITICAL - 2022-10-11 08:49:04 --> A non-numeric value encountered
#0 /home/zjtoavd5rlc8/maaracard.com/app/Controllers/Landing.php(457): CodeIgniter\Debug\Exceptions->errorHandler(2, 'A non-numeric v...', '/home/zjtoavd5r...', 457, Array)
#1 /home/zjtoavd5rlc8/maaracard.com/vendor/codeigniter4/framework/system/CodeIgniter.php(832): App\Controllers\Landing->changeCartQty()
#2 /home/zjtoavd5rlc8/maaracard.com/vendor/codeigniter4/framework/system/CodeIgniter.php(419): CodeIgniter\CodeIgniter->runController(Object(App\Controllers\Landing))
#3 /home/zjtoavd5rlc8/maaracard.com/vendor/codeigniter4/framework/system/CodeIgniter.php(326): CodeIgniter\CodeIgniter->handleRequest(NULL, Object(Config\Cache), false)
#4 /home/zjtoavd5rlc8/maaracard.com/index.php(43): CodeIgniter\CodeIgniter->run()
#5 {main}
CRITICAL - 2022-10-11 08:49:04 --> A non-numeric value encountered
#0 /home/zjtoavd5rlc8/maaracard.com/app/Controllers/Landing.php(457): CodeIgniter\Debug\Exceptions->errorHandler(2, 'A non-numeric v...', '/home/zjtoavd5r...', 457, Array)
#1 /home/zjtoavd5rlc8/maaracard.com/vendor/codeigniter4/framework/system/CodeIgniter.php(832): App\Controllers\Landing->changeCartQty()
#2 /home/zjtoavd5rlc8/maaracard.com/vendor/codeigniter4/framework/system/CodeIgniter.php(419): CodeIgniter\CodeIgniter->runController(Object(App\Controllers\Landing))
#3 /home/zjtoavd5rlc8/maaracard.com/vendor/codeigniter4/framework/system/CodeIgniter.php(326): CodeIgniter\CodeIgniter->handleRequest(NULL, Object(Config\Cache), false)
#4 /home/zjtoavd5rlc8/maaracard.com/index.php(43): CodeIgniter\CodeIgniter->run()
#5 {main}
CRITICAL - 2022-10-11 08:49:04 --> A non-numeric value encountered
#0 /home/zjtoavd5rlc8/maaracard.com/app/Controllers/Landing.php(457): CodeIgniter\Debug\Exceptions->errorHandler(2, 'A non-numeric v...', '/home/zjtoavd5r...', 457, Array)
#1 /home/zjtoavd5rlc8/maaracard.com/vendor/codeigniter4/framework/system/CodeIgniter.php(832): App\Controllers\Landing->changeCartQty()
#2 /home/zjtoavd5rlc8/maaracard.com/vendor/codeigniter4/framework/system/CodeIgniter.php(419): CodeIgniter\CodeIgniter->runController(Object(App\Controllers\Landing))
#3 /home/zjtoavd5rlc8/maaracard.com/vendor/codeigniter4/framework/system/CodeIgniter.php(326): CodeIgniter\CodeIgniter->handleRequest(NULL, Object(Config\Cache), false)
#4 /home/zjtoavd5rlc8/maaracard.com/index.php(43): CodeIgniter\CodeIgniter->run()
#5 {main}
CRITICAL - 2022-10-11 08:49:04 --> A non-numeric value encountered
#0 /home/zjtoavd5rlc8/maaracard.com/app/Controllers/Landing.php(457): CodeIgniter\Debug\Exceptions->errorHandler(2, 'A non-numeric v...', '/home/zjtoavd5r...', 457, Array)
#1 /home/zjtoavd5rlc8/maaracard.com/vendor/codeigniter4/framework/system/CodeIgniter.php(832): App\Controllers\Landing->changeCartQty()
#2 /home/zjtoavd5rlc8/maaracard.com/vendor/codeigniter4/framework/system/CodeIgniter.php(419): CodeIgniter\CodeIgniter->runController(Object(App\Controllers\Landing))
#3 /home/zjtoavd5rlc8/maaracard.com/vendor/codeigniter4/framework/system/CodeIgniter.php(326): CodeIgniter\CodeIgniter->handleRequest(NULL, Object(Config\Cache), false)
#4 /home/zjtoavd5rlc8/maaracard.com/index.php(43): CodeIgniter\CodeIgniter->run()
#5 {main}
CRITICAL - 2022-10-11 08:49:05 --> A non-numeric value encountered
#0 /home/zjtoavd5rlc8/maaracard.com/app/Controllers/Landing.php(457): CodeIgniter\Debug\Exceptions->errorHandler(2, 'A non-numeric v...', '/home/zjtoavd5r...', 457, Array)
#1 /home/zjtoavd5rlc8/maaracard.com/vendor/codeigniter4/framework/system/CodeIgniter.php(832): App\Controllers\Landing->changeCartQty()
#2 /home/zjtoavd5rlc8/maaracard.com/vendor/codeigniter4/framework/system/CodeIgniter.php(419): CodeIgniter\CodeIgniter->runController(Object(App\Controllers\Landing))
#3 /home/zjtoavd5rlc8/maaracard.com/vendor/codeigniter4/framework/system/CodeIgniter.php(326): CodeIgniter\CodeIgniter->handleRequest(NULL, Object(Config\Cache), false)
#4 /home/zjtoavd5rlc8/maaracard.com/index.php(43): CodeIgniter\CodeIgniter->run()
#5 {main}
CRITICAL - 2022-10-11 08:49:05 --> A non-numeric value encountered
#0 /home/zjtoavd5rlc8/maaracard.com/app/Controllers/Landing.php(457): CodeIgniter\Debug\Exceptions->errorHandler(2, 'A non-numeric v...', '/home/zjtoavd5r...', 457, Array)
#1 /home/zjtoavd5rlc8/maaracard.com/vendor/codeigniter4/framework/system/CodeIgniter.php(832): App\Controllers\Landing->changeCartQty()
#2 /home/zjtoavd5rlc8/maaracard.com/vendor/codeigniter4/framework/system/CodeIgniter.php(419): CodeIgniter\CodeIgniter->runController(Object(App\Controllers\Landing))
#3 /home/zjtoavd5rlc8/maaracard.com/vendor/codeigniter4/framework/system/CodeIgniter.php(326): CodeIgniter\CodeIgniter->handleRequest(NULL, Object(Config\Cache), false)
#4 /home/zjtoavd5rlc8/maaracard.com/index.php(43): CodeIgniter\CodeIgniter->run()
#5 {main}
CRITICAL - 2022-10-11 08:49:06 --> A non-numeric value encountered
#0 /home/zjtoavd5rlc8/maaracard.com/app/Controllers/Landing.php(457): CodeIgniter\Debug\Exceptions->errorHandler(2, 'A non-numeric v...', '/home/zjtoavd5r...', 457, Array)
#1 /home/zjtoavd5rlc8/maaracard.com/vendor/codeigniter4/framework/system/CodeIgniter.php(832): App\Controllers\Landing->changeCartQty()
#2 /home/zjtoavd5rlc8/maaracard.com/vendor/codeigniter4/framework/system/CodeIgniter.php(419): CodeIgniter\CodeIgniter->runController(Object(App\Controllers\Landing))
#3 /home/zjtoavd5rlc8/maaracard.com/vendor/codeigniter4/framework/system/CodeIgniter.php(326): CodeIgniter\CodeIgniter->handleRequest(NULL, Object(Config\Cache), false)
#4 /home/zjtoavd5rlc8/maaracard.com/index.php(43): CodeIgniter\CodeIgniter->run()
#5 {main}
CRITICAL - 2022-10-11 08:49:06 --> A non-numeric value encountered
#0 /home/zjtoavd5rlc8/maaracard.com/app/Controllers/Landing.php(457): CodeIgniter\Debug\Exceptions->errorHandler(2, 'A non-numeric v...', '/home/zjtoavd5r...', 457, Array)
#1 /home/zjtoavd5rlc8/maaracard.com/vendor/codeigniter4/framework/system/CodeIgniter.php(832): App\Controllers\Landing->changeCartQty()
#2 /home/zjtoavd5rlc8/maaracard.com/vendor/codeigniter4/framework/system/CodeIgniter.php(419): CodeIgniter\CodeIgniter->runController(Object(App\Controllers\Landing))
#3 /home/zjtoavd5rlc8/maaracard.com/vendor/codeigniter4/framework/system/CodeIgniter.php(326): CodeIgniter\CodeIgniter->handleRequest(NULL, Object(Config\Cache), false)
#4 /home/zjtoavd5rlc8/maaracard.com/index.php(43): CodeIgniter\CodeIgniter->run()
#5 {main}
CRITICAL - 2022-10-11 08:49:07 --> A non-numeric value encountered
#0 /home/zjtoavd5rlc8/maaracard.com/app/Controllers/Landing.php(457): CodeIgniter\Debug\Exceptions->errorHandler(2, 'A non-numeric v...', '/home/zjtoavd5r...', 457, Array)
#1 /home/zjtoavd5rlc8/maaracard.com/vendor/codeigniter4/framework/system/CodeIgniter.php(832): App\Controllers\Landing->changeCartQty()
#2 /home/zjtoavd5rlc8/maaracard.com/vendor/codeigniter4/framework/system/CodeIgniter.php(419): CodeIgniter\CodeIgniter->runController(Object(App\Controllers\Landing))
#3 /home/zjtoavd5rlc8/maaracard.com/vendor/codeigniter4/framework/system/CodeIgniter.php(326): CodeIgniter\CodeIgniter->handleRequest(NULL, Object(Config\Cache), false)
#4 /home/zjtoavd5rlc8/maaracard.com/index.php(43): CodeIgniter\CodeIgniter->run()
#5 {main}
CRITICAL - 2022-10-11 08:49:07 --> A non-numeric value encountered
#0 /home/zjtoavd5rlc8/maaracard.com/app/Controllers/Landing.php(457): CodeIgniter\Debug\Exceptions->errorHandler(2, 'A non-numeric v...', '/home/zjtoavd5r...', 457, Array)
#1 /home/zjtoavd5rlc8/maaracard.com/vendor/codeigniter4/framework/system/CodeIgniter.php(832): App\Controllers\Landing->changeCartQty()
#2 /home/zjtoavd5rlc8/maaracard.com/vendor/codeigniter4/framework/system/CodeIgniter.php(419): CodeIgniter\CodeIgniter->runController(Object(App\Controllers\Landing))
#3 /home/zjtoavd5rlc8/maaracard.com/vendor/codeigniter4/framework/system/CodeIgniter.php(326): CodeIgniter\CodeIgniter->handleRequest(NULL, Object(Config\Cache), false)
#4 /home/zjtoavd5rlc8/maaracard.com/index.php(43): CodeIgniter\CodeIgniter->run()
#5 {main}
CRITICAL - 2022-10-11 08:49:07 --> A non-numeric value encountered
#0 /home/zjtoavd5rlc8/maaracard.com/app/Controllers/Landing.php(457): CodeIgniter\Debug\Exceptions->errorHandler(2, 'A non-numeric v...', '/home/zjtoavd5r...', 457, Array)
#1 /home/zjtoavd5rlc8/maaracard.com/vendor/codeigniter4/framework/system/CodeIgniter.php(832): App\Controllers\Landing->changeCartQty()
#2 /home/zjtoavd5rlc8/maaracard.com/vendor/codeigniter4/framework/system/CodeIgniter.php(419): CodeIgniter\CodeIgniter->runController(Object(App\Controllers\Landing))
#3 /home/zjtoavd5rlc8/maaracard.com/vendor/codeigniter4/framework/system/CodeIgniter.php(326): CodeIgniter\CodeIgniter->handleRequest(NULL, Object(Config\Cache), false)
#4 /home/zjtoavd5rlc8/maaracard.com/index.php(43): CodeIgniter\CodeIgniter->run()
#5 {main}
CRITICAL - 2022-10-11 08:49:12 --> A non-numeric value encountered
#0 /home/zjtoavd5rlc8/maaracard.com/app/Controllers/Landing.php(457): CodeIgniter\Debug\Exceptions->errorHandler(2, 'A non-numeric v...', '/home/zjtoavd5r...', 457, Array)
#1 /home/zjtoavd5rlc8/maaracard.com/vendor/codeigniter4/framework/system/CodeIgniter.php(832): App\Controllers\Landing->changeCartQty()
#2 /home/zjtoavd5rlc8/maaracard.com/vendor/codeigniter4/framework/system/CodeIgniter.php(419): CodeIgniter\CodeIgniter->runController(Object(App\Controllers\Landing))
#3 /home/zjtoavd5rlc8/maaracard.com/vendor/codeigniter4/framework/system/CodeIgniter.php(326): CodeIgniter\CodeIgniter->handleRequest(NULL, Object(Config\Cache), false)
#4 /home/zjtoavd5rlc8/maaracard.com/index.php(43): CodeIgniter\CodeIgniter->run()
#5 {main}
CRITICAL - 2022-10-11 08:49:12 --> A non-numeric value encountered
#0 /home/zjtoavd5rlc8/maaracard.com/app/Controllers/Landing.php(457): CodeIgniter\Debug\Exceptions->errorHandler(2, 'A non-numeric v...', '/home/zjtoavd5r...', 457, Array)
#1 /home/zjtoavd5rlc8/maaracard.com/vendor/codeigniter4/framework/system/CodeIgniter.php(832): App\Controllers\Landing->changeCartQty()
#2 /home/zjtoavd5rlc8/maaracard.com/vendor/codeigniter4/framework/system/CodeIgniter.php(419): CodeIgniter\CodeIgniter->runController(Object(App\Controllers\Landing))
#3 /home/zjtoavd5rlc8/maaracard.com/vendor/codeigniter4/framework/system/CodeIgniter.php(326): CodeIgniter\CodeIgniter->handleRequest(NULL, Object(Config\Cache), false)
#4 /home/zjtoavd5rlc8/maaracard.com/index.php(43): CodeIgniter\CodeIgniter->run()
#5 {main}
CRITICAL - 2022-10-11 08:49:32 --> A non-numeric value encountered
#0 /home/zjtoavd5rlc8/maaracard.com/app/Views/cart.php(34): CodeIgniter\Debug\Exceptions->errorHandler(2, 'A non-numeric v...', '/home/zjtoavd5r...', 34, Array)
#1 /home/zjtoavd5rlc8/maaracard.com/vendor/codeigniter4/framework/system/View/View.php(210): include('/home/zjtoavd5r...')
#2 /home/zjtoavd5rlc8/maaracard.com/vendor/codeigniter4/framework/system/View/View.php(213): CodeIgniter\View\View->CodeIgniter\View\{closure}()
#3 /home/zjtoavd5rlc8/maaracard.com/vendor/codeigniter4/framework/system/Common.php(1089): CodeIgniter\View\View->render('cart', Array, true)
#4 /home/zjtoavd5rlc8/maaracard.com/app/Controllers/BaseController.php(630): view('cart', Array)
#5 /home/zjtoavd5rlc8/maaracard.com/app/Controllers/Landing.php(501): App\Controllers\BaseController->loadLandingViews('cart', Array)
#6 /home/zjtoavd5rlc8/maaracard.com/vendor/codeigniter4/framework/system/CodeIgniter.php(832): App\Controllers\Landing->cartList()
#7 /home/zjtoavd5rlc8/maaracard.com/vendor/codeigniter4/framework/system/CodeIgniter.php(419): CodeIgniter\CodeIgniter->runController(Object(App\Controllers\Landing))
#8 /home/zjtoavd5rlc8/maaracard.com/vendor/codeigniter4/framework/system/CodeIgniter.php(326): CodeIgniter\CodeIgniter->handleRequest(NULL, Object(Config\Cache), false)
#9 /home/zjtoavd5rlc8/maaracard.com/index.php(43): CodeIgniter\CodeIgniter->run()
#10 {main}
CRITICAL - 2022-10-11 08:49:44 --> A non-numeric value encountered
#0 /home/zjtoavd5rlc8/maaracard.com/app/Views/includes/header.php(154): CodeIgniter\Debug\Exceptions->errorHandler(2, 'A non-numeric v...', '/home/zjtoavd5r...', 154, Array)
#1 /home/zjtoavd5rlc8/maaracard.com/vendor/codeigniter4/framework/system/View/View.php(210): include('/home/zjtoavd5r...')
#2 /home/zjtoavd5rlc8/maaracard.com/vendor/codeigniter4/framework/system/View/View.php(213): CodeIgniter\View\View->CodeIgniter\View\{closure}()
#3 /home/zjtoavd5rlc8/maaracard.com/vendor/codeigniter4/framework/system/Common.php(1089): CodeIgniter\View\View->render('includes/header', Array, true)
#4 /home/zjtoavd5rlc8/maaracard.com/app/Controllers/BaseController.php(629): view('includes/header', Array)
#5 /home/zjtoavd5rlc8/maaracard.com/app/Controllers/Landing.php(298): App\Controllers\BaseController->loadLandingViews('productDetail', Array)
#6 /home/zjtoavd5rlc8/maaracard.com/vendor/codeigniter4/framework/system/CodeIgniter.php(832): App\Controllers\Landing->productDetail('MTJBZUdsb2d5REZ...')
#7 /home/zjtoavd5rlc8/maaracard.com/vendor/codeigniter4/framework/system/CodeIgniter.php(419): CodeIgniter\CodeIgniter->runController(Object(App\Controllers\Landing))
#8 /home/zjtoavd5rlc8/maaracard.com/vendor/codeigniter4/framework/system/CodeIgniter.php(326): CodeIgniter\CodeIgniter->handleRequest(NULL, Object(Config\Cache), false)
#9 /home/zjtoavd5rlc8/maaracard.com/index.php(43): CodeIgniter\CodeIgniter->run()
#10 {main}
CRITICAL - 2022-10-11 08:50:03 --> A non-numeric value encountered
#0 /home/zjtoavd5rlc8/maaracard.com/app/Views/includes/header.php(154): CodeIgniter\Debug\Exceptions->errorHandler(2, 'A non-numeric v...', '/home/zjtoavd5r...', 154, Array)
#1 /home/zjtoavd5rlc8/maaracard.com/vendor/codeigniter4/framework/system/View/View.php(210): include('/home/zjtoavd5r...')
#2 /home/zjtoavd5rlc8/maaracard.com/vendor/codeigniter4/framework/system/View/View.php(213): CodeIgniter\View\View->CodeIgniter\View\{closure}()
#3 /home/zjtoavd5rlc8/maaracard.com/vendor/codeigniter4/framework/system/Common.php(1089): CodeIgniter\View\View->render('includes/header', Array, true)
#4 /home/zjtoavd5rlc8/maaracard.com/app/Controllers/BaseController.php(629): view('includes/header', Array)
#5 /home/zjtoavd5rlc8/maaracard.com/app/Controllers/Landing.php(298): App\Controllers\BaseController->loadLandingViews('productDetail', Array)
#6 /home/zjtoavd5rlc8/maaracard.com/vendor/codeigniter4/framework/system/CodeIgniter.php(832): App\Controllers\Landing->productDetail('MTJBZUdsb2d5REZ...')
#7 /home/zjtoavd5rlc8/maaracard.com/vendor/codeigniter4/framework/system/CodeIgniter.php(419): CodeIgniter\CodeIgniter->runController(Object(App\Controllers\Landing))
#8 /home/zjtoavd5rlc8/maaracard.com/vendor/codeigniter4/framework/system/CodeIgniter.php(326): CodeIgniter\CodeIgniter->handleRequest(NULL, Object(Config\Cache), false)
#9 /home/zjtoavd5rlc8/maaracard.com/index.php(43): CodeIgniter\CodeIgniter->run()
#10 {main}
CRITICAL - 2022-10-11 08:54:06 --> A non-numeric value encountered
#0 /home/zjtoavd5rlc8/maaracard.com/app/Views/includes/header.php(154): CodeIgniter\Debug\Exceptions->errorHandler(2, 'A non-numeric v...', '/home/zjtoavd5r...', 154, Array)
#1 /home/zjtoavd5rlc8/maaracard.com/vendor/codeigniter4/framework/system/View/View.php(210): include('/home/zjtoavd5r...')
#2 /home/zjtoavd5rlc8/maaracard.com/vendor/codeigniter4/framework/system/View/View.php(213): CodeIgniter\View\View->CodeIgniter\View\{closure}()
#3 /home/zjtoavd5rlc8/maaracard.com/vendor/codeigniter4/framework/system/Common.php(1089): CodeIgniter\View\View->render('includes/header', Array, true)
#4 /home/zjtoavd5rlc8/maaracard.com/app/Controllers/BaseController.php(629): view('includes/header', Array)
#5 /home/zjtoavd5rlc8/maaracard.com/app/Controllers/Landing.php(892): App\Controllers\BaseController->loadLandingViews('orders', Array)
#6 /home/zjtoavd5rlc8/maaracard.com/vendor/codeigniter4/framework/system/CodeIgniter.php(832): App\Controllers\Landing->orders()
#7 /home/zjtoavd5rlc8/maaracard.com/vendor/codeigniter4/framework/system/CodeIgniter.php(419): CodeIgniter\CodeIgniter->runController(Object(App\Controllers\Landing))
#8 /home/zjtoavd5rlc8/maaracard.com/vendor/codeigniter4/framework/system/CodeIgniter.php(326): CodeIgniter\CodeIgniter->handleRequest(NULL, Object(Config\Cache), false)
#9 /home/zjtoavd5rlc8/maaracard.com/index.php(43): CodeIgniter\CodeIgniter->run()
#10 {main}
CRITICAL - 2022-10-11 08:54:10 --> A non-numeric value encountered
#0 /home/zjtoavd5rlc8/maaracard.com/app/Views/includes/header.php(154): CodeIgniter\Debug\Exceptions->errorHandler(2, 'A non-numeric v...', '/home/zjtoavd5r...', 154, Array)
#1 /home/zjtoavd5rlc8/maaracard.com/vendor/codeigniter4/framework/system/View/View.php(210): include('/home/zjtoavd5r...')
#2 /home/zjtoavd5rlc8/maaracard.com/vendor/codeigniter4/framework/system/View/View.php(213): CodeIgniter\View\View->CodeIgniter\View\{closure}()
#3 /home/zjtoavd5rlc8/maaracard.com/vendor/codeigniter4/framework/system/Common.php(1089): CodeIgniter\View\View->render('includes/header', Array, true)
#4 /home/zjtoavd5rlc8/maaracard.com/app/Controllers/BaseController.php(629): view('includes/header', Array)
#5 /home/zjtoavd5rlc8/maaracard.com/app/Controllers/Landing.php(892): App\Controllers\BaseController->loadLandingViews('orders', Array)
#6 /home/zjtoavd5rlc8/maaracard.com/vendor/codeigniter4/framework/system/CodeIgniter.php(832): App\Controllers\Landing->orders()
#7 /home/zjtoavd5rlc8/maaracard.com/vendor/codeigniter4/framework/system/CodeIgniter.php(419): CodeIgniter\CodeIgniter->runController(Object(App\Controllers\Landing))
#8 /home/zjtoavd5rlc8/maaracard.com/vendor/codeigniter4/framework/system/CodeIgniter.php(326): CodeIgniter\CodeIgniter->handleRequest(NULL, Object(Config\Cache), false)
#9 /home/zjtoavd5rlc8/maaracard.com/index.php(43): CodeIgniter\CodeIgniter->run()
#10 {main}
CRITICAL - 2022-10-11 08:54:16 --> A non-numeric value encountered
#0 /home/zjtoavd5rlc8/maaracard.com/app/Views/includes/header.php(154): CodeIgniter\Debug\Exceptions->errorHandler(2, 'A non-numeric v...', '/home/zjtoavd5r...', 154, Array)
#1 /home/zjtoavd5rlc8/maaracard.com/vendor/codeigniter4/framework/system/View/View.php(210): include('/home/zjtoavd5r...')
#2 /home/zjtoavd5rlc8/maaracard.com/vendor/codeigniter4/framework/system/View/View.php(213): CodeIgniter\View\View->CodeIgniter\View\{closure}()
#3 /home/zjtoavd5rlc8/maaracard.com/vendor/codeigniter4/framework/system/Common.php(1089): CodeIgniter\View\View->render('includes/header', Array, true)
#4 /home/zjtoavd5rlc8/maaracard.com/app/Controllers/BaseController.php(629): view('includes/header', Array)
#5 /home/zjtoavd5rlc8/maaracard.com/app/Controllers/Landing.php(892): App\Controllers\BaseController->loadLandingViews('orders', Array)
#6 /home/zjtoavd5rlc8/maaracard.com/vendor/codeigniter4/framework/system/CodeIgniter.php(832): App\Controllers\Landing->orders()
#7 /home/zjtoavd5rlc8/maaracard.com/vendor/codeigniter4/framework/system/CodeIgniter.php(419): CodeIgniter\CodeIgniter->runController(Object(App\Controllers\Landing))
#8 /home/zjtoavd5rlc8/maaracard.com/vendor/codeigniter4/framework/system/CodeIgniter.php(326): CodeIgniter\CodeIgniter->handleRequest(NULL, Object(Config\Cache), false)
#9 /home/zjtoavd5rlc8/maaracard.com/index.php(43): CodeIgniter\CodeIgniter->run()
#10 {main}
CRITICAL - 2022-10-11 08:54:55 --> A non-numeric value encountered
#0 /home/zjtoavd5rlc8/maaracard.com/app/Views/includes/header.php(154): CodeIgniter\Debug\Exceptions->errorHandler(2, 'A non-numeric v...', '/home/zjtoavd5r...', 154, Array)
#1 /home/zjtoavd5rlc8/maaracard.com/vendor/codeigniter4/framework/system/View/View.php(210): include('/home/zjtoavd5r...')
#2 /home/zjtoavd5rlc8/maaracard.com/vendor/codeigniter4/framework/system/View/View.php(213): CodeIgniter\View\View->CodeIgniter\View\{closure}()
#3 /home/zjtoavd5rlc8/maaracard.com/vendor/codeigniter4/framework/system/Common.php(1089): CodeIgniter\View\View->render('includes/header', Array, true)
#4 /home/zjtoavd5rlc8/maaracard.com/app/Controllers/BaseController.php(629): view('includes/header', Array)
#5 /home/zjtoavd5rlc8/maaracard.com/app/Controllers/Landing.php(892): App\Controllers\BaseController->loadLandingViews('orders', Array)
#6 /home/zjtoavd5rlc8/maaracard.com/vendor/codeigniter4/framework/system/CodeIgniter.php(832): App\Controllers\Landing->orders()
#7 /home/zjtoavd5rlc8/maaracard.com/vendor/codeigniter4/framework/system/CodeIgniter.php(419): CodeIgniter\CodeIgniter->runController(Object(App\Controllers\Landing))
#8 /home/zjtoavd5rlc8/maaracard.com/vendor/codeigniter4/framework/system/CodeIgniter.php(326): CodeIgniter\CodeIgniter->handleRequest(NULL, Object(Config\Cache), false)
#9 /home/zjtoavd5rlc8/maaracard.com/index.php(43): CodeIgniter\CodeIgniter->run()
#10 {main}
