CRITICAL - 2022-11-01 00:00:44 --> Wrong number of segments
#0 /home/zjtoavd5rlc8/maaracard.com/app/Controllers/BaseController.php(337): Firebase\JWT\JWT::decode(NULL, Object(Firebase\JWT\Key))
#1 /home/zjtoavd5rlc8/maaracard.com/app/Controllers/Landing.php(970): App\Controllers\BaseController->decodeTokenByParam(NULL)
#2 /home/zjtoavd5rlc8/maaracard.com/vendor/codeigniter4/framework/system/CodeIgniter.php(832): App\Controllers\Landing->orderCancel()
#3 /home/zjtoavd5rlc8/maaracard.com/vendor/codeigniter4/framework/system/CodeIgniter.php(419): CodeIgniter\CodeIgniter->runController(Object(App\Controllers\Landing))
#4 /home/zjtoavd5rlc8/maaracard.com/vendor/codeigniter4/framework/system/CodeIgniter.php(326): CodeIgniter\CodeIgniter->handleRequest(NULL, Object(Config\Cache), false)
#5 /home/zjtoavd5rlc8/maaracard.com/index.php(43): CodeIgniter\CodeIgniter->run()
#6 {main}
CRITICAL - 2022-11-01 00:06:06 --> Wrong number of segments
#0 /home/zjtoavd5rlc8/maaracard.com/app/Controllers/BaseController.php(337): Firebase\JWT\JWT::decode(NULL, Object(Firebase\JWT\Key))
#1 /home/zjtoavd5rlc8/maaracard.com/app/Controllers/Landing.php(970): App\Controllers\BaseController->decodeTokenByParam(NULL)
#2 /home/zjtoavd5rlc8/maaracard.com/vendor/codeigniter4/framework/system/CodeIgniter.php(832): App\Controllers\Landing->orderCancel()
#3 /home/zjtoavd5rlc8/maaracard.com/vendor/codeigniter4/framework/system/CodeIgniter.php(419): CodeIgniter\CodeIgniter->runController(Object(App\Controllers\Landing))
#4 /home/zjtoavd5rlc8/maaracard.com/vendor/codeigniter4/framework/system/CodeIgniter.php(326): CodeIgniter\CodeIgniter->handleRequest(NULL, Object(Config\Cache), false)
#5 /home/zjtoavd5rlc8/maaracard.com/index.php(43): CodeIgniter\CodeIgniter->run()
#6 {main}
CRITICAL - 2022-11-01 00:06:15 --> Wrong number of segments
#0 /home/zjtoavd5rlc8/maaracard.com/app/Controllers/BaseController.php(337): Firebase\JWT\JWT::decode(NULL, Object(Firebase\JWT\Key))
#1 /home/zjtoavd5rlc8/maaracard.com/app/Controllers/Landing.php(970): App\Controllers\BaseController->decodeTokenByParam(NULL)
#2 /home/zjtoavd5rlc8/maaracard.com/vendor/codeigniter4/framework/system/CodeIgniter.php(832): App\Controllers\Landing->orderCancel()
#3 /home/zjtoavd5rlc8/maaracard.com/vendor/codeigniter4/framework/system/CodeIgniter.php(419): CodeIgniter\CodeIgniter->runController(Object(App\Controllers\Landing))
#4 /home/zjtoavd5rlc8/maaracard.com/vendor/codeigniter4/framework/system/CodeIgniter.php(326): CodeIgniter\CodeIgniter->handleRequest(NULL, Object(Config\Cache), false)
#5 /home/zjtoavd5rlc8/maaracard.com/index.php(43): CodeIgniter\CodeIgniter->run()
#6 {main}
CRITICAL - 2022-11-01 00:06:16 --> Wrong number of segments
#0 /home/zjtoavd5rlc8/maaracard.com/app/Controllers/BaseController.php(337): Firebase\JWT\JWT::decode(NULL, Object(Firebase\JWT\Key))
#1 /home/zjtoavd5rlc8/maaracard.com/app/Controllers/Landing.php(970): App\Controllers\BaseController->decodeTokenByParam(NULL)
#2 /home/zjtoavd5rlc8/maaracard.com/vendor/codeigniter4/framework/system/CodeIgniter.php(832): App\Controllers\Landing->orderCancel()
#3 /home/zjtoavd5rlc8/maaracard.com/vendor/codeigniter4/framework/system/CodeIgniter.php(419): CodeIgniter\CodeIgniter->runController(Object(App\Controllers\Landing))
#4 /home/zjtoavd5rlc8/maaracard.com/vendor/codeigniter4/framework/system/CodeIgniter.php(326): CodeIgniter\CodeIgniter->handleRequest(NULL, Object(Config\Cache), false)
#5 /home/zjtoavd5rlc8/maaracard.com/index.php(43): CodeIgniter\CodeIgniter->run()
#6 {main}
CRITICAL - 2022-11-01 00:07:15 --> Wrong number of segments
#0 /home/zjtoavd5rlc8/maaracard.com/app/Controllers/BaseController.php(337): Firebase\JWT\JWT::decode(NULL, Object(Firebase\JWT\Key))
#1 /home/zjtoavd5rlc8/maaracard.com/app/Controllers/Landing.php(971): App\Controllers\BaseController->decodeTokenByParam(NULL)
#2 /home/zjtoavd5rlc8/maaracard.com/vendor/codeigniter4/framework/system/CodeIgniter.php(832): App\Controllers\Landing->orderCancel()
#3 /home/zjtoavd5rlc8/maaracard.com/vendor/codeigniter4/framework/system/CodeIgniter.php(419): CodeIgniter\CodeIgniter->runController(Object(App\Controllers\Landing))
#4 /home/zjtoavd5rlc8/maaracard.com/vendor/codeigniter4/framework/system/CodeIgniter.php(326): CodeIgniter\CodeIgniter->handleRequest(NULL, Object(Config\Cache), false)
#5 /home/zjtoavd5rlc8/maaracard.com/index.php(43): CodeIgniter\CodeIgniter->run()
#6 {main}
CRITICAL - 2022-11-01 00:07:20 --> Wrong number of segments
#0 /home/zjtoavd5rlc8/maaracard.com/app/Controllers/BaseController.php(337): Firebase\JWT\JWT::decode(NULL, Object(Firebase\JWT\Key))
#1 /home/zjtoavd5rlc8/maaracard.com/app/Controllers/Landing.php(971): App\Controllers\BaseController->decodeTokenByParam(NULL)
#2 /home/zjtoavd5rlc8/maaracard.com/vendor/codeigniter4/framework/system/CodeIgniter.php(832): App\Controllers\Landing->orderCancel()
#3 /home/zjtoavd5rlc8/maaracard.com/vendor/codeigniter4/framework/system/CodeIgniter.php(419): CodeIgniter\CodeIgniter->runController(Object(App\Controllers\Landing))
#4 /home/zjtoavd5rlc8/maaracard.com/vendor/codeigniter4/framework/system/CodeIgniter.php(326): CodeIgniter\CodeIgniter->handleRequest(NULL, Object(Config\Cache), false)
#5 /home/zjtoavd5rlc8/maaracard.com/index.php(43): CodeIgniter\CodeIgniter->run()
#6 {main}
CRITICAL - 2022-11-01 00:10:51 --> Wrong number of segments
#0 /home/zjtoavd5rlc8/maaracard.com/app/Controllers/BaseController.php(337): Firebase\JWT\JWT::decode(NULL, Object(Firebase\JWT\Key))
#1 /home/zjtoavd5rlc8/maaracard.com/app/Controllers/Landing.php(971): App\Controllers\BaseController->decodeTokenByParam(NULL)
#2 /home/zjtoavd5rlc8/maaracard.com/vendor/codeigniter4/framework/system/CodeIgniter.php(832): App\Controllers\Landing->orderCancel()
#3 /home/zjtoavd5rlc8/maaracard.com/vendor/codeigniter4/framework/system/CodeIgniter.php(419): CodeIgniter\CodeIgniter->runController(Object(App\Controllers\Landing))
#4 /home/zjtoavd5rlc8/maaracard.com/vendor/codeigniter4/framework/system/CodeIgniter.php(326): CodeIgniter\CodeIgniter->handleRequest(NULL, Object(Config\Cache), false)
#5 /home/zjtoavd5rlc8/maaracard.com/index.php(43): CodeIgniter\CodeIgniter->run()
#6 {main}
CRITICAL - 2022-11-01 00:17:46 --> Wrong number of segments
#0 /home/zjtoavd5rlc8/maaracard.com/app/Controllers/BaseController.php(337): Firebase\JWT\JWT::decode(NULL, Object(Firebase\JWT\Key))
#1 /home/zjtoavd5rlc8/maaracard.com/app/Controllers/Landing.php(971): App\Controllers\BaseController->decodeTokenByParam(NULL)
#2 /home/zjtoavd5rlc8/maaracard.com/vendor/codeigniter4/framework/system/CodeIgniter.php(832): App\Controllers\Landing->orderCancel()
#3 /home/zjtoavd5rlc8/maaracard.com/vendor/codeigniter4/framework/system/CodeIgniter.php(419): CodeIgniter\CodeIgniter->runController(Object(App\Controllers\Landing))
#4 /home/zjtoavd5rlc8/maaracard.com/vendor/codeigniter4/framework/system/CodeIgniter.php(326): CodeIgniter\CodeIgniter->handleRequest(NULL, Object(Config\Cache), false)
#5 /home/zjtoavd5rlc8/maaracard.com/index.php(43): CodeIgniter\CodeIgniter->run()
#6 {main}
CRITICAL - 2022-11-01 00:27:12 --> session_set_cookie_params(): Cannot change session cookie parameters when session is active
#0 [internal function]: CodeIgniter\Debug\Exceptions->errorHandler(2, 'session_set_coo...', '/home/zjtoavd5r...', 560, Array)
#1 /home/zjtoavd5rlc8/maaracard.com/app/Controllers/Landing.php(560): session_set_cookie_params(Array)
#2 /home/zjtoavd5rlc8/maaracard.com/app/Controllers/Landing.php(148): App\Controllers\Landing->saveInCartDB('42')
#3 /home/zjtoavd5rlc8/maaracard.com/vendor/codeigniter4/framework/system/CodeIgniter.php(832): App\Controllers\Landing->loginUser()
#4 /home/zjtoavd5rlc8/maaracard.com/vendor/codeigniter4/framework/system/CodeIgniter.php(419): CodeIgniter\CodeIgniter->runController(Object(App\Controllers\Landing))
#5 /home/zjtoavd5rlc8/maaracard.com/vendor/codeigniter4/framework/system/CodeIgniter.php(326): CodeIgniter\CodeIgniter->handleRequest(NULL, Object(Config\Cache), false)
#6 /home/zjtoavd5rlc8/maaracard.com/index.php(43): CodeIgniter\CodeIgniter->run()
#7 {main}
CRITICAL - 2022-11-01 00:28:39 --> session_set_cookie_params(): Cannot change session cookie parameters when session is active
#0 [internal function]: CodeIgniter\Debug\Exceptions->errorHandler(2, 'session_set_coo...', '/home/zjtoavd5r...', 117, Array)
#1 /home/zjtoavd5rlc8/maaracard.com/app/Controllers/Landing.php(117): session_set_cookie_params(Array)
#2 /home/zjtoavd5rlc8/maaracard.com/vendor/codeigniter4/framework/system/CodeIgniter.php(832): App\Controllers\Landing->loginUser()
#3 /home/zjtoavd5rlc8/maaracard.com/vendor/codeigniter4/framework/system/CodeIgniter.php(419): CodeIgniter\CodeIgniter->runController(Object(App\Controllers\Landing))
#4 /home/zjtoavd5rlc8/maaracard.com/vendor/codeigniter4/framework/system/CodeIgniter.php(326): CodeIgniter\CodeIgniter->handleRequest(NULL, Object(Config\Cache), false)
#5 /home/zjtoavd5rlc8/maaracard.com/index.php(43): CodeIgniter\CodeIgniter->run()
#6 {main}
CRITICAL - 2022-11-01 00:29:02 --> session_set_cookie_params(): Cannot change session cookie parameters when session is active
#0 [internal function]: CodeIgniter\Debug\Exceptions->errorHandler(2, 'session_set_coo...', '/home/zjtoavd5r...', 117, Array)
#1 /home/zjtoavd5rlc8/maaracard.com/app/Controllers/Landing.php(117): session_set_cookie_params(Array)
#2 /home/zjtoavd5rlc8/maaracard.com/vendor/codeigniter4/framework/system/CodeIgniter.php(832): App\Controllers\Landing->loginUser()
#3 /home/zjtoavd5rlc8/maaracard.com/vendor/codeigniter4/framework/system/CodeIgniter.php(419): CodeIgniter\CodeIgniter->runController(Object(App\Controllers\Landing))
#4 /home/zjtoavd5rlc8/maaracard.com/vendor/codeigniter4/framework/system/CodeIgniter.php(326): CodeIgniter\CodeIgniter->handleRequest(NULL, Object(Config\Cache), false)
#5 /home/zjtoavd5rlc8/maaracard.com/index.php(43): CodeIgniter\CodeIgniter->run()
#6 {main}
CRITICAL - 2022-11-01 00:31:42 --> session_set_cookie_params(): Cannot change session cookie parameters when session is active
#0 [internal function]: CodeIgniter\Debug\Exceptions->errorHandler(2, 'session_set_coo...', '/home/zjtoavd5r...', 117, Array)
#1 /home/zjtoavd5rlc8/maaracard.com/app/Controllers/Landing.php(117): session_set_cookie_params(Array)
#2 /home/zjtoavd5rlc8/maaracard.com/vendor/codeigniter4/framework/system/CodeIgniter.php(832): App\Controllers\Landing->loginUser()
#3 /home/zjtoavd5rlc8/maaracard.com/vendor/codeigniter4/framework/system/CodeIgniter.php(419): CodeIgniter\CodeIgniter->runController(Object(App\Controllers\Landing))
#4 /home/zjtoavd5rlc8/maaracard.com/vendor/codeigniter4/framework/system/CodeIgniter.php(326): CodeIgniter\CodeIgniter->handleRequest(NULL, Object(Config\Cache), false)
#5 /home/zjtoavd5rlc8/maaracard.com/index.php(43): CodeIgniter\CodeIgniter->run()
#6 {main}
CRITICAL - 2022-11-01 00:31:52 --> session_set_cookie_params(): Cannot change session cookie parameters when session is active
#0 [internal function]: CodeIgniter\Debug\Exceptions->errorHandler(2, 'session_set_coo...', '/home/zjtoavd5r...', 117, Array)
#1 /home/zjtoavd5rlc8/maaracard.com/app/Controllers/Landing.php(117): session_set_cookie_params(Array)
#2 /home/zjtoavd5rlc8/maaracard.com/vendor/codeigniter4/framework/system/CodeIgniter.php(832): App\Controllers\Landing->loginUser()
#3 /home/zjtoavd5rlc8/maaracard.com/vendor/codeigniter4/framework/system/CodeIgniter.php(419): CodeIgniter\CodeIgniter->runController(Object(App\Controllers\Landing))
#4 /home/zjtoavd5rlc8/maaracard.com/vendor/codeigniter4/framework/system/CodeIgniter.php(326): CodeIgniter\CodeIgniter->handleRequest(NULL, Object(Config\Cache), false)
#5 /home/zjtoavd5rlc8/maaracard.com/index.php(43): CodeIgniter\CodeIgniter->run()
#6 {main}
CRITICAL - 2022-11-01 00:32:41 --> Wrong number of segments
#0 /home/zjtoavd5rlc8/maaracard.com/app/Controllers/BaseController.php(339): Firebase\JWT\JWT::decode(NULL, Object(Firebase\JWT\Key))
#1 /home/zjtoavd5rlc8/maaracard.com/app/Controllers/Landing.php(973): App\Controllers\BaseController->decodeTokenByParam(NULL)
#2 /home/zjtoavd5rlc8/maaracard.com/vendor/codeigniter4/framework/system/CodeIgniter.php(832): App\Controllers\Landing->orderCancel()
#3 /home/zjtoavd5rlc8/maaracard.com/vendor/codeigniter4/framework/system/CodeIgniter.php(419): CodeIgniter\CodeIgniter->runController(Object(App\Controllers\Landing))
#4 /home/zjtoavd5rlc8/maaracard.com/vendor/codeigniter4/framework/system/CodeIgniter.php(326): CodeIgniter\CodeIgniter->handleRequest(NULL, Object(Config\Cache), false)
#5 /home/zjtoavd5rlc8/maaracard.com/index.php(43): CodeIgniter\CodeIgniter->run()
#6 {main}
CRITICAL - 2022-11-01 00:47:37 --> Using the "SameSite=None" attribute requires setting the "Secure" attribute.
#0 /home/zjtoavd5rlc8/maaracard.com/vendor/codeigniter4/framework/system/Cookie/Cookie.php(780): CodeIgniter\Cookie\Exceptions\CookieException::forInvalidSameSiteNone()
#1 /home/zjtoavd5rlc8/maaracard.com/vendor/codeigniter4/framework/system/Cookie/Cookie.php(227): CodeIgniter\Cookie\Cookie->validateSameSite('None', false)
#2 /home/zjtoavd5rlc8/maaracard.com/vendor/codeigniter4/framework/system/Session/Session.php(189): CodeIgniter\Cookie\Cookie->__construct('ci_session', '', Array)
#3 /home/zjtoavd5rlc8/maaracard.com/vendor/codeigniter4/framework/system/Config/Services.php(573): CodeIgniter\Session\Session->__construct(Object(CodeIgniter\Session\Handlers\FileHandler), Object(Config\App))
#4 /home/zjtoavd5rlc8/maaracard.com/vendor/codeigniter4/framework/system/Config/BaseService.php(248): CodeIgniter\Config\Services::session(Object(Config\App), false)
#5 /home/zjtoavd5rlc8/maaracard.com/vendor/codeigniter4/framework/system/Config/BaseService.php(189): CodeIgniter\Config\BaseService::__callStatic('session', Array)
#6 /home/zjtoavd5rlc8/maaracard.com/vendor/codeigniter4/framework/system/Config/Services.php(563): CodeIgniter\Config\BaseService::getSharedInstance('session', NULL)
#7 /home/zjtoavd5rlc8/maaracard.com/vendor/codeigniter4/framework/system/Config/BaseService.php(248): CodeIgniter\Config\Services::session()
#8 /home/zjtoavd5rlc8/maaracard.com/app/Controllers/BaseController.php(140): CodeIgniter\Config\BaseService::__callStatic('session', Array)
#9 /home/zjtoavd5rlc8/maaracard.com/vendor/codeigniter4/framework/system/CodeIgniter.php(810): App\Controllers\BaseController->initController(Object(CodeIgniter\HTTP\IncomingRequest), Object(CodeIgniter\HTTP\Response), Object(CodeIgniter\Log\Logger))
#10 /home/zjtoavd5rlc8/maaracard.com/vendor/codeigniter4/framework/system/CodeIgniter.php(410): CodeIgniter\CodeIgniter->createController()
#11 /home/zjtoavd5rlc8/maaracard.com/vendor/codeigniter4/framework/system/CodeIgniter.php(326): CodeIgniter\CodeIgniter->handleRequest(NULL, Object(Config\Cache), false)
#12 /home/zjtoavd5rlc8/maaracard.com/index.php(43): CodeIgniter\CodeIgniter->run()
#13 {main}
CRITICAL - 2022-11-01 00:47:47 --> Using the "SameSite=None" attribute requires setting the "Secure" attribute.
#0 /home/zjtoavd5rlc8/maaracard.com/vendor/codeigniter4/framework/system/Cookie/Cookie.php(780): CodeIgniter\Cookie\Exceptions\CookieException::forInvalidSameSiteNone()
#1 /home/zjtoavd5rlc8/maaracard.com/vendor/codeigniter4/framework/system/Cookie/Cookie.php(227): CodeIgniter\Cookie\Cookie->validateSameSite('None', false)
#2 /home/zjtoavd5rlc8/maaracard.com/vendor/codeigniter4/framework/system/Session/Session.php(189): CodeIgniter\Cookie\Cookie->__construct('ci_session', '', Array)
#3 /home/zjtoavd5rlc8/maaracard.com/vendor/codeigniter4/framework/system/Config/Services.php(573): CodeIgniter\Session\Session->__construct(Object(CodeIgniter\Session\Handlers\FileHandler), Object(Config\App))
#4 /home/zjtoavd5rlc8/maaracard.com/vendor/codeigniter4/framework/system/Config/BaseService.php(248): CodeIgniter\Config\Services::session(Object(Config\App), false)
#5 /home/zjtoavd5rlc8/maaracard.com/vendor/codeigniter4/framework/system/Config/BaseService.php(189): CodeIgniter\Config\BaseService::__callStatic('session', Array)
#6 /home/zjtoavd5rlc8/maaracard.com/vendor/codeigniter4/framework/system/Config/Services.php(563): CodeIgniter\Config\BaseService::getSharedInstance('session', NULL)
#7 /home/zjtoavd5rlc8/maaracard.com/vendor/codeigniter4/framework/system/Config/BaseService.php(248): CodeIgniter\Config\Services::session()
#8 /home/zjtoavd5rlc8/maaracard.com/app/Controllers/BaseController.php(140): CodeIgniter\Config\BaseService::__callStatic('session', Array)
#9 /home/zjtoavd5rlc8/maaracard.com/vendor/codeigniter4/framework/system/CodeIgniter.php(810): App\Controllers\BaseController->initController(Object(CodeIgniter\HTTP\IncomingRequest), Object(CodeIgniter\HTTP\Response), Object(CodeIgniter\Log\Logger))
#10 /home/zjtoavd5rlc8/maaracard.com/vendor/codeigniter4/framework/system/CodeIgniter.php(410): CodeIgniter\CodeIgniter->createController()
#11 /home/zjtoavd5rlc8/maaracard.com/vendor/codeigniter4/framework/system/CodeIgniter.php(326): CodeIgniter\CodeIgniter->handleRequest(NULL, Object(Config\Cache), false)
#12 /home/zjtoavd5rlc8/maaracard.com/index.php(43): CodeIgniter\CodeIgniter->run()
#13 {main}
CRITICAL - 2022-11-01 00:47:48 --> Using the "SameSite=None" attribute requires setting the "Secure" attribute.
#0 /home/zjtoavd5rlc8/maaracard.com/vendor/codeigniter4/framework/system/Cookie/Cookie.php(780): CodeIgniter\Cookie\Exceptions\CookieException::forInvalidSameSiteNone()
#1 /home/zjtoavd5rlc8/maaracard.com/vendor/codeigniter4/framework/system/Cookie/Cookie.php(227): CodeIgniter\Cookie\Cookie->validateSameSite('None', false)
#2 /home/zjtoavd5rlc8/maaracard.com/vendor/codeigniter4/framework/system/Session/Session.php(189): CodeIgniter\Cookie\Cookie->__construct('ci_session', '', Array)
#3 /home/zjtoavd5rlc8/maaracard.com/vendor/codeigniter4/framework/system/Config/Services.php(573): CodeIgniter\Session\Session->__construct(Object(CodeIgniter\Session\Handlers\FileHandler), Object(Config\App))
#4 /home/zjtoavd5rlc8/maaracard.com/vendor/codeigniter4/framework/system/Config/BaseService.php(248): CodeIgniter\Config\Services::session(Object(Config\App), false)
#5 /home/zjtoavd5rlc8/maaracard.com/vendor/codeigniter4/framework/system/Config/BaseService.php(189): CodeIgniter\Config\BaseService::__callStatic('session', Array)
#6 /home/zjtoavd5rlc8/maaracard.com/vendor/codeigniter4/framework/system/Config/Services.php(563): CodeIgniter\Config\BaseService::getSharedInstance('session', NULL)
#7 /home/zjtoavd5rlc8/maaracard.com/vendor/codeigniter4/framework/system/Config/BaseService.php(248): CodeIgniter\Config\Services::session()
#8 /home/zjtoavd5rlc8/maaracard.com/app/Controllers/BaseController.php(140): CodeIgniter\Config\BaseService::__callStatic('session', Array)
#9 /home/zjtoavd5rlc8/maaracard.com/vendor/codeigniter4/framework/system/CodeIgniter.php(810): App\Controllers\BaseController->initController(Object(CodeIgniter\HTTP\IncomingRequest), Object(CodeIgniter\HTTP\Response), Object(CodeIgniter\Log\Logger))
#10 /home/zjtoavd5rlc8/maaracard.com/vendor/codeigniter4/framework/system/CodeIgniter.php(410): CodeIgniter\CodeIgniter->createController()
#11 /home/zjtoavd5rlc8/maaracard.com/vendor/codeigniter4/framework/system/CodeIgniter.php(326): CodeIgniter\CodeIgniter->handleRequest(NULL, Object(Config\Cache), false)
#12 /home/zjtoavd5rlc8/maaracard.com/index.php(43): CodeIgniter\CodeIgniter->run()
#13 {main}
CRITICAL - 2022-11-01 01:42:42 --> Request URI segment is out of range: 2
#0 /home/zjtoavd5rlc8/maaracard.com/vendor/codeigniter4/framework/system/HTTP/URI.php(529): CodeIgniter\HTTP\Exceptions\HTTPException::forURISegmentOutOfRange(2)
#1 /home/zjtoavd5rlc8/maaracard.com/app/Controllers/BaseController.php(655): CodeIgniter\HTTP\URI->getSegment(2)
#2 /home/zjtoavd5rlc8/maaracard.com/app/Controllers/Landing.php(188): App\Controllers\BaseController->loadLandingViews('shop', Array)
#3 /home/zjtoavd5rlc8/maaracard.com/vendor/codeigniter4/framework/system/CodeIgniter.php(832): App\Controllers\Landing->shop()
#4 /home/zjtoavd5rlc8/maaracard.com/vendor/codeigniter4/framework/system/CodeIgniter.php(419): CodeIgniter\CodeIgniter->runController(Object(App\Controllers\Landing))
#5 /home/zjtoavd5rlc8/maaracard.com/vendor/codeigniter4/framework/system/CodeIgniter.php(326): CodeIgniter\CodeIgniter->handleRequest(NULL, Object(Config\Cache), false)
#6 /home/zjtoavd5rlc8/maaracard.com/index.php(43): CodeIgniter\CodeIgniter->run()
#7 {main}
ERROR - 2022-11-01 02:46:16 --> Unknown column 'id' in 'order clause'
CRITICAL - 2022-11-01 02:46:16 --> Call to a member function getResultArray() on bool
#0 /home/zjtoavd5rlc8/maaracard.com/vendor/codeigniter4/framework/system/CodeIgniter.php(832): App\Controllers\Landing->orders()
#1 /home/zjtoavd5rlc8/maaracard.com/vendor/codeigniter4/framework/system/CodeIgniter.php(419): CodeIgniter\CodeIgniter->runController(Object(App\Controllers\Landing))
#2 /home/zjtoavd5rlc8/maaracard.com/vendor/codeigniter4/framework/system/CodeIgniter.php(326): CodeIgniter\CodeIgniter->handleRequest(NULL, Object(Config\Cache), false)
#3 /home/zjtoavd5rlc8/maaracard.com/index.php(43): CodeIgniter\CodeIgniter->run()
#4 {main}
CRITICAL - 2022-11-01 02:49:10 --> Call to undefined method CodeIgniter\Database\MySQLi\Result::orderBy()
#0 /home/zjtoavd5rlc8/maaracard.com/vendor/codeigniter4/framework/system/CodeIgniter.php(832): App\Controllers\Landing->orders()
#1 /home/zjtoavd5rlc8/maaracard.com/vendor/codeigniter4/framework/system/CodeIgniter.php(419): CodeIgniter\CodeIgniter->runController(Object(App\Controllers\Landing))
#2 /home/zjtoavd5rlc8/maaracard.com/vendor/codeigniter4/framework/system/CodeIgniter.php(326): CodeIgniter\CodeIgniter->handleRequest(NULL, Object(Config\Cache), false)
#3 /home/zjtoavd5rlc8/maaracard.com/index.php(43): CodeIgniter\CodeIgniter->run()
#4 {main}
CRITICAL - 2022-11-01 02:49:51 --> Call to undefined method CodeIgniter\Database\MySQLi\Result::orderBy()
#0 /home/zjtoavd5rlc8/maaracard.com/vendor/codeigniter4/framework/system/CodeIgniter.php(832): App\Controllers\Landing->orders()
#1 /home/zjtoavd5rlc8/maaracard.com/vendor/codeigniter4/framework/system/CodeIgniter.php(419): CodeIgniter\CodeIgniter->runController(Object(App\Controllers\Landing))
#2 /home/zjtoavd5rlc8/maaracard.com/vendor/codeigniter4/framework/system/CodeIgniter.php(326): CodeIgniter\CodeIgniter->handleRequest(NULL, Object(Config\Cache), false)
#3 /home/zjtoavd5rlc8/maaracard.com/index.php(43): CodeIgniter\CodeIgniter->run()
#4 {main}
CRITICAL - 2022-11-01 02:49:53 --> Call to undefined method CodeIgniter\Database\MySQLi\Result::orderBy()
#0 /home/zjtoavd5rlc8/maaracard.com/vendor/codeigniter4/framework/system/CodeIgniter.php(832): App\Controllers\Landing->orders()
#1 /home/zjtoavd5rlc8/maaracard.com/vendor/codeigniter4/framework/system/CodeIgniter.php(419): CodeIgniter\CodeIgniter->runController(Object(App\Controllers\Landing))
#2 /home/zjtoavd5rlc8/maaracard.com/vendor/codeigniter4/framework/system/CodeIgniter.php(326): CodeIgniter\CodeIgniter->handleRequest(NULL, Object(Config\Cache), false)
#3 /home/zjtoavd5rlc8/maaracard.com/index.php(43): CodeIgniter\CodeIgniter->run()
#4 {main}
CRITICAL - 2022-11-01 04:08:10 --> array_column() expects parameter 1 to be array, null given
#0 [internal function]: CodeIgniter\Debug\Exceptions->errorHandler(2, 'array_column() ...', '/home/zjtoavd5r...', 714, Array)
#1 /home/zjtoavd5rlc8/maaracard.com/app/Controllers/Landing.php(714): array_column(NULL, 'subTotal')
#2 /home/zjtoavd5rlc8/maaracard.com/app/Controllers/Landing.php(816): App\Controllers\Landing->saveToCart('42', 45, 45, 0, '')
#3 /home/zjtoavd5rlc8/maaracard.com/vendor/codeigniter4/framework/system/CodeIgniter.php(832): App\Controllers\Landing->paynow()
#4 /home/zjtoavd5rlc8/maaracard.com/vendor/codeigniter4/framework/system/CodeIgniter.php(419): CodeIgniter\CodeIgniter->runController(Object(App\Controllers\Landing))
#5 /home/zjtoavd5rlc8/maaracard.com/vendor/codeigniter4/framework/system/CodeIgniter.php(326): CodeIgniter\CodeIgniter->handleRequest(NULL, Object(Config\Cache), false)
#6 /home/zjtoavd5rlc8/maaracard.com/index.php(43): CodeIgniter\CodeIgniter->run()
#7 {main}
CRITICAL - 2022-11-01 23:07:42 --> Wrong number of segments
#0 /home/zjtoavd5rlc8/maaracard.com/app/Controllers/BaseController.php(339): Firebase\JWT\JWT::decode(NULL, Object(Firebase\JWT\Key))
#1 /home/zjtoavd5rlc8/maaracard.com/app/Controllers/Landing.php(973): App\Controllers\BaseController->decodeTokenByParam(NULL)
#2 /home/zjtoavd5rlc8/maaracard.com/vendor/codeigniter4/framework/system/CodeIgniter.php(832): App\Controllers\Landing->orderCancel()
#3 /home/zjtoavd5rlc8/maaracard.com/vendor/codeigniter4/framework/system/CodeIgniter.php(419): CodeIgniter\CodeIgniter->runController(Object(App\Controllers\Landing))
#4 /home/zjtoavd5rlc8/maaracard.com/vendor/codeigniter4/framework/system/CodeIgniter.php(326): CodeIgniter\CodeIgniter->handleRequest(NULL, Object(Config\Cache), false)
#5 /home/zjtoavd5rlc8/maaracard.com/index.php(43): CodeIgniter\CodeIgniter->run()
#6 {main}
CRITICAL - 2022-11-01 23:22:51 --> Cannot redeclare App\Controllers\Landing::customCard()
#0 [internal function]: CodeIgniter\Debug\Exceptions->shutdownHandler()
#1 {main}
CRITICAL - 2022-11-01 23:26:51 --> syntax error, unexpected '}', expecting end of file
#0 /home/zjtoavd5rlc8/maaracard.com/vendor/codeigniter4/framework/system/View/View.php(213): CodeIgniter\View\View->CodeIgniter\View\{closure}()
#1 /home/zjtoavd5rlc8/maaracard.com/vendor/codeigniter4/framework/system/Common.php(1089): CodeIgniter\View\View->render('cart', Array, true)
#2 /home/zjtoavd5rlc8/maaracard.com/app/Controllers/BaseController.php(663): view('cart', Array)
#3 /home/zjtoavd5rlc8/maaracard.com/app/Controllers/Landing.php(264): App\Controllers\BaseController->loadLandingViews('cart', Array)
#4 /home/zjtoavd5rlc8/maaracard.com/vendor/codeigniter4/framework/system/CodeIgniter.php(832): App\Controllers\Landing->cartList()
#5 /home/zjtoavd5rlc8/maaracard.com/vendor/codeigniter4/framework/system/CodeIgniter.php(419): CodeIgniter\CodeIgniter->runController(Object(App\Controllers\Landing))
#6 /home/zjtoavd5rlc8/maaracard.com/vendor/codeigniter4/framework/system/CodeIgniter.php(326): CodeIgniter\CodeIgniter->handleRequest(NULL, Object(Config\Cache), false)
#7 /home/zjtoavd5rlc8/maaracard.com/index.php(43): CodeIgniter\CodeIgniter->run()
#8 {main}
