CRITICAL - 2022-04-27 00:22:13 --> Illegal offset type
#0 [internal function]: CodeIgniter\Debug\Exceptions->shutdownHandler()
#1 {main}
CRITICAL - 2022-04-27 00:22:35 --> Illegal offset type
#0 [internal function]: CodeIgniter\Debug\Exceptions->shutdownHandler()
#1 {main}
CRITICAL - 2022-04-27 00:23:21 --> Illegal offset type
#0 [internal function]: CodeIgniter\Debug\Exceptions->shutdownHandler()
#1 {main}
CRITICAL - 2022-04-27 04:49:26 --> Call to undefined function App\Controllers\commonForPrivateDetail()
#0 /home/amandeep/public_html/maara/vendor/codeigniter4/framework/system/CodeIgniter.php(832): App\Controllers\Home->privateAccountView('3')
#1 /home/amandeep/public_html/maara/vendor/codeigniter4/framework/system/CodeIgniter.php(419): CodeIgniter\CodeIgniter->runController(Object(App\Controllers\Home))
#2 /home/amandeep/public_html/maara/vendor/codeigniter4/framework/system/CodeIgniter.php(326): CodeIgniter\CodeIgniter->handleRequest(NULL, Object(Config\Cache), false)
#3 /home/amandeep/public_html/maara/index.php(43): CodeIgniter\CodeIgniter->run()
#4 {main}
CRITICAL - 2022-04-27 04:49:34 --> Call to undefined function App\Controllers\commonForPrivateDetail()
#0 /home/amandeep/public_html/maara/vendor/codeigniter4/framework/system/CodeIgniter.php(832): App\Controllers\Home->privateAccountView('3')
#1 /home/amandeep/public_html/maara/vendor/codeigniter4/framework/system/CodeIgniter.php(419): CodeIgniter\CodeIgniter->runController(Object(App\Controllers\Home))
#2 /home/amandeep/public_html/maara/vendor/codeigniter4/framework/system/CodeIgniter.php(326): CodeIgniter\CodeIgniter->handleRequest(NULL, Object(Config\Cache), false)
#3 /home/amandeep/public_html/maara/index.php(43): CodeIgniter\CodeIgniter->run()
#4 {main}
