ERROR - 2022-06-24 00:22:19 --> Unknown column 't.iconType' in 'field list'
CRITICAL - 2022-06-24 00:22:19 --> Call to a member function getRowArray() on bool
#0 /home/amandeep/public_html/maara/app/Controllers/User.php(874): Config\Services::userPlatformDetail('75')
#1 /home/amandeep/public_html/maara/vendor/codeigniter4/framework/system/CodeIgniter.php(832): App\Controllers\User->setDirectLink()
#2 /home/amandeep/public_html/maara/vendor/codeigniter4/framework/system/CodeIgniter.php(419): CodeIgniter\CodeIgniter->runController(Object(App\Controllers\User))
#3 /home/amandeep/public_html/maara/vendor/codeigniter4/framework/system/CodeIgniter.php(326): CodeIgniter\CodeIgniter->handleRequest(NULL, Object(Config\Cache), false)
#4 /home/amandeep/public_html/maara/index.php(43): CodeIgniter\CodeIgniter->run()
#5 {main}
ERROR - 2022-06-24 00:43:25 --> Unknown column 't.iconType' in 'field list'
CRITICAL - 2022-06-24 00:43:25 --> Call to a member function getRowArray() on bool
#0 /home/amandeep/public_html/maara/app/Controllers/User.php(874): Config\Services::userPlatformDetail('68')
#1 /home/amandeep/public_html/maara/vendor/codeigniter4/framework/system/CodeIgniter.php(832): App\Controllers\User->setDirectLink()
#2 /home/amandeep/public_html/maara/vendor/codeigniter4/framework/system/CodeIgniter.php(419): CodeIgniter\CodeIgniter->runController(Object(App\Controllers\User))
#3 /home/amandeep/public_html/maara/vendor/codeigniter4/framework/system/CodeIgniter.php(326): CodeIgniter\CodeIgniter->handleRequest(NULL, Object(Config\Cache), false)
#4 /home/amandeep/public_html/maara/index.php(43): CodeIgniter\CodeIgniter->run()
#5 {main}
ERROR - 2022-06-24 00:46:04 --> Unknown column 't.iconType' in 'field list'
CRITICAL - 2022-06-24 00:46:04 --> Call to a member function getRowArray() on bool
#0 /home/amandeep/public_html/maara/app/Controllers/User.php(874): Config\Services::userPlatformDetail('68')
#1 /home/amandeep/public_html/maara/vendor/codeigniter4/framework/system/CodeIgniter.php(832): App\Controllers\User->setDirectLink()
#2 /home/amandeep/public_html/maara/vendor/codeigniter4/framework/system/CodeIgniter.php(419): CodeIgniter\CodeIgniter->runController(Object(App\Controllers\User))
#3 /home/amandeep/public_html/maara/vendor/codeigniter4/framework/system/CodeIgniter.php(326): CodeIgniter\CodeIgniter->handleRequest(NULL, Object(Config\Cache), false)
#4 /home/amandeep/public_html/maara/index.php(43): CodeIgniter\CodeIgniter->run()
#5 {main}
ERROR - 2022-06-24 00:46:34 --> Unknown column 't.iconType' in 'field list'
CRITICAL - 2022-06-24 00:46:34 --> Call to a member function getRowArray() on bool
#0 /home/amandeep/public_html/maara/app/Controllers/User.php(876): Config\Services::userPlatformDetail('68')
#1 /home/amandeep/public_html/maara/vendor/codeigniter4/framework/system/CodeIgniter.php(832): App\Controllers\User->setDirectLink()
#2 /home/amandeep/public_html/maara/vendor/codeigniter4/framework/system/CodeIgniter.php(419): CodeIgniter\CodeIgniter->runController(Object(App\Controllers\User))
#3 /home/amandeep/public_html/maara/vendor/codeigniter4/framework/system/CodeIgniter.php(326): CodeIgniter\CodeIgniter->handleRequest(NULL, Object(Config\Cache), false)
#4 /home/amandeep/public_html/maara/index.php(43): CodeIgniter\CodeIgniter->run()
#5 {main}
CRITICAL - 2022-06-24 01:30:30 --> Using $this when not in object context
#0 /home/amandeep/public_html/maara/app/Controllers/User.php(876): Config\Services::userPlatformDetail('72', 'public')
#1 /home/amandeep/public_html/maara/vendor/codeigniter4/framework/system/CodeIgniter.php(832): App\Controllers\User->setDirectLink()
#2 /home/amandeep/public_html/maara/vendor/codeigniter4/framework/system/CodeIgniter.php(419): CodeIgniter\CodeIgniter->runController(Object(App\Controllers\User))
#3 /home/amandeep/public_html/maara/vendor/codeigniter4/framework/system/CodeIgniter.php(326): CodeIgniter\CodeIgniter->handleRequest(NULL, Object(Config\Cache), false)
#4 /home/amandeep/public_html/maara/index.php(43): CodeIgniter\CodeIgniter->run()
#5 {main}
ERROR - 2022-06-24 01:34:04 --> Unknown column 'Rectangular' in 'field list'
CRITICAL - 2022-06-24 01:34:04 --> Call to a member function getRowArray() on bool
#0 /home/amandeep/public_html/maara/app/Controllers/User.php(876): Config\Services::userPlatformDetail('72', 'public')
#1 /home/amandeep/public_html/maara/vendor/codeigniter4/framework/system/CodeIgniter.php(832): App\Controllers\User->setDirectLink()
#2 /home/amandeep/public_html/maara/vendor/codeigniter4/framework/system/CodeIgniter.php(419): CodeIgniter\CodeIgniter->runController(Object(App\Controllers\User))
#3 /home/amandeep/public_html/maara/vendor/codeigniter4/framework/system/CodeIgniter.php(326): CodeIgniter\CodeIgniter->handleRequest(NULL, Object(Config\Cache), false)
#4 /home/amandeep/public_html/maara/index.php(43): CodeIgniter\CodeIgniter->run()
#5 {main}
ERROR - 2022-06-24 01:34:34 --> Unknown column 'Rectangular' in 'field list'
CRITICAL - 2022-06-24 01:34:34 --> Call to a member function getRowArray() on bool
#0 /home/amandeep/public_html/maara/app/Controllers/User.php(876): Config\Services::userPlatformDetail('72', 'public')
#1 /home/amandeep/public_html/maara/vendor/codeigniter4/framework/system/CodeIgniter.php(832): App\Controllers\User->setDirectLink()
#2 /home/amandeep/public_html/maara/vendor/codeigniter4/framework/system/CodeIgniter.php(419): CodeIgniter\CodeIgniter->runController(Object(App\Controllers\User))
#3 /home/amandeep/public_html/maara/vendor/codeigniter4/framework/system/CodeIgniter.php(326): CodeIgniter\CodeIgniter->handleRequest(NULL, Object(Config\Cache), false)
#4 /home/amandeep/public_html/maara/index.php(43): CodeIgniter\CodeIgniter->run()
#5 {main}
ERROR - 2022-06-24 01:36:05 --> Unknown column 'Rectangular' in 'field list'
CRITICAL - 2022-06-24 01:36:05 --> Call to a member function getRowArray() on bool
#0 /home/amandeep/public_html/maara/app/Controllers/User.php(876): Config\Services::userPlatformDetail('72', 'public')
#1 /home/amandeep/public_html/maara/vendor/codeigniter4/framework/system/CodeIgniter.php(832): App\Controllers\User->setDirectLink()
#2 /home/amandeep/public_html/maara/vendor/codeigniter4/framework/system/CodeIgniter.php(419): CodeIgniter\CodeIgniter->runController(Object(App\Controllers\User))
#3 /home/amandeep/public_html/maara/vendor/codeigniter4/framework/system/CodeIgniter.php(326): CodeIgniter\CodeIgniter->handleRequest(NULL, Object(Config\Cache), false)
#4 /home/amandeep/public_html/maara/index.php(43): CodeIgniter\CodeIgniter->run()
#5 {main}
ERROR - 2022-06-24 01:37:31 --> Unknown column 'Rectangular' in 'field list'
CRITICAL - 2022-06-24 01:37:31 --> Call to a member function getRowArray() on bool
#0 /home/amandeep/public_html/maara/app/Controllers/User.php(876): Config\Services::userPlatformDetail('72', 'public')
#1 /home/amandeep/public_html/maara/vendor/codeigniter4/framework/system/CodeIgniter.php(832): App\Controllers\User->setDirectLink()
#2 /home/amandeep/public_html/maara/vendor/codeigniter4/framework/system/CodeIgniter.php(419): CodeIgniter\CodeIgniter->runController(Object(App\Controllers\User))
#3 /home/amandeep/public_html/maara/vendor/codeigniter4/framework/system/CodeIgniter.php(326): CodeIgniter\CodeIgniter->handleRequest(NULL, Object(Config\Cache), false)
#4 /home/amandeep/public_html/maara/index.php(43): CodeIgniter\CodeIgniter->run()
#5 {main}
ERROR - 2022-06-24 01:37:53 --> Unknown column 'Rectangular' in 'field list'
CRITICAL - 2022-06-24 01:37:53 --> Call to a member function getRowArray() on bool
#0 /home/amandeep/public_html/maara/app/Controllers/User.php(876): Config\Services::userPlatformDetail('72', 'public')
#1 /home/amandeep/public_html/maara/vendor/codeigniter4/framework/system/CodeIgniter.php(832): App\Controllers\User->setDirectLink()
#2 /home/amandeep/public_html/maara/vendor/codeigniter4/framework/system/CodeIgniter.php(419): CodeIgniter\CodeIgniter->runController(Object(App\Controllers\User))
#3 /home/amandeep/public_html/maara/vendor/codeigniter4/framework/system/CodeIgniter.php(326): CodeIgniter\CodeIgniter->handleRequest(NULL, Object(Config\Cache), false)
#4 /home/amandeep/public_html/maara/index.php(43): CodeIgniter\CodeIgniter->run()
#5 {main}
ERROR - 2022-06-24 01:38:04 --> Unknown column 'Rectangular' in 'field list'
CRITICAL - 2022-06-24 01:38:04 --> Call to a member function getRowArray() on bool
#0 /home/amandeep/public_html/maara/app/Controllers/User.php(876): Config\Services::userPlatformDetail('72', 'public')
#1 /home/amandeep/public_html/maara/vendor/codeigniter4/framework/system/CodeIgniter.php(832): App\Controllers\User->setDirectLink()
#2 /home/amandeep/public_html/maara/vendor/codeigniter4/framework/system/CodeIgniter.php(419): CodeIgniter\CodeIgniter->runController(Object(App\Controllers\User))
#3 /home/amandeep/public_html/maara/vendor/codeigniter4/framework/system/CodeIgniter.php(326): CodeIgniter\CodeIgniter->handleRequest(NULL, Object(Config\Cache), false)
#4 /home/amandeep/public_html/maara/index.php(43): CodeIgniter\CodeIgniter->run()
#5 {main}
ERROR - 2022-06-24 02:27:52 --> Unknown column 'account' in 'where clause'
ERROR - 2022-06-24 02:28:34 --> Unknown column 'account' in 'where clause'
ERROR - 2022-06-24 02:30:19 --> Unknown column 'account' in 'where clause'
CRITICAL - 2022-06-24 02:50:47 --> Wrong number of segments
#0 /home/amandeep/public_html/maara/app/Controllers/BaseController.php(262): Firebase\JWT\JWT::decode(NULL, Object(Firebase\JWT\Key))
#1 /home/amandeep/public_html/maara/app/Controllers/Landing.php(764): App\Controllers\BaseController->decodeTokenByParam(NULL)
#2 /home/amandeep/public_html/maara/vendor/codeigniter4/framework/system/CodeIgniter.php(832): App\Controllers\Landing->paynow()
#3 /home/amandeep/public_html/maara/vendor/codeigniter4/framework/system/CodeIgniter.php(419): CodeIgniter\CodeIgniter->runController(Object(App\Controllers\Landing))
#4 /home/amandeep/public_html/maara/vendor/codeigniter4/framework/system/CodeIgniter.php(326): CodeIgniter\CodeIgniter->handleRequest(NULL, Object(Config\Cache), false)
#5 /home/amandeep/public_html/maara/index.php(43): CodeIgniter\CodeIgniter->run()
#6 {main}
CRITICAL - 2022-06-24 04:24:12 --> Argument 2 passed to view() must be of the type array, null given, called in /home/amandeep/public_html/maara/app/Controllers/Landing.php on line 880
#0 /home/amandeep/public_html/maara/app/Controllers/Landing.php(880): view('userProfile', NULL)
#1 /home/amandeep/public_html/maara/vendor/codeigniter4/framework/system/CodeIgniter.php(832): App\Controllers\Landing->getUserProfile(' Qh48hqXFwy0wCR...')
#2 /home/amandeep/public_html/maara/vendor/codeigniter4/framework/system/CodeIgniter.php(419): CodeIgniter\CodeIgniter->runController(Object(App\Controllers\Landing))
#3 /home/amandeep/public_html/maara/vendor/codeigniter4/framework/system/CodeIgniter.php(326): CodeIgniter\CodeIgniter->handleRequest(NULL, Object(Config\Cache), false)
#4 /home/amandeep/public_html/maara/index.php(43): CodeIgniter\CodeIgniter->run()
#5 {main}
CRITICAL - 2022-06-24 04:25:51 --> Argument 2 passed to view() must be of the type array, null given, called in /home/amandeep/public_html/maara/app/Controllers/Landing.php on line 880
#0 /home/amandeep/public_html/maara/app/Controllers/Landing.php(880): view('userProfile', NULL)
#1 /home/amandeep/public_html/maara/vendor/codeigniter4/framework/system/CodeIgniter.php(832): App\Controllers\Landing->getUserProfile(' Qh48hqXFwy0wCR...')
#2 /home/amandeep/public_html/maara/vendor/codeigniter4/framework/system/CodeIgniter.php(419): CodeIgniter\CodeIgniter->runController(Object(App\Controllers\Landing))
#3 /home/amandeep/public_html/maara/vendor/codeigniter4/framework/system/CodeIgniter.php(326): CodeIgniter\CodeIgniter->handleRequest(NULL, Object(Config\Cache), false)
#4 /home/amandeep/public_html/maara/index.php(43): CodeIgniter\CodeIgniter->run()
#5 {main}
ERROR - 2022-06-24 06:06:35 --> Unknown column 'CASE WHEN 1 != 0 THEN `p.blurImage` ELSE `p.image` END' in 'field list'
CRITICAL - 2022-06-24 06:06:35 --> Call to a member function getRowArray() on bool
#0 /home/amandeep/public_html/maara/app/Controllers/User.php(706): Config\Services::userPlatformDetail(135, 'public', '52')
#1 /home/amandeep/public_html/maara/vendor/codeigniter4/framework/system/CodeIgniter.php(832): App\Controllers\User->addPlatforms()
#2 /home/amandeep/public_html/maara/vendor/codeigniter4/framework/system/CodeIgniter.php(419): CodeIgniter\CodeIgniter->runController(Object(App\Controllers\User))
#3 /home/amandeep/public_html/maara/vendor/codeigniter4/framework/system/CodeIgniter.php(326): CodeIgniter\CodeIgniter->handleRequest(NULL, Object(Config\Cache), false)
#4 /home/amandeep/public_html/maara/index.php(43): CodeIgniter\CodeIgniter->run()
#5 {main}
ERROR - 2022-06-24 06:07:22 --> Unknown column 'CASE WHEN 0 != 0 THEN `p.blurImage` ELSE `p.image` END' in 'field list'
CRITICAL - 2022-06-24 06:07:22 --> Call to a member function getRowArray() on bool
#0 /home/amandeep/public_html/maara/app/Controllers/User.php(706): Config\Services::userPlatformDetail(136, 'public', '79')
#1 /home/amandeep/public_html/maara/vendor/codeigniter4/framework/system/CodeIgniter.php(832): App\Controllers\User->addPlatforms()
#2 /home/amandeep/public_html/maara/vendor/codeigniter4/framework/system/CodeIgniter.php(419): CodeIgniter\CodeIgniter->runController(Object(App\Controllers\User))
#3 /home/amandeep/public_html/maara/vendor/codeigniter4/framework/system/CodeIgniter.php(326): CodeIgniter\CodeIgniter->handleRequest(NULL, Object(Config\Cache), false)
#4 /home/amandeep/public_html/maara/index.php(43): CodeIgniter\CodeIgniter->run()
#5 {main}
ERROR - 2022-06-24 06:07:56 --> Unknown column 'CASE WHEN 0 != 0 THEN `p.blurImage` ELSE `p.image` END' in 'field list'
CRITICAL - 2022-06-24 06:07:56 --> Call to a member function getRowArray() on bool
#0 /home/amandeep/public_html/maara/app/Controllers/User.php(706): Config\Services::userPlatformDetail(137, 'public', '79')
#1 /home/amandeep/public_html/maara/vendor/codeigniter4/framework/system/CodeIgniter.php(832): App\Controllers\User->addPlatforms()
#2 /home/amandeep/public_html/maara/vendor/codeigniter4/framework/system/CodeIgniter.php(419): CodeIgniter\CodeIgniter->runController(Object(App\Controllers\User))
#3 /home/amandeep/public_html/maara/vendor/codeigniter4/framework/system/CodeIgniter.php(326): CodeIgniter\CodeIgniter->handleRequest(NULL, Object(Config\Cache), false)
#4 /home/amandeep/public_html/maara/index.php(43): CodeIgniter\CodeIgniter->run()
#5 {main}
ERROR - 2022-06-24 06:08:54 --> Unknown column 'CASE WHEN 0 != 0 THEN `p.blurImage` ELSE `p.image` END' in 'field list'
CRITICAL - 2022-06-24 06:08:54 --> Call to a member function getRowArray() on bool
#0 /home/amandeep/public_html/maara/app/Controllers/User.php(706): Config\Services::userPlatformDetail(138, 'public', '79')
#1 /home/amandeep/public_html/maara/vendor/codeigniter4/framework/system/CodeIgniter.php(832): App\Controllers\User->addPlatforms()
#2 /home/amandeep/public_html/maara/vendor/codeigniter4/framework/system/CodeIgniter.php(419): CodeIgniter\CodeIgniter->runController(Object(App\Controllers\User))
#3 /home/amandeep/public_html/maara/vendor/codeigniter4/framework/system/CodeIgniter.php(326): CodeIgniter\CodeIgniter->handleRequest(NULL, Object(Config\Cache), false)
#4 /home/amandeep/public_html/maara/index.php(43): CodeIgniter\CodeIgniter->run()
#5 {main}
ERROR - 2022-06-24 06:13:45 --> Unknown column 'CASE WHEN 1 != 0 THEN `p.blurImage` ELSE `p.image` END' in 'field list'
CRITICAL - 2022-06-24 06:13:45 --> Call to a member function getRowArray() on bool
#0 /home/amandeep/public_html/maara/app/Controllers/User.php(706): Config\Services::userPlatformDetail(139, 'public', '52')
#1 /home/amandeep/public_html/maara/vendor/codeigniter4/framework/system/CodeIgniter.php(832): App\Controllers\User->addPlatforms()
#2 /home/amandeep/public_html/maara/vendor/codeigniter4/framework/system/CodeIgniter.php(419): CodeIgniter\CodeIgniter->runController(Object(App\Controllers\User))
#3 /home/amandeep/public_html/maara/vendor/codeigniter4/framework/system/CodeIgniter.php(326): CodeIgniter\CodeIgniter->handleRequest(NULL, Object(Config\Cache), false)
#4 /home/amandeep/public_html/maara/index.php(43): CodeIgniter\CodeIgniter->run()
#5 {main}
ERROR - 2022-06-24 06:17:21 --> Unknown column 'CASE WHEN 1 != 0 THEN `p.blurImage` ELSE `p.image` END' in 'field list'
CRITICAL - 2022-06-24 06:17:21 --> Call to a member function getRowArray() on bool
#0 /home/amandeep/public_html/maara/app/Controllers/User.php(706): Config\Services::userPlatformDetail(140, 'public', '52')
#1 /home/amandeep/public_html/maara/vendor/codeigniter4/framework/system/CodeIgniter.php(832): App\Controllers\User->addPlatforms()
#2 /home/amandeep/public_html/maara/vendor/codeigniter4/framework/system/CodeIgniter.php(419): CodeIgniter\CodeIgniter->runController(Object(App\Controllers\User))
#3 /home/amandeep/public_html/maara/vendor/codeigniter4/framework/system/CodeIgniter.php(326): CodeIgniter\CodeIgniter->handleRequest(NULL, Object(Config\Cache), false)
#4 /home/amandeep/public_html/maara/index.php(43): CodeIgniter\CodeIgniter->run()
#5 {main}
ERROR - 2022-06-24 06:17:48 --> Unknown column 'CASE WHEN 1 != 0 THEN `p.blurImage` ELSE `p.image` END' in 'field list'
CRITICAL - 2022-06-24 06:17:48 --> Call to a member function getRowArray() on bool
#0 /home/amandeep/public_html/maara/app/Controllers/User.php(706): Config\Services::userPlatformDetail(141, 'public', '52')
#1 /home/amandeep/public_html/maara/vendor/codeigniter4/framework/system/CodeIgniter.php(832): App\Controllers\User->addPlatforms()
#2 /home/amandeep/public_html/maara/vendor/codeigniter4/framework/system/CodeIgniter.php(419): CodeIgniter\CodeIgniter->runController(Object(App\Controllers\User))
#3 /home/amandeep/public_html/maara/vendor/codeigniter4/framework/system/CodeIgniter.php(326): CodeIgniter\CodeIgniter->handleRequest(NULL, Object(Config\Cache), false)
#4 /home/amandeep/public_html/maara/index.php(43): CodeIgniter\CodeIgniter->run()
#5 {main}
ERROR - 2022-06-24 06:19:11 --> Unknown column 'CASE WHEN 1 != 0 THEN `p.blurImage` ELSE `p.image` END' in 'field list'
CRITICAL - 2022-06-24 06:19:11 --> Call to a member function getRowArray() on bool
#0 /home/amandeep/public_html/maara/app/Controllers/User.php(706): Config\Services::userPlatformDetail(142, 'public', '52')
#1 /home/amandeep/public_html/maara/vendor/codeigniter4/framework/system/CodeIgniter.php(832): App\Controllers\User->addPlatforms()
#2 /home/amandeep/public_html/maara/vendor/codeigniter4/framework/system/CodeIgniter.php(419): CodeIgniter\CodeIgniter->runController(Object(App\Controllers\User))
#3 /home/amandeep/public_html/maara/vendor/codeigniter4/framework/system/CodeIgniter.php(326): CodeIgniter\CodeIgniter->handleRequest(NULL, Object(Config\Cache), false)
#4 /home/amandeep/public_html/maara/index.php(43): CodeIgniter\CodeIgniter->run()
#5 {main}
ERROR - 2022-06-24 06:19:47 --> Unknown column 'CASE WHEN 1 != 0 THEN `p.blurImage` ELSE `p.image` END' in 'field list'
CRITICAL - 2022-06-24 06:19:47 --> Call to a member function getRowArray() on bool
#0 /home/amandeep/public_html/maara/app/Controllers/User.php(706): Config\Services::userPlatformDetail(143, 'public', '52')
#1 /home/amandeep/public_html/maara/vendor/codeigniter4/framework/system/CodeIgniter.php(832): App\Controllers\User->addPlatforms()
#2 /home/amandeep/public_html/maara/vendor/codeigniter4/framework/system/CodeIgniter.php(419): CodeIgniter\CodeIgniter->runController(Object(App\Controllers\User))
#3 /home/amandeep/public_html/maara/vendor/codeigniter4/framework/system/CodeIgniter.php(326): CodeIgniter\CodeIgniter->handleRequest(NULL, Object(Config\Cache), false)
#4 /home/amandeep/public_html/maara/index.php(43): CodeIgniter\CodeIgniter->run()
#5 {main}
ERROR - 2022-06-24 06:22:49 --> Unknown column 'CASE WHEN 0 != 0 THEN `p.blurImage` ELSE `p.image` END' in 'field list'
CRITICAL - 2022-06-24 06:22:49 --> Call to a member function getRowArray() on bool
#0 /home/amandeep/public_html/maara/app/Controllers/User.php(706): Config\Services::userPlatformDetail(144, 'public', '66')
#1 /home/amandeep/public_html/maara/vendor/codeigniter4/framework/system/CodeIgniter.php(832): App\Controllers\User->addPlatforms()
#2 /home/amandeep/public_html/maara/vendor/codeigniter4/framework/system/CodeIgniter.php(419): CodeIgniter\CodeIgniter->runController(Object(App\Controllers\User))
#3 /home/amandeep/public_html/maara/vendor/codeigniter4/framework/system/CodeIgniter.php(326): CodeIgniter\CodeIgniter->handleRequest(NULL, Object(Config\Cache), false)
#4 /home/amandeep/public_html/maara/index.php(43): CodeIgniter\CodeIgniter->run()
#5 {main}
