CRITICAL - 2022-07-04 00:32:25 --> Call to undefined method App\Models\BusinessAccountModel::findOne
#0 /home/amandeep/public_html/maara/app/Controllers/Dashboard.php(25): CodeIgniter\Model->__call('findOne', Array)
#1 /home/amandeep/public_html/maara/vendor/codeigniter4/framework/system/CodeIgniter.php(832): App\Controllers\Dashboard->index()
#2 /home/amandeep/public_html/maara/vendor/codeigniter4/framework/system/CodeIgniter.php(419): CodeIgniter\CodeIgniter->runController(Object(App\Controllers\Dashboard))
#3 /home/amandeep/public_html/maara/vendor/codeigniter4/framework/system/CodeIgniter.php(326): CodeIgniter\CodeIgniter->handleRequest(NULL, Object(Config\Cache), false)
#4 /home/amandeep/public_html/maara/index.php(43): CodeIgniter\CodeIgniter->run()
#5 {main}
CRITICAL - 2022-07-04 00:46:25 --> Call to a member function select() on null
#0 /home/amandeep/public_html/maara/vendor/codeigniter4/framework/system/CodeIgniter.php(832): App\Controllers\Dashboard->index()
#1 /home/amandeep/public_html/maara/vendor/codeigniter4/framework/system/CodeIgniter.php(419): CodeIgniter\CodeIgniter->runController(Object(App\Controllers\Dashboard))
#2 /home/amandeep/public_html/maara/vendor/codeigniter4/framework/system/CodeIgniter.php(326): CodeIgniter\CodeIgniter->handleRequest(NULL, Object(Config\Cache), false)
#3 /home/amandeep/public_html/maara/index.php(43): CodeIgniter\CodeIgniter->run()
#4 {main}
CRITICAL - 2022-07-04 00:47:13 --> Call to a member function select() on null
#0 /home/amandeep/public_html/maara/vendor/codeigniter4/framework/system/CodeIgniter.php(832): App\Controllers\Dashboard->index()
#1 /home/amandeep/public_html/maara/vendor/codeigniter4/framework/system/CodeIgniter.php(419): CodeIgniter\CodeIgniter->runController(Object(App\Controllers\Dashboard))
#2 /home/amandeep/public_html/maara/vendor/codeigniter4/framework/system/CodeIgniter.php(326): CodeIgniter\CodeIgniter->handleRequest(NULL, Object(Config\Cache), false)
#3 /home/amandeep/public_html/maara/index.php(43): CodeIgniter\CodeIgniter->run()
#4 {main}
CRITICAL - 2022-07-04 00:48:49 --> Call to a member function getWhere() on null
#0 /home/amandeep/public_html/maara/vendor/codeigniter4/framework/system/CodeIgniter.php(832): App\Controllers\Dashboard->index()
#1 /home/amandeep/public_html/maara/vendor/codeigniter4/framework/system/CodeIgniter.php(419): CodeIgniter\CodeIgniter->runController(Object(App\Controllers\Dashboard))
#2 /home/amandeep/public_html/maara/vendor/codeigniter4/framework/system/CodeIgniter.php(326): CodeIgniter\CodeIgniter->handleRequest(NULL, Object(Config\Cache), false)
#3 /home/amandeep/public_html/maara/index.php(43): CodeIgniter\CodeIgniter->run()
#4 {main}
CRITICAL - 2022-07-04 00:50:16 --> Call to undefined method CodeIgniter\Database\MySQLi\Result::numRowsArray()
#0 /home/amandeep/public_html/maara/vendor/codeigniter4/framework/system/CodeIgniter.php(832): App\Controllers\Dashboard->index()
#1 /home/amandeep/public_html/maara/vendor/codeigniter4/framework/system/CodeIgniter.php(419): CodeIgniter\CodeIgniter->runController(Object(App\Controllers\Dashboard))
#2 /home/amandeep/public_html/maara/vendor/codeigniter4/framework/system/CodeIgniter.php(326): CodeIgniter\CodeIgniter->handleRequest(NULL, Object(Config\Cache), false)
#3 /home/amandeep/public_html/maara/index.php(43): CodeIgniter\CodeIgniter->run()
#4 {main}
CRITICAL - 2022-07-04 01:12:36 --> Class 'App\Controllers\StudentModel' not found
#0 /home/amandeep/public_html/maara/vendor/codeigniter4/framework/system/CodeIgniter.php(832): App\Controllers\Dashboard->usersCSVImport()
#1 /home/amandeep/public_html/maara/vendor/codeigniter4/framework/system/CodeIgniter.php(419): CodeIgniter\CodeIgniter->runController(Object(App\Controllers\Dashboard))
#2 /home/amandeep/public_html/maara/vendor/codeigniter4/framework/system/CodeIgniter.php(326): CodeIgniter\CodeIgniter->handleRequest(NULL, Object(Config\Cache), false)
#3 /home/amandeep/public_html/maara/index.php(43): CodeIgniter\CodeIgniter->run()
#4 {main}
CRITICAL - 2022-07-04 01:35:58 --> syntax error, unexpected '|', expecting variable (T_VARIABLE)
#0 /home/amandeep/public_html/maara/vendor/codeigniter4/framework/system/Autoloader/Autoloader.php(241): CodeIgniter\Autoloader\Autoloader->includeFile('/home/amandeep/...')
#1 /home/amandeep/public_html/maara/vendor/codeigniter4/framework/system/Autoloader/Autoloader.php(219): CodeIgniter\Autoloader\Autoloader->loadInNamespace('Psr\\SimpleCache...')
#2 [internal function]: CodeIgniter\Autoloader\Autoloader->loadClass('Psr\\SimpleCache...')
#3 /home/amandeep/public_html/maara/vendor/phpoffice/phpspreadsheet/src/PhpSpreadsheet/Collection/Memory.php(14): spl_autoload_call('Psr\\SimpleCache...')
#4 /home/amandeep/public_html/maara/vendor/codeigniter4/framework/system/Autoloader/Autoloader.php(264): include_once('/home/amandeep/...')
#5 /home/amandeep/public_html/maara/vendor/codeigniter4/framework/system/Autoloader/Autoloader.php(241): CodeIgniter\Autoloader\Autoloader->includeFile('/home/amandeep/...')
#6 /home/amandeep/public_html/maara/vendor/codeigniter4/framework/system/Autoloader/Autoloader.php(219): CodeIgniter\Autoloader\Autoloader->loadInNamespace('PhpOffice\\PhpSp...')
#7 [internal function]: CodeIgniter\Autoloader\Autoloader->loadClass('PhpOffice\\PhpSp...')
#8 /home/amandeep/public_html/maara/vendor/phpoffice/phpspreadsheet/src/PhpSpreadsheet/Settings.php(164): spl_autoload_call('PhpOffice\\PhpSp...')
#9 /home/amandeep/public_html/maara/vendor/phpoffice/phpspreadsheet/src/PhpSpreadsheet/Collection/CellsFactory.php(19): PhpOffice\PhpSpreadsheet\Settings::getCache()
#10 /home/amandeep/public_html/maara/vendor/phpoffice/phpspreadsheet/src/PhpSpreadsheet/Worksheet/Worksheet.php(366): PhpOffice\PhpSpreadsheet\Collection\CellsFactory::getInstance(Object(PhpOffice\PhpSpreadsheet\Worksheet\Worksheet))
#11 /home/amandeep/public_html/maara/vendor/phpoffice/phpspreadsheet/src/PhpSpreadsheet/Spreadsheet.php(480): PhpOffice\PhpSpreadsheet\Worksheet\Worksheet->__construct(Object(PhpOffice\PhpSpreadsheet\Spreadsheet))
#12 /home/amandeep/public_html/maara/vendor/phpoffice/phpspreadsheet/src/PhpSpreadsheet/Reader/Xls.php(636): PhpOffice\PhpSpreadsheet\Spreadsheet->__construct()
#13 /home/amandeep/public_html/maara/vendor/phpoffice/phpspreadsheet/src/PhpSpreadsheet/Reader/BaseReader.php(166): PhpOffice\PhpSpreadsheet\Reader\Xls->loadSpreadsheetFromFile('./uploads/users...')
#14 /home/amandeep/public_html/maara/vendor/phpoffice/phpspreadsheet/src/PhpSpreadsheet/IOFactory.php(102): PhpOffice\PhpSpreadsheet\Reader\BaseReader->load('./uploads/users...', 0)
#15 /home/amandeep/public_html/maara/app/Controllers/Dashboard.php(780): PhpOffice\PhpSpreadsheet\IOFactory::load('./uploads/users...')
#16 /home/amandeep/public_html/maara/vendor/codeigniter4/framework/system/CodeIgniter.php(832): App\Controllers\Dashboard->usersCSVImport()
#17 /home/amandeep/public_html/maara/vendor/codeigniter4/framework/system/CodeIgniter.php(419): CodeIgniter\CodeIgniter->runController(Object(App\Controllers\Dashboard))
#18 /home/amandeep/public_html/maara/vendor/codeigniter4/framework/system/CodeIgniter.php(326): CodeIgniter\CodeIgniter->handleRequest(NULL, Object(Config\Cache), false)
#19 /home/amandeep/public_html/maara/index.php(43): CodeIgniter\CodeIgniter->run()
#20 {main}
CRITICAL - 2022-07-04 01:36:41 --> syntax error, unexpected '|', expecting variable (T_VARIABLE)
#0 /home/amandeep/public_html/maara/vendor/codeigniter4/framework/system/Autoloader/Autoloader.php(241): CodeIgniter\Autoloader\Autoloader->includeFile('/home/amandeep/...')
#1 /home/amandeep/public_html/maara/vendor/codeigniter4/framework/system/Autoloader/Autoloader.php(219): CodeIgniter\Autoloader\Autoloader->loadInNamespace('Psr\\SimpleCache...')
#2 [internal function]: CodeIgniter\Autoloader\Autoloader->loadClass('Psr\\SimpleCache...')
#3 /home/amandeep/public_html/maara/vendor/phpoffice/phpspreadsheet/src/PhpSpreadsheet/Collection/Memory.php(14): spl_autoload_call('Psr\\SimpleCache...')
#4 /home/amandeep/public_html/maara/vendor/codeigniter4/framework/system/Autoloader/Autoloader.php(264): include_once('/home/amandeep/...')
#5 /home/amandeep/public_html/maara/vendor/codeigniter4/framework/system/Autoloader/Autoloader.php(241): CodeIgniter\Autoloader\Autoloader->includeFile('/home/amandeep/...')
#6 /home/amandeep/public_html/maara/vendor/codeigniter4/framework/system/Autoloader/Autoloader.php(219): CodeIgniter\Autoloader\Autoloader->loadInNamespace('PhpOffice\\PhpSp...')
#7 [internal function]: CodeIgniter\Autoloader\Autoloader->loadClass('PhpOffice\\PhpSp...')
#8 /home/amandeep/public_html/maara/vendor/phpoffice/phpspreadsheet/src/PhpSpreadsheet/Settings.php(164): spl_autoload_call('PhpOffice\\PhpSp...')
#9 /home/amandeep/public_html/maara/vendor/phpoffice/phpspreadsheet/src/PhpSpreadsheet/Collection/CellsFactory.php(19): PhpOffice\PhpSpreadsheet\Settings::getCache()
#10 /home/amandeep/public_html/maara/vendor/phpoffice/phpspreadsheet/src/PhpSpreadsheet/Worksheet/Worksheet.php(366): PhpOffice\PhpSpreadsheet\Collection\CellsFactory::getInstance(Object(PhpOffice\PhpSpreadsheet\Worksheet\Worksheet))
#11 /home/amandeep/public_html/maara/vendor/phpoffice/phpspreadsheet/src/PhpSpreadsheet/Spreadsheet.php(480): PhpOffice\PhpSpreadsheet\Worksheet\Worksheet->__construct(Object(PhpOffice\PhpSpreadsheet\Spreadsheet))
#12 /home/amandeep/public_html/maara/vendor/phpoffice/phpspreadsheet/src/PhpSpreadsheet/Reader/Xls.php(636): PhpOffice\PhpSpreadsheet\Spreadsheet->__construct()
#13 /home/amandeep/public_html/maara/vendor/phpoffice/phpspreadsheet/src/PhpSpreadsheet/Reader/BaseReader.php(166): PhpOffice\PhpSpreadsheet\Reader\Xls->loadSpreadsheetFromFile('./uploads/users...')
#14 /home/amandeep/public_html/maara/vendor/phpoffice/phpspreadsheet/src/PhpSpreadsheet/IOFactory.php(102): PhpOffice\PhpSpreadsheet\Reader\BaseReader->load('./uploads/users...', 0)
#15 /home/amandeep/public_html/maara/app/Controllers/Dashboard.php(781): PhpOffice\PhpSpreadsheet\IOFactory::load('./uploads/users...')
#16 /home/amandeep/public_html/maara/vendor/codeigniter4/framework/system/CodeIgniter.php(832): App\Controllers\Dashboard->usersCSVImport()
#17 /home/amandeep/public_html/maara/vendor/codeigniter4/framework/system/CodeIgniter.php(419): CodeIgniter\CodeIgniter->runController(Object(App\Controllers\Dashboard))
#18 /home/amandeep/public_html/maara/vendor/codeigniter4/framework/system/CodeIgniter.php(326): CodeIgniter\CodeIgniter->handleRequest(NULL, Object(Config\Cache), false)
#19 /home/amandeep/public_html/maara/index.php(43): CodeIgniter\CodeIgniter->run()
#20 {main}
CRITICAL - 2022-07-04 01:36:42 --> syntax error, unexpected '|', expecting variable (T_VARIABLE)
#0 /home/amandeep/public_html/maara/vendor/codeigniter4/framework/system/Autoloader/Autoloader.php(241): CodeIgniter\Autoloader\Autoloader->includeFile('/home/amandeep/...')
#1 /home/amandeep/public_html/maara/vendor/codeigniter4/framework/system/Autoloader/Autoloader.php(219): CodeIgniter\Autoloader\Autoloader->loadInNamespace('Psr\\SimpleCache...')
#2 [internal function]: CodeIgniter\Autoloader\Autoloader->loadClass('Psr\\SimpleCache...')
#3 /home/amandeep/public_html/maara/vendor/phpoffice/phpspreadsheet/src/PhpSpreadsheet/Collection/Memory.php(14): spl_autoload_call('Psr\\SimpleCache...')
#4 /home/amandeep/public_html/maara/vendor/codeigniter4/framework/system/Autoloader/Autoloader.php(264): include_once('/home/amandeep/...')
#5 /home/amandeep/public_html/maara/vendor/codeigniter4/framework/system/Autoloader/Autoloader.php(241): CodeIgniter\Autoloader\Autoloader->includeFile('/home/amandeep/...')
#6 /home/amandeep/public_html/maara/vendor/codeigniter4/framework/system/Autoloader/Autoloader.php(219): CodeIgniter\Autoloader\Autoloader->loadInNamespace('PhpOffice\\PhpSp...')
#7 [internal function]: CodeIgniter\Autoloader\Autoloader->loadClass('PhpOffice\\PhpSp...')
#8 /home/amandeep/public_html/maara/vendor/phpoffice/phpspreadsheet/src/PhpSpreadsheet/Settings.php(164): spl_autoload_call('PhpOffice\\PhpSp...')
#9 /home/amandeep/public_html/maara/vendor/phpoffice/phpspreadsheet/src/PhpSpreadsheet/Collection/CellsFactory.php(19): PhpOffice\PhpSpreadsheet\Settings::getCache()
#10 /home/amandeep/public_html/maara/vendor/phpoffice/phpspreadsheet/src/PhpSpreadsheet/Worksheet/Worksheet.php(366): PhpOffice\PhpSpreadsheet\Collection\CellsFactory::getInstance(Object(PhpOffice\PhpSpreadsheet\Worksheet\Worksheet))
#11 /home/amandeep/public_html/maara/vendor/phpoffice/phpspreadsheet/src/PhpSpreadsheet/Spreadsheet.php(480): PhpOffice\PhpSpreadsheet\Worksheet\Worksheet->__construct(Object(PhpOffice\PhpSpreadsheet\Spreadsheet))
#12 /home/amandeep/public_html/maara/vendor/phpoffice/phpspreadsheet/src/PhpSpreadsheet/Reader/Xls.php(636): PhpOffice\PhpSpreadsheet\Spreadsheet->__construct()
#13 /home/amandeep/public_html/maara/vendor/phpoffice/phpspreadsheet/src/PhpSpreadsheet/Reader/BaseReader.php(166): PhpOffice\PhpSpreadsheet\Reader\Xls->loadSpreadsheetFromFile('./uploads/users...')
#14 /home/amandeep/public_html/maara/vendor/phpoffice/phpspreadsheet/src/PhpSpreadsheet/IOFactory.php(102): PhpOffice\PhpSpreadsheet\Reader\BaseReader->load('./uploads/users...', 0)
#15 /home/amandeep/public_html/maara/app/Controllers/Dashboard.php(781): PhpOffice\PhpSpreadsheet\IOFactory::load('./uploads/users...')
#16 /home/amandeep/public_html/maara/vendor/codeigniter4/framework/system/CodeIgniter.php(832): App\Controllers\Dashboard->usersCSVImport()
#17 /home/amandeep/public_html/maara/vendor/codeigniter4/framework/system/CodeIgniter.php(419): CodeIgniter\CodeIgniter->runController(Object(App\Controllers\Dashboard))
#18 /home/amandeep/public_html/maara/vendor/codeigniter4/framework/system/CodeIgniter.php(326): CodeIgniter\CodeIgniter->handleRequest(NULL, Object(Config\Cache), false)
#19 /home/amandeep/public_html/maara/index.php(43): CodeIgniter\CodeIgniter->run()
#20 {main}
CRITICAL - 2022-07-04 01:41:44 --> syntax error, unexpected '|', expecting variable (T_VARIABLE)
#0 /home/amandeep/public_html/maara/vendor/codeigniter4/framework/system/Autoloader/Autoloader.php(241): CodeIgniter\Autoloader\Autoloader->includeFile('/home/amandeep/...')
#1 /home/amandeep/public_html/maara/vendor/codeigniter4/framework/system/Autoloader/Autoloader.php(219): CodeIgniter\Autoloader\Autoloader->loadInNamespace('Psr\\SimpleCache...')
#2 [internal function]: CodeIgniter\Autoloader\Autoloader->loadClass('Psr\\SimpleCache...')
#3 /home/amandeep/public_html/maara/vendor/phpoffice/phpspreadsheet/src/PhpSpreadsheet/Collection/Memory.php(14): spl_autoload_call('Psr\\SimpleCache...')
#4 /home/amandeep/public_html/maara/vendor/codeigniter4/framework/system/Autoloader/Autoloader.php(264): include_once('/home/amandeep/...')
#5 /home/amandeep/public_html/maara/vendor/codeigniter4/framework/system/Autoloader/Autoloader.php(241): CodeIgniter\Autoloader\Autoloader->includeFile('/home/amandeep/...')
#6 /home/amandeep/public_html/maara/vendor/codeigniter4/framework/system/Autoloader/Autoloader.php(219): CodeIgniter\Autoloader\Autoloader->loadInNamespace('PhpOffice\\PhpSp...')
#7 [internal function]: CodeIgniter\Autoloader\Autoloader->loadClass('PhpOffice\\PhpSp...')
#8 /home/amandeep/public_html/maara/vendor/phpoffice/phpspreadsheet/src/PhpSpreadsheet/Settings.php(164): spl_autoload_call('PhpOffice\\PhpSp...')
#9 /home/amandeep/public_html/maara/vendor/phpoffice/phpspreadsheet/src/PhpSpreadsheet/Collection/CellsFactory.php(19): PhpOffice\PhpSpreadsheet\Settings::getCache()
#10 /home/amandeep/public_html/maara/vendor/phpoffice/phpspreadsheet/src/PhpSpreadsheet/Worksheet/Worksheet.php(366): PhpOffice\PhpSpreadsheet\Collection\CellsFactory::getInstance(Object(PhpOffice\PhpSpreadsheet\Worksheet\Worksheet))
#11 /home/amandeep/public_html/maara/vendor/phpoffice/phpspreadsheet/src/PhpSpreadsheet/Spreadsheet.php(480): PhpOffice\PhpSpreadsheet\Worksheet\Worksheet->__construct(Object(PhpOffice\PhpSpreadsheet\Spreadsheet))
#12 /home/amandeep/public_html/maara/vendor/phpoffice/phpspreadsheet/src/PhpSpreadsheet/Reader/Xls.php(636): PhpOffice\PhpSpreadsheet\Spreadsheet->__construct()
#13 /home/amandeep/public_html/maara/vendor/phpoffice/phpspreadsheet/src/PhpSpreadsheet/Reader/BaseReader.php(166): PhpOffice\PhpSpreadsheet\Reader\Xls->loadSpreadsheetFromFile('./uploads/users...')
#14 /home/amandeep/public_html/maara/vendor/phpoffice/phpspreadsheet/src/PhpSpreadsheet/IOFactory.php(102): PhpOffice\PhpSpreadsheet\Reader\BaseReader->load('./uploads/users...', 0)
#15 /home/amandeep/public_html/maara/app/Controllers/Dashboard.php(785): PhpOffice\PhpSpreadsheet\IOFactory::load('./uploads/users...')
#16 /home/amandeep/public_html/maara/vendor/codeigniter4/framework/system/CodeIgniter.php(832): App\Controllers\Dashboard->usersCSVImport()
#17 /home/amandeep/public_html/maara/vendor/codeigniter4/framework/system/CodeIgniter.php(419): CodeIgniter\CodeIgniter->runController(Object(App\Controllers\Dashboard))
#18 /home/amandeep/public_html/maara/vendor/codeigniter4/framework/system/CodeIgniter.php(326): CodeIgniter\CodeIgniter->handleRequest(NULL, Object(Config\Cache), false)
#19 /home/amandeep/public_html/maara/index.php(43): CodeIgniter\CodeIgniter->run()
#20 {main}
CRITICAL - 2022-07-04 01:44:13 --> syntax error, unexpected '|', expecting variable (T_VARIABLE)
#0 /home/amandeep/public_html/maara/vendor/codeigniter4/framework/system/Autoloader/Autoloader.php(241): CodeIgniter\Autoloader\Autoloader->includeFile('/home/amandeep/...')
#1 /home/amandeep/public_html/maara/vendor/codeigniter4/framework/system/Autoloader/Autoloader.php(219): CodeIgniter\Autoloader\Autoloader->loadInNamespace('Psr\\SimpleCache...')
#2 [internal function]: CodeIgniter\Autoloader\Autoloader->loadClass('Psr\\SimpleCache...')
#3 /home/amandeep/public_html/maara/vendor/phpoffice/phpspreadsheet/src/PhpSpreadsheet/Collection/Memory.php(14): spl_autoload_call('Psr\\SimpleCache...')
#4 /home/amandeep/public_html/maara/vendor/codeigniter4/framework/system/Autoloader/Autoloader.php(264): include_once('/home/amandeep/...')
#5 /home/amandeep/public_html/maara/vendor/codeigniter4/framework/system/Autoloader/Autoloader.php(241): CodeIgniter\Autoloader\Autoloader->includeFile('/home/amandeep/...')
#6 /home/amandeep/public_html/maara/vendor/codeigniter4/framework/system/Autoloader/Autoloader.php(219): CodeIgniter\Autoloader\Autoloader->loadInNamespace('PhpOffice\\PhpSp...')
#7 [internal function]: CodeIgniter\Autoloader\Autoloader->loadClass('PhpOffice\\PhpSp...')
#8 /home/amandeep/public_html/maara/vendor/phpoffice/phpspreadsheet/src/PhpSpreadsheet/Settings.php(164): spl_autoload_call('PhpOffice\\PhpSp...')
#9 /home/amandeep/public_html/maara/vendor/phpoffice/phpspreadsheet/src/PhpSpreadsheet/Collection/CellsFactory.php(19): PhpOffice\PhpSpreadsheet\Settings::getCache()
#10 /home/amandeep/public_html/maara/vendor/phpoffice/phpspreadsheet/src/PhpSpreadsheet/Worksheet/Worksheet.php(366): PhpOffice\PhpSpreadsheet\Collection\CellsFactory::getInstance(Object(PhpOffice\PhpSpreadsheet\Worksheet\Worksheet))
#11 /home/amandeep/public_html/maara/vendor/phpoffice/phpspreadsheet/src/PhpSpreadsheet/Spreadsheet.php(480): PhpOffice\PhpSpreadsheet\Worksheet\Worksheet->__construct(Object(PhpOffice\PhpSpreadsheet\Spreadsheet))
#12 /home/amandeep/public_html/maara/vendor/phpoffice/phpspreadsheet/src/PhpSpreadsheet/Reader/Xls.php(636): PhpOffice\PhpSpreadsheet\Spreadsheet->__construct()
#13 /home/amandeep/public_html/maara/vendor/phpoffice/phpspreadsheet/src/PhpSpreadsheet/Reader/BaseReader.php(166): PhpOffice\PhpSpreadsheet\Reader\Xls->loadSpreadsheetFromFile('./uploads/users...')
#14 /home/amandeep/public_html/maara/vendor/phpoffice/phpspreadsheet/src/PhpSpreadsheet/IOFactory.php(102): PhpOffice\PhpSpreadsheet\Reader\BaseReader->load('./uploads/users...', 0)
#15 /home/amandeep/public_html/maara/app/Controllers/Dashboard.php(785): PhpOffice\PhpSpreadsheet\IOFactory::load('./uploads/users...')
#16 /home/amandeep/public_html/maara/vendor/codeigniter4/framework/system/CodeIgniter.php(832): App\Controllers\Dashboard->usersCSVImport()
#17 /home/amandeep/public_html/maara/vendor/codeigniter4/framework/system/CodeIgniter.php(419): CodeIgniter\CodeIgniter->runController(Object(App\Controllers\Dashboard))
#18 /home/amandeep/public_html/maara/vendor/codeigniter4/framework/system/CodeIgniter.php(326): CodeIgniter\CodeIgniter->handleRequest(NULL, Object(Config\Cache), false)
#19 /home/amandeep/public_html/maara/index.php(43): CodeIgniter\CodeIgniter->run()
#20 {main}
CRITICAL - 2022-07-04 01:46:02 --> Could not find zip member zip://./uploads/usersCSV/1656670644_c22591ab91ee6e38a921.xls#_rels/.rels
#0 /home/amandeep/public_html/maara/vendor/phpoffice/phpspreadsheet/src/PhpSpreadsheet/Reader/Xlsx.php(393): PhpOffice\PhpSpreadsheet\Shared\File::assertFile('./uploads/users...', '_rels/.rels')
#1 /home/amandeep/public_html/maara/vendor/phpoffice/phpspreadsheet/src/PhpSpreadsheet/Reader/BaseReader.php(166): PhpOffice\PhpSpreadsheet\Reader\Xlsx->loadSpreadsheetFromFile('./uploads/users...')
#2 /home/amandeep/public_html/maara/app/Controllers/Dashboard.php(785): PhpOffice\PhpSpreadsheet\Reader\BaseReader->load('./uploads/users...')
#3 /home/amandeep/public_html/maara/vendor/codeigniter4/framework/system/CodeIgniter.php(832): App\Controllers\Dashboard->usersCSVImport()
#4 /home/amandeep/public_html/maara/vendor/codeigniter4/framework/system/CodeIgniter.php(419): CodeIgniter\CodeIgniter->runController(Object(App\Controllers\Dashboard))
#5 /home/amandeep/public_html/maara/vendor/codeigniter4/framework/system/CodeIgniter.php(326): CodeIgniter\CodeIgniter->handleRequest(NULL, Object(Config\Cache), false)
#6 /home/amandeep/public_html/maara/index.php(43): CodeIgniter\CodeIgniter->run()
#7 {main}
CRITICAL - 2022-07-04 01:49:29 --> File "1656670644_c22591ab91ee6e38a921.xls" does not exist.
#0 /home/amandeep/public_html/maara/vendor/phpoffice/phpspreadsheet/src/PhpSpreadsheet/Reader/Xlsx.php(393): PhpOffice\PhpSpreadsheet\Shared\File::assertFile('1656670644_c225...', '_rels/.rels')
#1 /home/amandeep/public_html/maara/vendor/phpoffice/phpspreadsheet/src/PhpSpreadsheet/Reader/BaseReader.php(166): PhpOffice\PhpSpreadsheet\Reader\Xlsx->loadSpreadsheetFromFile('1656670644_c225...')
#2 /home/amandeep/public_html/maara/app/Controllers/Dashboard.php(785): PhpOffice\PhpSpreadsheet\Reader\BaseReader->load('1656670644_c225...')
#3 /home/amandeep/public_html/maara/vendor/codeigniter4/framework/system/CodeIgniter.php(832): App\Controllers\Dashboard->usersCSVImport()
#4 /home/amandeep/public_html/maara/vendor/codeigniter4/framework/system/CodeIgniter.php(419): CodeIgniter\CodeIgniter->runController(Object(App\Controllers\Dashboard))
#5 /home/amandeep/public_html/maara/vendor/codeigniter4/framework/system/CodeIgniter.php(326): CodeIgniter\CodeIgniter->handleRequest(NULL, Object(Config\Cache), false)
#6 /home/amandeep/public_html/maara/index.php(43): CodeIgniter\CodeIgniter->run()
#7 {main}
CRITICAL - 2022-07-04 01:49:46 --> Could not find zip member zip://./uploads/usersCSV/1656670644_c22591ab91ee6e38a921.xls#_rels/.rels
#0 /home/amandeep/public_html/maara/vendor/phpoffice/phpspreadsheet/src/PhpSpreadsheet/Reader/Xlsx.php(393): PhpOffice\PhpSpreadsheet\Shared\File::assertFile('./uploads/users...', '_rels/.rels')
#1 /home/amandeep/public_html/maara/vendor/phpoffice/phpspreadsheet/src/PhpSpreadsheet/Reader/BaseReader.php(166): PhpOffice\PhpSpreadsheet\Reader\Xlsx->loadSpreadsheetFromFile('./uploads/users...')
#2 /home/amandeep/public_html/maara/app/Controllers/Dashboard.php(785): PhpOffice\PhpSpreadsheet\Reader\BaseReader->load('./uploads/users...')
#3 /home/amandeep/public_html/maara/vendor/codeigniter4/framework/system/CodeIgniter.php(832): App\Controllers\Dashboard->usersCSVImport()
#4 /home/amandeep/public_html/maara/vendor/codeigniter4/framework/system/CodeIgniter.php(419): CodeIgniter\CodeIgniter->runController(Object(App\Controllers\Dashboard))
#5 /home/amandeep/public_html/maara/vendor/codeigniter4/framework/system/CodeIgniter.php(326): CodeIgniter\CodeIgniter->handleRequest(NULL, Object(Config\Cache), false)
#6 /home/amandeep/public_html/maara/index.php(43): CodeIgniter\CodeIgniter->run()
#7 {main}
CRITICAL - 2022-07-04 01:50:42 --> syntax error, unexpected '|', expecting variable (T_VARIABLE)
#0 /home/amandeep/public_html/maara/vendor/codeigniter4/framework/system/Autoloader/Autoloader.php(241): CodeIgniter\Autoloader\Autoloader->includeFile('/home/amandeep/...')
#1 /home/amandeep/public_html/maara/vendor/codeigniter4/framework/system/Autoloader/Autoloader.php(219): CodeIgniter\Autoloader\Autoloader->loadInNamespace('Psr\\SimpleCache...')
#2 [internal function]: CodeIgniter\Autoloader\Autoloader->loadClass('Psr\\SimpleCache...')
#3 /home/amandeep/public_html/maara/vendor/phpoffice/phpspreadsheet/src/PhpSpreadsheet/Collection/Memory.php(14): spl_autoload_call('Psr\\SimpleCache...')
#4 /home/amandeep/public_html/maara/vendor/codeigniter4/framework/system/Autoloader/Autoloader.php(264): include_once('/home/amandeep/...')
#5 /home/amandeep/public_html/maara/vendor/codeigniter4/framework/system/Autoloader/Autoloader.php(241): CodeIgniter\Autoloader\Autoloader->includeFile('/home/amandeep/...')
#6 /home/amandeep/public_html/maara/vendor/codeigniter4/framework/system/Autoloader/Autoloader.php(219): CodeIgniter\Autoloader\Autoloader->loadInNamespace('PhpOffice\\PhpSp...')
#7 [internal function]: CodeIgniter\Autoloader\Autoloader->loadClass('PhpOffice\\PhpSp...')
#8 /home/amandeep/public_html/maara/vendor/phpoffice/phpspreadsheet/src/PhpSpreadsheet/Settings.php(164): spl_autoload_call('PhpOffice\\PhpSp...')
#9 /home/amandeep/public_html/maara/vendor/phpoffice/phpspreadsheet/src/PhpSpreadsheet/Collection/CellsFactory.php(19): PhpOffice\PhpSpreadsheet\Settings::getCache()
#10 /home/amandeep/public_html/maara/vendor/phpoffice/phpspreadsheet/src/PhpSpreadsheet/Worksheet/Worksheet.php(366): PhpOffice\PhpSpreadsheet\Collection\CellsFactory::getInstance(Object(PhpOffice\PhpSpreadsheet\Worksheet\Worksheet))
#11 /home/amandeep/public_html/maara/vendor/phpoffice/phpspreadsheet/src/PhpSpreadsheet/Spreadsheet.php(480): PhpOffice\PhpSpreadsheet\Worksheet\Worksheet->__construct(Object(PhpOffice\PhpSpreadsheet\Spreadsheet))
#12 /home/amandeep/public_html/maara/vendor/phpoffice/phpspreadsheet/src/PhpSpreadsheet/Reader/Xls.php(636): PhpOffice\PhpSpreadsheet\Spreadsheet->__construct()
#13 /home/amandeep/public_html/maara/vendor/phpoffice/phpspreadsheet/src/PhpSpreadsheet/Reader/BaseReader.php(166): PhpOffice\PhpSpreadsheet\Reader\Xls->loadSpreadsheetFromFile('./uploads/users...')
#14 /home/amandeep/public_html/maara/app/Controllers/Dashboard.php(785): PhpOffice\PhpSpreadsheet\Reader\BaseReader->load('./uploads/users...')
#15 /home/amandeep/public_html/maara/vendor/codeigniter4/framework/system/CodeIgniter.php(832): App\Controllers\Dashboard->usersCSVImport()
#16 /home/amandeep/public_html/maara/vendor/codeigniter4/framework/system/CodeIgniter.php(419): CodeIgniter\CodeIgniter->runController(Object(App\Controllers\Dashboard))
#17 /home/amandeep/public_html/maara/vendor/codeigniter4/framework/system/CodeIgniter.php(326): CodeIgniter\CodeIgniter->handleRequest(NULL, Object(Config\Cache), false)
#18 /home/amandeep/public_html/maara/index.php(43): CodeIgniter\CodeIgniter->run()
#19 {main}
CRITICAL - 2022-07-04 01:52:31 --> syntax error, unexpected '|', expecting variable (T_VARIABLE)
#0 /home/amandeep/public_html/maara/vendor/codeigniter4/framework/system/Autoloader/Autoloader.php(241): CodeIgniter\Autoloader\Autoloader->includeFile('/home/amandeep/...')
#1 /home/amandeep/public_html/maara/vendor/codeigniter4/framework/system/Autoloader/Autoloader.php(219): CodeIgniter\Autoloader\Autoloader->loadInNamespace('Psr\\SimpleCache...')
#2 [internal function]: CodeIgniter\Autoloader\Autoloader->loadClass('Psr\\SimpleCache...')
#3 /home/amandeep/public_html/maara/vendor/phpoffice/phpspreadsheet/src/PhpSpreadsheet/Collection/Memory.php(14): spl_autoload_call('Psr\\SimpleCache...')
#4 /home/amandeep/public_html/maara/vendor/codeigniter4/framework/system/Autoloader/Autoloader.php(264): include_once('/home/amandeep/...')
#5 /home/amandeep/public_html/maara/vendor/codeigniter4/framework/system/Autoloader/Autoloader.php(241): CodeIgniter\Autoloader\Autoloader->includeFile('/home/amandeep/...')
#6 /home/amandeep/public_html/maara/vendor/codeigniter4/framework/system/Autoloader/Autoloader.php(219): CodeIgniter\Autoloader\Autoloader->loadInNamespace('PhpOffice\\PhpSp...')
#7 [internal function]: CodeIgniter\Autoloader\Autoloader->loadClass('PhpOffice\\PhpSp...')
#8 /home/amandeep/public_html/maara/vendor/phpoffice/phpspreadsheet/src/PhpSpreadsheet/Settings.php(164): spl_autoload_call('PhpOffice\\PhpSp...')
#9 /home/amandeep/public_html/maara/vendor/phpoffice/phpspreadsheet/src/PhpSpreadsheet/Collection/CellsFactory.php(19): PhpOffice\PhpSpreadsheet\Settings::getCache()
#10 /home/amandeep/public_html/maara/vendor/phpoffice/phpspreadsheet/src/PhpSpreadsheet/Worksheet/Worksheet.php(366): PhpOffice\PhpSpreadsheet\Collection\CellsFactory::getInstance(Object(PhpOffice\PhpSpreadsheet\Worksheet\Worksheet))
#11 /home/amandeep/public_html/maara/vendor/phpoffice/phpspreadsheet/src/PhpSpreadsheet/Spreadsheet.php(480): PhpOffice\PhpSpreadsheet\Worksheet\Worksheet->__construct(Object(PhpOffice\PhpSpreadsheet\Spreadsheet))
#12 /home/amandeep/public_html/maara/vendor/phpoffice/phpspreadsheet/src/PhpSpreadsheet/Reader/Xls.php(636): PhpOffice\PhpSpreadsheet\Spreadsheet->__construct()
#13 /home/amandeep/public_html/maara/vendor/phpoffice/phpspreadsheet/src/PhpSpreadsheet/Reader/BaseReader.php(166): PhpOffice\PhpSpreadsheet\Reader\Xls->loadSpreadsheetFromFile('./uploads/users...')
#14 /home/amandeep/public_html/maara/app/Controllers/Dashboard.php(785): PhpOffice\PhpSpreadsheet\Reader\BaseReader->load('./uploads/users...')
#15 /home/amandeep/public_html/maara/vendor/codeigniter4/framework/system/CodeIgniter.php(832): App\Controllers\Dashboard->usersCSVImport()
#16 /home/amandeep/public_html/maara/vendor/codeigniter4/framework/system/CodeIgniter.php(419): CodeIgniter\CodeIgniter->runController(Object(App\Controllers\Dashboard))
#17 /home/amandeep/public_html/maara/vendor/codeigniter4/framework/system/CodeIgniter.php(326): CodeIgniter\CodeIgniter->handleRequest(NULL, Object(Config\Cache), false)
#18 /home/amandeep/public_html/maara/index.php(43): CodeIgniter\CodeIgniter->run()
#19 {main}
CRITICAL - 2022-07-04 01:53:39 --> File "RetailerAddProductExcel.xls" does not exist.
#0 /home/amandeep/public_html/maara/vendor/phpoffice/phpspreadsheet/src/PhpSpreadsheet/IOFactory.php(129): PhpOffice\PhpSpreadsheet\Shared\File::assertFile('RetailerAddProd...')
#1 /home/amandeep/public_html/maara/vendor/phpoffice/phpspreadsheet/src/PhpSpreadsheet/IOFactory.php(100): PhpOffice\PhpSpreadsheet\IOFactory::createReaderForFile('RetailerAddProd...', NULL)
#2 /home/amandeep/public_html/maara/app/Controllers/Dashboard.php(784): PhpOffice\PhpSpreadsheet\IOFactory::load('RetailerAddProd...')
#3 /home/amandeep/public_html/maara/vendor/codeigniter4/framework/system/CodeIgniter.php(832): App\Controllers\Dashboard->usersCSVImport()
#4 /home/amandeep/public_html/maara/vendor/codeigniter4/framework/system/CodeIgniter.php(419): CodeIgniter\CodeIgniter->runController(Object(App\Controllers\Dashboard))
#5 /home/amandeep/public_html/maara/vendor/codeigniter4/framework/system/CodeIgniter.php(326): CodeIgniter\CodeIgniter->handleRequest(NULL, Object(Config\Cache), false)
#6 /home/amandeep/public_html/maara/index.php(43): CodeIgniter\CodeIgniter->run()
#7 {main}
CRITICAL - 2022-07-04 01:54:37 --> syntax error, unexpected '|', expecting variable (T_VARIABLE)
#0 /home/amandeep/public_html/maara/vendor/codeigniter4/framework/system/Autoloader/Autoloader.php(241): CodeIgniter\Autoloader\Autoloader->includeFile('/home/amandeep/...')
#1 /home/amandeep/public_html/maara/vendor/codeigniter4/framework/system/Autoloader/Autoloader.php(219): CodeIgniter\Autoloader\Autoloader->loadInNamespace('Psr\\SimpleCache...')
#2 [internal function]: CodeIgniter\Autoloader\Autoloader->loadClass('Psr\\SimpleCache...')
#3 /home/amandeep/public_html/maara/vendor/phpoffice/phpspreadsheet/src/PhpSpreadsheet/Collection/Memory.php(14): spl_autoload_call('Psr\\SimpleCache...')
#4 /home/amandeep/public_html/maara/vendor/codeigniter4/framework/system/Autoloader/Autoloader.php(264): include_once('/home/amandeep/...')
#5 /home/amandeep/public_html/maara/vendor/codeigniter4/framework/system/Autoloader/Autoloader.php(241): CodeIgniter\Autoloader\Autoloader->includeFile('/home/amandeep/...')
#6 /home/amandeep/public_html/maara/vendor/codeigniter4/framework/system/Autoloader/Autoloader.php(219): CodeIgniter\Autoloader\Autoloader->loadInNamespace('PhpOffice\\PhpSp...')
#7 [internal function]: CodeIgniter\Autoloader\Autoloader->loadClass('PhpOffice\\PhpSp...')
#8 /home/amandeep/public_html/maara/vendor/phpoffice/phpspreadsheet/src/PhpSpreadsheet/Settings.php(164): spl_autoload_call('PhpOffice\\PhpSp...')
#9 /home/amandeep/public_html/maara/vendor/phpoffice/phpspreadsheet/src/PhpSpreadsheet/Collection/CellsFactory.php(19): PhpOffice\PhpSpreadsheet\Settings::getCache()
#10 /home/amandeep/public_html/maara/vendor/phpoffice/phpspreadsheet/src/PhpSpreadsheet/Worksheet/Worksheet.php(366): PhpOffice\PhpSpreadsheet\Collection\CellsFactory::getInstance(Object(PhpOffice\PhpSpreadsheet\Worksheet\Worksheet))
#11 /home/amandeep/public_html/maara/vendor/phpoffice/phpspreadsheet/src/PhpSpreadsheet/Spreadsheet.php(480): PhpOffice\PhpSpreadsheet\Worksheet\Worksheet->__construct(Object(PhpOffice\PhpSpreadsheet\Spreadsheet))
#12 /home/amandeep/public_html/maara/vendor/phpoffice/phpspreadsheet/src/PhpSpreadsheet/Reader/Xls.php(636): PhpOffice\PhpSpreadsheet\Spreadsheet->__construct()
#13 /home/amandeep/public_html/maara/vendor/phpoffice/phpspreadsheet/src/PhpSpreadsheet/Reader/BaseReader.php(166): PhpOffice\PhpSpreadsheet\Reader\Xls->loadSpreadsheetFromFile('./uploads/users...')
#14 /home/amandeep/public_html/maara/vendor/phpoffice/phpspreadsheet/src/PhpSpreadsheet/IOFactory.php(102): PhpOffice\PhpSpreadsheet\Reader\BaseReader->load('./uploads/users...', 0)
#15 /home/amandeep/public_html/maara/app/Controllers/Dashboard.php(784): PhpOffice\PhpSpreadsheet\IOFactory::load('./uploads/users...')
#16 /home/amandeep/public_html/maara/vendor/codeigniter4/framework/system/CodeIgniter.php(832): App\Controllers\Dashboard->usersCSVImport()
#17 /home/amandeep/public_html/maara/vendor/codeigniter4/framework/system/CodeIgniter.php(419): CodeIgniter\CodeIgniter->runController(Object(App\Controllers\Dashboard))
#18 /home/amandeep/public_html/maara/vendor/codeigniter4/framework/system/CodeIgniter.php(326): CodeIgniter\CodeIgniter->handleRequest(NULL, Object(Config\Cache), false)
#19 /home/amandeep/public_html/maara/index.php(43): CodeIgniter\CodeIgniter->run()
#20 {main}
CRITICAL - 2022-07-04 02:15:26 --> syntax error, unexpected '|', expecting variable (T_VARIABLE)
#0 /home/amandeep/public_html/maara/vendor/codeigniter4/framework/system/Autoloader/Autoloader.php(241): CodeIgniter\Autoloader\Autoloader->includeFile('/home/amandeep/...')
#1 /home/amandeep/public_html/maara/vendor/codeigniter4/framework/system/Autoloader/Autoloader.php(219): CodeIgniter\Autoloader\Autoloader->loadInNamespace('Psr\\SimpleCache...')
#2 [internal function]: CodeIgniter\Autoloader\Autoloader->loadClass('Psr\\SimpleCache...')
#3 /home/amandeep/public_html/maara/vendor/phpoffice/phpspreadsheet/src/PhpSpreadsheet/Collection/Memory.php(14): spl_autoload_call('Psr\\SimpleCache...')
#4 /home/amandeep/public_html/maara/vendor/codeigniter4/framework/system/Autoloader/Autoloader.php(264): include_once('/home/amandeep/...')
#5 /home/amandeep/public_html/maara/vendor/codeigniter4/framework/system/Autoloader/Autoloader.php(241): CodeIgniter\Autoloader\Autoloader->includeFile('/home/amandeep/...')
#6 /home/amandeep/public_html/maara/vendor/codeigniter4/framework/system/Autoloader/Autoloader.php(219): CodeIgniter\Autoloader\Autoloader->loadInNamespace('PhpOffice\\PhpSp...')
#7 [internal function]: CodeIgniter\Autoloader\Autoloader->loadClass('PhpOffice\\PhpSp...')
#8 /home/amandeep/public_html/maara/vendor/phpoffice/phpspreadsheet/src/PhpSpreadsheet/Settings.php(164): spl_autoload_call('PhpOffice\\PhpSp...')
#9 /home/amandeep/public_html/maara/vendor/phpoffice/phpspreadsheet/src/PhpSpreadsheet/Collection/CellsFactory.php(19): PhpOffice\PhpSpreadsheet\Settings::getCache()
#10 /home/amandeep/public_html/maara/vendor/phpoffice/phpspreadsheet/src/PhpSpreadsheet/Worksheet/Worksheet.php(366): PhpOffice\PhpSpreadsheet\Collection\CellsFactory::getInstance(Object(PhpOffice\PhpSpreadsheet\Worksheet\Worksheet))
#11 /home/amandeep/public_html/maara/vendor/phpoffice/phpspreadsheet/src/PhpSpreadsheet/Spreadsheet.php(480): PhpOffice\PhpSpreadsheet\Worksheet\Worksheet->__construct(Object(PhpOffice\PhpSpreadsheet\Spreadsheet))
#12 /home/amandeep/public_html/maara/vendor/phpoffice/phpspreadsheet/src/PhpSpreadsheet/Reader/Xls.php(636): PhpOffice\PhpSpreadsheet\Spreadsheet->__construct()
#13 /home/amandeep/public_html/maara/vendor/phpoffice/phpspreadsheet/src/PhpSpreadsheet/Reader/BaseReader.php(166): PhpOffice\PhpSpreadsheet\Reader\Xls->loadSpreadsheetFromFile('./uploads/users...')
#14 /home/amandeep/public_html/maara/vendor/phpoffice/phpspreadsheet/src/PhpSpreadsheet/IOFactory.php(102): PhpOffice\PhpSpreadsheet\Reader\BaseReader->load('./uploads/users...', 0)
#15 /home/amandeep/public_html/maara/app/Controllers/Dashboard.php(784): PhpOffice\PhpSpreadsheet\IOFactory::load('./uploads/users...')
#16 /home/amandeep/public_html/maara/vendor/codeigniter4/framework/system/CodeIgniter.php(832): App\Controllers\Dashboard->usersCSVImport()
#17 /home/amandeep/public_html/maara/vendor/codeigniter4/framework/system/CodeIgniter.php(419): CodeIgniter\CodeIgniter->runController(Object(App\Controllers\Dashboard))
#18 /home/amandeep/public_html/maara/vendor/codeigniter4/framework/system/CodeIgniter.php(326): CodeIgniter\CodeIgniter->handleRequest(NULL, Object(Config\Cache), false)
#19 /home/amandeep/public_html/maara/index.php(43): CodeIgniter\CodeIgniter->run()
#20 {main}
CRITICAL - 2022-07-04 02:15:30 --> syntax error, unexpected '|', expecting variable (T_VARIABLE)
#0 /home/amandeep/public_html/maara/vendor/codeigniter4/framework/system/Autoloader/Autoloader.php(241): CodeIgniter\Autoloader\Autoloader->includeFile('/home/amandeep/...')
#1 /home/amandeep/public_html/maara/vendor/codeigniter4/framework/system/Autoloader/Autoloader.php(219): CodeIgniter\Autoloader\Autoloader->loadInNamespace('Psr\\SimpleCache...')
#2 [internal function]: CodeIgniter\Autoloader\Autoloader->loadClass('Psr\\SimpleCache...')
#3 /home/amandeep/public_html/maara/vendor/phpoffice/phpspreadsheet/src/PhpSpreadsheet/Collection/Memory.php(14): spl_autoload_call('Psr\\SimpleCache...')
#4 /home/amandeep/public_html/maara/vendor/codeigniter4/framework/system/Autoloader/Autoloader.php(264): include_once('/home/amandeep/...')
#5 /home/amandeep/public_html/maara/vendor/codeigniter4/framework/system/Autoloader/Autoloader.php(241): CodeIgniter\Autoloader\Autoloader->includeFile('/home/amandeep/...')
#6 /home/amandeep/public_html/maara/vendor/codeigniter4/framework/system/Autoloader/Autoloader.php(219): CodeIgniter\Autoloader\Autoloader->loadInNamespace('PhpOffice\\PhpSp...')
#7 [internal function]: CodeIgniter\Autoloader\Autoloader->loadClass('PhpOffice\\PhpSp...')
#8 /home/amandeep/public_html/maara/vendor/phpoffice/phpspreadsheet/src/PhpSpreadsheet/Settings.php(164): spl_autoload_call('PhpOffice\\PhpSp...')
#9 /home/amandeep/public_html/maara/vendor/phpoffice/phpspreadsheet/src/PhpSpreadsheet/Collection/CellsFactory.php(19): PhpOffice\PhpSpreadsheet\Settings::getCache()
#10 /home/amandeep/public_html/maara/vendor/phpoffice/phpspreadsheet/src/PhpSpreadsheet/Worksheet/Worksheet.php(366): PhpOffice\PhpSpreadsheet\Collection\CellsFactory::getInstance(Object(PhpOffice\PhpSpreadsheet\Worksheet\Worksheet))
#11 /home/amandeep/public_html/maara/vendor/phpoffice/phpspreadsheet/src/PhpSpreadsheet/Spreadsheet.php(480): PhpOffice\PhpSpreadsheet\Worksheet\Worksheet->__construct(Object(PhpOffice\PhpSpreadsheet\Spreadsheet))
#12 /home/amandeep/public_html/maara/vendor/phpoffice/phpspreadsheet/src/PhpSpreadsheet/Reader/Xls.php(636): PhpOffice\PhpSpreadsheet\Spreadsheet->__construct()
#13 /home/amandeep/public_html/maara/vendor/phpoffice/phpspreadsheet/src/PhpSpreadsheet/Reader/BaseReader.php(166): PhpOffice\PhpSpreadsheet\Reader\Xls->loadSpreadsheetFromFile('./uploads/users...')
#14 /home/amandeep/public_html/maara/vendor/phpoffice/phpspreadsheet/src/PhpSpreadsheet/IOFactory.php(102): PhpOffice\PhpSpreadsheet\Reader\BaseReader->load('./uploads/users...', 0)
#15 /home/amandeep/public_html/maara/app/Controllers/Dashboard.php(784): PhpOffice\PhpSpreadsheet\IOFactory::load('./uploads/users...')
#16 /home/amandeep/public_html/maara/vendor/codeigniter4/framework/system/CodeIgniter.php(832): App\Controllers\Dashboard->usersCSVImport()
#17 /home/amandeep/public_html/maara/vendor/codeigniter4/framework/system/CodeIgniter.php(419): CodeIgniter\CodeIgniter->runController(Object(App\Controllers\Dashboard))
#18 /home/amandeep/public_html/maara/vendor/codeigniter4/framework/system/CodeIgniter.php(326): CodeIgniter\CodeIgniter->handleRequest(NULL, Object(Config\Cache), false)
#19 /home/amandeep/public_html/maara/index.php(43): CodeIgniter\CodeIgniter->run()
#20 {main}
ERROR - 2022-07-04 02:42:59 --> You have an error in your SQL syntax; check the manual that corresponds to your MySQL server version for the right syntax to use near '' at line 6
CRITICAL - 2022-07-04 02:42:59 --> Call to a member function orWhere() on bool
#0 /home/amandeep/public_html/maara/vendor/codeigniter4/framework/system/CodeIgniter.php(832): App\Controllers\Home->connectionUserDetail()
#1 /home/amandeep/public_html/maara/vendor/codeigniter4/framework/system/CodeIgniter.php(419): CodeIgniter\CodeIgniter->runController(Object(App\Controllers\Home))
#2 /home/amandeep/public_html/maara/vendor/codeigniter4/framework/system/CodeIgniter.php(326): CodeIgniter\CodeIgniter->handleRequest(NULL, Object(Config\Cache), false)
#3 /home/amandeep/public_html/maara/index.php(43): CodeIgniter\CodeIgniter->run()
#4 {main}
CRITICAL - 2022-07-04 02:43:22 --> Call to undefined method CodeIgniter\Database\MySQLi\Result::orWhere()
#0 /home/amandeep/public_html/maara/vendor/codeigniter4/framework/system/CodeIgniter.php(832): App\Controllers\Home->connectionUserDetail()
#1 /home/amandeep/public_html/maara/vendor/codeigniter4/framework/system/CodeIgniter.php(419): CodeIgniter\CodeIgniter->runController(Object(App\Controllers\Home))
#2 /home/amandeep/public_html/maara/vendor/codeigniter4/framework/system/CodeIgniter.php(326): CodeIgniter\CodeIgniter->handleRequest(NULL, Object(Config\Cache), false)
#3 /home/amandeep/public_html/maara/index.php(43): CodeIgniter\CodeIgniter->run()
#4 {main}
CRITICAL - 2022-07-04 02:50:26 --> Too few arguments to function CodeIgniter\Database\BaseBuilder::orWhere(), 0 passed in /home/amandeep/public_html/maara/app/Config/Services.php on line 116 and at least 1 expected
#0 /home/amandeep/public_html/maara/app/Config/Services.php(116): CodeIgniter\Database\BaseBuilder->orWhere()
#1 /home/amandeep/public_html/maara/app/Controllers/Home.php(1171): Config\Services::getConnectedUserStatus('61', 95)
#2 /home/amandeep/public_html/maara/vendor/codeigniter4/framework/system/CodeIgniter.php(832): App\Controllers\Home->connectionUserDetail()
#3 /home/amandeep/public_html/maara/vendor/codeigniter4/framework/system/CodeIgniter.php(419): CodeIgniter\CodeIgniter->runController(Object(App\Controllers\Home))
#4 /home/amandeep/public_html/maara/vendor/codeigniter4/framework/system/CodeIgniter.php(326): CodeIgniter\CodeIgniter->handleRequest(NULL, Object(Config\Cache), false)
#5 /home/amandeep/public_html/maara/index.php(43): CodeIgniter\CodeIgniter->run()
#6 {main}
CRITICAL - 2022-07-04 03:03:36 --> Too few arguments to function Config\Services::getConnectedUserStatus(), 2 passed in /home/amandeep/public_html/maara/app/Controllers/Home.php on line 1171 and exactly 4 expected
#0 /home/amandeep/public_html/maara/app/Controllers/Home.php(1171): Config\Services::getConnectedUserStatus('66', 95)
#1 /home/amandeep/public_html/maara/vendor/codeigniter4/framework/system/CodeIgniter.php(832): App\Controllers\Home->connectionUserDetail()
#2 /home/amandeep/public_html/maara/vendor/codeigniter4/framework/system/CodeIgniter.php(419): CodeIgniter\CodeIgniter->runController(Object(App\Controllers\Home))
#3 /home/amandeep/public_html/maara/vendor/codeigniter4/framework/system/CodeIgniter.php(326): CodeIgniter\CodeIgniter->handleRequest(NULL, Object(Config\Cache), false)
#4 /home/amandeep/public_html/maara/index.php(43): CodeIgniter\CodeIgniter->run()
#5 {main}
ERROR - 2022-07-04 03:06:54 --> Unknown column 'c.profileType' in 'where clause'
CRITICAL - 2022-07-04 03:06:54 --> Call to a member function getRowArray() on bool
#0 /home/amandeep/public_html/maara/app/Controllers/Home.php(1171): Config\Services::getConnectedUserStatus('61', 95, 'public', 'public')
#1 /home/amandeep/public_html/maara/vendor/codeigniter4/framework/system/CodeIgniter.php(832): App\Controllers\Home->connectionUserDetail()
#2 /home/amandeep/public_html/maara/vendor/codeigniter4/framework/system/CodeIgniter.php(419): CodeIgniter\CodeIgniter->runController(Object(App\Controllers\Home))
#3 /home/amandeep/public_html/maara/vendor/codeigniter4/framework/system/CodeIgniter.php(326): CodeIgniter\CodeIgniter->handleRequest(NULL, Object(Config\Cache), false)
#4 /home/amandeep/public_html/maara/index.php(43): CodeIgniter\CodeIgniter->run()
#5 {main}
CRITICAL - 2022-07-04 05:14:39 --> Call to undefined method App\Controllers\User::updateStatusOfUsers()
#0 /home/amandeep/public_html/maara/vendor/codeigniter4/framework/system/CodeIgniter.php(832): App\Controllers\User->userStatus()
#1 /home/amandeep/public_html/maara/vendor/codeigniter4/framework/system/CodeIgniter.php(419): CodeIgniter\CodeIgniter->runController(Object(App\Controllers\User))
#2 /home/amandeep/public_html/maara/vendor/codeigniter4/framework/system/CodeIgniter.php(326): CodeIgniter\CodeIgniter->handleRequest(NULL, Object(Config\Cache), false)
#3 /home/amandeep/public_html/maara/index.php(43): CodeIgniter\CodeIgniter->run()
#4 {main}
CRITICAL - 2022-07-04 05:15:31 --> Call to undefined method App\Controllers\User::updateStatusOfUsers()
#0 /home/amandeep/public_html/maara/vendor/codeigniter4/framework/system/CodeIgniter.php(832): App\Controllers\User->userStatus()
#1 /home/amandeep/public_html/maara/vendor/codeigniter4/framework/system/CodeIgniter.php(419): CodeIgniter\CodeIgniter->runController(Object(App\Controllers\User))
#2 /home/amandeep/public_html/maara/vendor/codeigniter4/framework/system/CodeIgniter.php(326): CodeIgniter\CodeIgniter->handleRequest(NULL, Object(Config\Cache), false)
#3 /home/amandeep/public_html/maara/index.php(43): CodeIgniter\CodeIgniter->run()
#4 {main}
CRITICAL - 2022-07-04 05:19:21 --> Call to undefined method App\Controllers\User::updateStatusOfUsers()
#0 /home/amandeep/public_html/maara/vendor/codeigniter4/framework/system/CodeIgniter.php(832): App\Controllers\User->userStatus()
#1 /home/amandeep/public_html/maara/vendor/codeigniter4/framework/system/CodeIgniter.php(419): CodeIgniter\CodeIgniter->runController(Object(App\Controllers\User))
#2 /home/amandeep/public_html/maara/vendor/codeigniter4/framework/system/CodeIgniter.php(326): CodeIgniter\CodeIgniter->handleRequest(NULL, Object(Config\Cache), false)
#3 /home/amandeep/public_html/maara/index.php(43): CodeIgniter\CodeIgniter->run()
#4 {main}
CRITICAL - 2022-07-04 05:21:55 --> Call to undefined method App\Controllers\User::updateStatusOfUsers()
#0 /home/amandeep/public_html/maara/vendor/codeigniter4/framework/system/CodeIgniter.php(832): App\Controllers\User->userStatus()
#1 /home/amandeep/public_html/maara/vendor/codeigniter4/framework/system/CodeIgniter.php(419): CodeIgniter\CodeIgniter->runController(Object(App\Controllers\User))
#2 /home/amandeep/public_html/maara/vendor/codeigniter4/framework/system/CodeIgniter.php(326): CodeIgniter\CodeIgniter->handleRequest(NULL, Object(Config\Cache), false)
#3 /home/amandeep/public_html/maara/index.php(43): CodeIgniter\CodeIgniter->run()
#4 {main}
CRITICAL - 2022-07-04 05:22:37 --> Call to undefined method App\Controllers\User::updateStatusOfUsers()
#0 /home/amandeep/public_html/maara/vendor/codeigniter4/framework/system/CodeIgniter.php(832): App\Controllers\User->userStatus()
#1 /home/amandeep/public_html/maara/vendor/codeigniter4/framework/system/CodeIgniter.php(419): CodeIgniter\CodeIgniter->runController(Object(App\Controllers\User))
#2 /home/amandeep/public_html/maara/vendor/codeigniter4/framework/system/CodeIgniter.php(326): CodeIgniter\CodeIgniter->handleRequest(NULL, Object(Config\Cache), false)
#3 /home/amandeep/public_html/maara/index.php(43): CodeIgniter\CodeIgniter->run()
#4 {main}
CRITICAL - 2022-07-04 05:23:16 --> Call to undefined method App\Controllers\User::updateStatusOfUsers()
#0 /home/amandeep/public_html/maara/vendor/codeigniter4/framework/system/CodeIgniter.php(832): App\Controllers\User->userStatus()
#1 /home/amandeep/public_html/maara/vendor/codeigniter4/framework/system/CodeIgniter.php(419): CodeIgniter\CodeIgniter->runController(Object(App\Controllers\User))
#2 /home/amandeep/public_html/maara/vendor/codeigniter4/framework/system/CodeIgniter.php(326): CodeIgniter\CodeIgniter->handleRequest(NULL, Object(Config\Cache), false)
#3 /home/amandeep/public_html/maara/index.php(43): CodeIgniter\CodeIgniter->run()
#4 {main}
CRITICAL - 2022-07-04 05:23:28 --> Call to undefined method App\Controllers\User::updateStatusOfUsers()
#0 /home/amandeep/public_html/maara/vendor/codeigniter4/framework/system/CodeIgniter.php(832): App\Controllers\User->userStatus()
#1 /home/amandeep/public_html/maara/vendor/codeigniter4/framework/system/CodeIgniter.php(419): CodeIgniter\CodeIgniter->runController(Object(App\Controllers\User))
#2 /home/amandeep/public_html/maara/vendor/codeigniter4/framework/system/CodeIgniter.php(326): CodeIgniter\CodeIgniter->handleRequest(NULL, Object(Config\Cache), false)
#3 /home/amandeep/public_html/maara/index.php(43): CodeIgniter\CodeIgniter->run()
#4 {main}
CRITICAL - 2022-07-04 05:25:44 --> Call to undefined method App\Controllers\User::updateStatusOfUsers()
#0 /home/amandeep/public_html/maara/vendor/codeigniter4/framework/system/CodeIgniter.php(832): App\Controllers\User->userStatus()
#1 /home/amandeep/public_html/maara/vendor/codeigniter4/framework/system/CodeIgniter.php(419): CodeIgniter\CodeIgniter->runController(Object(App\Controllers\User))
#2 /home/amandeep/public_html/maara/vendor/codeigniter4/framework/system/CodeIgniter.php(326): CodeIgniter\CodeIgniter->handleRequest(NULL, Object(Config\Cache), false)
#3 /home/amandeep/public_html/maara/index.php(43): CodeIgniter\CodeIgniter->run()
#4 {main}
ERROR - 2022-07-04 05:42:58 --> Unknown column 'b.userID' in 'where clause'
ERROR - 2022-07-04 05:43:27 --> Unknown column 'b.userID' in 'where clause'
ERROR - 2022-07-04 06:26:10 --> Unknown column 'b.userID' in 'where clause'
ERROR - 2022-07-04 06:26:43 --> Unknown column 'b.userID' in 'where clause'
