CRITICAL - 2022-05-19 04:42:38 --> Use of undefined constant php - assumed 'php' (this will throw an Error in a future version of PHP)
#0 /home/amandeep/public_html/maara/app/Views/admin/addDevice.php(73): CodeIgniter\Debug\Exceptions->errorHandler(2, 'Use of undefine...', '/home/amandeep/...', 73, Array)
#1 /home/amandeep/public_html/maara/vendor/codeigniter4/framework/system/View/View.php(210): include('/home/amandeep/...')
#2 /home/amandeep/public_html/maara/vendor/codeigniter4/framework/system/View/View.php(213): CodeIgniter\View\View->CodeIgniter\View\{closure}()
#3 /home/amandeep/public_html/maara/vendor/codeigniter4/framework/system/Common.php(1089): CodeIgniter\View\View->render('admin/addDevice', Array, true)
#4 /home/amandeep/public_html/maara/app/Controllers/BaseController.php(465): view('admin/addDevice', Array)
#5 /home/amandeep/public_html/maara/app/Controllers/Dashboard.php(111): App\Controllers\BaseController->loadViews('addDevice', Array)
#6 /home/amandeep/public_html/maara/vendor/codeigniter4/framework/system/CodeIgniter.php(832): App\Controllers\Dashboard->addDeviceType()
#7 /home/amandeep/public_html/maara/vendor/codeigniter4/framework/system/CodeIgniter.php(419): CodeIgniter\CodeIgniter->runController(Object(App\Controllers\Dashboard))
#8 /home/amandeep/public_html/maara/vendor/codeigniter4/framework/system/CodeIgniter.php(326): CodeIgniter\CodeIgniter->handleRequest(NULL, Object(Config\Cache), false)
#9 /home/amandeep/public_html/maara/index.php(43): CodeIgniter\CodeIgniter->run()
#10 {main}
CRITICAL - 2022-05-19 04:42:48 --> Use of undefined constant php - assumed 'php' (this will throw an Error in a future version of PHP)
#0 /home/amandeep/public_html/maara/app/Views/admin/addDevice.php(73): CodeIgniter\Debug\Exceptions->errorHandler(2, 'Use of undefine...', '/home/amandeep/...', 73, Array)
#1 /home/amandeep/public_html/maara/vendor/codeigniter4/framework/system/View/View.php(210): include('/home/amandeep/...')
#2 /home/amandeep/public_html/maara/vendor/codeigniter4/framework/system/View/View.php(213): CodeIgniter\View\View->CodeIgniter\View\{closure}()
#3 /home/amandeep/public_html/maara/vendor/codeigniter4/framework/system/Common.php(1089): CodeIgniter\View\View->render('admin/addDevice', Array, true)
#4 /home/amandeep/public_html/maara/app/Controllers/BaseController.php(465): view('admin/addDevice', Array)
#5 /home/amandeep/public_html/maara/app/Controllers/Dashboard.php(111): App\Controllers\BaseController->loadViews('addDevice', Array)
#6 /home/amandeep/public_html/maara/vendor/codeigniter4/framework/system/CodeIgniter.php(832): App\Controllers\Dashboard->addDeviceType()
#7 /home/amandeep/public_html/maara/vendor/codeigniter4/framework/system/CodeIgniter.php(419): CodeIgniter\CodeIgniter->runController(Object(App\Controllers\Dashboard))
#8 /home/amandeep/public_html/maara/vendor/codeigniter4/framework/system/CodeIgniter.php(326): CodeIgniter\CodeIgniter->handleRequest(NULL, Object(Config\Cache), false)
#9 /home/amandeep/public_html/maara/index.php(43): CodeIgniter\CodeIgniter->run()
#10 {main}
