CRITICAL - 2022-05-09 01:50:06 --> imagecreatefrompng(https://chart.googleapis.com/chart?cht=qr&amp;chld=H|0&amp;chs=&amp;chl=kjskhfkhfs): failed to open stream: HTTP request failed! HTTP/1.0 400 Bad Request

#0 [internal function]: CodeIgniter\Debug\Exceptions->errorHandler(2, 'imagecreatefrom...', '/home/amandeep/...', 524, Array)
#1 /home/amandeep/public_html/maara/app/Controllers/BaseController.php(524): imagecreatefrompng('https://chart.g...')
#2 /home/amandeep/public_html/maara/app/Controllers/User.php(949): App\Controllers\BaseController->ORCode('kjskhfkhfs')
#3 /home/amandeep/public_html/maara/vendor/codeigniter4/framework/system/CodeIgniter.php(832): App\Controllers\User->yu()
#4 /home/amandeep/public_html/maara/vendor/codeigniter4/framework/system/CodeIgniter.php(419): CodeIgniter\CodeIgniter->runController(Object(App\Controllers\User))
#5 /home/amandeep/public_html/maara/vendor/codeigniter4/framework/system/CodeIgniter.php(326): CodeIgniter\CodeIgniter->handleRequest(NULL, Object(Config\Cache), false)
#6 /home/amandeep/public_html/maara/index.php(43): CodeIgniter\CodeIgniter->run()
#7 {main}
CRITICAL - 2022-05-09 01:55:28 --> imagecreatefrompng(https://chart.googleapis.com/chart?cht=qr&amp;chld=H|0&amp;chs=&amp;chl=kjskhfkhfs): failed to open stream: HTTP request failed! HTTP/1.0 400 Bad Request

#0 [internal function]: CodeIgniter\Debug\Exceptions->errorHandler(2, 'imagecreatefrom...', '/home/amandeep/...', 524, Array)
#1 /home/amandeep/public_html/maara/app/Controllers/BaseController.php(524): imagecreatefrompng('https://chart.g...')
#2 /home/amandeep/public_html/maara/app/Controllers/User.php(949): App\Controllers\BaseController->ORCode('kjskhfkhfs')
#3 /home/amandeep/public_html/maara/vendor/codeigniter4/framework/system/CodeIgniter.php(832): App\Controllers\User->yu()
#4 /home/amandeep/public_html/maara/vendor/codeigniter4/framework/system/CodeIgniter.php(419): CodeIgniter\CodeIgniter->runController(Object(App\Controllers\User))
#5 /home/amandeep/public_html/maara/vendor/codeigniter4/framework/system/CodeIgniter.php(326): CodeIgniter\CodeIgniter->handleRequest(NULL, Object(Config\Cache), false)
#6 /home/amandeep/public_html/maara/index.php(43): CodeIgniter\CodeIgniter->run()
#7 {main}
CRITICAL - 2022-05-09 01:57:44 --> imagepng(./uploads/qrcode/qrBeaDub0x09052022.png): failed to open stream: No such file or directory
#0 [internal function]: CodeIgniter\Debug\Exceptions->errorHandler(2, 'imagepng(./uplo...', '/home/amandeep/...', 541, Array)
#1 /home/amandeep/public_html/maara/app/Controllers/BaseController.php(541): imagepng(Resource id #132, './uploads/qrcod...')
#2 /home/amandeep/public_html/maara/app/Controllers/User.php(949): App\Controllers\BaseController->ORCode('kjskhfkhfs')
#3 /home/amandeep/public_html/maara/vendor/codeigniter4/framework/system/CodeIgniter.php(832): App\Controllers\User->yu()
#4 /home/amandeep/public_html/maara/vendor/codeigniter4/framework/system/CodeIgniter.php(419): CodeIgniter\CodeIgniter->runController(Object(App\Controllers\User))
#5 /home/amandeep/public_html/maara/vendor/codeigniter4/framework/system/CodeIgniter.php(326): CodeIgniter\CodeIgniter->handleRequest(NULL, Object(Config\Cache), false)
#6 /home/amandeep/public_html/maara/index.php(43): CodeIgniter\CodeIgniter->run()
#7 {main}
