ERROR - 2022-08-09 04:48:13 --> Expression #12 of SELECT list is not in GROUP BY clause and contains nonaggregated column 'amandeep_maaraDB.i.colorID' which is not functionally dependent on columns in GROUP BY clause; this is incompatible with sql_mode=only_full_group_by
CRITICAL - 2022-08-09 04:48:13 --> Call to a member function getResultArray() on bool
#0 /home/amandeep/public_html/maara/app/Controllers/Landing.php(16): Config\Services::getHomeRecentProducts()
#1 /home/amandeep/public_html/maara/vendor/codeigniter4/framework/system/CodeIgniter.php(832): App\Controllers\Landing->index()
#2 /home/amandeep/public_html/maara/vendor/codeigniter4/framework/system/CodeIgniter.php(419): CodeIgniter\CodeIgniter->runController(Object(App\Controllers\Landing))
#3 /home/amandeep/public_html/maara/vendor/codeigniter4/framework/system/CodeIgniter.php(326): CodeIgniter\CodeIgniter->handleRequest(NULL, Object(Config\Cache), false)
#4 /home/amandeep/public_html/maara/index.php(43): CodeIgniter\CodeIgniter->run()
#5 {main}
ERROR - 2022-08-09 05:11:19 --> Expression #11 of SELECT list is not in GROUP BY clause and contains nonaggregated column 'amandeep_maaraDB.i.image' which is not functionally dependent on columns in GROUP BY clause; this is incompatible with sql_mode=only_full_group_by
CRITICAL - 2022-08-09 05:11:19 --> Call to a member function getResultArray() on bool
#0 /home/amandeep/public_html/maara/app/Controllers/BaseController.php(547): Config\Services::getProducts()
#1 /home/amandeep/public_html/maara/app/Controllers/Dashboard.php(55): App\Controllers\BaseController->loadViews('dashboard', Array)
#2 /home/amandeep/public_html/maara/vendor/codeigniter4/framework/system/CodeIgniter.php(832): App\Controllers\Dashboard->index()
#3 /home/amandeep/public_html/maara/vendor/codeigniter4/framework/system/CodeIgniter.php(419): CodeIgniter\CodeIgniter->runController(Object(App\Controllers\Dashboard))
#4 /home/amandeep/public_html/maara/vendor/codeigniter4/framework/system/CodeIgniter.php(326): CodeIgniter\CodeIgniter->handleRequest(NULL, Object(Config\Cache), false)
#5 /home/amandeep/public_html/maara/index.php(43): CodeIgniter\CodeIgniter->run()
#6 {main}
ERROR - 2022-08-09 05:25:49 --> Expression #12 of SELECT list is not in GROUP BY clause and contains nonaggregated column 'amandeep_maaraDB.i.colorID' which is not functionally dependent on columns in GROUP BY clause; this is incompatible with sql_mode=only_full_group_by
CRITICAL - 2022-08-09 05:25:49 --> Call to a member function getResultArray() on bool
#0 /home/amandeep/public_html/maara/app/Controllers/Landing.php(16): Config\Services::getHomeRecentProducts()
#1 /home/amandeep/public_html/maara/vendor/codeigniter4/framework/system/CodeIgniter.php(832): App\Controllers\Landing->index()
#2 /home/amandeep/public_html/maara/vendor/codeigniter4/framework/system/CodeIgniter.php(419): CodeIgniter\CodeIgniter->runController(Object(App\Controllers\Landing))
#3 /home/amandeep/public_html/maara/vendor/codeigniter4/framework/system/CodeIgniter.php(326): CodeIgniter\CodeIgniter->handleRequest(NULL, Object(Config\Cache), false)
#4 /home/amandeep/public_html/maara/index.php(43): CodeIgniter\CodeIgniter->run()
#5 {main}
ERROR - 2022-08-09 05:33:05 --> Expression #12 of SELECT list is not in GROUP BY clause and contains nonaggregated column 'amandeep_maaraDB.i.colorID' which is not functionally dependent on columns in GROUP BY clause; this is incompatible with sql_mode=only_full_group_by
CRITICAL - 2022-08-09 05:33:05 --> Call to undefined method CodeIgniter\Database\MySQLi\Builder::getLastquery()
#0 /home/amandeep/public_html/maara/app/Controllers/Landing.php(16): Config\Services::getHomeRecentProducts()
#1 /home/amandeep/public_html/maara/vendor/codeigniter4/framework/system/CodeIgniter.php(832): App\Controllers\Landing->index()
#2 /home/amandeep/public_html/maara/vendor/codeigniter4/framework/system/CodeIgniter.php(419): CodeIgniter\CodeIgniter->runController(Object(App\Controllers\Landing))
#3 /home/amandeep/public_html/maara/vendor/codeigniter4/framework/system/CodeIgniter.php(326): CodeIgniter\CodeIgniter->handleRequest(NULL, Object(Config\Cache), false)
#4 /home/amandeep/public_html/maara/index.php(43): CodeIgniter\CodeIgniter->run()
#5 {main}
ERROR - 2022-08-09 05:33:06 --> Expression #12 of SELECT list is not in GROUP BY clause and contains nonaggregated column 'amandeep_maaraDB.i.colorID' which is not functionally dependent on columns in GROUP BY clause; this is incompatible with sql_mode=only_full_group_by
CRITICAL - 2022-08-09 05:33:06 --> Call to undefined method CodeIgniter\Database\MySQLi\Builder::getLastquery()
#0 /home/amandeep/public_html/maara/app/Controllers/Landing.php(16): Config\Services::getHomeRecentProducts()
#1 /home/amandeep/public_html/maara/vendor/codeigniter4/framework/system/CodeIgniter.php(832): App\Controllers\Landing->index()
#2 /home/amandeep/public_html/maara/vendor/codeigniter4/framework/system/CodeIgniter.php(419): CodeIgniter\CodeIgniter->runController(Object(App\Controllers\Landing))
#3 /home/amandeep/public_html/maara/vendor/codeigniter4/framework/system/CodeIgniter.php(326): CodeIgniter\CodeIgniter->handleRequest(NULL, Object(Config\Cache), false)
#4 /home/amandeep/public_html/maara/index.php(43): CodeIgniter\CodeIgniter->run()
#5 {main}
ERROR - 2022-08-09 05:33:36 --> Expression #12 of SELECT list is not in GROUP BY clause and contains nonaggregated column 'amandeep_maaraDB.i.colorID' which is not functionally dependent on columns in GROUP BY clause; this is incompatible with sql_mode=only_full_group_by
CRITICAL - 2022-08-09 05:33:36 --> Call to a member function getResultArray() on bool
#0 /home/amandeep/public_html/maara/app/Controllers/Landing.php(16): Config\Services::getHomeRecentProducts()
#1 /home/amandeep/public_html/maara/vendor/codeigniter4/framework/system/CodeIgniter.php(832): App\Controllers\Landing->index()
#2 /home/amandeep/public_html/maara/vendor/codeigniter4/framework/system/CodeIgniter.php(419): CodeIgniter\CodeIgniter->runController(Object(App\Controllers\Landing))
#3 /home/amandeep/public_html/maara/vendor/codeigniter4/framework/system/CodeIgniter.php(326): CodeIgniter\CodeIgniter->handleRequest(NULL, Object(Config\Cache), false)
#4 /home/amandeep/public_html/maara/index.php(43): CodeIgniter\CodeIgniter->run()
#5 {main}
ERROR - 2022-08-09 05:33:38 --> Expression #12 of SELECT list is not in GROUP BY clause and contains nonaggregated column 'amandeep_maaraDB.i.colorID' which is not functionally dependent on columns in GROUP BY clause; this is incompatible with sql_mode=only_full_group_by
CRITICAL - 2022-08-09 05:33:38 --> Call to a member function getResultArray() on bool
#0 /home/amandeep/public_html/maara/app/Controllers/Landing.php(16): Config\Services::getHomeRecentProducts()
#1 /home/amandeep/public_html/maara/vendor/codeigniter4/framework/system/CodeIgniter.php(832): App\Controllers\Landing->index()
#2 /home/amandeep/public_html/maara/vendor/codeigniter4/framework/system/CodeIgniter.php(419): CodeIgniter\CodeIgniter->runController(Object(App\Controllers\Landing))
#3 /home/amandeep/public_html/maara/vendor/codeigniter4/framework/system/CodeIgniter.php(326): CodeIgniter\CodeIgniter->handleRequest(NULL, Object(Config\Cache), false)
#4 /home/amandeep/public_html/maara/index.php(43): CodeIgniter\CodeIgniter->run()
#5 {main}
ERROR - 2022-08-09 05:33:45 --> Expression #12 of SELECT list is not in GROUP BY clause and contains nonaggregated column 'amandeep_maaraDB.i.colorID' which is not functionally dependent on columns in GROUP BY clause; this is incompatible with sql_mode=only_full_group_by
CRITICAL - 2022-08-09 05:33:45 --> Call to a member function getResultArray() on bool
#0 /home/amandeep/public_html/maara/app/Controllers/Landing.php(16): Config\Services::getHomeRecentProducts()
#1 /home/amandeep/public_html/maara/vendor/codeigniter4/framework/system/CodeIgniter.php(832): App\Controllers\Landing->index()
#2 /home/amandeep/public_html/maara/vendor/codeigniter4/framework/system/CodeIgniter.php(419): CodeIgniter\CodeIgniter->runController(Object(App\Controllers\Landing))
#3 /home/amandeep/public_html/maara/vendor/codeigniter4/framework/system/CodeIgniter.php(326): CodeIgniter\CodeIgniter->handleRequest(NULL, Object(Config\Cache), false)
#4 /home/amandeep/public_html/maara/index.php(43): CodeIgniter\CodeIgniter->run()
#5 {main}
ERROR - 2022-08-09 05:33:56 --> Expression #12 of SELECT list is not in GROUP BY clause and contains nonaggregated column 'amandeep_maaraDB.i.colorID' which is not functionally dependent on columns in GROUP BY clause; this is incompatible with sql_mode=only_full_group_by
CRITICAL - 2022-08-09 05:33:56 --> Invalid argument supplied for foreach()
#0 /home/amandeep/public_html/maara/app/Views/index.php(129): CodeIgniter\Debug\Exceptions->errorHandler(2, 'Invalid argumen...', '/home/amandeep/...', 129, Array)
#1 /home/amandeep/public_html/maara/vendor/codeigniter4/framework/system/View/View.php(210): include('/home/amandeep/...')
#2 /home/amandeep/public_html/maara/vendor/codeigniter4/framework/system/View/View.php(213): CodeIgniter\View\View->CodeIgniter\View\{closure}()
#3 /home/amandeep/public_html/maara/vendor/codeigniter4/framework/system/Common.php(1089): CodeIgniter\View\View->render('index', Array, true)
#4 /home/amandeep/public_html/maara/app/Controllers/BaseController.php(590): view('index', Array)
#5 /home/amandeep/public_html/maara/app/Controllers/Landing.php(24): App\Controllers\BaseController->loadLandingViews('index', Array)
#6 /home/amandeep/public_html/maara/vendor/codeigniter4/framework/system/CodeIgniter.php(832): App\Controllers\Landing->index()
#7 /home/amandeep/public_html/maara/vendor/codeigniter4/framework/system/CodeIgniter.php(419): CodeIgniter\CodeIgniter->runController(Object(App\Controllers\Landing))
#8 /home/amandeep/public_html/maara/vendor/codeigniter4/framework/system/CodeIgniter.php(326): CodeIgniter\CodeIgniter->handleRequest(NULL, Object(Config\Cache), false)
#9 /home/amandeep/public_html/maara/index.php(43): CodeIgniter\CodeIgniter->run()
#10 {main}
ERROR - 2022-08-09 05:41:00 --> Expression #12 of SELECT list is not in GROUP BY clause and contains nonaggregated column 'amandeep_maaraDB.i.colorID' which is not functionally dependent on columns in GROUP BY clause; this is incompatible with sql_mode=only_full_group_by
CRITICAL - 2022-08-09 05:41:00 --> Call to a member function getResultArray() on bool
#0 /home/amandeep/public_html/maara/app/Controllers/Landing.php(16): Config\Services::getHomeRecentProducts()
#1 /home/amandeep/public_html/maara/vendor/codeigniter4/framework/system/CodeIgniter.php(832): App\Controllers\Landing->index()
#2 /home/amandeep/public_html/maara/vendor/codeigniter4/framework/system/CodeIgniter.php(419): CodeIgniter\CodeIgniter->runController(Object(App\Controllers\Landing))
#3 /home/amandeep/public_html/maara/vendor/codeigniter4/framework/system/CodeIgniter.php(326): CodeIgniter\CodeIgniter->handleRequest(NULL, Object(Config\Cache), false)
#4 /home/amandeep/public_html/maara/index.php(43): CodeIgniter\CodeIgniter->run()
#5 {main}
