CRITICAL - 2022-11-09 03:15:43 --> Call to a member function getError() on null
#0 /home/zjtoavd5rlc8/maaracard.com/vendor/codeigniter4/framework/system/View/View.php(210): include()
#1 /home/zjtoavd5rlc8/maaracard.com/vendor/codeigniter4/framework/system/View/View.php(213): CodeIgniter\View\View->CodeIgniter\View\{closure}()
#2 /home/zjtoavd5rlc8/maaracard.com/vendor/codeigniter4/framework/system/Common.php(1089): CodeIgniter\View\View->render('auth/register', Array, true)
#3 /home/zjtoavd5rlc8/maaracard.com/app/Controllers/BaseController.php(660): view('auth/register', Array)
#4 /home/zjtoavd5rlc8/maaracard.com/app/Controllers/Landing.php(38): App\Controllers\BaseController->loadLandingViews('auth/register', Array)
#5 /home/zjtoavd5rlc8/maaracard.com/vendor/codeigniter4/framework/system/CodeIgniter.php(832): App\Controllers\Landing->register()
#6 /home/zjtoavd5rlc8/maaracard.com/vendor/codeigniter4/framework/system/CodeIgniter.php(419): CodeIgniter\CodeIgniter->runController(Object(App\Controllers\Landing))
#7 /home/zjtoavd5rlc8/maaracard.com/vendor/codeigniter4/framework/system/CodeIgniter.php(326): CodeIgniter\CodeIgniter->handleRequest(NULL, Object(Config\Cache), false)
#8 /home/zjtoavd5rlc8/maaracard.com/index.php(43): CodeIgniter\CodeIgniter->run()
#9 {main}
CRITICAL - 2022-11-09 03:16:18 --> Use of undefined constant php - assumed 'php' (this will throw an Error in a future version of PHP)
#0 /home/zjtoavd5rlc8/maaracard.com/app/Views/auth/register.php(27): CodeIgniter\Debug\Exceptions->errorHandler(2, 'Use of undefine...', '/home/zjtoavd5r...', 27, Array)
#1 /home/zjtoavd5rlc8/maaracard.com/vendor/codeigniter4/framework/system/View/View.php(210): include('/home/zjtoavd5r...')
#2 /home/zjtoavd5rlc8/maaracard.com/vendor/codeigniter4/framework/system/View/View.php(213): CodeIgniter\View\View->CodeIgniter\View\{closure}()
#3 /home/zjtoavd5rlc8/maaracard.com/vendor/codeigniter4/framework/system/Common.php(1089): CodeIgniter\View\View->render('auth/register', Array, true)
#4 /home/zjtoavd5rlc8/maaracard.com/app/Controllers/BaseController.php(660): view('auth/register', Array)
#5 /home/zjtoavd5rlc8/maaracard.com/app/Controllers/Landing.php(38): App\Controllers\BaseController->loadLandingViews('auth/register', Array)
#6 /home/zjtoavd5rlc8/maaracard.com/vendor/codeigniter4/framework/system/CodeIgniter.php(832): App\Controllers\Landing->register()
#7 /home/zjtoavd5rlc8/maaracard.com/vendor/codeigniter4/framework/system/CodeIgniter.php(419): CodeIgniter\CodeIgniter->runController(Object(App\Controllers\Landing))
#8 /home/zjtoavd5rlc8/maaracard.com/vendor/codeigniter4/framework/system/CodeIgniter.php(326): CodeIgniter\CodeIgniter->handleRequest(NULL, Object(Config\Cache), false)
#9 /home/zjtoavd5rlc8/maaracard.com/index.php(43): CodeIgniter\CodeIgniter->run()
#10 {main}
CRITICAL - 2022-11-09 03:16:36 --> Use of undefined constant php - assumed 'php' (this will throw an Error in a future version of PHP)
#0 /home/zjtoavd5rlc8/maaracard.com/app/Views/auth/register.php(27): CodeIgniter\Debug\Exceptions->errorHandler(2, 'Use of undefine...', '/home/zjtoavd5r...', 27, Array)
#1 /home/zjtoavd5rlc8/maaracard.com/vendor/codeigniter4/framework/system/View/View.php(210): include('/home/zjtoavd5r...')
#2 /home/zjtoavd5rlc8/maaracard.com/vendor/codeigniter4/framework/system/View/View.php(213): CodeIgniter\View\View->CodeIgniter\View\{closure}()
#3 /home/zjtoavd5rlc8/maaracard.com/vendor/codeigniter4/framework/system/Common.php(1089): CodeIgniter\View\View->render('auth/register', Array, true)
#4 /home/zjtoavd5rlc8/maaracard.com/app/Controllers/BaseController.php(660): view('auth/register', Array)
#5 /home/zjtoavd5rlc8/maaracard.com/app/Controllers/Landing.php(38): App\Controllers\BaseController->loadLandingViews('auth/register', Array)
#6 /home/zjtoavd5rlc8/maaracard.com/vendor/codeigniter4/framework/system/CodeIgniter.php(832): App\Controllers\Landing->register()
#7 /home/zjtoavd5rlc8/maaracard.com/vendor/codeigniter4/framework/system/CodeIgniter.php(419): CodeIgniter\CodeIgniter->runController(Object(App\Controllers\Landing))
#8 /home/zjtoavd5rlc8/maaracard.com/vendor/codeigniter4/framework/system/CodeIgniter.php(326): CodeIgniter\CodeIgniter->handleRequest(NULL, Object(Config\Cache), false)
#9 /home/zjtoavd5rlc8/maaracard.com/index.php(43): CodeIgniter\CodeIgniter->run()
#10 {main}
CRITICAL - 2022-11-09 03:16:38 --> Use of undefined constant php - assumed 'php' (this will throw an Error in a future version of PHP)
#0 /home/zjtoavd5rlc8/maaracard.com/app/Views/auth/register.php(27): CodeIgniter\Debug\Exceptions->errorHandler(2, 'Use of undefine...', '/home/zjtoavd5r...', 27, Array)
#1 /home/zjtoavd5rlc8/maaracard.com/vendor/codeigniter4/framework/system/View/View.php(210): include('/home/zjtoavd5r...')
#2 /home/zjtoavd5rlc8/maaracard.com/vendor/codeigniter4/framework/system/View/View.php(213): CodeIgniter\View\View->CodeIgniter\View\{closure}()
#3 /home/zjtoavd5rlc8/maaracard.com/vendor/codeigniter4/framework/system/Common.php(1089): CodeIgniter\View\View->render('auth/register', Array, true)
#4 /home/zjtoavd5rlc8/maaracard.com/app/Controllers/BaseController.php(660): view('auth/register', Array)
#5 /home/zjtoavd5rlc8/maaracard.com/app/Controllers/Landing.php(38): App\Controllers\BaseController->loadLandingViews('auth/register', Array)
#6 /home/zjtoavd5rlc8/maaracard.com/vendor/codeigniter4/framework/system/CodeIgniter.php(832): App\Controllers\Landing->register()
#7 /home/zjtoavd5rlc8/maaracard.com/vendor/codeigniter4/framework/system/CodeIgniter.php(419): CodeIgniter\CodeIgniter->runController(Object(App\Controllers\Landing))
#8 /home/zjtoavd5rlc8/maaracard.com/vendor/codeigniter4/framework/system/CodeIgniter.php(326): CodeIgniter\CodeIgniter->handleRequest(NULL, Object(Config\Cache), false)
#9 /home/zjtoavd5rlc8/maaracard.com/index.php(43): CodeIgniter\CodeIgniter->run()
#10 {main}
