ERROR - 2022-07-18 04:20:32 --> Column 'subTotal' cannot be null
CRITICAL - 2022-07-18 04:20:32 --> Invalid argument supplied for foreach()
#0 /home/amandeep/public_html/maara/app/Controllers/Dashboard.php(908): CodeIgniter\Debug\Exceptions->errorHandler(2, 'Invalid argumen...', '/home/amandeep/...', 908, Array)
#1 /home/amandeep/public_html/maara/vendor/codeigniter4/framework/system/CodeIgniter.php(832): App\Controllers\Dashboard->addOrder()
#2 /home/amandeep/public_html/maara/vendor/codeigniter4/framework/system/CodeIgniter.php(419): CodeIgniter\CodeIgniter->runController(Object(App\Controllers\Dashboard))
#3 /home/amandeep/public_html/maara/vendor/codeigniter4/framework/system/CodeIgniter.php(326): CodeIgniter\CodeIgniter->handleRequest(NULL, Object(Config\Cache), false)
#4 /home/amandeep/public_html/maara/index.php(43): CodeIgniter\CodeIgniter->run()
#5 {main}
ERROR - 2022-07-18 04:23:34 --> Column 'subTotal' cannot be null
CRITICAL - 2022-07-18 04:23:34 --> Illegal string offset 'id'
#0 /home/amandeep/public_html/maara/app/Controllers/Dashboard.php(910): CodeIgniter\Debug\Exceptions->errorHandler(2, 'Illegal string ...', '/home/amandeep/...', 910, Array)
#1 /home/amandeep/public_html/maara/vendor/codeigniter4/framework/system/CodeIgniter.php(832): App\Controllers\Dashboard->addOrder()
#2 /home/amandeep/public_html/maara/vendor/codeigniter4/framework/system/CodeIgniter.php(419): CodeIgniter\CodeIgniter->runController(Object(App\Controllers\Dashboard))
#3 /home/amandeep/public_html/maara/vendor/codeigniter4/framework/system/CodeIgniter.php(326): CodeIgniter\CodeIgniter->handleRequest(NULL, Object(Config\Cache), false)
#4 /home/amandeep/public_html/maara/index.php(43): CodeIgniter\CodeIgniter->run()
#5 {main}
ERROR - 2022-07-18 04:39:15 --> Column 'subTotal' cannot be null
ERROR - 2022-07-18 04:39:15 --> Cannot add or update a child row: a foreign key constraint fails (`amandeep_maaraDB`.`tbl_orderItems`, CONSTRAINT `tbl_orderItems_orderID_foreign` FOREIGN KEY (`orderID`) REFERENCES `tbl_orders` (`orderID`) ON DELETE CASCADE ON UPDATE CASCADE)
ERROR - 2022-07-18 04:39:15 --> Cannot add or update a child row: a foreign key constraint fails (`amandeep_maaraDB`.`tbl_orderItems`, CONSTRAINT `tbl_orderItems_orderID_foreign` FOREIGN KEY (`orderID`) REFERENCES `tbl_orders` (`orderID`) ON DELETE CASCADE ON UPDATE CASCADE)
CRITICAL - 2022-07-18 04:39:15 --> Call to a member function setFlashdata() on null
#0 /home/amandeep/public_html/maara/vendor/codeigniter4/framework/system/CodeIgniter.php(832): App\Controllers\Dashboard->addOrder()
#1 /home/amandeep/public_html/maara/vendor/codeigniter4/framework/system/CodeIgniter.php(419): CodeIgniter\CodeIgniter->runController(Object(App\Controllers\Dashboard))
#2 /home/amandeep/public_html/maara/vendor/codeigniter4/framework/system/CodeIgniter.php(326): CodeIgniter\CodeIgniter->handleRequest(NULL, Object(Config\Cache), false)
#3 /home/amandeep/public_html/maara/index.php(43): CodeIgniter\CodeIgniter->run()
#4 {main}
ERROR - 2022-07-18 04:50:55 --> Column 'subTotal' cannot be null
ERROR - 2022-07-18 04:50:55 --> Cannot add or update a child row: a foreign key constraint fails (`amandeep_maaraDB`.`tbl_orderItems`, CONSTRAINT `tbl_orderItems_productID_foreign` FOREIGN KEY (`productID`) REFERENCES `tbl_products` (`id`) ON DELETE CASCADE ON UPDATE CASCADE)
ERROR - 2022-07-18 05:05:19 --> Column 'subTotal' cannot be null
ERROR - 2022-07-18 05:05:19 --> Column 'colorID' cannot be null
ERROR - 2022-07-18 05:05:19 --> Column 'subTotal' cannot be null
ERROR - 2022-07-18 05:05:19 --> Column 'colorID' cannot be null
CRITICAL - 2022-07-18 05:57:54 --> There is no data to insert.
#0 /home/amandeep/public_html/maara/vendor/codeigniter4/framework/system/BaseModel.php(1574): CodeIgniter\Database\Exceptions\DataException::forEmptyDataset('insert')
#1 /home/amandeep/public_html/maara/vendor/codeigniter4/framework/system/BaseModel.php(704): CodeIgniter\BaseModel->transformDataToArray(NULL, 'insert')
#2 /home/amandeep/public_html/maara/vendor/codeigniter4/framework/system/Model.php(625): CodeIgniter\BaseModel->insert(NULL, true)
#3 /home/amandeep/public_html/maara/app/Controllers/Dashboard.php(905): CodeIgniter\Model->insert(NULL)
#4 /home/amandeep/public_html/maara/vendor/codeigniter4/framework/system/CodeIgniter.php(832): App\Controllers\Dashboard->addOrder()
#5 /home/amandeep/public_html/maara/vendor/codeigniter4/framework/system/CodeIgniter.php(419): CodeIgniter\CodeIgniter->runController(Object(App\Controllers\Dashboard))
#6 /home/amandeep/public_html/maara/vendor/codeigniter4/framework/system/CodeIgniter.php(326): CodeIgniter\CodeIgniter->handleRequest(NULL, Object(Config\Cache), false)
#7 /home/amandeep/public_html/maara/index.php(43): CodeIgniter\CodeIgniter->run()
#8 {main}
ERROR - 2022-07-18 23:57:05 --> Cannot add or update a child row: a foreign key constraint fails (`amandeep_maaraDB`.`tbl_orderItems`, CONSTRAINT `tbl_orderItems_productID_foreign` FOREIGN KEY (`productID`) REFERENCES `tbl_products` (`id`) ON DELETE CASCADE ON UPDATE CASCADE)
ERROR - 2022-07-18 23:57:05 --> Cannot add or update a child row: a foreign key constraint fails (`amandeep_maaraDB`.`tbl_orderItems`, CONSTRAINT `tbl_orderItems_productID_foreign` FOREIGN KEY (`productID`) REFERENCES `tbl_products` (`id`) ON DELETE CASCADE ON UPDATE CASCADE)
ERROR - 2022-07-18 23:57:05 --> Cannot add or update a child row: a foreign key constraint fails (`amandeep_maaraDB`.`tbl_orderItems`, CONSTRAINT `tbl_orderItems_productID_foreign` FOREIGN KEY (`productID`) REFERENCES `tbl_products` (`id`) ON DELETE CASCADE ON UPDATE CASCADE)
ERROR - 2022-07-18 23:57:05 --> Cannot add or update a child row: a foreign key constraint fails (`amandeep_maaraDB`.`tbl_orderItems`, CONSTRAINT `tbl_orderItems_productID_foreign` FOREIGN KEY (`productID`) REFERENCES `tbl_products` (`id`) ON DELETE CASCADE ON UPDATE CASCADE)
ERROR - 2022-07-18 23:57:05 --> Cannot add or update a child row: a foreign key constraint fails (`amandeep_maaraDB`.`tbl_orderItems`, CONSTRAINT `tbl_orderItems_productID_foreign` FOREIGN KEY (`productID`) REFERENCES `tbl_products` (`id`) ON DELETE CASCADE ON UPDATE CASCADE)
ERROR - 2022-07-18 23:57:05 --> Cannot add or update a child row: a foreign key constraint fails (`amandeep_maaraDB`.`tbl_orderItems`, CONSTRAINT `tbl_orderItems_productID_foreign` FOREIGN KEY (`productID`) REFERENCES `tbl_products` (`id`) ON DELETE CASCADE ON UPDATE CASCADE)
ERROR - 2022-07-18 23:59:19 --> Cannot add or update a child row: a foreign key constraint fails (`amandeep_maaraDB`.`tbl_orderItems`, CONSTRAINT `tbl_orderItems_productID_foreign` FOREIGN KEY (`productID`) REFERENCES `tbl_products` (`id`) ON DELETE CASCADE ON UPDATE CASCADE)
ERROR - 2022-07-18 23:59:19 --> Cannot add or update a child row: a foreign key constraint fails (`amandeep_maaraDB`.`tbl_orderItems`, CONSTRAINT `tbl_orderItems_productID_foreign` FOREIGN KEY (`productID`) REFERENCES `tbl_products` (`id`) ON DELETE CASCADE ON UPDATE CASCADE)
ERROR - 2022-07-18 23:59:19 --> Cannot add or update a child row: a foreign key constraint fails (`amandeep_maaraDB`.`tbl_orderItems`, CONSTRAINT `tbl_orderItems_productID_foreign` FOREIGN KEY (`productID`) REFERENCES `tbl_products` (`id`) ON DELETE CASCADE ON UPDATE CASCADE)
ERROR - 2022-07-18 23:59:19 --> Cannot add or update a child row: a foreign key constraint fails (`amandeep_maaraDB`.`tbl_orderItems`, CONSTRAINT `tbl_orderItems_productID_foreign` FOREIGN KEY (`productID`) REFERENCES `tbl_products` (`id`) ON DELETE CASCADE ON UPDATE CASCADE)
ERROR - 2022-07-18 23:59:20 --> Cannot add or update a child row: a foreign key constraint fails (`amandeep_maaraDB`.`tbl_orderItems`, CONSTRAINT `tbl_orderItems_productID_foreign` FOREIGN KEY (`productID`) REFERENCES `tbl_products` (`id`) ON DELETE CASCADE ON UPDATE CASCADE)
ERROR - 2022-07-18 23:59:20 --> Cannot add or update a child row: a foreign key constraint fails (`amandeep_maaraDB`.`tbl_orderItems`, CONSTRAINT `tbl_orderItems_productID_foreign` FOREIGN KEY (`productID`) REFERENCES `tbl_products` (`id`) ON DELETE CASCADE ON UPDATE CASCADE)
ERROR - 2022-07-18 23:59:20 --> Cannot add or update a child row: a foreign key constraint fails (`amandeep_maaraDB`.`tbl_orderItems`, CONSTRAINT `tbl_orderItems_productID_foreign` FOREIGN KEY (`productID`) REFERENCES `tbl_products` (`id`) ON DELETE CASCADE ON UPDATE CASCADE)
ERROR - 2022-07-18 23:59:20 --> Cannot add or update a child row: a foreign key constraint fails (`amandeep_maaraDB`.`tbl_orderItems`, CONSTRAINT `tbl_orderItems_productID_foreign` FOREIGN KEY (`productID`) REFERENCES `tbl_products` (`id`) ON DELETE CASCADE ON UPDATE CASCADE)
ERROR - 2022-07-18 23:59:20 --> Cannot add or update a child row: a foreign key constraint fails (`amandeep_maaraDB`.`tbl_orderItems`, CONSTRAINT `tbl_orderItems_productID_foreign` FOREIGN KEY (`productID`) REFERENCES `tbl_products` (`id`) ON DELETE CASCADE ON UPDATE CASCADE)
ERROR - 2022-07-18 23:59:20 --> Cannot add or update a child row: a foreign key constraint fails (`amandeep_maaraDB`.`tbl_orderItems`, CONSTRAINT `tbl_orderItems_productID_foreign` FOREIGN KEY (`productID`) REFERENCES `tbl_products` (`id`) ON DELETE CASCADE ON UPDATE CASCADE)
ERROR - 2022-07-18 23:59:20 --> Cannot add or update a child row: a foreign key constraint fails (`amandeep_maaraDB`.`tbl_orderItems`, CONSTRAINT `tbl_orderItems_productID_foreign` FOREIGN KEY (`productID`) REFERENCES `tbl_products` (`id`) ON DELETE CASCADE ON UPDATE CASCADE)
ERROR - 2022-07-18 23:59:20 --> Cannot add or update a child row: a foreign key constraint fails (`amandeep_maaraDB`.`tbl_orderItems`, CONSTRAINT `tbl_orderItems_productID_foreign` FOREIGN KEY (`productID`) REFERENCES `tbl_products` (`id`) ON DELETE CASCADE ON UPDATE CASCADE)
ERROR - 2022-07-18 23:59:21 --> Cannot add or update a child row: a foreign key constraint fails (`amandeep_maaraDB`.`tbl_orderItems`, CONSTRAINT `tbl_orderItems_productID_foreign` FOREIGN KEY (`productID`) REFERENCES `tbl_products` (`id`) ON DELETE CASCADE ON UPDATE CASCADE)
ERROR - 2022-07-18 23:59:21 --> Cannot add or update a child row: a foreign key constraint fails (`amandeep_maaraDB`.`tbl_orderItems`, CONSTRAINT `tbl_orderItems_productID_foreign` FOREIGN KEY (`productID`) REFERENCES `tbl_products` (`id`) ON DELETE CASCADE ON UPDATE CASCADE)
