CRITICAL - 2022-10-27 01:12:08 --> Request URI segment is out of range: 2
#0 /home/zjtoavd5rlc8/maaracard.com/vendor/codeigniter4/framework/system/HTTP/URI.php(529): CodeIgniter\HTTP\Exceptions\HTTPException::forURISegmentOutOfRange(2)
#1 /home/zjtoavd5rlc8/maaracard.com/app/Views/includes/test.php(112): CodeIgniter\HTTP\URI->getSegment(2)
#2 /home/zjtoavd5rlc8/maaracard.com/app/Views/includes/footer.php(70): include('/home/zjtoavd5r...')
#3 /home/zjtoavd5rlc8/maaracard.com/vendor/codeigniter4/framework/system/View/View.php(210): include('/home/zjtoavd5r...')
#4 /home/zjtoavd5rlc8/maaracard.com/vendor/codeigniter4/framework/system/View/View.php(213): CodeIgniter\View\View->CodeIgniter\View\{closure}()
#5 /home/zjtoavd5rlc8/maaracard.com/vendor/codeigniter4/framework/system/Common.php(1089): CodeIgniter\View\View->render('includes/footer', Array, true)
#6 /home/zjtoavd5rlc8/maaracard.com/app/Controllers/BaseController.php(654): view('includes/footer', Array)
#7 /home/zjtoavd5rlc8/maaracard.com/app/Controllers/Landing.php(501): App\Controllers\BaseController->loadLandingViews('cart', Array)
#8 /home/zjtoavd5rlc8/maaracard.com/vendor/codeigniter4/framework/system/CodeIgniter.php(832): App\Controllers\Landing->cartList()
#9 /home/zjtoavd5rlc8/maaracard.com/vendor/codeigniter4/framework/system/CodeIgniter.php(419): CodeIgniter\CodeIgniter->runController(Object(App\Controllers\Landing))
#10 /home/zjtoavd5rlc8/maaracard.com/vendor/codeigniter4/framework/system/CodeIgniter.php(326): CodeIgniter\CodeIgniter->handleRequest(NULL, Object(Config\Cache), false)
#11 /home/zjtoavd5rlc8/maaracard.com/index.php(43): CodeIgniter\CodeIgniter->run()
#12 {main}
CRITICAL - 2022-10-27 01:19:15 --> Request URI segment is out of range: 2
#0 /home/zjtoavd5rlc8/maaracard.com/vendor/codeigniter4/framework/system/HTTP/URI.php(529): CodeIgniter\HTTP\Exceptions\HTTPException::forURISegmentOutOfRange(2)
#1 /home/zjtoavd5rlc8/maaracard.com/app/Views/includes/test.php(112): CodeIgniter\HTTP\URI->getSegment(2)
#2 /home/zjtoavd5rlc8/maaracard.com/app/Views/includes/footer.php(70): include('/home/zjtoavd5r...')
#3 /home/zjtoavd5rlc8/maaracard.com/vendor/codeigniter4/framework/system/View/View.php(210): include('/home/zjtoavd5r...')
#4 /home/zjtoavd5rlc8/maaracard.com/vendor/codeigniter4/framework/system/View/View.php(213): CodeIgniter\View\View->CodeIgniter\View\{closure}()
#5 /home/zjtoavd5rlc8/maaracard.com/vendor/codeigniter4/framework/system/Common.php(1089): CodeIgniter\View\View->render('includes/footer', Array, true)
#6 /home/zjtoavd5rlc8/maaracard.com/app/Controllers/BaseController.php(654): view('includes/footer', Array)
#7 /home/zjtoavd5rlc8/maaracard.com/app/Controllers/Landing.php(501): App\Controllers\BaseController->loadLandingViews('cart', Array)
#8 /home/zjtoavd5rlc8/maaracard.com/vendor/codeigniter4/framework/system/CodeIgniter.php(832): App\Controllers\Landing->cartList()
#9 /home/zjtoavd5rlc8/maaracard.com/vendor/codeigniter4/framework/system/CodeIgniter.php(419): CodeIgniter\CodeIgniter->runController(Object(App\Controllers\Landing))
#10 /home/zjtoavd5rlc8/maaracard.com/vendor/codeigniter4/framework/system/CodeIgniter.php(326): CodeIgniter\CodeIgniter->handleRequest(NULL, Object(Config\Cache), false)
#11 /home/zjtoavd5rlc8/maaracard.com/index.php(43): CodeIgniter\CodeIgniter->run()
#12 {main}
CRITICAL - 2022-10-27 01:19:44 --> Request URI segment is out of range: 2
#0 /home/zjtoavd5rlc8/maaracard.com/vendor/codeigniter4/framework/system/HTTP/URI.php(529): CodeIgniter\HTTP\Exceptions\HTTPException::forURISegmentOutOfRange(2)
#1 /home/zjtoavd5rlc8/maaracard.com/app/Views/includes/test.php(112): CodeIgniter\HTTP\URI->getSegment(2)
#2 /home/zjtoavd5rlc8/maaracard.com/app/Views/includes/footer.php(70): include('/home/zjtoavd5r...')
#3 /home/zjtoavd5rlc8/maaracard.com/vendor/codeigniter4/framework/system/View/View.php(210): include('/home/zjtoavd5r...')
#4 /home/zjtoavd5rlc8/maaracard.com/vendor/codeigniter4/framework/system/View/View.php(213): CodeIgniter\View\View->CodeIgniter\View\{closure}()
#5 /home/zjtoavd5rlc8/maaracard.com/vendor/codeigniter4/framework/system/Common.php(1089): CodeIgniter\View\View->render('includes/footer', Array, true)
#6 /home/zjtoavd5rlc8/maaracard.com/app/Controllers/BaseController.php(654): view('includes/footer', Array)
#7 /home/zjtoavd5rlc8/maaracard.com/app/Controllers/Landing.php(501): App\Controllers\BaseController->loadLandingViews('cart', Array)
#8 /home/zjtoavd5rlc8/maaracard.com/vendor/codeigniter4/framework/system/CodeIgniter.php(832): App\Controllers\Landing->cartList()
#9 /home/zjtoavd5rlc8/maaracard.com/vendor/codeigniter4/framework/system/CodeIgniter.php(419): CodeIgniter\CodeIgniter->runController(Object(App\Controllers\Landing))
#10 /home/zjtoavd5rlc8/maaracard.com/vendor/codeigniter4/framework/system/CodeIgniter.php(326): CodeIgniter\CodeIgniter->handleRequest(NULL, Object(Config\Cache), false)
#11 /home/zjtoavd5rlc8/maaracard.com/index.php(43): CodeIgniter\CodeIgniter->run()
#12 {main}
CRITICAL - 2022-10-27 01:19:47 --> Request URI segment is out of range: 2
#0 /home/zjtoavd5rlc8/maaracard.com/vendor/codeigniter4/framework/system/HTTP/URI.php(529): CodeIgniter\HTTP\Exceptions\HTTPException::forURISegmentOutOfRange(2)
#1 /home/zjtoavd5rlc8/maaracard.com/app/Views/includes/test.php(112): CodeIgniter\HTTP\URI->getSegment(2)
#2 /home/zjtoavd5rlc8/maaracard.com/app/Views/includes/footer.php(70): include('/home/zjtoavd5r...')
#3 /home/zjtoavd5rlc8/maaracard.com/vendor/codeigniter4/framework/system/View/View.php(210): include('/home/zjtoavd5r...')
#4 /home/zjtoavd5rlc8/maaracard.com/vendor/codeigniter4/framework/system/View/View.php(213): CodeIgniter\View\View->CodeIgniter\View\{closure}()
#5 /home/zjtoavd5rlc8/maaracard.com/vendor/codeigniter4/framework/system/Common.php(1089): CodeIgniter\View\View->render('includes/footer', Array, true)
#6 /home/zjtoavd5rlc8/maaracard.com/app/Controllers/BaseController.php(654): view('includes/footer', Array)
#7 /home/zjtoavd5rlc8/maaracard.com/app/Controllers/Landing.php(501): App\Controllers\BaseController->loadLandingViews('cart', Array)
#8 /home/zjtoavd5rlc8/maaracard.com/vendor/codeigniter4/framework/system/CodeIgniter.php(832): App\Controllers\Landing->cartList()
#9 /home/zjtoavd5rlc8/maaracard.com/vendor/codeigniter4/framework/system/CodeIgniter.php(419): CodeIgniter\CodeIgniter->runController(Object(App\Controllers\Landing))
#10 /home/zjtoavd5rlc8/maaracard.com/vendor/codeigniter4/framework/system/CodeIgniter.php(326): CodeIgniter\CodeIgniter->handleRequest(NULL, Object(Config\Cache), false)
#11 /home/zjtoavd5rlc8/maaracard.com/index.php(43): CodeIgniter\CodeIgniter->run()
#12 {main}
CRITICAL - 2022-10-27 01:19:51 --> Request URI segment is out of range: 2
#0 /home/zjtoavd5rlc8/maaracard.com/vendor/codeigniter4/framework/system/HTTP/URI.php(529): CodeIgniter\HTTP\Exceptions\HTTPException::forURISegmentOutOfRange(2)
#1 /home/zjtoavd5rlc8/maaracard.com/app/Views/includes/test.php(112): CodeIgniter\HTTP\URI->getSegment(2)
#2 /home/zjtoavd5rlc8/maaracard.com/app/Views/includes/footer.php(70): include('/home/zjtoavd5r...')
#3 /home/zjtoavd5rlc8/maaracard.com/vendor/codeigniter4/framework/system/View/View.php(210): include('/home/zjtoavd5r...')
#4 /home/zjtoavd5rlc8/maaracard.com/vendor/codeigniter4/framework/system/View/View.php(213): CodeIgniter\View\View->CodeIgniter\View\{closure}()
#5 /home/zjtoavd5rlc8/maaracard.com/vendor/codeigniter4/framework/system/Common.php(1089): CodeIgniter\View\View->render('includes/footer', Array, true)
#6 /home/zjtoavd5rlc8/maaracard.com/app/Controllers/BaseController.php(654): view('includes/footer', Array)
#7 /home/zjtoavd5rlc8/maaracard.com/app/Controllers/Landing.php(501): App\Controllers\BaseController->loadLandingViews('cart', Array)
#8 /home/zjtoavd5rlc8/maaracard.com/vendor/codeigniter4/framework/system/CodeIgniter.php(832): App\Controllers\Landing->cartList()
#9 /home/zjtoavd5rlc8/maaracard.com/vendor/codeigniter4/framework/system/CodeIgniter.php(419): CodeIgniter\CodeIgniter->runController(Object(App\Controllers\Landing))
#10 /home/zjtoavd5rlc8/maaracard.com/vendor/codeigniter4/framework/system/CodeIgniter.php(326): CodeIgniter\CodeIgniter->handleRequest(NULL, Object(Config\Cache), false)
#11 /home/zjtoavd5rlc8/maaracard.com/index.php(43): CodeIgniter\CodeIgniter->run()
#12 {main}
CRITICAL - 2022-10-27 01:26:32 --> Request URI segment is out of range: 2
#0 /home/zjtoavd5rlc8/maaracard.com/vendor/codeigniter4/framework/system/HTTP/URI.php(529): CodeIgniter\HTTP\Exceptions\HTTPException::forURISegmentOutOfRange(2)
#1 /home/zjtoavd5rlc8/maaracard.com/app/Views/includes/test.php(112): CodeIgniter\HTTP\URI->getSegment(2)
#2 /home/zjtoavd5rlc8/maaracard.com/app/Views/includes/footer.php(70): include('/home/zjtoavd5r...')
#3 /home/zjtoavd5rlc8/maaracard.com/vendor/codeigniter4/framework/system/View/View.php(210): include('/home/zjtoavd5r...')
#4 /home/zjtoavd5rlc8/maaracard.com/vendor/codeigniter4/framework/system/View/View.php(213): CodeIgniter\View\View->CodeIgniter\View\{closure}()
#5 /home/zjtoavd5rlc8/maaracard.com/vendor/codeigniter4/framework/system/Common.php(1089): CodeIgniter\View\View->render('includes/footer', Array, true)
#6 /home/zjtoavd5rlc8/maaracard.com/app/Controllers/BaseController.php(654): view('includes/footer', Array)
#7 /home/zjtoavd5rlc8/maaracard.com/app/Controllers/Landing.php(501): App\Controllers\BaseController->loadLandingViews('cart', Array)
#8 /home/zjtoavd5rlc8/maaracard.com/vendor/codeigniter4/framework/system/CodeIgniter.php(832): App\Controllers\Landing->cartList()
#9 /home/zjtoavd5rlc8/maaracard.com/vendor/codeigniter4/framework/system/CodeIgniter.php(419): CodeIgniter\CodeIgniter->runController(Object(App\Controllers\Landing))
#10 /home/zjtoavd5rlc8/maaracard.com/vendor/codeigniter4/framework/system/CodeIgniter.php(326): CodeIgniter\CodeIgniter->handleRequest(NULL, Object(Config\Cache), false)
#11 /home/zjtoavd5rlc8/maaracard.com/index.php(43): CodeIgniter\CodeIgniter->run()
#12 {main}
CRITICAL - 2022-10-27 01:26:34 --> Request URI segment is out of range: 2
#0 /home/zjtoavd5rlc8/maaracard.com/vendor/codeigniter4/framework/system/HTTP/URI.php(529): CodeIgniter\HTTP\Exceptions\HTTPException::forURISegmentOutOfRange(2)
#1 /home/zjtoavd5rlc8/maaracard.com/app/Views/includes/test.php(112): CodeIgniter\HTTP\URI->getSegment(2)
#2 /home/zjtoavd5rlc8/maaracard.com/app/Views/includes/footer.php(70): include('/home/zjtoavd5r...')
#3 /home/zjtoavd5rlc8/maaracard.com/vendor/codeigniter4/framework/system/View/View.php(210): include('/home/zjtoavd5r...')
#4 /home/zjtoavd5rlc8/maaracard.com/vendor/codeigniter4/framework/system/View/View.php(213): CodeIgniter\View\View->CodeIgniter\View\{closure}()
#5 /home/zjtoavd5rlc8/maaracard.com/vendor/codeigniter4/framework/system/Common.php(1089): CodeIgniter\View\View->render('includes/footer', Array, true)
#6 /home/zjtoavd5rlc8/maaracard.com/app/Controllers/BaseController.php(654): view('includes/footer', Array)
#7 /home/zjtoavd5rlc8/maaracard.com/app/Controllers/Landing.php(501): App\Controllers\BaseController->loadLandingViews('cart', Array)
#8 /home/zjtoavd5rlc8/maaracard.com/vendor/codeigniter4/framework/system/CodeIgniter.php(832): App\Controllers\Landing->cartList()
#9 /home/zjtoavd5rlc8/maaracard.com/vendor/codeigniter4/framework/system/CodeIgniter.php(419): CodeIgniter\CodeIgniter->runController(Object(App\Controllers\Landing))
#10 /home/zjtoavd5rlc8/maaracard.com/vendor/codeigniter4/framework/system/CodeIgniter.php(326): CodeIgniter\CodeIgniter->handleRequest(NULL, Object(Config\Cache), false)
#11 /home/zjtoavd5rlc8/maaracard.com/index.php(43): CodeIgniter\CodeIgniter->run()
#12 {main}
CRITICAL - 2022-10-27 01:26:38 --> Request URI segment is out of range: 2
#0 /home/zjtoavd5rlc8/maaracard.com/vendor/codeigniter4/framework/system/HTTP/URI.php(529): CodeIgniter\HTTP\Exceptions\HTTPException::forURISegmentOutOfRange(2)
#1 /home/zjtoavd5rlc8/maaracard.com/app/Views/includes/test.php(112): CodeIgniter\HTTP\URI->getSegment(2)
#2 /home/zjtoavd5rlc8/maaracard.com/app/Views/includes/footer.php(70): include('/home/zjtoavd5r...')
#3 /home/zjtoavd5rlc8/maaracard.com/vendor/codeigniter4/framework/system/View/View.php(210): include('/home/zjtoavd5r...')
#4 /home/zjtoavd5rlc8/maaracard.com/vendor/codeigniter4/framework/system/View/View.php(213): CodeIgniter\View\View->CodeIgniter\View\{closure}()
#5 /home/zjtoavd5rlc8/maaracard.com/vendor/codeigniter4/framework/system/Common.php(1089): CodeIgniter\View\View->render('includes/footer', Array, true)
#6 /home/zjtoavd5rlc8/maaracard.com/app/Controllers/BaseController.php(654): view('includes/footer', Array)
#7 /home/zjtoavd5rlc8/maaracard.com/app/Controllers/Landing.php(237): App\Controllers\BaseController->loadLandingViews('shop', Array)
#8 /home/zjtoavd5rlc8/maaracard.com/vendor/codeigniter4/framework/system/CodeIgniter.php(832): App\Controllers\Landing->shop()
#9 /home/zjtoavd5rlc8/maaracard.com/vendor/codeigniter4/framework/system/CodeIgniter.php(419): CodeIgniter\CodeIgniter->runController(Object(App\Controllers\Landing))
#10 /home/zjtoavd5rlc8/maaracard.com/vendor/codeigniter4/framework/system/CodeIgniter.php(326): CodeIgniter\CodeIgniter->handleRequest(NULL, Object(Config\Cache), false)
#11 /home/zjtoavd5rlc8/maaracard.com/index.php(43): CodeIgniter\CodeIgniter->run()
#12 {main}
CRITICAL - 2022-10-27 01:29:28 --> Use of undefined constant php - assumed 'php' (this will throw an Error in a future version of PHP)
#0 /home/zjtoavd5rlc8/maaracard.com/app/Views/cart.php(1): CodeIgniter\Debug\Exceptions->errorHandler(2, 'Use of undefine...', '/home/zjtoavd5r...', 1, Array)
#1 /home/zjtoavd5rlc8/maaracard.com/vendor/codeigniter4/framework/system/View/View.php(210): include('/home/zjtoavd5r...')
#2 /home/zjtoavd5rlc8/maaracard.com/vendor/codeigniter4/framework/system/View/View.php(213): CodeIgniter\View\View->CodeIgniter\View\{closure}()
#3 /home/zjtoavd5rlc8/maaracard.com/vendor/codeigniter4/framework/system/Common.php(1089): CodeIgniter\View\View->render('cart', Array, true)
#4 /home/zjtoavd5rlc8/maaracard.com/app/Controllers/BaseController.php(653): view('cart', Array)
#5 /home/zjtoavd5rlc8/maaracard.com/app/Controllers/Landing.php(501): App\Controllers\BaseController->loadLandingViews('cart', Array)
#6 /home/zjtoavd5rlc8/maaracard.com/vendor/codeigniter4/framework/system/CodeIgniter.php(832): App\Controllers\Landing->cartList()
#7 /home/zjtoavd5rlc8/maaracard.com/vendor/codeigniter4/framework/system/CodeIgniter.php(419): CodeIgniter\CodeIgniter->runController(Object(App\Controllers\Landing))
#8 /home/zjtoavd5rlc8/maaracard.com/vendor/codeigniter4/framework/system/CodeIgniter.php(326): CodeIgniter\CodeIgniter->handleRequest(NULL, Object(Config\Cache), false)
#9 /home/zjtoavd5rlc8/maaracard.com/index.php(43): CodeIgniter\CodeIgniter->run()
#10 {main}
CRITICAL - 2022-10-27 02:41:34 --> A non-numeric value encountered
#0 /home/zjtoavd5rlc8/maaracard.com/app/Controllers/Landing.php(457): CodeIgniter\Debug\Exceptions->errorHandler(2, 'A non-numeric v...', '/home/zjtoavd5r...', 457, Array)
#1 /home/zjtoavd5rlc8/maaracard.com/vendor/codeigniter4/framework/system/CodeIgniter.php(832): App\Controllers\Landing->changeCartQty()
#2 /home/zjtoavd5rlc8/maaracard.com/vendor/codeigniter4/framework/system/CodeIgniter.php(419): CodeIgniter\CodeIgniter->runController(Object(App\Controllers\Landing))
#3 /home/zjtoavd5rlc8/maaracard.com/vendor/codeigniter4/framework/system/CodeIgniter.php(326): CodeIgniter\CodeIgniter->handleRequest(NULL, Object(Config\Cache), false)
#4 /home/zjtoavd5rlc8/maaracard.com/index.php(43): CodeIgniter\CodeIgniter->run()
#5 {main}
CRITICAL - 2022-10-27 02:41:55 --> A non-numeric value encountered
#0 /home/zjtoavd5rlc8/maaracard.com/app/Views/includes/header.php(155): CodeIgniter\Debug\Exceptions->errorHandler(2, 'A non-numeric v...', '/home/zjtoavd5r...', 155, Array)
#1 /home/zjtoavd5rlc8/maaracard.com/vendor/codeigniter4/framework/system/View/View.php(210): include('/home/zjtoavd5r...')
#2 /home/zjtoavd5rlc8/maaracard.com/vendor/codeigniter4/framework/system/View/View.php(213): CodeIgniter\View\View->CodeIgniter\View\{closure}()
#3 /home/zjtoavd5rlc8/maaracard.com/vendor/codeigniter4/framework/system/Common.php(1089): CodeIgniter\View\View->render('includes/header', Array, true)
#4 /home/zjtoavd5rlc8/maaracard.com/app/Controllers/BaseController.php(653): view('includes/header', Array)
#5 /home/zjtoavd5rlc8/maaracard.com/app/Controllers/Landing.php(237): App\Controllers\BaseController->loadLandingViews('shop', Array)
#6 /home/zjtoavd5rlc8/maaracard.com/vendor/codeigniter4/framework/system/CodeIgniter.php(832): App\Controllers\Landing->shop()
#7 /home/zjtoavd5rlc8/maaracard.com/vendor/codeigniter4/framework/system/CodeIgniter.php(419): CodeIgniter\CodeIgniter->runController(Object(App\Controllers\Landing))
#8 /home/zjtoavd5rlc8/maaracard.com/vendor/codeigniter4/framework/system/CodeIgniter.php(326): CodeIgniter\CodeIgniter->handleRequest(NULL, Object(Config\Cache), false)
#9 /home/zjtoavd5rlc8/maaracard.com/index.php(43): CodeIgniter\CodeIgniter->run()
#10 {main}
CRITICAL - 2022-10-27 02:42:02 --> A non-numeric value encountered
#0 /home/zjtoavd5rlc8/maaracard.com/app/Views/includes/header.php(155): CodeIgniter\Debug\Exceptions->errorHandler(2, 'A non-numeric v...', '/home/zjtoavd5r...', 155, Array)
#1 /home/zjtoavd5rlc8/maaracard.com/vendor/codeigniter4/framework/system/View/View.php(210): include('/home/zjtoavd5r...')
#2 /home/zjtoavd5rlc8/maaracard.com/vendor/codeigniter4/framework/system/View/View.php(213): CodeIgniter\View\View->CodeIgniter\View\{closure}()
#3 /home/zjtoavd5rlc8/maaracard.com/vendor/codeigniter4/framework/system/Common.php(1089): CodeIgniter\View\View->render('includes/header', Array, true)
#4 /home/zjtoavd5rlc8/maaracard.com/app/Controllers/BaseController.php(653): view('includes/header', Array)
#5 /home/zjtoavd5rlc8/maaracard.com/app/Controllers/Landing.php(237): App\Controllers\BaseController->loadLandingViews('shop', Array)
#6 /home/zjtoavd5rlc8/maaracard.com/vendor/codeigniter4/framework/system/CodeIgniter.php(832): App\Controllers\Landing->shop()
#7 /home/zjtoavd5rlc8/maaracard.com/vendor/codeigniter4/framework/system/CodeIgniter.php(419): CodeIgniter\CodeIgniter->runController(Object(App\Controllers\Landing))
#8 /home/zjtoavd5rlc8/maaracard.com/vendor/codeigniter4/framework/system/CodeIgniter.php(326): CodeIgniter\CodeIgniter->handleRequest(NULL, Object(Config\Cache), false)
#9 /home/zjtoavd5rlc8/maaracard.com/index.php(43): CodeIgniter\CodeIgniter->run()
#10 {main}
CRITICAL - 2022-10-27 02:42:04 --> A non-numeric value encountered
#0 /home/zjtoavd5rlc8/maaracard.com/app/Views/includes/header.php(155): CodeIgniter\Debug\Exceptions->errorHandler(2, 'A non-numeric v...', '/home/zjtoavd5r...', 155, Array)
#1 /home/zjtoavd5rlc8/maaracard.com/vendor/codeigniter4/framework/system/View/View.php(210): include('/home/zjtoavd5r...')
#2 /home/zjtoavd5rlc8/maaracard.com/vendor/codeigniter4/framework/system/View/View.php(213): CodeIgniter\View\View->CodeIgniter\View\{closure}()
#3 /home/zjtoavd5rlc8/maaracard.com/vendor/codeigniter4/framework/system/Common.php(1089): CodeIgniter\View\View->render('includes/header', Array, true)
#4 /home/zjtoavd5rlc8/maaracard.com/app/Controllers/BaseController.php(653): view('includes/header', Array)
#5 /home/zjtoavd5rlc8/maaracard.com/app/Controllers/Landing.php(237): App\Controllers\BaseController->loadLandingViews('shop', Array)
#6 /home/zjtoavd5rlc8/maaracard.com/vendor/codeigniter4/framework/system/CodeIgniter.php(832): App\Controllers\Landing->shop()
#7 /home/zjtoavd5rlc8/maaracard.com/vendor/codeigniter4/framework/system/CodeIgniter.php(419): CodeIgniter\CodeIgniter->runController(Object(App\Controllers\Landing))
#8 /home/zjtoavd5rlc8/maaracard.com/vendor/codeigniter4/framework/system/CodeIgniter.php(326): CodeIgniter\CodeIgniter->handleRequest(NULL, Object(Config\Cache), false)
#9 /home/zjtoavd5rlc8/maaracard.com/index.php(43): CodeIgniter\CodeIgniter->run()
#10 {main}
CRITICAL - 2022-10-27 02:54:15 --> A non-numeric value encountered
#0 /home/zjtoavd5rlc8/maaracard.com/app/Views/includes/header.php(155): CodeIgniter\Debug\Exceptions->errorHandler(2, 'A non-numeric v...', '/home/zjtoavd5r...', 155, Array)
#1 /home/zjtoavd5rlc8/maaracard.com/vendor/codeigniter4/framework/system/View/View.php(210): include('/home/zjtoavd5r...')
#2 /home/zjtoavd5rlc8/maaracard.com/vendor/codeigniter4/framework/system/View/View.php(213): CodeIgniter\View\View->CodeIgniter\View\{closure}()
#3 /home/zjtoavd5rlc8/maaracard.com/vendor/codeigniter4/framework/system/Common.php(1089): CodeIgniter\View\View->render('includes/header', Array, true)
#4 /home/zjtoavd5rlc8/maaracard.com/app/Controllers/BaseController.php(653): view('includes/header', Array)
#5 /home/zjtoavd5rlc8/maaracard.com/app/Controllers/Landing.php(237): App\Controllers\BaseController->loadLandingViews('shop', Array)
#6 /home/zjtoavd5rlc8/maaracard.com/vendor/codeigniter4/framework/system/CodeIgniter.php(832): App\Controllers\Landing->shop()
#7 /home/zjtoavd5rlc8/maaracard.com/vendor/codeigniter4/framework/system/CodeIgniter.php(419): CodeIgniter\CodeIgniter->runController(Object(App\Controllers\Landing))
#8 /home/zjtoavd5rlc8/maaracard.com/vendor/codeigniter4/framework/system/CodeIgniter.php(326): CodeIgniter\CodeIgniter->handleRequest(NULL, Object(Config\Cache), false)
#9 /home/zjtoavd5rlc8/maaracard.com/index.php(43): CodeIgniter\CodeIgniter->run()
#10 {main}
CRITICAL - 2022-10-27 02:54:21 --> A non-numeric value encountered
#0 /home/zjtoavd5rlc8/maaracard.com/app/Views/cart.php(37): CodeIgniter\Debug\Exceptions->errorHandler(2, 'A non-numeric v...', '/home/zjtoavd5r...', 37, Array)
#1 /home/zjtoavd5rlc8/maaracard.com/vendor/codeigniter4/framework/system/View/View.php(210): include('/home/zjtoavd5r...')
#2 /home/zjtoavd5rlc8/maaracard.com/vendor/codeigniter4/framework/system/View/View.php(213): CodeIgniter\View\View->CodeIgniter\View\{closure}()
#3 /home/zjtoavd5rlc8/maaracard.com/vendor/codeigniter4/framework/system/Common.php(1089): CodeIgniter\View\View->render('cart', Array, true)
#4 /home/zjtoavd5rlc8/maaracard.com/app/Controllers/BaseController.php(654): view('cart', Array)
#5 /home/zjtoavd5rlc8/maaracard.com/app/Controllers/Landing.php(501): App\Controllers\BaseController->loadLandingViews('cart', Array)
#6 /home/zjtoavd5rlc8/maaracard.com/vendor/codeigniter4/framework/system/CodeIgniter.php(832): App\Controllers\Landing->cartList()
#7 /home/zjtoavd5rlc8/maaracard.com/vendor/codeigniter4/framework/system/CodeIgniter.php(419): CodeIgniter\CodeIgniter->runController(Object(App\Controllers\Landing))
#8 /home/zjtoavd5rlc8/maaracard.com/vendor/codeigniter4/framework/system/CodeIgniter.php(326): CodeIgniter\CodeIgniter->handleRequest(NULL, Object(Config\Cache), false)
#9 /home/zjtoavd5rlc8/maaracard.com/index.php(43): CodeIgniter\CodeIgniter->run()
#10 {main}
CRITICAL - 2022-10-27 02:55:02 --> A non-numeric value encountered
#0 /home/zjtoavd5rlc8/maaracard.com/app/Controllers/Landing.php(457): CodeIgniter\Debug\Exceptions->errorHandler(2, 'A non-numeric v...', '/home/zjtoavd5r...', 457, Array)
#1 /home/zjtoavd5rlc8/maaracard.com/vendor/codeigniter4/framework/system/CodeIgniter.php(832): App\Controllers\Landing->changeCartQty()
#2 /home/zjtoavd5rlc8/maaracard.com/vendor/codeigniter4/framework/system/CodeIgniter.php(419): CodeIgniter\CodeIgniter->runController(Object(App\Controllers\Landing))
#3 /home/zjtoavd5rlc8/maaracard.com/vendor/codeigniter4/framework/system/CodeIgniter.php(326): CodeIgniter\CodeIgniter->handleRequest(NULL, Object(Config\Cache), false)
#4 /home/zjtoavd5rlc8/maaracard.com/index.php(43): CodeIgniter\CodeIgniter->run()
#5 {main}
CRITICAL - 2022-10-27 02:56:13 --> A non-numeric value encountered
#0 /home/zjtoavd5rlc8/maaracard.com/app/Views/includes/header.php(155): CodeIgniter\Debug\Exceptions->errorHandler(2, 'A non-numeric v...', '/home/zjtoavd5r...', 155, Array)
#1 /home/zjtoavd5rlc8/maaracard.com/vendor/codeigniter4/framework/system/View/View.php(210): include('/home/zjtoavd5r...')
#2 /home/zjtoavd5rlc8/maaracard.com/vendor/codeigniter4/framework/system/View/View.php(213): CodeIgniter\View\View->CodeIgniter\View\{closure}()
#3 /home/zjtoavd5rlc8/maaracard.com/vendor/codeigniter4/framework/system/Common.php(1089): CodeIgniter\View\View->render('includes/header', Array, true)
#4 /home/zjtoavd5rlc8/maaracard.com/app/Controllers/BaseController.php(653): view('includes/header', Array)
#5 /home/zjtoavd5rlc8/maaracard.com/app/Controllers/Landing.php(237): App\Controllers\BaseController->loadLandingViews('shop', Array)
#6 /home/zjtoavd5rlc8/maaracard.com/vendor/codeigniter4/framework/system/CodeIgniter.php(832): App\Controllers\Landing->shop()
#7 /home/zjtoavd5rlc8/maaracard.com/vendor/codeigniter4/framework/system/CodeIgniter.php(419): CodeIgniter\CodeIgniter->runController(Object(App\Controllers\Landing))
#8 /home/zjtoavd5rlc8/maaracard.com/vendor/codeigniter4/framework/system/CodeIgniter.php(326): CodeIgniter\CodeIgniter->handleRequest(NULL, Object(Config\Cache), false)
#9 /home/zjtoavd5rlc8/maaracard.com/index.php(43): CodeIgniter\CodeIgniter->run()
#10 {main}
CRITICAL - 2022-10-27 02:56:15 --> A non-numeric value encountered
#0 /home/zjtoavd5rlc8/maaracard.com/app/Views/includes/header.php(155): CodeIgniter\Debug\Exceptions->errorHandler(2, 'A non-numeric v...', '/home/zjtoavd5r...', 155, Array)
#1 /home/zjtoavd5rlc8/maaracard.com/vendor/codeigniter4/framework/system/View/View.php(210): include('/home/zjtoavd5r...')
#2 /home/zjtoavd5rlc8/maaracard.com/vendor/codeigniter4/framework/system/View/View.php(213): CodeIgniter\View\View->CodeIgniter\View\{closure}()
#3 /home/zjtoavd5rlc8/maaracard.com/vendor/codeigniter4/framework/system/Common.php(1089): CodeIgniter\View\View->render('includes/header', Array, true)
#4 /home/zjtoavd5rlc8/maaracard.com/app/Controllers/BaseController.php(653): view('includes/header', Array)
#5 /home/zjtoavd5rlc8/maaracard.com/app/Controllers/Landing.php(237): App\Controllers\BaseController->loadLandingViews('shop', Array)
#6 /home/zjtoavd5rlc8/maaracard.com/vendor/codeigniter4/framework/system/CodeIgniter.php(832): App\Controllers\Landing->shop()
#7 /home/zjtoavd5rlc8/maaracard.com/vendor/codeigniter4/framework/system/CodeIgniter.php(419): CodeIgniter\CodeIgniter->runController(Object(App\Controllers\Landing))
#8 /home/zjtoavd5rlc8/maaracard.com/vendor/codeigniter4/framework/system/CodeIgniter.php(326): CodeIgniter\CodeIgniter->handleRequest(NULL, Object(Config\Cache), false)
#9 /home/zjtoavd5rlc8/maaracard.com/index.php(43): CodeIgniter\CodeIgniter->run()
#10 {main}
CRITICAL - 2022-10-27 02:56:20 --> A non-numeric value encountered
#0 /home/zjtoavd5rlc8/maaracard.com/app/Views/cart.php(37): CodeIgniter\Debug\Exceptions->errorHandler(2, 'A non-numeric v...', '/home/zjtoavd5r...', 37, Array)
#1 /home/zjtoavd5rlc8/maaracard.com/vendor/codeigniter4/framework/system/View/View.php(210): include('/home/zjtoavd5r...')
#2 /home/zjtoavd5rlc8/maaracard.com/vendor/codeigniter4/framework/system/View/View.php(213): CodeIgniter\View\View->CodeIgniter\View\{closure}()
#3 /home/zjtoavd5rlc8/maaracard.com/vendor/codeigniter4/framework/system/Common.php(1089): CodeIgniter\View\View->render('cart', Array, true)
#4 /home/zjtoavd5rlc8/maaracard.com/app/Controllers/BaseController.php(654): view('cart', Array)
#5 /home/zjtoavd5rlc8/maaracard.com/app/Controllers/Landing.php(501): App\Controllers\BaseController->loadLandingViews('cart', Array)
#6 /home/zjtoavd5rlc8/maaracard.com/vendor/codeigniter4/framework/system/CodeIgniter.php(832): App\Controllers\Landing->cartList()
#7 /home/zjtoavd5rlc8/maaracard.com/vendor/codeigniter4/framework/system/CodeIgniter.php(419): CodeIgniter\CodeIgniter->runController(Object(App\Controllers\Landing))
#8 /home/zjtoavd5rlc8/maaracard.com/vendor/codeigniter4/framework/system/CodeIgniter.php(326): CodeIgniter\CodeIgniter->handleRequest(NULL, Object(Config\Cache), false)
#9 /home/zjtoavd5rlc8/maaracard.com/index.php(43): CodeIgniter\CodeIgniter->run()
#10 {main}
CRITICAL - 2022-10-27 02:56:30 --> A non-numeric value encountered
#0 /home/zjtoavd5rlc8/maaracard.com/app/Views/cart.php(37): CodeIgniter\Debug\Exceptions->errorHandler(2, 'A non-numeric v...', '/home/zjtoavd5r...', 37, Array)
#1 /home/zjtoavd5rlc8/maaracard.com/vendor/codeigniter4/framework/system/View/View.php(210): include('/home/zjtoavd5r...')
#2 /home/zjtoavd5rlc8/maaracard.com/vendor/codeigniter4/framework/system/View/View.php(213): CodeIgniter\View\View->CodeIgniter\View\{closure}()
#3 /home/zjtoavd5rlc8/maaracard.com/vendor/codeigniter4/framework/system/Common.php(1089): CodeIgniter\View\View->render('cart', Array, true)
#4 /home/zjtoavd5rlc8/maaracard.com/app/Controllers/BaseController.php(654): view('cart', Array)
#5 /home/zjtoavd5rlc8/maaracard.com/app/Controllers/Landing.php(501): App\Controllers\BaseController->loadLandingViews('cart', Array)
#6 /home/zjtoavd5rlc8/maaracard.com/vendor/codeigniter4/framework/system/CodeIgniter.php(832): App\Controllers\Landing->cartList()
#7 /home/zjtoavd5rlc8/maaracard.com/vendor/codeigniter4/framework/system/CodeIgniter.php(419): CodeIgniter\CodeIgniter->runController(Object(App\Controllers\Landing))
#8 /home/zjtoavd5rlc8/maaracard.com/vendor/codeigniter4/framework/system/CodeIgniter.php(326): CodeIgniter\CodeIgniter->handleRequest(NULL, Object(Config\Cache), false)
#9 /home/zjtoavd5rlc8/maaracard.com/index.php(43): CodeIgniter\CodeIgniter->run()
#10 {main}
