CRITICAL - 2022-05-20 00:27:08 --> Use of undefined constant php - assumed 'php' (this will throw an Error in a future version of PHP)
#0 /home/amandeep/public_html/maara/app/Views/admin/includes/footer.php(48): CodeIgniter\Debug\Exceptions->errorHandler(2, 'Use of undefine...', '/home/amandeep/...', 48, Array)
#1 /home/amandeep/public_html/maara/vendor/codeigniter4/framework/system/View/View.php(210): include('/home/amandeep/...')
#2 /home/amandeep/public_html/maara/vendor/codeigniter4/framework/system/View/View.php(213): CodeIgniter\View\View->CodeIgniter\View\{closure}()
#3 /home/amandeep/public_html/maara/vendor/codeigniter4/framework/system/Common.php(1089): CodeIgniter\View\View->render('admin/includes/...', Array, true)
#4 /home/amandeep/public_html/maara/app/Controllers/BaseController.php(466): view('admin/includes/...', Array)
#5 /home/amandeep/public_html/maara/app/Controllers/Dashboard.php(111): App\Controllers\BaseController->loadViews('addDevice', Array)
#6 /home/amandeep/public_html/maara/vendor/codeigniter4/framework/system/CodeIgniter.php(832): App\Controllers\Dashboard->addDeviceType()
#7 /home/amandeep/public_html/maara/vendor/codeigniter4/framework/system/CodeIgniter.php(419): CodeIgniter\CodeIgniter->runController(Object(App\Controllers\Dashboard))
#8 /home/amandeep/public_html/maara/vendor/codeigniter4/framework/system/CodeIgniter.php(326): CodeIgniter\CodeIgniter->handleRequest(NULL, Object(Config\Cache), false)
#9 /home/amandeep/public_html/maara/index.php(43): CodeIgniter\CodeIgniter->run()
#10 {main}
CRITICAL - 2022-05-20 00:27:14 --> Use of undefined constant php - assumed 'php' (this will throw an Error in a future version of PHP)
#0 /home/amandeep/public_html/maara/app/Views/admin/includes/footer.php(48): CodeIgniter\Debug\Exceptions->errorHandler(2, 'Use of undefine...', '/home/amandeep/...', 48, Array)
#1 /home/amandeep/public_html/maara/vendor/codeigniter4/framework/system/View/View.php(210): include('/home/amandeep/...')
#2 /home/amandeep/public_html/maara/vendor/codeigniter4/framework/system/View/View.php(213): CodeIgniter\View\View->CodeIgniter\View\{closure}()
#3 /home/amandeep/public_html/maara/vendor/codeigniter4/framework/system/Common.php(1089): CodeIgniter\View\View->render('admin/includes/...', Array, true)
#4 /home/amandeep/public_html/maara/app/Controllers/BaseController.php(466): view('admin/includes/...', Array)
#5 /home/amandeep/public_html/maara/app/Controllers/Dashboard.php(111): App\Controllers\BaseController->loadViews('addDevice', Array)
#6 /home/amandeep/public_html/maara/vendor/codeigniter4/framework/system/CodeIgniter.php(832): App\Controllers\Dashboard->addDeviceType()
#7 /home/amandeep/public_html/maara/vendor/codeigniter4/framework/system/CodeIgniter.php(419): CodeIgniter\CodeIgniter->runController(Object(App\Controllers\Dashboard))
#8 /home/amandeep/public_html/maara/vendor/codeigniter4/framework/system/CodeIgniter.php(326): CodeIgniter\CodeIgniter->handleRequest(NULL, Object(Config\Cache), false)
#9 /home/amandeep/public_html/maara/index.php(43): CodeIgniter\CodeIgniter->run()
#10 {main}
CRITICAL - 2022-05-20 04:12:40 --> Invalid argument supplied for foreach()
#0 /home/amandeep/public_html/maara/app/Views/admin/colorManagement.php(30): CodeIgniter\Debug\Exceptions->errorHandler(2, 'Invalid argumen...', '/home/amandeep/...', 30, Array)
#1 /home/amandeep/public_html/maara/vendor/codeigniter4/framework/system/View/View.php(210): include('/home/amandeep/...')
#2 /home/amandeep/public_html/maara/vendor/codeigniter4/framework/system/View/View.php(213): CodeIgniter\View\View->CodeIgniter\View\{closure}()
#3 /home/amandeep/public_html/maara/vendor/codeigniter4/framework/system/Common.php(1089): CodeIgniter\View\View->render('admin/colorMana...', Array, true)
#4 /home/amandeep/public_html/maara/app/Controllers/BaseController.php(465): view('admin/colorMana...', Array)
#5 /home/amandeep/public_html/maara/app/Controllers/Dashboard.php(220): App\Controllers\BaseController->loadViews('colorManagement', Array)
#6 /home/amandeep/public_html/maara/vendor/codeigniter4/framework/system/CodeIgniter.php(832): App\Controllers\Dashboard->colorManagement()
#7 /home/amandeep/public_html/maara/vendor/codeigniter4/framework/system/CodeIgniter.php(419): CodeIgniter\CodeIgniter->runController(Object(App\Controllers\Dashboard))
#8 /home/amandeep/public_html/maara/vendor/codeigniter4/framework/system/CodeIgniter.php(326): CodeIgniter\CodeIgniter->handleRequest(NULL, Object(Config\Cache), false)
#9 /home/amandeep/public_html/maara/index.php(43): CodeIgniter\CodeIgniter->run()
#10 {main}
