CRITICAL - 2022-05-12 00:59:17 --> Use of undefined constant CI_VERSION - assumed 'CI_VERSION' (this will throw an Error in a future version of PHP)
#0 /home/amandeep/public_html/maara/app/Views/admin/deviceManagment.php(3): CodeIgniter\Debug\Exceptions->errorHandler(2, 'Use of undefine...', '/home/amandeep/...', 3, Array)
#1 /home/amandeep/public_html/maara/vendor/codeigniter4/framework/system/View/View.php(210): include('/home/amandeep/...')
#2 /home/amandeep/public_html/maara/vendor/codeigniter4/framework/system/View/View.php(213): CodeIgniter\View\View->CodeIgniter\View\{closure}()
#3 /home/amandeep/public_html/maara/vendor/codeigniter4/framework/system/Common.php(1089): CodeIgniter\View\View->render('admin/deviceMan...', Array, true)
#4 /home/amandeep/public_html/maara/app/Controllers/BaseController.php(457): view('admin/deviceMan...', Array)
#5 /home/amandeep/public_html/maara/app/Controllers/Dashboard.php(81): App\Controllers\BaseController->loadViews('deviceManagment', Array)
#6 /home/amandeep/public_html/maara/vendor/codeigniter4/framework/system/CodeIgniter.php(832): App\Controllers\Dashboard->devicesManagement()
#7 /home/amandeep/public_html/maara/vendor/codeigniter4/framework/system/CodeIgniter.php(419): CodeIgniter\CodeIgniter->runController(Object(App\Controllers\Dashboard))
#8 /home/amandeep/public_html/maara/vendor/codeigniter4/framework/system/CodeIgniter.php(326): CodeIgniter\CodeIgniter->handleRequest(NULL, Object(Config\Cache), false)
#9 /home/amandeep/public_html/maara/index.php(43): CodeIgniter\CodeIgniter->run()
#10 {main}
CRITICAL - 2022-05-12 02:32:17 --> Invalid file: admin/devicesTypesManagement.php
#0 /home/amandeep/public_html/maara/vendor/codeigniter4/framework/system/View/View.php(198): CodeIgniter\Exceptions\FrameworkException::forInvalidFile('admin/devicesTy...')
#1 /home/amandeep/public_html/maara/vendor/codeigniter4/framework/system/Common.php(1089): CodeIgniter\View\View->render('admin/devicesTy...', Array, true)
#2 /home/amandeep/public_html/maara/app/Controllers/BaseController.php(457): view('admin/devicesTy...', Array)
#3 /home/amandeep/public_html/maara/app/Controllers/Dashboard.php(95): App\Controllers\BaseController->loadViews('devicesTypesMan...', Array)
#4 /home/amandeep/public_html/maara/vendor/codeigniter4/framework/system/CodeIgniter.php(832): App\Controllers\Dashboard->devicesTypesManagement('$1')
#5 /home/amandeep/public_html/maara/vendor/codeigniter4/framework/system/CodeIgniter.php(419): CodeIgniter\CodeIgniter->runController(Object(App\Controllers\Dashboard))
#6 /home/amandeep/public_html/maara/vendor/codeigniter4/framework/system/CodeIgniter.php(326): CodeIgniter\CodeIgniter->handleRequest(NULL, Object(Config\Cache), false)
#7 /home/amandeep/public_html/maara/index.php(43): CodeIgniter\CodeIgniter->run()
#8 {main}
CRITICAL - 2022-05-12 02:53:31 --> Invalid file: admin/devicesTypesManagement.php
#0 /home/amandeep/public_html/maara/vendor/codeigniter4/framework/system/View/View.php(198): CodeIgniter\Exceptions\FrameworkException::forInvalidFile('admin/devicesTy...')
#1 /home/amandeep/public_html/maara/vendor/codeigniter4/framework/system/Common.php(1089): CodeIgniter\View\View->render('admin/devicesTy...', Array, true)
#2 /home/amandeep/public_html/maara/app/Controllers/BaseController.php(457): view('admin/devicesTy...', Array)
#3 /home/amandeep/public_html/maara/app/Controllers/Dashboard.php(95): App\Controllers\BaseController->loadViews('devicesTypesMan...', Array)
#4 /home/amandeep/public_html/maara/vendor/codeigniter4/framework/system/CodeIgniter.php(832): App\Controllers\Dashboard->devicesTypesManagement('$1')
#5 /home/amandeep/public_html/maara/vendor/codeigniter4/framework/system/CodeIgniter.php(419): CodeIgniter\CodeIgniter->runController(Object(App\Controllers\Dashboard))
#6 /home/amandeep/public_html/maara/vendor/codeigniter4/framework/system/CodeIgniter.php(326): CodeIgniter\CodeIgniter->handleRequest(NULL, Object(Config\Cache), false)
#7 /home/amandeep/public_html/maara/index.php(43): CodeIgniter\CodeIgniter->run()
#8 {main}
CRITICAL - 2022-05-12 02:54:34 --> Invalid file: admin/devicesTypesManagement.php
#0 /home/amandeep/public_html/maara/vendor/codeigniter4/framework/system/View/View.php(198): CodeIgniter\Exceptions\FrameworkException::forInvalidFile('admin/devicesTy...')
#1 /home/amandeep/public_html/maara/vendor/codeigniter4/framework/system/Common.php(1089): CodeIgniter\View\View->render('admin/devicesTy...', Array, true)
#2 /home/amandeep/public_html/maara/app/Controllers/BaseController.php(457): view('admin/devicesTy...', Array)
#3 /home/amandeep/public_html/maara/app/Controllers/Dashboard.php(95): App\Controllers\BaseController->loadViews('devicesTypesMan...', Array)
#4 /home/amandeep/public_html/maara/vendor/codeigniter4/framework/system/CodeIgniter.php(832): App\Controllers\Dashboard->devicesTypesManagement('$1')
#5 /home/amandeep/public_html/maara/vendor/codeigniter4/framework/system/CodeIgniter.php(419): CodeIgniter\CodeIgniter->runController(Object(App\Controllers\Dashboard))
#6 /home/amandeep/public_html/maara/vendor/codeigniter4/framework/system/CodeIgniter.php(326): CodeIgniter\CodeIgniter->handleRequest(NULL, Object(Config\Cache), false)
#7 /home/amandeep/public_html/maara/index.php(43): CodeIgniter\CodeIgniter->run()
#8 {main}
CRITICAL - 2022-05-12 02:54:48 --> Invalid file: admin/devicesTypesManagement.php
#0 /home/amandeep/public_html/maara/vendor/codeigniter4/framework/system/View/View.php(198): CodeIgniter\Exceptions\FrameworkException::forInvalidFile('admin/devicesTy...')
#1 /home/amandeep/public_html/maara/vendor/codeigniter4/framework/system/Common.php(1089): CodeIgniter\View\View->render('admin/devicesTy...', Array, true)
#2 /home/amandeep/public_html/maara/app/Controllers/BaseController.php(457): view('admin/devicesTy...', Array)
#3 /home/amandeep/public_html/maara/app/Controllers/Dashboard.php(95): App\Controllers\BaseController->loadViews('devicesTypesMan...', Array)
#4 /home/amandeep/public_html/maara/vendor/codeigniter4/framework/system/CodeIgniter.php(832): App\Controllers\Dashboard->devicesTypesManagement('$1')
#5 /home/amandeep/public_html/maara/vendor/codeigniter4/framework/system/CodeIgniter.php(419): CodeIgniter\CodeIgniter->runController(Object(App\Controllers\Dashboard))
#6 /home/amandeep/public_html/maara/vendor/codeigniter4/framework/system/CodeIgniter.php(326): CodeIgniter\CodeIgniter->handleRequest(NULL, Object(Config\Cache), false)
#7 /home/amandeep/public_html/maara/index.php(43): CodeIgniter\CodeIgniter->run()
#8 {main}
