CRITICAL - 2022-08-18 07:30:15 --> Call to a member function select() on null
#0 /home/amandeep/public_html/maara/app/Controllers/User.php(1089): App\Controllers\BaseController->language_messages('61', 'successfully_re...')
#1 /home/amandeep/public_html/maara/vendor/codeigniter4/framework/system/CodeIgniter.php(832): App\Controllers\User->changeLanguage()
#2 /home/amandeep/public_html/maara/vendor/codeigniter4/framework/system/CodeIgniter.php(419): CodeIgniter\CodeIgniter->runController(Object(App\Controllers\User))
#3 /home/amandeep/public_html/maara/vendor/codeigniter4/framework/system/CodeIgniter.php(326): CodeIgniter\CodeIgniter->handleRequest(NULL, Object(Config\Cache), false)
#4 /home/amandeep/public_html/maara/index.php(43): CodeIgniter\CodeIgniter->run()
#5 {main}
CRITICAL - 2022-08-18 07:30:17 --> Call to a member function select() on null
#0 /home/amandeep/public_html/maara/app/Controllers/User.php(1089): App\Controllers\BaseController->language_messages('61', 'successfully_re...')
#1 /home/amandeep/public_html/maara/vendor/codeigniter4/framework/system/CodeIgniter.php(832): App\Controllers\User->changeLanguage()
#2 /home/amandeep/public_html/maara/vendor/codeigniter4/framework/system/CodeIgniter.php(419): CodeIgniter\CodeIgniter->runController(Object(App\Controllers\User))
#3 /home/amandeep/public_html/maara/vendor/codeigniter4/framework/system/CodeIgniter.php(326): CodeIgniter\CodeIgniter->handleRequest(NULL, Object(Config\Cache), false)
#4 /home/amandeep/public_html/maara/index.php(43): CodeIgniter\CodeIgniter->run()
#5 {main}
CRITICAL - 2022-08-18 07:34:54 --> Call to a member function select() on null
#0 /home/amandeep/public_html/maara/app/Controllers/User.php(1112): App\Controllers\BaseController->language_messages('61', 'error_email_reg...')
#1 /home/amandeep/public_html/maara/vendor/codeigniter4/framework/system/CodeIgniter.php(832): App\Controllers\User->test()
#2 /home/amandeep/public_html/maara/vendor/codeigniter4/framework/system/CodeIgniter.php(419): CodeIgniter\CodeIgniter->runController(Object(App\Controllers\User))
#3 /home/amandeep/public_html/maara/vendor/codeigniter4/framework/system/CodeIgniter.php(326): CodeIgniter\CodeIgniter->handleRequest(NULL, Object(Config\Cache), false)
#4 /home/amandeep/public_html/maara/index.php(43): CodeIgniter\CodeIgniter->run()
#5 {main}
CRITICAL - 2022-08-18 07:35:40 --> Call to a member function load() on null
#0 /home/amandeep/public_html/maara/app/Controllers/BaseController.php(877): App\Controllers\BaseController->messages('messages_lang', 'english')
#1 /home/amandeep/public_html/maara/app/Controllers/User.php(1112): App\Controllers\BaseController->language_messages('61', 'error_email_reg...')
#2 /home/amandeep/public_html/maara/vendor/codeigniter4/framework/system/CodeIgniter.php(832): App\Controllers\User->test()
#3 /home/amandeep/public_html/maara/vendor/codeigniter4/framework/system/CodeIgniter.php(419): CodeIgniter\CodeIgniter->runController(Object(App\Controllers\User))
#4 /home/amandeep/public_html/maara/vendor/codeigniter4/framework/system/CodeIgniter.php(326): CodeIgniter\CodeIgniter->handleRequest(NULL, Object(Config\Cache), false)
#5 /home/amandeep/public_html/maara/index.php(43): CodeIgniter\CodeIgniter->run()
#6 {main}
CRITICAL - 2022-08-18 07:36:01 --> Call to a member function load() on null
#0 /home/amandeep/public_html/maara/app/Controllers/BaseController.php(878): App\Controllers\BaseController->messages('messages_lang', 'english')
#1 /home/amandeep/public_html/maara/app/Controllers/User.php(1112): App\Controllers\BaseController->language_messages('61', 'error_email_reg...')
#2 /home/amandeep/public_html/maara/vendor/codeigniter4/framework/system/CodeIgniter.php(832): App\Controllers\User->test()
#3 /home/amandeep/public_html/maara/vendor/codeigniter4/framework/system/CodeIgniter.php(419): CodeIgniter\CodeIgniter->runController(Object(App\Controllers\User))
#4 /home/amandeep/public_html/maara/vendor/codeigniter4/framework/system/CodeIgniter.php(326): CodeIgniter\CodeIgniter->handleRequest(NULL, Object(Config\Cache), false)
#5 /home/amandeep/public_html/maara/index.php(43): CodeIgniter\CodeIgniter->run()
#6 {main}
CRITICAL - 2022-08-18 07:36:25 --> Call to a member function load() on null
#0 /home/amandeep/public_html/maara/app/Controllers/BaseController.php(878): App\Controllers\BaseController->messages('messages_lang', 'english')
#1 /home/amandeep/public_html/maara/app/Controllers/User.php(1112): App\Controllers\BaseController->language_messages('61', 'error_email_reg...')
#2 /home/amandeep/public_html/maara/vendor/codeigniter4/framework/system/CodeIgniter.php(832): App\Controllers\User->test()
#3 /home/amandeep/public_html/maara/vendor/codeigniter4/framework/system/CodeIgniter.php(419): CodeIgniter\CodeIgniter->runController(Object(App\Controllers\User))
#4 /home/amandeep/public_html/maara/vendor/codeigniter4/framework/system/CodeIgniter.php(326): CodeIgniter\CodeIgniter->handleRequest(NULL, Object(Config\Cache), false)
#5 /home/amandeep/public_html/maara/index.php(43): CodeIgniter\CodeIgniter->run()
#6 {main}
CRITICAL - 2022-08-18 07:36:35 --> Call to a member function load() on null
#0 /home/amandeep/public_html/maara/app/Controllers/BaseController.php(877): App\Controllers\BaseController->messages('messages_lang', 'english')
#1 /home/amandeep/public_html/maara/app/Controllers/User.php(1112): App\Controllers\BaseController->language_messages('61', 'error_email_reg...')
#2 /home/amandeep/public_html/maara/vendor/codeigniter4/framework/system/CodeIgniter.php(832): App\Controllers\User->test()
#3 /home/amandeep/public_html/maara/vendor/codeigniter4/framework/system/CodeIgniter.php(419): CodeIgniter\CodeIgniter->runController(Object(App\Controllers\User))
#4 /home/amandeep/public_html/maara/vendor/codeigniter4/framework/system/CodeIgniter.php(326): CodeIgniter\CodeIgniter->handleRequest(NULL, Object(Config\Cache), false)
#5 /home/amandeep/public_html/maara/index.php(43): CodeIgniter\CodeIgniter->run()
#6 {main}
