CRITICAL - 2022-04-15 01:29:31 --> App\Controllers\BaseController::sendMail(): Failed opening required './vendor/PHPMailer/PHPMailerAutoload.php' (include_path='.:/opt/cpanel/ea-php73/root/usr/share/pear')
#0 [internal function]: CodeIgniter\Debug\Exceptions->shutdownHandler()
#1 {main}
CRITICAL - 2022-04-15 01:29:55 --> App\Controllers\BaseController::sendMail(): Failed opening required './vendor/PHPMailer/PHPMailerAutoload.php' (include_path='.:/opt/cpanel/ea-php73/root/usr/share/pear')
#0 [internal function]: CodeIgniter\Debug\Exceptions->shutdownHandler()
#1 {main}
CRITICAL - 2022-04-15 01:30:25 --> App\Controllers\BaseController::sendMail(): Failed opening required './vendor/PHPMailer/PHPMailerAutoload.php' (include_path='.:/opt/cpanel/ea-php73/root/usr/share/pear')
#0 [internal function]: CodeIgniter\Debug\Exceptions->shutdownHandler()
#1 {main}
CRITICAL - 2022-04-15 01:48:45 --> App\Controllers\BaseController::sendMail(): Failed opening required './vendor/PHPMailer/PHPMailerAutoload.php' (include_path='.:/opt/cpanel/ea-php73/root/usr/share/pear')
#0 [internal function]: CodeIgniter\Debug\Exceptions->shutdownHandler()
#1 {main}
CRITICAL - 2022-04-15 01:49:15 --> Class 'App\Controllers\PHPMailer' not found
#0 /home/amandeep/public_html/maara/app/Controllers/BaseController.php(402): App\Controllers\BaseController->smtp('amandeep@gmail....', 'Forgot Password', 'Here is the cod...', 0)
#1 /home/amandeep/public_html/maara/app/Controllers/User.php(307): App\Controllers\BaseController->sendMail('amandeep@gmail....', 'Forgot Password', 'Here is the cod...', 0)
#2 /home/amandeep/public_html/maara/vendor/codeigniter4/framework/system/CodeIgniter.php(832): App\Controllers\User->forgotPassword()
#3 /home/amandeep/public_html/maara/vendor/codeigniter4/framework/system/CodeIgniter.php(419): CodeIgniter\CodeIgniter->runController(Object(App\Controllers\User))
#4 /home/amandeep/public_html/maara/vendor/codeigniter4/framework/system/CodeIgniter.php(326): CodeIgniter\CodeIgniter->handleRequest(NULL, Object(Config\Cache), false)
#5 /home/amandeep/public_html/maara/index.php(43): CodeIgniter\CodeIgniter->run()
#6 {main}
CRITICAL - 2022-04-15 02:01:07 --> Class 'App\Controllers\PHPMailer' not found
#0 /home/amandeep/public_html/maara/app/Controllers/BaseController.php(402): App\Controllers\BaseController->smtp('amandeep@gmail....', 'Forgot Password', 'Here is the cod...', 0)
#1 /home/amandeep/public_html/maara/app/Controllers/User.php(308): App\Controllers\BaseController->sendMail('amandeep@gmail....', 'Forgot Password', 'Here is the cod...', 0)
#2 /home/amandeep/public_html/maara/vendor/codeigniter4/framework/system/CodeIgniter.php(832): App\Controllers\User->forgotPassword()
#3 /home/amandeep/public_html/maara/vendor/codeigniter4/framework/system/CodeIgniter.php(419): CodeIgniter\CodeIgniter->runController(Object(App\Controllers\User))
#4 /home/amandeep/public_html/maara/vendor/codeigniter4/framework/system/CodeIgniter.php(326): CodeIgniter\CodeIgniter->handleRequest(NULL, Object(Config\Cache), false)
#5 /home/amandeep/public_html/maara/index.php(43): CodeIgniter\CodeIgniter->run()
#6 {main}
CRITICAL - 2022-04-15 02:01:18 --> Class 'App\Controllers\PHPMailer' not found
#0 /home/amandeep/public_html/maara/app/Controllers/BaseController.php(402): App\Controllers\BaseController->smtp('amandeep@gmail....', 'Forgot Password', 'Here is the cod...', 0)
#1 /home/amandeep/public_html/maara/app/Controllers/User.php(307): App\Controllers\BaseController->sendMail('amandeep@gmail....', 'Forgot Password', 'Here is the cod...', 0)
#2 /home/amandeep/public_html/maara/vendor/codeigniter4/framework/system/CodeIgniter.php(832): App\Controllers\User->forgotPassword()
#3 /home/amandeep/public_html/maara/vendor/codeigniter4/framework/system/CodeIgniter.php(419): CodeIgniter\CodeIgniter->runController(Object(App\Controllers\User))
#4 /home/amandeep/public_html/maara/vendor/codeigniter4/framework/system/CodeIgniter.php(326): CodeIgniter\CodeIgniter->handleRequest(NULL, Object(Config\Cache), false)
#5 /home/amandeep/public_html/maara/index.php(43): CodeIgniter\CodeIgniter->run()
#6 {main}
CRITICAL - 2022-04-15 02:01:54 --> Class 'App\Controllers\PHPMailer' not found
#0 /home/amandeep/public_html/maara/app/Controllers/BaseController.php(403): App\Controllers\BaseController->smtp('amandeep@gmail....', 'Forgot Password', 'Here is the cod...', 0)
#1 /home/amandeep/public_html/maara/app/Controllers/User.php(307): App\Controllers\BaseController->sendMail('amandeep@gmail....', 'Forgot Password', 'Here is the cod...', 0)
#2 /home/amandeep/public_html/maara/vendor/codeigniter4/framework/system/CodeIgniter.php(832): App\Controllers\User->forgotPassword()
#3 /home/amandeep/public_html/maara/vendor/codeigniter4/framework/system/CodeIgniter.php(419): CodeIgniter\CodeIgniter->runController(Object(App\Controllers\User))
#4 /home/amandeep/public_html/maara/vendor/codeigniter4/framework/system/CodeIgniter.php(326): CodeIgniter\CodeIgniter->handleRequest(NULL, Object(Config\Cache), false)
#5 /home/amandeep/public_html/maara/index.php(43): CodeIgniter\CodeIgniter->run()
#6 {main}
CRITICAL - 2022-04-15 02:02:10 --> Class 'App\Controllers\PHPMailer' not found
#0 /home/amandeep/public_html/maara/app/Controllers/BaseController.php(404): App\Controllers\BaseController->smtp('amandeep@gmail....', 'Forgot Password', 'Here is the cod...', 0)
#1 /home/amandeep/public_html/maara/app/Controllers/User.php(307): App\Controllers\BaseController->sendMail('amandeep@gmail....', 'Forgot Password', 'Here is the cod...', 0)
#2 /home/amandeep/public_html/maara/vendor/codeigniter4/framework/system/CodeIgniter.php(832): App\Controllers\User->forgotPassword()
#3 /home/amandeep/public_html/maara/vendor/codeigniter4/framework/system/CodeIgniter.php(419): CodeIgniter\CodeIgniter->runController(Object(App\Controllers\User))
#4 /home/amandeep/public_html/maara/vendor/codeigniter4/framework/system/CodeIgniter.php(326): CodeIgniter\CodeIgniter->handleRequest(NULL, Object(Config\Cache), false)
#5 /home/amandeep/public_html/maara/index.php(43): CodeIgniter\CodeIgniter->run()
#6 {main}
CRITICAL - 2022-04-15 02:02:29 --> Class 'App\Controllers\PHPMailer' not found
#0 /home/amandeep/public_html/maara/app/Controllers/BaseController.php(402): App\Controllers\BaseController->smtp('amandeep@gmail....', 'Forgot Password', 'Here is the cod...', 0)
#1 /home/amandeep/public_html/maara/app/Controllers/User.php(307): App\Controllers\BaseController->sendMail('amandeep@gmail....', 'Forgot Password', 'Here is the cod...', 0)
#2 /home/amandeep/public_html/maara/vendor/codeigniter4/framework/system/CodeIgniter.php(832): App\Controllers\User->forgotPassword()
#3 /home/amandeep/public_html/maara/vendor/codeigniter4/framework/system/CodeIgniter.php(419): CodeIgniter\CodeIgniter->runController(Object(App\Controllers\User))
#4 /home/amandeep/public_html/maara/vendor/codeigniter4/framework/system/CodeIgniter.php(326): CodeIgniter\CodeIgniter->handleRequest(NULL, Object(Config\Cache), false)
#5 /home/amandeep/public_html/maara/index.php(43): CodeIgniter\CodeIgniter->run()
#6 {main}
CRITICAL - 2022-04-15 02:03:09 --> Class 'App\Controllers\PHPMailer' not found
#0 /home/amandeep/public_html/maara/app/Controllers/BaseController.php(404): App\Controllers\BaseController->smtp('amandeep@gmail....', 'Forgot Password', 'Here is the cod...', 0)
#1 /home/amandeep/public_html/maara/app/Controllers/User.php(307): App\Controllers\BaseController->sendMail('amandeep@gmail....', 'Forgot Password', 'Here is the cod...', 0)
#2 /home/amandeep/public_html/maara/vendor/codeigniter4/framework/system/CodeIgniter.php(832): App\Controllers\User->forgotPassword()
#3 /home/amandeep/public_html/maara/vendor/codeigniter4/framework/system/CodeIgniter.php(419): CodeIgniter\CodeIgniter->runController(Object(App\Controllers\User))
#4 /home/amandeep/public_html/maara/vendor/codeigniter4/framework/system/CodeIgniter.php(326): CodeIgniter\CodeIgniter->handleRequest(NULL, Object(Config\Cache), false)
#5 /home/amandeep/public_html/maara/index.php(43): CodeIgniter\CodeIgniter->run()
#6 {main}
CRITICAL - 2022-04-15 02:04:41 --> Class 'App\Controllers\PHPMailer' not found
#0 /home/amandeep/public_html/maara/app/Controllers/User.php(645): App\Controllers\BaseController->smtp('amandeep.parast...', 'kkk', 'jkj', 0)
#1 /home/amandeep/public_html/maara/vendor/codeigniter4/framework/system/CodeIgniter.php(832): App\Controllers\User->yu()
#2 /home/amandeep/public_html/maara/vendor/codeigniter4/framework/system/CodeIgniter.php(419): CodeIgniter\CodeIgniter->runController(Object(App\Controllers\User))
#3 /home/amandeep/public_html/maara/vendor/codeigniter4/framework/system/CodeIgniter.php(326): CodeIgniter\CodeIgniter->handleRequest(NULL, Object(Config\Cache), false)
#4 /home/amandeep/public_html/maara/index.php(43): CodeIgniter\CodeIgniter->run()
#5 {main}
CRITICAL - 2022-04-15 02:11:24 --> Class 'App\Controllers\PHPMailer' not found
#0 /home/amandeep/public_html/maara/app/Controllers/User.php(645): App\Controllers\BaseController->smtp('amandeep.parast...', 'kkk', 'jkj', 0)
#1 /home/amandeep/public_html/maara/vendor/codeigniter4/framework/system/CodeIgniter.php(832): App\Controllers\User->yu()
#2 /home/amandeep/public_html/maara/vendor/codeigniter4/framework/system/CodeIgniter.php(419): CodeIgniter\CodeIgniter->runController(Object(App\Controllers\User))
#3 /home/amandeep/public_html/maara/vendor/codeigniter4/framework/system/CodeIgniter.php(326): CodeIgniter\CodeIgniter->handleRequest(NULL, Object(Config\Cache), false)
#4 /home/amandeep/public_html/maara/index.php(43): CodeIgniter\CodeIgniter->run()
#5 {main}
CRITICAL - 2022-04-15 02:11:25 --> Class 'App\Controllers\PHPMailer' not found
#0 /home/amandeep/public_html/maara/app/Controllers/User.php(645): App\Controllers\BaseController->smtp('amandeep.parast...', 'kkk', 'jkj', 0)
#1 /home/amandeep/public_html/maara/vendor/codeigniter4/framework/system/CodeIgniter.php(832): App\Controllers\User->yu()
#2 /home/amandeep/public_html/maara/vendor/codeigniter4/framework/system/CodeIgniter.php(419): CodeIgniter\CodeIgniter->runController(Object(App\Controllers\User))
#3 /home/amandeep/public_html/maara/vendor/codeigniter4/framework/system/CodeIgniter.php(326): CodeIgniter\CodeIgniter->handleRequest(NULL, Object(Config\Cache), false)
#4 /home/amandeep/public_html/maara/index.php(43): CodeIgniter\CodeIgniter->run()
#5 {main}
CRITICAL - 2022-04-15 02:13:41 --> Cannot use PHPMailer\PHPMailer\Exception as Exception because the name is already in use
#0 [internal function]: CodeIgniter\Debug\Exceptions->shutdownHandler()
#1 {main}
CRITICAL - 2022-04-15 02:14:40 --> App\Controllers\BaseController::sendMail(): Failed opening required './vendor/PHPMailer/PHPMailerAutoload.php' (include_path='.:/opt/cpanel/ea-php73/root/usr/share/pear')
#0 [internal function]: CodeIgniter\Debug\Exceptions->shutdownHandler()
#1 {main}
