CRITICAL - 2022-06-15 04:19:55 --> openssl_sign(): supplied key param cannot be coerced into a private key
#0 [internal function]: CodeIgniter\Debug\Exceptions->errorHandler(2, 'openssl_sign():...', '/home/amandeep/...', 215, Array)
#1 /home/amandeep/public_html/maara/vendor/firebase/php-jwt/src/JWT.php(215): openssl_sign('eyJ0eXAiOiJKV1Q...', '', 'kzUf4sxss4AeGlo...', 'SHA256')
#2 /home/amandeep/public_html/maara/vendor/firebase/php-jwt/src/JWT.php(185): Firebase\JWT\JWT::sign('eyJ0eXAiOiJKV1Q...', 'kzUf4sxss4AeGlo...', 'RS256')
#3 /home/amandeep/public_html/maara/app/Controllers/BaseController.php(607): Firebase\JWT\JWT::encode(Array, 'kzUf4sxss4AeGlo...', 'RS256')
#4 /home/amandeep/public_html/maara/app/Controllers/User.php(981): App\Controllers\BaseController->test()
#5 /home/amandeep/public_html/maara/vendor/codeigniter4/framework/system/CodeIgniter.php(832): App\Controllers\User->yu()
#6 /home/amandeep/public_html/maara/vendor/codeigniter4/framework/system/CodeIgniter.php(419): CodeIgniter\CodeIgniter->runController(Object(App\Controllers\User))
#7 /home/amandeep/public_html/maara/vendor/codeigniter4/framework/system/CodeIgniter.php(326): CodeIgniter\CodeIgniter->handleRequest(NULL, Object(Config\Cache), false)
#8 /home/amandeep/public_html/maara/index.php(43): CodeIgniter\CodeIgniter->run()
#9 {main}
CRITICAL - 2022-06-15 04:20:18 --> Too few arguments to function Firebase\JWT\JWT::encode(), 2 passed in /home/amandeep/public_html/maara/app/Controllers/BaseController.php on line 607 and at least 3 expected
#0 /home/amandeep/public_html/maara/app/Controllers/BaseController.php(607): Firebase\JWT\JWT::encode(Array, 'kzUf4sxss4AeGlo...')
#1 /home/amandeep/public_html/maara/app/Controllers/User.php(981): App\Controllers\BaseController->test()
#2 /home/amandeep/public_html/maara/vendor/codeigniter4/framework/system/CodeIgniter.php(832): App\Controllers\User->yu()
#3 /home/amandeep/public_html/maara/vendor/codeigniter4/framework/system/CodeIgniter.php(419): CodeIgniter\CodeIgniter->runController(Object(App\Controllers\User))
#4 /home/amandeep/public_html/maara/vendor/codeigniter4/framework/system/CodeIgniter.php(326): CodeIgniter\CodeIgniter->handleRequest(NULL, Object(Config\Cache), false)
#5 /home/amandeep/public_html/maara/index.php(43): CodeIgniter\CodeIgniter->run()
#6 {main}
CRITICAL - 2022-06-15 04:20:34 --> Algorithm not supported
#0 /home/amandeep/public_html/maara/vendor/firebase/php-jwt/src/JWT.php(185): Firebase\JWT\JWT::sign('eyJ0eXAiOiJKV1Q...', 'kzUf4sxss4AeGlo...', '')
#1 /home/amandeep/public_html/maara/app/Controllers/BaseController.php(607): Firebase\JWT\JWT::encode(Array, 'kzUf4sxss4AeGlo...', '')
#2 /home/amandeep/public_html/maara/app/Controllers/User.php(981): App\Controllers\BaseController->test()
#3 /home/amandeep/public_html/maara/vendor/codeigniter4/framework/system/CodeIgniter.php(832): App\Controllers\User->yu()
#4 /home/amandeep/public_html/maara/vendor/codeigniter4/framework/system/CodeIgniter.php(419): CodeIgniter\CodeIgniter->runController(Object(App\Controllers\User))
#5 /home/amandeep/public_html/maara/vendor/codeigniter4/framework/system/CodeIgniter.php(326): CodeIgniter\CodeIgniter->handleRequest(NULL, Object(Config\Cache), false)
#6 /home/amandeep/public_html/maara/index.php(43): CodeIgniter\CodeIgniter->run()
#7 {main}
CRITICAL - 2022-06-15 04:24:15 --> Algorithm not supported
#0 /home/amandeep/public_html/maara/vendor/firebase/php-jwt/src/JWT.php(185): Firebase\JWT\JWT::sign('eyJ0eXAiOiJKV1Q...', 'kzUf4sxss4AeGlo...', 'HS300')
#1 /home/amandeep/public_html/maara/app/Controllers/BaseController.php(607): Firebase\JWT\JWT::encode(Array, 'kzUf4sxss4AeGlo...', 'HS300')
#2 /home/amandeep/public_html/maara/app/Controllers/User.php(981): App\Controllers\BaseController->test()
#3 /home/amandeep/public_html/maara/vendor/codeigniter4/framework/system/CodeIgniter.php(832): App\Controllers\User->yu()
#4 /home/amandeep/public_html/maara/vendor/codeigniter4/framework/system/CodeIgniter.php(419): CodeIgniter\CodeIgniter->runController(Object(App\Controllers\User))
#5 /home/amandeep/public_html/maara/vendor/codeigniter4/framework/system/CodeIgniter.php(326): CodeIgniter\CodeIgniter->handleRequest(NULL, Object(Config\Cache), false)
#6 /home/amandeep/public_html/maara/index.php(43): CodeIgniter\CodeIgniter->run()
#7 {main}
CRITICAL - 2022-06-15 04:40:08 --> password_hash() expects parameter 2 to be int, string given
#0 [internal function]: CodeIgniter\Debug\Exceptions->errorHandler(2, 'password_hash()...', '/home/amandeep/...', 982, Array)
#1 /home/amandeep/public_html/maara/app/Controllers/User.php(982): password_hash('2', 'test123')
#2 /home/amandeep/public_html/maara/vendor/codeigniter4/framework/system/CodeIgniter.php(832): App\Controllers\User->yu()
#3 /home/amandeep/public_html/maara/vendor/codeigniter4/framework/system/CodeIgniter.php(419): CodeIgniter\CodeIgniter->runController(Object(App\Controllers\User))
#4 /home/amandeep/public_html/maara/vendor/codeigniter4/framework/system/CodeIgniter.php(326): CodeIgniter\CodeIgniter->handleRequest(NULL, Object(Config\Cache), false)
#5 /home/amandeep/public_html/maara/index.php(43): CodeIgniter\CodeIgniter->run()
#6 {main}
CRITICAL - 2022-06-15 04:49:39 --> openssl_encrypt() expects parameter 1 to be string, array given
#0 [internal function]: CodeIgniter\Debug\Exceptions->errorHandler(2, 'openssl_encrypt...', '/home/amandeep/...', 608, Array)
#1 /home/amandeep/public_html/maara/app/Controllers/BaseController.php(608): openssl_encrypt(Array, 'aes-256-cbc', '3\xA9\xB5I\xBE\x9D\v\x19#$\xFF\x8F\xE3\xCDx...', 0, '\xF4rv=\xE7\x7F\x1D\x14\xF8\xA3\x1A\x9A\xE6\xE2\x9D...')
#2 /home/amandeep/public_html/maara/app/Controllers/User.php(982): App\Controllers\BaseController->encodeAES(Array)
#3 /home/amandeep/public_html/maara/vendor/codeigniter4/framework/system/CodeIgniter.php(832): App\Controllers\User->yu()
#4 /home/amandeep/public_html/maara/vendor/codeigniter4/framework/system/CodeIgniter.php(419): CodeIgniter\CodeIgniter->runController(Object(App\Controllers\User))
#5 /home/amandeep/public_html/maara/vendor/codeigniter4/framework/system/CodeIgniter.php(326): CodeIgniter\CodeIgniter->handleRequest(NULL, Object(Config\Cache), false)
#6 /home/amandeep/public_html/maara/index.php(43): CodeIgniter\CodeIgniter->run()
#7 {main}
CRITICAL - 2022-06-15 05:02:57 --> Call to undefined method App\Controllers\User::encodeAES()
#0 /home/amandeep/public_html/maara/vendor/codeigniter4/framework/system/CodeIgniter.php(832): App\Controllers\User->yu()
#1 /home/amandeep/public_html/maara/vendor/codeigniter4/framework/system/CodeIgniter.php(419): CodeIgniter\CodeIgniter->runController(Object(App\Controllers\User))
#2 /home/amandeep/public_html/maara/vendor/codeigniter4/framework/system/CodeIgniter.php(326): CodeIgniter\CodeIgniter->handleRequest(NULL, Object(Config\Cache), false)
#3 /home/amandeep/public_html/maara/index.php(43): CodeIgniter\CodeIgniter->run()
#4 {main}
CRITICAL - 2022-06-15 05:05:03 --> openssl_encrypt() expects parameter 1 to be string, array given
#0 [internal function]: CodeIgniter\Debug\Exceptions->errorHandler(2, 'openssl_encrypt...', '/home/amandeep/...', 608, Array)
#1 /home/amandeep/public_html/maara/app/Controllers/BaseController.php(608): openssl_encrypt(Array, 'aes-256-cbc', '\xC2\f=\x1A\x16\xCA\x05\xA0K\xB8T\v\x8DT#...', 0, '\x01\xC4\xB2H\xFF{M\xC8\xDD\xC6\x80\x18\xBA\xCB\xD3...')
#2 /home/amandeep/public_html/maara/app/Controllers/User.php(982): App\Controllers\BaseController->encodeAndDEcodeAES(Array)
#3 /home/amandeep/public_html/maara/vendor/codeigniter4/framework/system/CodeIgniter.php(832): App\Controllers\User->yu()
#4 /home/amandeep/public_html/maara/vendor/codeigniter4/framework/system/CodeIgniter.php(419): CodeIgniter\CodeIgniter->runController(Object(App\Controllers\User))
#5 /home/amandeep/public_html/maara/vendor/codeigniter4/framework/system/CodeIgniter.php(326): CodeIgniter\CodeIgniter->handleRequest(NULL, Object(Config\Cache), false)
#6 /home/amandeep/public_html/maara/index.php(43): CodeIgniter\CodeIgniter->run()
#7 {main}
CRITICAL - 2022-06-15 05:12:50 --> json_decode() expects parameter 1 to be string, array given
#0 [internal function]: CodeIgniter\Debug\Exceptions->errorHandler(2, 'json_decode() e...', '/home/amandeep/...', 982, Array)
#1 /home/amandeep/public_html/maara/app/Controllers/User.php(982): json_decode(Array)
#2 /home/amandeep/public_html/maara/vendor/codeigniter4/framework/system/CodeIgniter.php(832): App\Controllers\User->yu()
#3 /home/amandeep/public_html/maara/vendor/codeigniter4/framework/system/CodeIgniter.php(419): CodeIgniter\CodeIgniter->runController(Object(App\Controllers\User))
#4 /home/amandeep/public_html/maara/vendor/codeigniter4/framework/system/CodeIgniter.php(326): CodeIgniter\CodeIgniter->handleRequest(NULL, Object(Config\Cache), false)
#5 /home/amandeep/public_html/maara/index.php(43): CodeIgniter\CodeIgniter->run()
#6 {main}
CRITICAL - 2022-06-15 05:13:52 --> json_decode() expects parameter 1 to be string, array given
#0 [internal function]: CodeIgniter\Debug\Exceptions->errorHandler(2, 'json_decode() e...', '/home/amandeep/...', 982, Array)
#1 /home/amandeep/public_html/maara/app/Controllers/User.php(982): json_decode(Array)
#2 /home/amandeep/public_html/maara/vendor/codeigniter4/framework/system/CodeIgniter.php(832): App\Controllers\User->yu()
#3 /home/amandeep/public_html/maara/vendor/codeigniter4/framework/system/CodeIgniter.php(419): CodeIgniter\CodeIgniter->runController(Object(App\Controllers\User))
#4 /home/amandeep/public_html/maara/vendor/codeigniter4/framework/system/CodeIgniter.php(326): CodeIgniter\CodeIgniter->handleRequest(NULL, Object(Config\Cache), false)
#5 /home/amandeep/public_html/maara/index.php(43): CodeIgniter\CodeIgniter->run()
#6 {main}
CRITICAL - 2022-06-15 05:32:14 --> openssl_encrypt() expects parameter 1 to be string, array given
#0 [internal function]: CodeIgniter\Debug\Exceptions->errorHandler(2, 'openssl_encrypt...', '/home/amandeep/...', 608, Array)
#1 /home/amandeep/public_html/maara/app/Controllers/BaseController.php(608): openssl_encrypt(Array, 'aes-256-cbc', '\x17t\xFAT\xB8X\x0Ep\xAA\x0F\x82\xF8e\x9Ew...', 0, '\x81r\xAD\x00\x9D\xA3\xF3IS:\xF2E\xEC\x86X...')
#2 /home/amandeep/public_html/maara/app/Controllers/User.php(983): App\Controllers\BaseController->encodeAndDEcodeAES(Array)
#3 /home/amandeep/public_html/maara/vendor/codeigniter4/framework/system/CodeIgniter.php(832): App\Controllers\User->yu()
#4 /home/amandeep/public_html/maara/vendor/codeigniter4/framework/system/CodeIgniter.php(419): CodeIgniter\CodeIgniter->runController(Object(App\Controllers\User))
#5 /home/amandeep/public_html/maara/vendor/codeigniter4/framework/system/CodeIgniter.php(326): CodeIgniter\CodeIgniter->handleRequest(NULL, Object(Config\Cache), false)
#6 /home/amandeep/public_html/maara/index.php(43): CodeIgniter\CodeIgniter->run()
#7 {main}
CRITICAL - 2022-06-15 05:47:23 --> openssl_encrypt(): Using an empty Initialization Vector (iv) is potentially insecure and not recommended
#0 [internal function]: CodeIgniter\Debug\Exceptions->errorHandler(2, 'openssl_encrypt...', '/home/amandeep/...', 987, Array)
#1 /home/amandeep/public_html/maara/app/Controllers/User.php(987): openssl_encrypt('2', 'AES-128-CTR', 'Salarix', 0, '')
#2 /home/amandeep/public_html/maara/app/Controllers/User.php(1024): App\Controllers\User->AESEncrypt('2', NULL)
#3 /home/amandeep/public_html/maara/vendor/codeigniter4/framework/system/CodeIgniter.php(832): App\Controllers\User->yu()
#4 /home/amandeep/public_html/maara/vendor/codeigniter4/framework/system/CodeIgniter.php(419): CodeIgniter\CodeIgniter->runController(Object(App\Controllers\User))
#5 /home/amandeep/public_html/maara/vendor/codeigniter4/framework/system/CodeIgniter.php(326): CodeIgniter\CodeIgniter->handleRequest(NULL, Object(Config\Cache), false)
#6 /home/amandeep/public_html/maara/index.php(43): CodeIgniter\CodeIgniter->run()
#7 {main}
CRITICAL - 2022-06-15 05:47:43 --> openssl_encrypt(): Using an empty Initialization Vector (iv) is potentially insecure and not recommended
#0 [internal function]: CodeIgniter\Debug\Exceptions->errorHandler(2, 'openssl_encrypt...', '/home/amandeep/...', 987, Array)
#1 /home/amandeep/public_html/maara/app/Controllers/User.php(987): openssl_encrypt('2', 'AES-128-CTR', 'SalariasaSx', 0, '')
#2 /home/amandeep/public_html/maara/app/Controllers/User.php(1024): App\Controllers\User->AESEncrypt('2', NULL)
#3 /home/amandeep/public_html/maara/vendor/codeigniter4/framework/system/CodeIgniter.php(832): App\Controllers\User->yu()
#4 /home/amandeep/public_html/maara/vendor/codeigniter4/framework/system/CodeIgniter.php(419): CodeIgniter\CodeIgniter->runController(Object(App\Controllers\User))
#5 /home/amandeep/public_html/maara/vendor/codeigniter4/framework/system/CodeIgniter.php(326): CodeIgniter\CodeIgniter->handleRequest(NULL, Object(Config\Cache), false)
#6 /home/amandeep/public_html/maara/index.php(43): CodeIgniter\CodeIgniter->run()
#7 {main}
CRITICAL - 2022-06-15 05:48:23 --> openssl_encrypt(): IV passed is 153 bytes long which is longer than the 16 expected by selected cipher, truncating
#0 [internal function]: CodeIgniter\Debug\Exceptions->errorHandler(2, 'openssl_encrypt...', '/home/amandeep/...', 987, Array)
#1 /home/amandeep/public_html/maara/app/Controllers/User.php(987): openssl_encrypt('2', 'AES-128-CTR', 'SalariasaSx', 0, 'eyJ0eXAiOiJKV1Q...')
#2 /home/amandeep/public_html/maara/app/Controllers/User.php(1024): App\Controllers\User->AESEncrypt('2', 'eyJ0eXAiOiJKV1Q...')
#3 /home/amandeep/public_html/maara/vendor/codeigniter4/framework/system/CodeIgniter.php(832): App\Controllers\User->yu()
#4 /home/amandeep/public_html/maara/vendor/codeigniter4/framework/system/CodeIgniter.php(419): CodeIgniter\CodeIgniter->runController(Object(App\Controllers\User))
#5 /home/amandeep/public_html/maara/vendor/codeigniter4/framework/system/CodeIgniter.php(326): CodeIgniter\CodeIgniter->handleRequest(NULL, Object(Config\Cache), false)
#6 /home/amandeep/public_html/maara/index.php(43): CodeIgniter\CodeIgniter->run()
#7 {main}
CRITICAL - 2022-06-15 05:48:25 --> openssl_encrypt(): IV passed is 153 bytes long which is longer than the 16 expected by selected cipher, truncating
#0 [internal function]: CodeIgniter\Debug\Exceptions->errorHandler(2, 'openssl_encrypt...', '/home/amandeep/...', 987, Array)
#1 /home/amandeep/public_html/maara/app/Controllers/User.php(987): openssl_encrypt('2', 'AES-128-CTR', 'SalariasaSx', 0, 'eyJ0eXAiOiJKV1Q...')
#2 /home/amandeep/public_html/maara/app/Controllers/User.php(1024): App\Controllers\User->AESEncrypt('2', 'eyJ0eXAiOiJKV1Q...')
#3 /home/amandeep/public_html/maara/vendor/codeigniter4/framework/system/CodeIgniter.php(832): App\Controllers\User->yu()
#4 /home/amandeep/public_html/maara/vendor/codeigniter4/framework/system/CodeIgniter.php(419): CodeIgniter\CodeIgniter->runController(Object(App\Controllers\User))
#5 /home/amandeep/public_html/maara/vendor/codeigniter4/framework/system/CodeIgniter.php(326): CodeIgniter\CodeIgniter->handleRequest(NULL, Object(Config\Cache), false)
#6 /home/amandeep/public_html/maara/index.php(43): CodeIgniter\CodeIgniter->run()
#7 {main}
CRITICAL - 2022-06-15 05:49:10 --> openssl_encrypt(): IV passed is 153 bytes long which is longer than the 16 expected by selected cipher, truncating
#0 [internal function]: CodeIgniter\Debug\Exceptions->errorHandler(2, 'openssl_encrypt...', '/home/amandeep/...', 987, Array)
#1 /home/amandeep/public_html/maara/app/Controllers/User.php(987): openssl_encrypt('2', 'AES-128-CTR', 'SalariasaSx', 0, 'eyJ0eXAiOiJKV1Q...')
#2 /home/amandeep/public_html/maara/app/Controllers/User.php(1024): App\Controllers\User->AESEncrypt('2', 'eyJ0eXAiOiJKV1Q...')
#3 /home/amandeep/public_html/maara/vendor/codeigniter4/framework/system/CodeIgniter.php(832): App\Controllers\User->yu()
#4 /home/amandeep/public_html/maara/vendor/codeigniter4/framework/system/CodeIgniter.php(419): CodeIgniter\CodeIgniter->runController(Object(App\Controllers\User))
#5 /home/amandeep/public_html/maara/vendor/codeigniter4/framework/system/CodeIgniter.php(326): CodeIgniter\CodeIgniter->handleRequest(NULL, Object(Config\Cache), false)
#6 /home/amandeep/public_html/maara/index.php(43): CodeIgniter\CodeIgniter->run()
#7 {main}
CRITICAL - 2022-06-15 05:49:37 --> openssl_encrypt(): IV passed is 153 bytes long which is longer than the 16 expected by selected cipher, truncating
#0 [internal function]: CodeIgniter\Debug\Exceptions->errorHandler(2, 'openssl_encrypt...', '/home/amandeep/...', 987, Array)
#1 /home/amandeep/public_html/maara/app/Controllers/User.php(987): openssl_encrypt('2', 'AES-128-CTR', 'SalariasaSx', 0, 'eyJ0eXAiOiJKV1Q...')
#2 /home/amandeep/public_html/maara/app/Controllers/User.php(1024): App\Controllers\User->AESEncrypt('2', 'eyJ0eXAiOiJKV1Q...')
#3 /home/amandeep/public_html/maara/vendor/codeigniter4/framework/system/CodeIgniter.php(832): App\Controllers\User->yu()
#4 /home/amandeep/public_html/maara/vendor/codeigniter4/framework/system/CodeIgniter.php(419): CodeIgniter\CodeIgniter->runController(Object(App\Controllers\User))
#5 /home/amandeep/public_html/maara/vendor/codeigniter4/framework/system/CodeIgniter.php(326): CodeIgniter\CodeIgniter->handleRequest(NULL, Object(Config\Cache), false)
#6 /home/amandeep/public_html/maara/index.php(43): CodeIgniter\CodeIgniter->run()
#7 {main}
CRITICAL - 2022-06-15 05:49:39 --> openssl_encrypt(): IV passed is 153 bytes long which is longer than the 16 expected by selected cipher, truncating
#0 [internal function]: CodeIgniter\Debug\Exceptions->errorHandler(2, 'openssl_encrypt...', '/home/amandeep/...', 987, Array)
#1 /home/amandeep/public_html/maara/app/Controllers/User.php(987): openssl_encrypt('2', 'AES-128-CTR', 'SalariasaSx', 0, 'eyJ0eXAiOiJKV1Q...')
#2 /home/amandeep/public_html/maara/app/Controllers/User.php(1024): App\Controllers\User->AESEncrypt('2', 'eyJ0eXAiOiJKV1Q...')
#3 /home/amandeep/public_html/maara/vendor/codeigniter4/framework/system/CodeIgniter.php(832): App\Controllers\User->yu()
#4 /home/amandeep/public_html/maara/vendor/codeigniter4/framework/system/CodeIgniter.php(419): CodeIgniter\CodeIgniter->runController(Object(App\Controllers\User))
#5 /home/amandeep/public_html/maara/vendor/codeigniter4/framework/system/CodeIgniter.php(326): CodeIgniter\CodeIgniter->handleRequest(NULL, Object(Config\Cache), false)
#6 /home/amandeep/public_html/maara/index.php(43): CodeIgniter\CodeIgniter->run()
#7 {main}
CRITICAL - 2022-06-15 05:49:52 --> openssl_encrypt(): IV passed is 199 bytes long which is longer than the 16 expected by selected cipher, truncating
#0 [internal function]: CodeIgniter\Debug\Exceptions->errorHandler(2, 'openssl_encrypt...', '/home/amandeep/...', 987, Array)
#1 /home/amandeep/public_html/maara/app/Controllers/User.php(987): openssl_encrypt('2', 'AES-128-CTR', 'SalariasaSx', 0, 'eyJ0eXAiOiSADAS...')
#2 /home/amandeep/public_html/maara/app/Controllers/User.php(1024): App\Controllers\User->AESEncrypt('2', 'eyJ0eXAiOiSADAS...')
#3 /home/amandeep/public_html/maara/vendor/codeigniter4/framework/system/CodeIgniter.php(832): App\Controllers\User->yu()
#4 /home/amandeep/public_html/maara/vendor/codeigniter4/framework/system/CodeIgniter.php(419): CodeIgniter\CodeIgniter->runController(Object(App\Controllers\User))
#5 /home/amandeep/public_html/maara/vendor/codeigniter4/framework/system/CodeIgniter.php(326): CodeIgniter\CodeIgniter->handleRequest(NULL, Object(Config\Cache), false)
#6 /home/amandeep/public_html/maara/index.php(43): CodeIgniter\CodeIgniter->run()
#7 {main}
CRITICAL - 2022-06-15 05:49:53 --> openssl_encrypt(): IV passed is 199 bytes long which is longer than the 16 expected by selected cipher, truncating
#0 [internal function]: CodeIgniter\Debug\Exceptions->errorHandler(2, 'openssl_encrypt...', '/home/amandeep/...', 987, Array)
#1 /home/amandeep/public_html/maara/app/Controllers/User.php(987): openssl_encrypt('2', 'AES-128-CTR', 'SalariasaSx', 0, 'eyJ0eXAiOiSADAS...')
#2 /home/amandeep/public_html/maara/app/Controllers/User.php(1024): App\Controllers\User->AESEncrypt('2', 'eyJ0eXAiOiSADAS...')
#3 /home/amandeep/public_html/maara/vendor/codeigniter4/framework/system/CodeIgniter.php(832): App\Controllers\User->yu()
#4 /home/amandeep/public_html/maara/vendor/codeigniter4/framework/system/CodeIgniter.php(419): CodeIgniter\CodeIgniter->runController(Object(App\Controllers\User))
#5 /home/amandeep/public_html/maara/vendor/codeigniter4/framework/system/CodeIgniter.php(326): CodeIgniter\CodeIgniter->handleRequest(NULL, Object(Config\Cache), false)
#6 /home/amandeep/public_html/maara/index.php(43): CodeIgniter\CodeIgniter->run()
#7 {main}
CRITICAL - 2022-06-15 05:50:05 --> openssl_encrypt(): IV passed is 116 bytes long which is longer than the 16 expected by selected cipher, truncating
#0 [internal function]: CodeIgniter\Debug\Exceptions->errorHandler(2, 'openssl_encrypt...', '/home/amandeep/...', 987, Array)
#1 /home/amandeep/public_html/maara/app/Controllers/User.php(987): openssl_encrypt('2', 'AES-128-CTR', 'SalariasaSx', 0, 'eyJpc3MiOiJUaGV...')
#2 /home/amandeep/public_html/maara/app/Controllers/User.php(1024): App\Controllers\User->AESEncrypt('2', 'eyJpc3MiOiJUaGV...')
#3 /home/amandeep/public_html/maara/vendor/codeigniter4/framework/system/CodeIgniter.php(832): App\Controllers\User->yu()
#4 /home/amandeep/public_html/maara/vendor/codeigniter4/framework/system/CodeIgniter.php(419): CodeIgniter\CodeIgniter->runController(Object(App\Controllers\User))
#5 /home/amandeep/public_html/maara/vendor/codeigniter4/framework/system/CodeIgniter.php(326): CodeIgniter\CodeIgniter->handleRequest(NULL, Object(Config\Cache), false)
#6 /home/amandeep/public_html/maara/index.php(43): CodeIgniter\CodeIgniter->run()
#7 {main}
CRITICAL - 2022-06-15 05:50:16 --> openssl_encrypt(): IV passed is 43 bytes long which is longer than the 16 expected by selected cipher, truncating
#0 [internal function]: CodeIgniter\Debug\Exceptions->errorHandler(2, 'openssl_encrypt...', '/home/amandeep/...', 987, Array)
#1 /home/amandeep/public_html/maara/app/Controllers/User.php(987): openssl_encrypt('2', 'AES-128-CTR', 'SalariasaSx', 0, 'FVxk9MswkYTeS7N...')
#2 /home/amandeep/public_html/maara/app/Controllers/User.php(1024): App\Controllers\User->AESEncrypt('2', 'FVxk9MswkYTeS7N...')
#3 /home/amandeep/public_html/maara/vendor/codeigniter4/framework/system/CodeIgniter.php(832): App\Controllers\User->yu()
#4 /home/amandeep/public_html/maara/vendor/codeigniter4/framework/system/CodeIgniter.php(419): CodeIgniter\CodeIgniter->runController(Object(App\Controllers\User))
#5 /home/amandeep/public_html/maara/vendor/codeigniter4/framework/system/CodeIgniter.php(326): CodeIgniter\CodeIgniter->handleRequest(NULL, Object(Config\Cache), false)
#6 /home/amandeep/public_html/maara/index.php(43): CodeIgniter\CodeIgniter->run()
#7 {main}
CRITICAL - 2022-06-15 05:57:13 --> Call to undefined method App\Controllers\User::decryption()
#0 /home/amandeep/public_html/maara/vendor/codeigniter4/framework/system/CodeIgniter.php(832): App\Controllers\User->yu()
#1 /home/amandeep/public_html/maara/vendor/codeigniter4/framework/system/CodeIgniter.php(419): CodeIgniter\CodeIgniter->runController(Object(App\Controllers\User))
#2 /home/amandeep/public_html/maara/vendor/codeigniter4/framework/system/CodeIgniter.php(326): CodeIgniter\CodeIgniter->handleRequest(NULL, Object(Config\Cache), false)
#3 /home/amandeep/public_html/maara/index.php(43): CodeIgniter\CodeIgniter->run()
#4 {main}
ERROR - 2022-06-15 06:40:55 --> Cannot add or update a child row: a foreign key constraint fails (`amandeep_maaraDB`.`tbl_businessStaffAccount`, CONSTRAINT `tbl_businessStaffAccount_BID_foreign` FOREIGN KEY (`BID`) REFERENCES `tbl_businessAccount` (`BID`) ON DELETE CASCADE ON UPDATE CASCAD)
ERROR - 2022-06-15 06:41:11 --> Cannot add or update a child row: a foreign key constraint fails (`amandeep_maaraDB`.`tbl_businessStaffAccount`, CONSTRAINT `tbl_businessStaffAccount_BID_foreign` FOREIGN KEY (`BID`) REFERENCES `tbl_businessAccount` (`BID`) ON DELETE CASCADE ON UPDATE CASCAD)
CRITICAL - 2022-06-15 23:26:53 --> A non-numeric value encountered
#0 /home/amandeep/public_html/maara/app/Controllers/Landing.php(220): CodeIgniter\Debug\Exceptions->errorHandler(2, 'A non-numeric v...', '/home/amandeep/...', 220, Array)
#1 /home/amandeep/public_html/maara/vendor/codeigniter4/framework/system/CodeIgniter.php(832): App\Controllers\Landing->changeCartQty()
#2 /home/amandeep/public_html/maara/vendor/codeigniter4/framework/system/CodeIgniter.php(419): CodeIgniter\CodeIgniter->runController(Object(App\Controllers\Landing))
#3 /home/amandeep/public_html/maara/vendor/codeigniter4/framework/system/CodeIgniter.php(326): CodeIgniter\CodeIgniter->handleRequest(NULL, Object(Config\Cache), false)
#4 /home/amandeep/public_html/maara/index.php(43): CodeIgniter\CodeIgniter->run()
#5 {main}
CRITICAL - 2022-06-15 23:27:36 --> A non-numeric value encountered
#0 /home/amandeep/public_html/maara/app/Views/includes/header.php(123): CodeIgniter\Debug\Exceptions->errorHandler(2, 'A non-numeric v...', '/home/amandeep/...', 123, Array)
#1 /home/amandeep/public_html/maara/vendor/codeigniter4/framework/system/View/View.php(210): include('/home/amandeep/...')
#2 /home/amandeep/public_html/maara/vendor/codeigniter4/framework/system/View/View.php(213): CodeIgniter\View\View->CodeIgniter\View\{closure}()
#3 /home/amandeep/public_html/maara/vendor/codeigniter4/framework/system/Common.php(1089): CodeIgniter\View\View->render('includes/header', Array, true)
#4 /home/amandeep/public_html/maara/app/Controllers/BaseController.php(531): view('includes/header', Array)
#5 /home/amandeep/public_html/maara/app/Controllers/Landing.php(252): App\Controllers\BaseController->loadLandingViews('cart', Array)
#6 /home/amandeep/public_html/maara/vendor/codeigniter4/framework/system/CodeIgniter.php(832): App\Controllers\Landing->cartList()
#7 /home/amandeep/public_html/maara/vendor/codeigniter4/framework/system/CodeIgniter.php(419): CodeIgniter\CodeIgniter->runController(Object(App\Controllers\Landing))
#8 /home/amandeep/public_html/maara/vendor/codeigniter4/framework/system/CodeIgniter.php(326): CodeIgniter\CodeIgniter->handleRequest(NULL, Object(Config\Cache), false)
#9 /home/amandeep/public_html/maara/index.php(43): CodeIgniter\CodeIgniter->run()
#10 {main}
CRITICAL - 2022-06-15 23:27:36 --> A non-numeric value encountered
#0 /home/amandeep/public_html/maara/app/Views/includes/header.php(123): CodeIgniter\Debug\Exceptions->errorHandler(2, 'A non-numeric v...', '/home/amandeep/...', 123, Array)
#1 /home/amandeep/public_html/maara/vendor/codeigniter4/framework/system/View/View.php(210): include('/home/amandeep/...')
#2 /home/amandeep/public_html/maara/vendor/codeigniter4/framework/system/View/View.php(213): CodeIgniter\View\View->CodeIgniter\View\{closure}()
#3 /home/amandeep/public_html/maara/vendor/codeigniter4/framework/system/Common.php(1089): CodeIgniter\View\View->render('includes/header', Array, true)
#4 /home/amandeep/public_html/maara/app/Controllers/BaseController.php(531): view('includes/header', Array)
#5 /home/amandeep/public_html/maara/app/Controllers/Landing.php(252): App\Controllers\BaseController->loadLandingViews('cart', Array)
#6 /home/amandeep/public_html/maara/vendor/codeigniter4/framework/system/CodeIgniter.php(832): App\Controllers\Landing->cartList()
#7 /home/amandeep/public_html/maara/vendor/codeigniter4/framework/system/CodeIgniter.php(419): CodeIgniter\CodeIgniter->runController(Object(App\Controllers\Landing))
#8 /home/amandeep/public_html/maara/vendor/codeigniter4/framework/system/CodeIgniter.php(326): CodeIgniter\CodeIgniter->handleRequest(NULL, Object(Config\Cache), false)
#9 /home/amandeep/public_html/maara/index.php(43): CodeIgniter\CodeIgniter->run()
#10 {main}
CRITICAL - 2022-06-15 23:27:36 --> A non-numeric value encountered
#0 /home/amandeep/public_html/maara/app/Views/includes/header.php(123): CodeIgniter\Debug\Exceptions->errorHandler(2, 'A non-numeric v...', '/home/amandeep/...', 123, Array)
#1 /home/amandeep/public_html/maara/vendor/codeigniter4/framework/system/View/View.php(210): include('/home/amandeep/...')
#2 /home/amandeep/public_html/maara/vendor/codeigniter4/framework/system/View/View.php(213): CodeIgniter\View\View->CodeIgniter\View\{closure}()
#3 /home/amandeep/public_html/maara/vendor/codeigniter4/framework/system/Common.php(1089): CodeIgniter\View\View->render('includes/header', Array, true)
#4 /home/amandeep/public_html/maara/app/Controllers/BaseController.php(531): view('includes/header', Array)
#5 /home/amandeep/public_html/maara/app/Controllers/Landing.php(252): App\Controllers\BaseController->loadLandingViews('cart', Array)
#6 /home/amandeep/public_html/maara/vendor/codeigniter4/framework/system/CodeIgniter.php(832): App\Controllers\Landing->cartList()
#7 /home/amandeep/public_html/maara/vendor/codeigniter4/framework/system/CodeIgniter.php(419): CodeIgniter\CodeIgniter->runController(Object(App\Controllers\Landing))
#8 /home/amandeep/public_html/maara/vendor/codeigniter4/framework/system/CodeIgniter.php(326): CodeIgniter\CodeIgniter->handleRequest(NULL, Object(Config\Cache), false)
#9 /home/amandeep/public_html/maara/index.php(43): CodeIgniter\CodeIgniter->run()
#10 {main}
CRITICAL - 2022-06-15 23:27:36 --> A non-numeric value encountered
#0 /home/amandeep/public_html/maara/app/Views/includes/header.php(123): CodeIgniter\Debug\Exceptions->errorHandler(2, 'A non-numeric v...', '/home/amandeep/...', 123, Array)
#1 /home/amandeep/public_html/maara/vendor/codeigniter4/framework/system/View/View.php(210): include('/home/amandeep/...')
#2 /home/amandeep/public_html/maara/vendor/codeigniter4/framework/system/View/View.php(213): CodeIgniter\View\View->CodeIgniter\View\{closure}()
#3 /home/amandeep/public_html/maara/vendor/codeigniter4/framework/system/Common.php(1089): CodeIgniter\View\View->render('includes/header', Array, true)
#4 /home/amandeep/public_html/maara/app/Controllers/BaseController.php(531): view('includes/header', Array)
#5 /home/amandeep/public_html/maara/app/Controllers/Landing.php(252): App\Controllers\BaseController->loadLandingViews('cart', Array)
#6 /home/amandeep/public_html/maara/vendor/codeigniter4/framework/system/CodeIgniter.php(832): App\Controllers\Landing->cartList()
#7 /home/amandeep/public_html/maara/vendor/codeigniter4/framework/system/CodeIgniter.php(419): CodeIgniter\CodeIgniter->runController(Object(App\Controllers\Landing))
#8 /home/amandeep/public_html/maara/vendor/codeigniter4/framework/system/CodeIgniter.php(326): CodeIgniter\CodeIgniter->handleRequest(NULL, Object(Config\Cache), false)
#9 /home/amandeep/public_html/maara/index.php(43): CodeIgniter\CodeIgniter->run()
#10 {main}
CRITICAL - 2022-06-15 23:27:37 --> A non-numeric value encountered
#0 /home/amandeep/public_html/maara/app/Views/includes/header.php(123): CodeIgniter\Debug\Exceptions->errorHandler(2, 'A non-numeric v...', '/home/amandeep/...', 123, Array)
#1 /home/amandeep/public_html/maara/vendor/codeigniter4/framework/system/View/View.php(210): include('/home/amandeep/...')
#2 /home/amandeep/public_html/maara/vendor/codeigniter4/framework/system/View/View.php(213): CodeIgniter\View\View->CodeIgniter\View\{closure}()
#3 /home/amandeep/public_html/maara/vendor/codeigniter4/framework/system/Common.php(1089): CodeIgniter\View\View->render('includes/header', Array, true)
#4 /home/amandeep/public_html/maara/app/Controllers/BaseController.php(531): view('includes/header', Array)
#5 /home/amandeep/public_html/maara/app/Controllers/Landing.php(252): App\Controllers\BaseController->loadLandingViews('cart', Array)
#6 /home/amandeep/public_html/maara/vendor/codeigniter4/framework/system/CodeIgniter.php(832): App\Controllers\Landing->cartList()
#7 /home/amandeep/public_html/maara/vendor/codeigniter4/framework/system/CodeIgniter.php(419): CodeIgniter\CodeIgniter->runController(Object(App\Controllers\Landing))
#8 /home/amandeep/public_html/maara/vendor/codeigniter4/framework/system/CodeIgniter.php(326): CodeIgniter\CodeIgniter->handleRequest(NULL, Object(Config\Cache), false)
#9 /home/amandeep/public_html/maara/index.php(43): CodeIgniter\CodeIgniter->run()
#10 {main}
CRITICAL - 2022-06-15 23:27:37 --> A non-numeric value encountered
#0 /home/amandeep/public_html/maara/app/Views/includes/header.php(123): CodeIgniter\Debug\Exceptions->errorHandler(2, 'A non-numeric v...', '/home/amandeep/...', 123, Array)
#1 /home/amandeep/public_html/maara/vendor/codeigniter4/framework/system/View/View.php(210): include('/home/amandeep/...')
#2 /home/amandeep/public_html/maara/vendor/codeigniter4/framework/system/View/View.php(213): CodeIgniter\View\View->CodeIgniter\View\{closure}()
#3 /home/amandeep/public_html/maara/vendor/codeigniter4/framework/system/Common.php(1089): CodeIgniter\View\View->render('includes/header', Array, true)
#4 /home/amandeep/public_html/maara/app/Controllers/BaseController.php(531): view('includes/header', Array)
#5 /home/amandeep/public_html/maara/app/Controllers/Landing.php(252): App\Controllers\BaseController->loadLandingViews('cart', Array)
#6 /home/amandeep/public_html/maara/vendor/codeigniter4/framework/system/CodeIgniter.php(832): App\Controllers\Landing->cartList()
#7 /home/amandeep/public_html/maara/vendor/codeigniter4/framework/system/CodeIgniter.php(419): CodeIgniter\CodeIgniter->runController(Object(App\Controllers\Landing))
#8 /home/amandeep/public_html/maara/vendor/codeigniter4/framework/system/CodeIgniter.php(326): CodeIgniter\CodeIgniter->handleRequest(NULL, Object(Config\Cache), false)
#9 /home/amandeep/public_html/maara/index.php(43): CodeIgniter\CodeIgniter->run()
#10 {main}
CRITICAL - 2022-06-15 23:27:37 --> A non-numeric value encountered
#0 /home/amandeep/public_html/maara/app/Views/includes/header.php(123): CodeIgniter\Debug\Exceptions->errorHandler(2, 'A non-numeric v...', '/home/amandeep/...', 123, Array)
#1 /home/amandeep/public_html/maara/vendor/codeigniter4/framework/system/View/View.php(210): include('/home/amandeep/...')
#2 /home/amandeep/public_html/maara/vendor/codeigniter4/framework/system/View/View.php(213): CodeIgniter\View\View->CodeIgniter\View\{closure}()
#3 /home/amandeep/public_html/maara/vendor/codeigniter4/framework/system/Common.php(1089): CodeIgniter\View\View->render('includes/header', Array, true)
#4 /home/amandeep/public_html/maara/app/Controllers/BaseController.php(531): view('includes/header', Array)
#5 /home/amandeep/public_html/maara/app/Controllers/Landing.php(252): App\Controllers\BaseController->loadLandingViews('cart', Array)
#6 /home/amandeep/public_html/maara/vendor/codeigniter4/framework/system/CodeIgniter.php(832): App\Controllers\Landing->cartList()
#7 /home/amandeep/public_html/maara/vendor/codeigniter4/framework/system/CodeIgniter.php(419): CodeIgniter\CodeIgniter->runController(Object(App\Controllers\Landing))
#8 /home/amandeep/public_html/maara/vendor/codeigniter4/framework/system/CodeIgniter.php(326): CodeIgniter\CodeIgniter->handleRequest(NULL, Object(Config\Cache), false)
#9 /home/amandeep/public_html/maara/index.php(43): CodeIgniter\CodeIgniter->run()
#10 {main}
CRITICAL - 2022-06-15 23:27:37 --> A non-numeric value encountered
#0 /home/amandeep/public_html/maara/app/Views/includes/header.php(123): CodeIgniter\Debug\Exceptions->errorHandler(2, 'A non-numeric v...', '/home/amandeep/...', 123, Array)
#1 /home/amandeep/public_html/maara/vendor/codeigniter4/framework/system/View/View.php(210): include('/home/amandeep/...')
#2 /home/amandeep/public_html/maara/vendor/codeigniter4/framework/system/View/View.php(213): CodeIgniter\View\View->CodeIgniter\View\{closure}()
#3 /home/amandeep/public_html/maara/vendor/codeigniter4/framework/system/Common.php(1089): CodeIgniter\View\View->render('includes/header', Array, true)
#4 /home/amandeep/public_html/maara/app/Controllers/BaseController.php(531): view('includes/header', Array)
#5 /home/amandeep/public_html/maara/app/Controllers/Landing.php(252): App\Controllers\BaseController->loadLandingViews('cart', Array)
#6 /home/amandeep/public_html/maara/vendor/codeigniter4/framework/system/CodeIgniter.php(832): App\Controllers\Landing->cartList()
#7 /home/amandeep/public_html/maara/vendor/codeigniter4/framework/system/CodeIgniter.php(419): CodeIgniter\CodeIgniter->runController(Object(App\Controllers\Landing))
#8 /home/amandeep/public_html/maara/vendor/codeigniter4/framework/system/CodeIgniter.php(326): CodeIgniter\CodeIgniter->handleRequest(NULL, Object(Config\Cache), false)
#9 /home/amandeep/public_html/maara/index.php(43): CodeIgniter\CodeIgniter->run()
#10 {main}
CRITICAL - 2022-06-15 23:27:37 --> A non-numeric value encountered
#0 /home/amandeep/public_html/maara/app/Views/includes/header.php(123): CodeIgniter\Debug\Exceptions->errorHandler(2, 'A non-numeric v...', '/home/amandeep/...', 123, Array)
#1 /home/amandeep/public_html/maara/vendor/codeigniter4/framework/system/View/View.php(210): include('/home/amandeep/...')
#2 /home/amandeep/public_html/maara/vendor/codeigniter4/framework/system/View/View.php(213): CodeIgniter\View\View->CodeIgniter\View\{closure}()
#3 /home/amandeep/public_html/maara/vendor/codeigniter4/framework/system/Common.php(1089): CodeIgniter\View\View->render('includes/header', Array, true)
#4 /home/amandeep/public_html/maara/app/Controllers/BaseController.php(531): view('includes/header', Array)
#5 /home/amandeep/public_html/maara/app/Controllers/Landing.php(252): App\Controllers\BaseController->loadLandingViews('cart', Array)
#6 /home/amandeep/public_html/maara/vendor/codeigniter4/framework/system/CodeIgniter.php(832): App\Controllers\Landing->cartList()
#7 /home/amandeep/public_html/maara/vendor/codeigniter4/framework/system/CodeIgniter.php(419): CodeIgniter\CodeIgniter->runController(Object(App\Controllers\Landing))
#8 /home/amandeep/public_html/maara/vendor/codeigniter4/framework/system/CodeIgniter.php(326): CodeIgniter\CodeIgniter->handleRequest(NULL, Object(Config\Cache), false)
#9 /home/amandeep/public_html/maara/index.php(43): CodeIgniter\CodeIgniter->run()
#10 {main}
CRITICAL - 2022-06-15 23:27:38 --> A non-numeric value encountered
#0 /home/amandeep/public_html/maara/app/Views/includes/header.php(123): CodeIgniter\Debug\Exceptions->errorHandler(2, 'A non-numeric v...', '/home/amandeep/...', 123, Array)
#1 /home/amandeep/public_html/maara/vendor/codeigniter4/framework/system/View/View.php(210): include('/home/amandeep/...')
#2 /home/amandeep/public_html/maara/vendor/codeigniter4/framework/system/View/View.php(213): CodeIgniter\View\View->CodeIgniter\View\{closure}()
#3 /home/amandeep/public_html/maara/vendor/codeigniter4/framework/system/Common.php(1089): CodeIgniter\View\View->render('includes/header', Array, true)
#4 /home/amandeep/public_html/maara/app/Controllers/BaseController.php(531): view('includes/header', Array)
#5 /home/amandeep/public_html/maara/app/Controllers/Landing.php(252): App\Controllers\BaseController->loadLandingViews('cart', Array)
#6 /home/amandeep/public_html/maara/vendor/codeigniter4/framework/system/CodeIgniter.php(832): App\Controllers\Landing->cartList()
#7 /home/amandeep/public_html/maara/vendor/codeigniter4/framework/system/CodeIgniter.php(419): CodeIgniter\CodeIgniter->runController(Object(App\Controllers\Landing))
#8 /home/amandeep/public_html/maara/vendor/codeigniter4/framework/system/CodeIgniter.php(326): CodeIgniter\CodeIgniter->handleRequest(NULL, Object(Config\Cache), false)
#9 /home/amandeep/public_html/maara/index.php(43): CodeIgniter\CodeIgniter->run()
#10 {main}
CRITICAL - 2022-06-15 23:27:38 --> A non-numeric value encountered
#0 /home/amandeep/public_html/maara/app/Views/includes/header.php(123): CodeIgniter\Debug\Exceptions->errorHandler(2, 'A non-numeric v...', '/home/amandeep/...', 123, Array)
#1 /home/amandeep/public_html/maara/vendor/codeigniter4/framework/system/View/View.php(210): include('/home/amandeep/...')
#2 /home/amandeep/public_html/maara/vendor/codeigniter4/framework/system/View/View.php(213): CodeIgniter\View\View->CodeIgniter\View\{closure}()
#3 /home/amandeep/public_html/maara/vendor/codeigniter4/framework/system/Common.php(1089): CodeIgniter\View\View->render('includes/header', Array, true)
#4 /home/amandeep/public_html/maara/app/Controllers/BaseController.php(531): view('includes/header', Array)
#5 /home/amandeep/public_html/maara/app/Controllers/Landing.php(252): App\Controllers\BaseController->loadLandingViews('cart', Array)
#6 /home/amandeep/public_html/maara/vendor/codeigniter4/framework/system/CodeIgniter.php(832): App\Controllers\Landing->cartList()
#7 /home/amandeep/public_html/maara/vendor/codeigniter4/framework/system/CodeIgniter.php(419): CodeIgniter\CodeIgniter->runController(Object(App\Controllers\Landing))
#8 /home/amandeep/public_html/maara/vendor/codeigniter4/framework/system/CodeIgniter.php(326): CodeIgniter\CodeIgniter->handleRequest(NULL, Object(Config\Cache), false)
#9 /home/amandeep/public_html/maara/index.php(43): CodeIgniter\CodeIgniter->run()
#10 {main}
CRITICAL - 2022-06-15 23:27:38 --> A non-numeric value encountered
#0 /home/amandeep/public_html/maara/app/Views/includes/header.php(123): CodeIgniter\Debug\Exceptions->errorHandler(2, 'A non-numeric v...', '/home/amandeep/...', 123, Array)
#1 /home/amandeep/public_html/maara/vendor/codeigniter4/framework/system/View/View.php(210): include('/home/amandeep/...')
#2 /home/amandeep/public_html/maara/vendor/codeigniter4/framework/system/View/View.php(213): CodeIgniter\View\View->CodeIgniter\View\{closure}()
#3 /home/amandeep/public_html/maara/vendor/codeigniter4/framework/system/Common.php(1089): CodeIgniter\View\View->render('includes/header', Array, true)
#4 /home/amandeep/public_html/maara/app/Controllers/BaseController.php(531): view('includes/header', Array)
#5 /home/amandeep/public_html/maara/app/Controllers/Landing.php(252): App\Controllers\BaseController->loadLandingViews('cart', Array)
#6 /home/amandeep/public_html/maara/vendor/codeigniter4/framework/system/CodeIgniter.php(832): App\Controllers\Landing->cartList()
#7 /home/amandeep/public_html/maara/vendor/codeigniter4/framework/system/CodeIgniter.php(419): CodeIgniter\CodeIgniter->runController(Object(App\Controllers\Landing))
#8 /home/amandeep/public_html/maara/vendor/codeigniter4/framework/system/CodeIgniter.php(326): CodeIgniter\CodeIgniter->handleRequest(NULL, Object(Config\Cache), false)
#9 /home/amandeep/public_html/maara/index.php(43): CodeIgniter\CodeIgniter->run()
#10 {main}
CRITICAL - 2022-06-15 23:27:38 --> A non-numeric value encountered
#0 /home/amandeep/public_html/maara/app/Views/includes/header.php(123): CodeIgniter\Debug\Exceptions->errorHandler(2, 'A non-numeric v...', '/home/amandeep/...', 123, Array)
#1 /home/amandeep/public_html/maara/vendor/codeigniter4/framework/system/View/View.php(210): include('/home/amandeep/...')
#2 /home/amandeep/public_html/maara/vendor/codeigniter4/framework/system/View/View.php(213): CodeIgniter\View\View->CodeIgniter\View\{closure}()
#3 /home/amandeep/public_html/maara/vendor/codeigniter4/framework/system/Common.php(1089): CodeIgniter\View\View->render('includes/header', Array, true)
#4 /home/amandeep/public_html/maara/app/Controllers/BaseController.php(531): view('includes/header', Array)
#5 /home/amandeep/public_html/maara/app/Controllers/Landing.php(252): App\Controllers\BaseController->loadLandingViews('cart', Array)
#6 /home/amandeep/public_html/maara/vendor/codeigniter4/framework/system/CodeIgniter.php(832): App\Controllers\Landing->cartList()
#7 /home/amandeep/public_html/maara/vendor/codeigniter4/framework/system/CodeIgniter.php(419): CodeIgniter\CodeIgniter->runController(Object(App\Controllers\Landing))
#8 /home/amandeep/public_html/maara/vendor/codeigniter4/framework/system/CodeIgniter.php(326): CodeIgniter\CodeIgniter->handleRequest(NULL, Object(Config\Cache), false)
#9 /home/amandeep/public_html/maara/index.php(43): CodeIgniter\CodeIgniter->run()
#10 {main}
CRITICAL - 2022-06-15 23:27:38 --> A non-numeric value encountered
#0 /home/amandeep/public_html/maara/app/Views/includes/header.php(123): CodeIgniter\Debug\Exceptions->errorHandler(2, 'A non-numeric v...', '/home/amandeep/...', 123, Array)
#1 /home/amandeep/public_html/maara/vendor/codeigniter4/framework/system/View/View.php(210): include('/home/amandeep/...')
#2 /home/amandeep/public_html/maara/vendor/codeigniter4/framework/system/View/View.php(213): CodeIgniter\View\View->CodeIgniter\View\{closure}()
#3 /home/amandeep/public_html/maara/vendor/codeigniter4/framework/system/Common.php(1089): CodeIgniter\View\View->render('includes/header', Array, true)
#4 /home/amandeep/public_html/maara/app/Controllers/BaseController.php(531): view('includes/header', Array)
#5 /home/amandeep/public_html/maara/app/Controllers/Landing.php(252): App\Controllers\BaseController->loadLandingViews('cart', Array)
#6 /home/amandeep/public_html/maara/vendor/codeigniter4/framework/system/CodeIgniter.php(832): App\Controllers\Landing->cartList()
#7 /home/amandeep/public_html/maara/vendor/codeigniter4/framework/system/CodeIgniter.php(419): CodeIgniter\CodeIgniter->runController(Object(App\Controllers\Landing))
#8 /home/amandeep/public_html/maara/vendor/codeigniter4/framework/system/CodeIgniter.php(326): CodeIgniter\CodeIgniter->handleRequest(NULL, Object(Config\Cache), false)
#9 /home/amandeep/public_html/maara/index.php(43): CodeIgniter\CodeIgniter->run()
#10 {main}
CRITICAL - 2022-06-15 23:27:38 --> A non-numeric value encountered
#0 /home/amandeep/public_html/maara/app/Views/includes/header.php(123): CodeIgniter\Debug\Exceptions->errorHandler(2, 'A non-numeric v...', '/home/amandeep/...', 123, Array)
#1 /home/amandeep/public_html/maara/vendor/codeigniter4/framework/system/View/View.php(210): include('/home/amandeep/...')
#2 /home/amandeep/public_html/maara/vendor/codeigniter4/framework/system/View/View.php(213): CodeIgniter\View\View->CodeIgniter\View\{closure}()
#3 /home/amandeep/public_html/maara/vendor/codeigniter4/framework/system/Common.php(1089): CodeIgniter\View\View->render('includes/header', Array, true)
#4 /home/amandeep/public_html/maara/app/Controllers/BaseController.php(531): view('includes/header', Array)
#5 /home/amandeep/public_html/maara/app/Controllers/Landing.php(252): App\Controllers\BaseController->loadLandingViews('cart', Array)
#6 /home/amandeep/public_html/maara/vendor/codeigniter4/framework/system/CodeIgniter.php(832): App\Controllers\Landing->cartList()
#7 /home/amandeep/public_html/maara/vendor/codeigniter4/framework/system/CodeIgniter.php(419): CodeIgniter\CodeIgniter->runController(Object(App\Controllers\Landing))
#8 /home/amandeep/public_html/maara/vendor/codeigniter4/framework/system/CodeIgniter.php(326): CodeIgniter\CodeIgniter->handleRequest(NULL, Object(Config\Cache), false)
#9 /home/amandeep/public_html/maara/index.php(43): CodeIgniter\CodeIgniter->run()
#10 {main}
CRITICAL - 2022-06-15 23:27:39 --> A non-numeric value encountered
#0 /home/amandeep/public_html/maara/app/Views/includes/header.php(123): CodeIgniter\Debug\Exceptions->errorHandler(2, 'A non-numeric v...', '/home/amandeep/...', 123, Array)
#1 /home/amandeep/public_html/maara/vendor/codeigniter4/framework/system/View/View.php(210): include('/home/amandeep/...')
#2 /home/amandeep/public_html/maara/vendor/codeigniter4/framework/system/View/View.php(213): CodeIgniter\View\View->CodeIgniter\View\{closure}()
#3 /home/amandeep/public_html/maara/vendor/codeigniter4/framework/system/Common.php(1089): CodeIgniter\View\View->render('includes/header', Array, true)
#4 /home/amandeep/public_html/maara/app/Controllers/BaseController.php(531): view('includes/header', Array)
#5 /home/amandeep/public_html/maara/app/Controllers/Landing.php(252): App\Controllers\BaseController->loadLandingViews('cart', Array)
#6 /home/amandeep/public_html/maara/vendor/codeigniter4/framework/system/CodeIgniter.php(832): App\Controllers\Landing->cartList()
#7 /home/amandeep/public_html/maara/vendor/codeigniter4/framework/system/CodeIgniter.php(419): CodeIgniter\CodeIgniter->runController(Object(App\Controllers\Landing))
#8 /home/amandeep/public_html/maara/vendor/codeigniter4/framework/system/CodeIgniter.php(326): CodeIgniter\CodeIgniter->handleRequest(NULL, Object(Config\Cache), false)
#9 /home/amandeep/public_html/maara/index.php(43): CodeIgniter\CodeIgniter->run()
#10 {main}
CRITICAL - 2022-06-15 23:27:39 --> A non-numeric value encountered
#0 /home/amandeep/public_html/maara/app/Views/includes/header.php(123): CodeIgniter\Debug\Exceptions->errorHandler(2, 'A non-numeric v...', '/home/amandeep/...', 123, Array)
#1 /home/amandeep/public_html/maara/vendor/codeigniter4/framework/system/View/View.php(210): include('/home/amandeep/...')
#2 /home/amandeep/public_html/maara/vendor/codeigniter4/framework/system/View/View.php(213): CodeIgniter\View\View->CodeIgniter\View\{closure}()
#3 /home/amandeep/public_html/maara/vendor/codeigniter4/framework/system/Common.php(1089): CodeIgniter\View\View->render('includes/header', Array, true)
#4 /home/amandeep/public_html/maara/app/Controllers/BaseController.php(531): view('includes/header', Array)
#5 /home/amandeep/public_html/maara/app/Controllers/Landing.php(252): App\Controllers\BaseController->loadLandingViews('cart', Array)
#6 /home/amandeep/public_html/maara/vendor/codeigniter4/framework/system/CodeIgniter.php(832): App\Controllers\Landing->cartList()
#7 /home/amandeep/public_html/maara/vendor/codeigniter4/framework/system/CodeIgniter.php(419): CodeIgniter\CodeIgniter->runController(Object(App\Controllers\Landing))
#8 /home/amandeep/public_html/maara/vendor/codeigniter4/framework/system/CodeIgniter.php(326): CodeIgniter\CodeIgniter->handleRequest(NULL, Object(Config\Cache), false)
#9 /home/amandeep/public_html/maara/index.php(43): CodeIgniter\CodeIgniter->run()
#10 {main}
CRITICAL - 2022-06-15 23:27:39 --> A non-numeric value encountered
#0 /home/amandeep/public_html/maara/app/Views/includes/header.php(123): CodeIgniter\Debug\Exceptions->errorHandler(2, 'A non-numeric v...', '/home/amandeep/...', 123, Array)
#1 /home/amandeep/public_html/maara/vendor/codeigniter4/framework/system/View/View.php(210): include('/home/amandeep/...')
#2 /home/amandeep/public_html/maara/vendor/codeigniter4/framework/system/View/View.php(213): CodeIgniter\View\View->CodeIgniter\View\{closure}()
#3 /home/amandeep/public_html/maara/vendor/codeigniter4/framework/system/Common.php(1089): CodeIgniter\View\View->render('includes/header', Array, true)
#4 /home/amandeep/public_html/maara/app/Controllers/BaseController.php(531): view('includes/header', Array)
#5 /home/amandeep/public_html/maara/app/Controllers/Landing.php(252): App\Controllers\BaseController->loadLandingViews('cart', Array)
#6 /home/amandeep/public_html/maara/vendor/codeigniter4/framework/system/CodeIgniter.php(832): App\Controllers\Landing->cartList()
#7 /home/amandeep/public_html/maara/vendor/codeigniter4/framework/system/CodeIgniter.php(419): CodeIgniter\CodeIgniter->runController(Object(App\Controllers\Landing))
#8 /home/amandeep/public_html/maara/vendor/codeigniter4/framework/system/CodeIgniter.php(326): CodeIgniter\CodeIgniter->handleRequest(NULL, Object(Config\Cache), false)
#9 /home/amandeep/public_html/maara/index.php(43): CodeIgniter\CodeIgniter->run()
#10 {main}
CRITICAL - 2022-06-15 23:27:47 --> A non-numeric value encountered
#0 /home/amandeep/public_html/maara/app/Views/includes/header.php(123): CodeIgniter\Debug\Exceptions->errorHandler(2, 'A non-numeric v...', '/home/amandeep/...', 123, Array)
#1 /home/amandeep/public_html/maara/vendor/codeigniter4/framework/system/View/View.php(210): include('/home/amandeep/...')
#2 /home/amandeep/public_html/maara/vendor/codeigniter4/framework/system/View/View.php(213): CodeIgniter\View\View->CodeIgniter\View\{closure}()
#3 /home/amandeep/public_html/maara/vendor/codeigniter4/framework/system/Common.php(1089): CodeIgniter\View\View->render('includes/header', Array, true)
#4 /home/amandeep/public_html/maara/app/Controllers/BaseController.php(531): view('includes/header', Array)
#5 /home/amandeep/public_html/maara/app/Controllers/Landing.php(252): App\Controllers\BaseController->loadLandingViews('cart', Array)
#6 /home/amandeep/public_html/maara/vendor/codeigniter4/framework/system/CodeIgniter.php(832): App\Controllers\Landing->cartList()
#7 /home/amandeep/public_html/maara/vendor/codeigniter4/framework/system/CodeIgniter.php(419): CodeIgniter\CodeIgniter->runController(Object(App\Controllers\Landing))
#8 /home/amandeep/public_html/maara/vendor/codeigniter4/framework/system/CodeIgniter.php(326): CodeIgniter\CodeIgniter->handleRequest(NULL, Object(Config\Cache), false)
#9 /home/amandeep/public_html/maara/index.php(43): CodeIgniter\CodeIgniter->run()
#10 {main}
CRITICAL - 2022-06-15 23:32:35 --> A non-numeric value encountered
#0 /home/amandeep/public_html/maara/app/Views/includes/header.php(123): CodeIgniter\Debug\Exceptions->errorHandler(2, 'A non-numeric v...', '/home/amandeep/...', 123, Array)
#1 /home/amandeep/public_html/maara/vendor/codeigniter4/framework/system/View/View.php(210): include('/home/amandeep/...')
#2 /home/amandeep/public_html/maara/vendor/codeigniter4/framework/system/View/View.php(213): CodeIgniter\View\View->CodeIgniter\View\{closure}()
#3 /home/amandeep/public_html/maara/vendor/codeigniter4/framework/system/Common.php(1089): CodeIgniter\View\View->render('includes/header', Array, true)
#4 /home/amandeep/public_html/maara/app/Controllers/BaseController.php(531): view('includes/header', Array)
#5 /home/amandeep/public_html/maara/app/Controllers/Landing.php(252): App\Controllers\BaseController->loadLandingViews('cart', Array)
#6 /home/amandeep/public_html/maara/vendor/codeigniter4/framework/system/CodeIgniter.php(832): App\Controllers\Landing->cartList()
#7 /home/amandeep/public_html/maara/vendor/codeigniter4/framework/system/CodeIgniter.php(419): CodeIgniter\CodeIgniter->runController(Object(App\Controllers\Landing))
#8 /home/amandeep/public_html/maara/vendor/codeigniter4/framework/system/CodeIgniter.php(326): CodeIgniter\CodeIgniter->handleRequest(NULL, Object(Config\Cache), false)
#9 /home/amandeep/public_html/maara/index.php(43): CodeIgniter\CodeIgniter->run()
#10 {main}
CRITICAL - 2022-06-15 23:38:48 --> A non-numeric value encountered
#0 /home/amandeep/public_html/maara/app/Views/includes/header.php(124): CodeIgniter\Debug\Exceptions->errorHandler(2, 'A non-numeric v...', '/home/amandeep/...', 124, Array)
#1 /home/amandeep/public_html/maara/vendor/codeigniter4/framework/system/View/View.php(210): include('/home/amandeep/...')
#2 /home/amandeep/public_html/maara/vendor/codeigniter4/framework/system/View/View.php(213): CodeIgniter\View\View->CodeIgniter\View\{closure}()
#3 /home/amandeep/public_html/maara/vendor/codeigniter4/framework/system/Common.php(1089): CodeIgniter\View\View->render('includes/header', Array, true)
#4 /home/amandeep/public_html/maara/app/Controllers/BaseController.php(531): view('includes/header', Array)
#5 /home/amandeep/public_html/maara/app/Controllers/Landing.php(252): App\Controllers\BaseController->loadLandingViews('cart', Array)
#6 /home/amandeep/public_html/maara/vendor/codeigniter4/framework/system/CodeIgniter.php(832): App\Controllers\Landing->cartList()
#7 /home/amandeep/public_html/maara/vendor/codeigniter4/framework/system/CodeIgniter.php(419): CodeIgniter\CodeIgniter->runController(Object(App\Controllers\Landing))
#8 /home/amandeep/public_html/maara/vendor/codeigniter4/framework/system/CodeIgniter.php(326): CodeIgniter\CodeIgniter->handleRequest(NULL, Object(Config\Cache), false)
#9 /home/amandeep/public_html/maara/index.php(43): CodeIgniter\CodeIgniter->run()
#10 {main}
CRITICAL - 2022-06-15 23:38:57 --> A non-numeric value encountered
#0 /home/amandeep/public_html/maara/app/Views/includes/header.php(124): CodeIgniter\Debug\Exceptions->errorHandler(2, 'A non-numeric v...', '/home/amandeep/...', 124, Array)
#1 /home/amandeep/public_html/maara/vendor/codeigniter4/framework/system/View/View.php(210): include('/home/amandeep/...')
#2 /home/amandeep/public_html/maara/vendor/codeigniter4/framework/system/View/View.php(213): CodeIgniter\View\View->CodeIgniter\View\{closure}()
#3 /home/amandeep/public_html/maara/vendor/codeigniter4/framework/system/Common.php(1089): CodeIgniter\View\View->render('includes/header', Array, true)
#4 /home/amandeep/public_html/maara/app/Controllers/BaseController.php(531): view('includes/header', Array)
#5 /home/amandeep/public_html/maara/app/Controllers/Landing.php(24): App\Controllers\BaseController->loadLandingViews('index', Array)
#6 /home/amandeep/public_html/maara/vendor/codeigniter4/framework/system/CodeIgniter.php(832): App\Controllers\Landing->index()
#7 /home/amandeep/public_html/maara/vendor/codeigniter4/framework/system/CodeIgniter.php(419): CodeIgniter\CodeIgniter->runController(Object(App\Controllers\Landing))
#8 /home/amandeep/public_html/maara/vendor/codeigniter4/framework/system/CodeIgniter.php(326): CodeIgniter\CodeIgniter->handleRequest(NULL, Object(Config\Cache), false)
#9 /home/amandeep/public_html/maara/index.php(43): CodeIgniter\CodeIgniter->run()
#10 {main}
CRITICAL - 2022-06-15 23:38:58 --> A non-numeric value encountered
#0 /home/amandeep/public_html/maara/app/Views/includes/header.php(124): CodeIgniter\Debug\Exceptions->errorHandler(2, 'A non-numeric v...', '/home/amandeep/...', 124, Array)
#1 /home/amandeep/public_html/maara/vendor/codeigniter4/framework/system/View/View.php(210): include('/home/amandeep/...')
#2 /home/amandeep/public_html/maara/vendor/codeigniter4/framework/system/View/View.php(213): CodeIgniter\View\View->CodeIgniter\View\{closure}()
#3 /home/amandeep/public_html/maara/vendor/codeigniter4/framework/system/Common.php(1089): CodeIgniter\View\View->render('includes/header', Array, true)
#4 /home/amandeep/public_html/maara/app/Controllers/BaseController.php(531): view('includes/header', Array)
#5 /home/amandeep/public_html/maara/app/Controllers/Landing.php(24): App\Controllers\BaseController->loadLandingViews('index', Array)
#6 /home/amandeep/public_html/maara/vendor/codeigniter4/framework/system/CodeIgniter.php(832): App\Controllers\Landing->index()
#7 /home/amandeep/public_html/maara/vendor/codeigniter4/framework/system/CodeIgniter.php(419): CodeIgniter\CodeIgniter->runController(Object(App\Controllers\Landing))
#8 /home/amandeep/public_html/maara/vendor/codeigniter4/framework/system/CodeIgniter.php(326): CodeIgniter\CodeIgniter->handleRequest(NULL, Object(Config\Cache), false)
#9 /home/amandeep/public_html/maara/index.php(43): CodeIgniter\CodeIgniter->run()
#10 {main}
CRITICAL - 2022-06-15 23:39:42 --> A non-numeric value encountered
#0 /home/amandeep/public_html/maara/app/Views/cart.php(30): CodeIgniter\Debug\Exceptions->errorHandler(2, 'A non-numeric v...', '/home/amandeep/...', 30, Array)
#1 /home/amandeep/public_html/maara/vendor/codeigniter4/framework/system/View/View.php(210): include('/home/amandeep/...')
#2 /home/amandeep/public_html/maara/vendor/codeigniter4/framework/system/View/View.php(213): CodeIgniter\View\View->CodeIgniter\View\{closure}()
#3 /home/amandeep/public_html/maara/vendor/codeigniter4/framework/system/Common.php(1089): CodeIgniter\View\View->render('cart', Array, true)
#4 /home/amandeep/public_html/maara/app/Controllers/BaseController.php(532): view('cart', Array)
#5 /home/amandeep/public_html/maara/app/Controllers/Landing.php(252): App\Controllers\BaseController->loadLandingViews('cart', Array)
#6 /home/amandeep/public_html/maara/vendor/codeigniter4/framework/system/CodeIgniter.php(832): App\Controllers\Landing->cartList()
#7 /home/amandeep/public_html/maara/vendor/codeigniter4/framework/system/CodeIgniter.php(419): CodeIgniter\CodeIgniter->runController(Object(App\Controllers\Landing))
#8 /home/amandeep/public_html/maara/vendor/codeigniter4/framework/system/CodeIgniter.php(326): CodeIgniter\CodeIgniter->handleRequest(NULL, Object(Config\Cache), false)
#9 /home/amandeep/public_html/maara/index.php(43): CodeIgniter\CodeIgniter->run()
#10 {main}
CRITICAL - 2022-06-15 23:40:25 --> A non-numeric value encountered
#0 /home/amandeep/public_html/maara/app/Views/cart.php(31): CodeIgniter\Debug\Exceptions->errorHandler(2, 'A non-numeric v...', '/home/amandeep/...', 31, Array)
#1 /home/amandeep/public_html/maara/vendor/codeigniter4/framework/system/View/View.php(210): include('/home/amandeep/...')
#2 /home/amandeep/public_html/maara/vendor/codeigniter4/framework/system/View/View.php(213): CodeIgniter\View\View->CodeIgniter\View\{closure}()
#3 /home/amandeep/public_html/maara/vendor/codeigniter4/framework/system/Common.php(1089): CodeIgniter\View\View->render('cart', Array, true)
#4 /home/amandeep/public_html/maara/app/Controllers/BaseController.php(532): view('cart', Array)
#5 /home/amandeep/public_html/maara/app/Controllers/Landing.php(252): App\Controllers\BaseController->loadLandingViews('cart', Array)
#6 /home/amandeep/public_html/maara/vendor/codeigniter4/framework/system/CodeIgniter.php(832): App\Controllers\Landing->cartList()
#7 /home/amandeep/public_html/maara/vendor/codeigniter4/framework/system/CodeIgniter.php(419): CodeIgniter\CodeIgniter->runController(Object(App\Controllers\Landing))
#8 /home/amandeep/public_html/maara/vendor/codeigniter4/framework/system/CodeIgniter.php(326): CodeIgniter\CodeIgniter->handleRequest(NULL, Object(Config\Cache), false)
#9 /home/amandeep/public_html/maara/index.php(43): CodeIgniter\CodeIgniter->run()
#10 {main}
CRITICAL - 2022-06-15 23:56:49 --> A non-numeric value encountered
#0 /home/amandeep/public_html/maara/app/Views/includes/header.php(125): CodeIgniter\Debug\Exceptions->errorHandler(2, 'A non-numeric v...', '/home/amandeep/...', 125, Array)
#1 /home/amandeep/public_html/maara/vendor/codeigniter4/framework/system/View/View.php(210): include('/home/amandeep/...')
#2 /home/amandeep/public_html/maara/vendor/codeigniter4/framework/system/View/View.php(213): CodeIgniter\View\View->CodeIgniter\View\{closure}()
#3 /home/amandeep/public_html/maara/vendor/codeigniter4/framework/system/Common.php(1089): CodeIgniter\View\View->render('includes/header', Array, true)
#4 /home/amandeep/public_html/maara/app/Controllers/BaseController.php(531): view('includes/header', Array)
#5 /home/amandeep/public_html/maara/app/Controllers/Landing.php(252): App\Controllers\BaseController->loadLandingViews('cart', Array)
#6 /home/amandeep/public_html/maara/vendor/codeigniter4/framework/system/CodeIgniter.php(832): App\Controllers\Landing->cartList()
#7 /home/amandeep/public_html/maara/vendor/codeigniter4/framework/system/CodeIgniter.php(419): CodeIgniter\CodeIgniter->runController(Object(App\Controllers\Landing))
#8 /home/amandeep/public_html/maara/vendor/codeigniter4/framework/system/CodeIgniter.php(326): CodeIgniter\CodeIgniter->handleRequest(NULL, Object(Config\Cache), false)
#9 /home/amandeep/public_html/maara/index.php(43): CodeIgniter\CodeIgniter->run()
#10 {main}
CRITICAL - 2022-06-15 23:56:52 --> A non-numeric value encountered
#0 /home/amandeep/public_html/maara/app/Views/includes/header.php(125): CodeIgniter\Debug\Exceptions->errorHandler(2, 'A non-numeric v...', '/home/amandeep/...', 125, Array)
#1 /home/amandeep/public_html/maara/vendor/codeigniter4/framework/system/View/View.php(210): include('/home/amandeep/...')
#2 /home/amandeep/public_html/maara/vendor/codeigniter4/framework/system/View/View.php(213): CodeIgniter\View\View->CodeIgniter\View\{closure}()
#3 /home/amandeep/public_html/maara/vendor/codeigniter4/framework/system/Common.php(1089): CodeIgniter\View\View->render('includes/header', Array, true)
#4 /home/amandeep/public_html/maara/app/Controllers/BaseController.php(531): view('includes/header', Array)
#5 /home/amandeep/public_html/maara/app/Controllers/Landing.php(252): App\Controllers\BaseController->loadLandingViews('cart', Array)
#6 /home/amandeep/public_html/maara/vendor/codeigniter4/framework/system/CodeIgniter.php(832): App\Controllers\Landing->cartList()
#7 /home/amandeep/public_html/maara/vendor/codeigniter4/framework/system/CodeIgniter.php(419): CodeIgniter\CodeIgniter->runController(Object(App\Controllers\Landing))
#8 /home/amandeep/public_html/maara/vendor/codeigniter4/framework/system/CodeIgniter.php(326): CodeIgniter\CodeIgniter->handleRequest(NULL, Object(Config\Cache), false)
#9 /home/amandeep/public_html/maara/index.php(43): CodeIgniter\CodeIgniter->run()
#10 {main}
CRITICAL - 2022-06-15 23:57:19 --> A non-numeric value encountered
#0 /home/amandeep/public_html/maara/app/Views/includes/header.php(125): CodeIgniter\Debug\Exceptions->errorHandler(2, 'A non-numeric v...', '/home/amandeep/...', 125, Array)
#1 /home/amandeep/public_html/maara/vendor/codeigniter4/framework/system/View/View.php(210): include('/home/amandeep/...')
#2 /home/amandeep/public_html/maara/vendor/codeigniter4/framework/system/View/View.php(213): CodeIgniter\View\View->CodeIgniter\View\{closure}()
#3 /home/amandeep/public_html/maara/vendor/codeigniter4/framework/system/Common.php(1089): CodeIgniter\View\View->render('includes/header', Array, true)
#4 /home/amandeep/public_html/maara/app/Controllers/BaseController.php(531): view('includes/header', Array)
#5 /home/amandeep/public_html/maara/app/Controllers/Landing.php(252): App\Controllers\BaseController->loadLandingViews('cart', Array)
#6 /home/amandeep/public_html/maara/vendor/codeigniter4/framework/system/CodeIgniter.php(832): App\Controllers\Landing->cartList()
#7 /home/amandeep/public_html/maara/vendor/codeigniter4/framework/system/CodeIgniter.php(419): CodeIgniter\CodeIgniter->runController(Object(App\Controllers\Landing))
#8 /home/amandeep/public_html/maara/vendor/codeigniter4/framework/system/CodeIgniter.php(326): CodeIgniter\CodeIgniter->handleRequest(NULL, Object(Config\Cache), false)
#9 /home/amandeep/public_html/maara/index.php(43): CodeIgniter\CodeIgniter->run()
#10 {main}
CRITICAL - 2022-06-15 23:57:20 --> A non-numeric value encountered
#0 /home/amandeep/public_html/maara/app/Views/includes/header.php(125): CodeIgniter\Debug\Exceptions->errorHandler(2, 'A non-numeric v...', '/home/amandeep/...', 125, Array)
#1 /home/amandeep/public_html/maara/vendor/codeigniter4/framework/system/View/View.php(210): include('/home/amandeep/...')
#2 /home/amandeep/public_html/maara/vendor/codeigniter4/framework/system/View/View.php(213): CodeIgniter\View\View->CodeIgniter\View\{closure}()
#3 /home/amandeep/public_html/maara/vendor/codeigniter4/framework/system/Common.php(1089): CodeIgniter\View\View->render('includes/header', Array, true)
#4 /home/amandeep/public_html/maara/app/Controllers/BaseController.php(531): view('includes/header', Array)
#5 /home/amandeep/public_html/maara/app/Controllers/Landing.php(252): App\Controllers\BaseController->loadLandingViews('cart', Array)
#6 /home/amandeep/public_html/maara/vendor/codeigniter4/framework/system/CodeIgniter.php(832): App\Controllers\Landing->cartList()
#7 /home/amandeep/public_html/maara/vendor/codeigniter4/framework/system/CodeIgniter.php(419): CodeIgniter\CodeIgniter->runController(Object(App\Controllers\Landing))
#8 /home/amandeep/public_html/maara/vendor/codeigniter4/framework/system/CodeIgniter.php(326): CodeIgniter\CodeIgniter->handleRequest(NULL, Object(Config\Cache), false)
#9 /home/amandeep/public_html/maara/index.php(43): CodeIgniter\CodeIgniter->run()
#10 {main}
CRITICAL - 2022-06-15 23:57:23 --> A non-numeric value encountered
#0 /home/amandeep/public_html/maara/app/Views/includes/header.php(125): CodeIgniter\Debug\Exceptions->errorHandler(2, 'A non-numeric v...', '/home/amandeep/...', 125, Array)
#1 /home/amandeep/public_html/maara/vendor/codeigniter4/framework/system/View/View.php(210): include('/home/amandeep/...')
#2 /home/amandeep/public_html/maara/vendor/codeigniter4/framework/system/View/View.php(213): CodeIgniter\View\View->CodeIgniter\View\{closure}()
#3 /home/amandeep/public_html/maara/vendor/codeigniter4/framework/system/Common.php(1089): CodeIgniter\View\View->render('includes/header', Array, true)
#4 /home/amandeep/public_html/maara/app/Controllers/BaseController.php(531): view('includes/header', Array)
#5 /home/amandeep/public_html/maara/app/Controllers/Landing.php(252): App\Controllers\BaseController->loadLandingViews('cart', Array)
#6 /home/amandeep/public_html/maara/vendor/codeigniter4/framework/system/CodeIgniter.php(832): App\Controllers\Landing->cartList()
#7 /home/amandeep/public_html/maara/vendor/codeigniter4/framework/system/CodeIgniter.php(419): CodeIgniter\CodeIgniter->runController(Object(App\Controllers\Landing))
#8 /home/amandeep/public_html/maara/vendor/codeigniter4/framework/system/CodeIgniter.php(326): CodeIgniter\CodeIgniter->handleRequest(NULL, Object(Config\Cache), false)
#9 /home/amandeep/public_html/maara/index.php(43): CodeIgniter\CodeIgniter->run()
#10 {main}
