CRITICAL - 2022-05-25 04:29:58 --> Invalid file: admin/index.php
#0 /home/amandeep/public_html/maara/vendor/codeigniter4/framework/system/View/View.php(198): CodeIgniter\Exceptions\FrameworkException::forInvalidFile('admin/index.php')
#1 /home/amandeep/public_html/maara/vendor/codeigniter4/framework/system/Common.php(1089): CodeIgniter\View\View->render('admin/index', Array, true)
#2 /home/amandeep/public_html/maara/app/Controllers/BaseController.php(483): view('admin/index', Array)
#3 /home/amandeep/public_html/maara/app/Controllers/Landing.php(20): App\Controllers\BaseController->loadViews('index', Array)
#4 /home/amandeep/public_html/maara/vendor/codeigniter4/framework/system/CodeIgniter.php(832): App\Controllers\Landing->index()
#5 /home/amandeep/public_html/maara/vendor/codeigniter4/framework/system/CodeIgniter.php(419): CodeIgniter\CodeIgniter->runController(Object(App\Controllers\Landing))
#6 /home/amandeep/public_html/maara/vendor/codeigniter4/framework/system/CodeIgniter.php(326): CodeIgniter\CodeIgniter->handleRequest(NULL, Object(Config\Cache), false)
#7 /home/amandeep/public_html/maara/index.php(43): CodeIgniter\CodeIgniter->run()
#8 {main}
CRITICAL - 2022-05-25 04:30:55 --> Invalid file: admin/index.php
#0 /home/amandeep/public_html/maara/vendor/codeigniter4/framework/system/View/View.php(198): CodeIgniter\Exceptions\FrameworkException::forInvalidFile('admin/index.php')
#1 /home/amandeep/public_html/maara/vendor/codeigniter4/framework/system/Common.php(1089): CodeIgniter\View\View->render('admin/index', Array, true)
#2 /home/amandeep/public_html/maara/app/Controllers/BaseController.php(483): view('admin/index', Array)
#3 /home/amandeep/public_html/maara/app/Controllers/Landing.php(20): App\Controllers\BaseController->loadViews('index', Array)
#4 /home/amandeep/public_html/maara/vendor/codeigniter4/framework/system/CodeIgniter.php(832): App\Controllers\Landing->index()
#5 /home/amandeep/public_html/maara/vendor/codeigniter4/framework/system/CodeIgniter.php(419): CodeIgniter\CodeIgniter->runController(Object(App\Controllers\Landing))
#6 /home/amandeep/public_html/maara/vendor/codeigniter4/framework/system/CodeIgniter.php(326): CodeIgniter\CodeIgniter->handleRequest(NULL, Object(Config\Cache), false)
#7 /home/amandeep/public_html/maara/index.php(43): CodeIgniter\CodeIgniter->run()
#8 {main}
CRITICAL - 2022-05-25 04:52:52 --> syntax error, unexpected 'echo' (T_ECHO)
#0 /home/amandeep/public_html/maara/vendor/codeigniter4/framework/system/View/View.php(213): CodeIgniter\View\View->CodeIgniter\View\{closure}()
#1 /home/amandeep/public_html/maara/vendor/codeigniter4/framework/system/Common.php(1089): CodeIgniter\View\View->render('help', Array, true)
#2 /home/amandeep/public_html/maara/app/Controllers/BaseController.php(515): view('help', Array)
#3 /home/amandeep/public_html/maara/app/Controllers/Landing.php(59): App\Controllers\BaseController->loadLandingViews('help', Array)
#4 /home/amandeep/public_html/maara/vendor/codeigniter4/framework/system/CodeIgniter.php(832): App\Controllers\Landing->help()
#5 /home/amandeep/public_html/maara/vendor/codeigniter4/framework/system/CodeIgniter.php(419): CodeIgniter\CodeIgniter->runController(Object(App\Controllers\Landing))
#6 /home/amandeep/public_html/maara/vendor/codeigniter4/framework/system/CodeIgniter.php(326): CodeIgniter\CodeIgniter->handleRequest(NULL, Object(Config\Cache), false)
#7 /home/amandeep/public_html/maara/index.php(43): CodeIgniter\CodeIgniter->run()
#8 {main}
