CRITICAL - 2022-06-28 00:57:34 --> syntax error, unexpected '$firstname' (T_VARIABLE)
#0 /home/amandeep/public_html/maara/vendor/codeigniter4/framework/system/Autoloader/Autoloader.php(241): CodeIgniter\Autoloader\Autoloader->includeFile('/home/amandeep/...')
#1 /home/amandeep/public_html/maara/vendor/codeigniter4/framework/system/Autoloader/Autoloader.php(219): CodeIgniter\Autoloader\Autoloader->loadInNamespace('App\\Controllers...')
#2 [internal function]: CodeIgniter\Autoloader\Autoloader->loadClass('App\\Controllers...')
#3 /home/amandeep/public_html/maara/app/Controllers/Home.php(9): spl_autoload_call('App\\Controllers...')
#4 /home/amandeep/public_html/maara/vendor/codeigniter4/framework/system/Router/Router.php(518): include_once('/home/amandeep/...')
#5 /home/amandeep/public_html/maara/vendor/codeigniter4/framework/system/Router/Router.php(175): CodeIgniter\Router\Router->autoRoute('home/vcard')
#6 /home/amandeep/public_html/maara/vendor/codeigniter4/framework/system/CodeIgniter.php(726): CodeIgniter\Router\Router->handle('home/vcard')
#7 /home/amandeep/public_html/maara/vendor/codeigniter4/framework/system/CodeIgniter.php(368): CodeIgniter\CodeIgniter->tryToRouteIt(Object(CodeIgniter\Router\RouteCollection))
#8 /home/amandeep/public_html/maara/vendor/codeigniter4/framework/system/CodeIgniter.php(326): CodeIgniter\CodeIgniter->handleRequest(NULL, Object(Config\Cache), false)
#9 /home/amandeep/public_html/maara/index.php(43): CodeIgniter\CodeIgniter->run()
#10 {main}
CRITICAL - 2022-06-28 00:57:35 --> syntax error, unexpected '$firstname' (T_VARIABLE)
#0 /home/amandeep/public_html/maara/vendor/codeigniter4/framework/system/Autoloader/Autoloader.php(241): CodeIgniter\Autoloader\Autoloader->includeFile('/home/amandeep/...')
#1 /home/amandeep/public_html/maara/vendor/codeigniter4/framework/system/Autoloader/Autoloader.php(219): CodeIgniter\Autoloader\Autoloader->loadInNamespace('App\\Controllers...')
#2 [internal function]: CodeIgniter\Autoloader\Autoloader->loadClass('App\\Controllers...')
#3 /home/amandeep/public_html/maara/app/Controllers/User.php(12): spl_autoload_call('App\\Controllers...')
#4 /home/amandeep/public_html/maara/vendor/codeigniter4/framework/system/Autoloader/Autoloader.php(264): include_once('/home/amandeep/...')
#5 /home/amandeep/public_html/maara/vendor/codeigniter4/framework/system/Autoloader/Autoloader.php(241): CodeIgniter\Autoloader\Autoloader->includeFile('/home/amandeep/...')
#6 /home/amandeep/public_html/maara/vendor/codeigniter4/framework/system/Autoloader/Autoloader.php(219): CodeIgniter\Autoloader\Autoloader->loadInNamespace('App\\Controllers...')
#7 [internal function]: CodeIgniter\Autoloader\Autoloader->loadClass('App\\Controllers...')
#8 [internal function]: spl_autoload_call('App\\Controllers...')
#9 /home/amandeep/public_html/maara/vendor/codeigniter4/framework/system/CodeIgniter.php(797): class_exists('\\App\\Controller...', true)
#10 /home/amandeep/public_html/maara/vendor/codeigniter4/framework/system/CodeIgniter.php(406): CodeIgniter\CodeIgniter->startController()
#11 /home/amandeep/public_html/maara/vendor/codeigniter4/framework/system/CodeIgniter.php(326): CodeIgniter\CodeIgniter->handleRequest(NULL, Object(Config\Cache), false)
#12 /home/amandeep/public_html/maara/index.php(43): CodeIgniter\CodeIgniter->run()
#13 {main}
CRITICAL - 2022-06-28 00:57:42 --> syntax error, unexpected '$firstname' (T_VARIABLE)
#0 /home/amandeep/public_html/maara/vendor/codeigniter4/framework/system/Autoloader/Autoloader.php(241): CodeIgniter\Autoloader\Autoloader->includeFile('/home/amandeep/...')
#1 /home/amandeep/public_html/maara/vendor/codeigniter4/framework/system/Autoloader/Autoloader.php(219): CodeIgniter\Autoloader\Autoloader->loadInNamespace('App\\Controllers...')
#2 [internal function]: CodeIgniter\Autoloader\Autoloader->loadClass('App\\Controllers...')
#3 /home/amandeep/public_html/maara/app/Controllers/Home.php(9): spl_autoload_call('App\\Controllers...')
#4 /home/amandeep/public_html/maara/vendor/codeigniter4/framework/system/Autoloader/Autoloader.php(264): include_once('/home/amandeep/...')
#5 /home/amandeep/public_html/maara/vendor/codeigniter4/framework/system/Autoloader/Autoloader.php(241): CodeIgniter\Autoloader\Autoloader->includeFile('/home/amandeep/...')
#6 /home/amandeep/public_html/maara/vendor/codeigniter4/framework/system/Autoloader/Autoloader.php(219): CodeIgniter\Autoloader\Autoloader->loadInNamespace('App\\Controllers...')
#7 [internal function]: CodeIgniter\Autoloader\Autoloader->loadClass('App\\Controllers...')
#8 [internal function]: spl_autoload_call('App\\Controllers...')
#9 /home/amandeep/public_html/maara/vendor/codeigniter4/framework/system/CodeIgniter.php(797): class_exists('\\App\\Controller...', true)
#10 /home/amandeep/public_html/maara/vendor/codeigniter4/framework/system/CodeIgniter.php(406): CodeIgniter\CodeIgniter->startController()
#11 /home/amandeep/public_html/maara/vendor/codeigniter4/framework/system/CodeIgniter.php(326): CodeIgniter\CodeIgniter->handleRequest(NULL, Object(Config\Cache), false)
#12 /home/amandeep/public_html/maara/index.php(43): CodeIgniter\CodeIgniter->run()
#13 {main}
CRITICAL - 2022-06-28 01:15:01 --> include(./vendor/behat/transliterator/src/Behat/transliterator/Transliterator.php): failed to open stream: No such file or directory
#0 /home/amandeep/public_html/maara/app/Controllers/BaseController.php(18): CodeIgniter\Debug\Exceptions->errorHandler(2, 'include(./vendo...', '/home/amandeep/...', 18, Array)
#1 /home/amandeep/public_html/maara/app/Controllers/BaseController.php(18): include()
#2 /home/amandeep/public_html/maara/vendor/codeigniter4/framework/system/Autoloader/Autoloader.php(264): include_once('/home/amandeep/...')
#3 /home/amandeep/public_html/maara/vendor/codeigniter4/framework/system/Autoloader/Autoloader.php(241): CodeIgniter\Autoloader\Autoloader->includeFile('/home/amandeep/...')
#4 /home/amandeep/public_html/maara/vendor/codeigniter4/framework/system/Autoloader/Autoloader.php(219): CodeIgniter\Autoloader\Autoloader->loadInNamespace('App\\Controllers...')
#5 [internal function]: CodeIgniter\Autoloader\Autoloader->loadClass('App\\Controllers...')
#6 /home/amandeep/public_html/maara/app/Controllers/Home.php(9): spl_autoload_call('App\\Controllers...')
#7 /home/amandeep/public_html/maara/vendor/codeigniter4/framework/system/Router/Router.php(518): include_once('/home/amandeep/...')
#8 /home/amandeep/public_html/maara/vendor/codeigniter4/framework/system/Router/Router.php(175): CodeIgniter\Router\Router->autoRoute('home/testt')
#9 /home/amandeep/public_html/maara/vendor/codeigniter4/framework/system/CodeIgniter.php(726): CodeIgniter\Router\Router->handle('home/testt')
#10 /home/amandeep/public_html/maara/vendor/codeigniter4/framework/system/CodeIgniter.php(368): CodeIgniter\CodeIgniter->tryToRouteIt(Object(CodeIgniter\Router\RouteCollection))
#11 /home/amandeep/public_html/maara/vendor/codeigniter4/framework/system/CodeIgniter.php(326): CodeIgniter\CodeIgniter->handleRequest(NULL, Object(Config\Cache), false)
#12 /home/amandeep/public_html/maara/index.php(43): CodeIgniter\CodeIgniter->run()
#13 {main}
CRITICAL - 2022-06-28 23:41:28 --> Invalid argument supplied for foreach()
#0 /home/amandeep/public_html/maara/app/Views/admin/orderManagement.php(38): CodeIgniter\Debug\Exceptions->errorHandler(2, 'Invalid argumen...', '/home/amandeep/...', 38, Array)
#1 /home/amandeep/public_html/maara/vendor/codeigniter4/framework/system/View/View.php(210): include('/home/amandeep/...')
#2 /home/amandeep/public_html/maara/vendor/codeigniter4/framework/system/View/View.php(213): CodeIgniter\View\View->CodeIgniter\View\{closure}()
#3 /home/amandeep/public_html/maara/vendor/codeigniter4/framework/system/Common.php(1089): CodeIgniter\View\View->render('admin/orderMana...', Array, true)
#4 /home/amandeep/public_html/maara/app/Controllers/BaseController.php(529): view('admin/orderMana...', Array)
#5 /home/amandeep/public_html/maara/app/Controllers/Dashboard.php(662): App\Controllers\BaseController->loadViews('orderManagement', Array)
#6 /home/amandeep/public_html/maara/vendor/codeigniter4/framework/system/CodeIgniter.php(832): App\Controllers\Dashboard->orderManagement()
#7 /home/amandeep/public_html/maara/vendor/codeigniter4/framework/system/CodeIgniter.php(419): CodeIgniter\CodeIgniter->runController(Object(App\Controllers\Dashboard))
#8 /home/amandeep/public_html/maara/vendor/codeigniter4/framework/system/CodeIgniter.php(326): CodeIgniter\CodeIgniter->handleRequest(NULL, Object(Config\Cache), false)
#9 /home/amandeep/public_html/maara/index.php(43): CodeIgniter\CodeIgniter->run()
#10 {main}
ERROR - 2022-06-28 23:43:38 --> Unknown column 'id' in 'order clause'
CRITICAL - 2022-06-28 23:43:38 --> Call to a member function getResult() on bool
#0 /home/amandeep/public_html/maara/vendor/codeigniter4/framework/system/BaseModel.php(584): CodeIgniter\Model->doFindAll(0, 0)
#1 /home/amandeep/public_html/maara/app/Controllers/Dashboard.php(654): CodeIgniter\BaseModel->findAll()
#2 /home/amandeep/public_html/maara/vendor/codeigniter4/framework/system/CodeIgniter.php(832): App\Controllers\Dashboard->orderManagement()
#3 /home/amandeep/public_html/maara/vendor/codeigniter4/framework/system/CodeIgniter.php(419): CodeIgniter\CodeIgniter->runController(Object(App\Controllers\Dashboard))
#4 /home/amandeep/public_html/maara/vendor/codeigniter4/framework/system/CodeIgniter.php(326): CodeIgniter\CodeIgniter->handleRequest(NULL, Object(Config\Cache), false)
#5 /home/amandeep/public_html/maara/index.php(43): CodeIgniter\CodeIgniter->run()
#6 {main}
CRITICAL - 2022-06-28 23:44:08 --> Invalid argument supplied for foreach()
#0 /home/amandeep/public_html/maara/app/Views/admin/orderManagement.php(131): CodeIgniter\Debug\Exceptions->errorHandler(2, 'Invalid argumen...', '/home/amandeep/...', 131, Array)
#1 /home/amandeep/public_html/maara/vendor/codeigniter4/framework/system/View/View.php(210): include('/home/amandeep/...')
#2 /home/amandeep/public_html/maara/vendor/codeigniter4/framework/system/View/View.php(213): CodeIgniter\View\View->CodeIgniter\View\{closure}()
#3 /home/amandeep/public_html/maara/vendor/codeigniter4/framework/system/Common.php(1089): CodeIgniter\View\View->render('admin/orderMana...', Array, true)
#4 /home/amandeep/public_html/maara/app/Controllers/BaseController.php(529): view('admin/orderMana...', Array)
#5 /home/amandeep/public_html/maara/app/Controllers/Dashboard.php(662): App\Controllers\BaseController->loadViews('orderManagement', Array)
#6 /home/amandeep/public_html/maara/vendor/codeigniter4/framework/system/CodeIgniter.php(832): App\Controllers\Dashboard->orderManagement()
#7 /home/amandeep/public_html/maara/vendor/codeigniter4/framework/system/CodeIgniter.php(419): CodeIgniter\CodeIgniter->runController(Object(App\Controllers\Dashboard))
#8 /home/amandeep/public_html/maara/vendor/codeigniter4/framework/system/CodeIgniter.php(326): CodeIgniter\CodeIgniter->handleRequest(NULL, Object(Config\Cache), false)
#9 /home/amandeep/public_html/maara/index.php(43): CodeIgniter\CodeIgniter->run()
#10 {main}
CRITICAL - 2022-06-28 23:44:20 --> Invalid argument supplied for foreach()
#0 /home/amandeep/public_html/maara/app/Views/admin/orderManagement.php(131): CodeIgniter\Debug\Exceptions->errorHandler(2, 'Invalid argumen...', '/home/amandeep/...', 131, Array)
#1 /home/amandeep/public_html/maara/vendor/codeigniter4/framework/system/View/View.php(210): include('/home/amandeep/...')
#2 /home/amandeep/public_html/maara/vendor/codeigniter4/framework/system/View/View.php(213): CodeIgniter\View\View->CodeIgniter\View\{closure}()
#3 /home/amandeep/public_html/maara/vendor/codeigniter4/framework/system/Common.php(1089): CodeIgniter\View\View->render('admin/orderMana...', Array, true)
#4 /home/amandeep/public_html/maara/app/Controllers/BaseController.php(529): view('admin/orderMana...', Array)
#5 /home/amandeep/public_html/maara/app/Controllers/Dashboard.php(662): App\Controllers\BaseController->loadViews('orderManagement', Array)
#6 /home/amandeep/public_html/maara/vendor/codeigniter4/framework/system/CodeIgniter.php(832): App\Controllers\Dashboard->orderManagement()
#7 /home/amandeep/public_html/maara/vendor/codeigniter4/framework/system/CodeIgniter.php(419): CodeIgniter\CodeIgniter->runController(Object(App\Controllers\Dashboard))
#8 /home/amandeep/public_html/maara/vendor/codeigniter4/framework/system/CodeIgniter.php(326): CodeIgniter\CodeIgniter->handleRequest(NULL, Object(Config\Cache), false)
#9 /home/amandeep/public_html/maara/index.php(43): CodeIgniter\CodeIgniter->run()
#10 {main}
CRITICAL - 2022-06-28 23:49:22 --> Invalid argument supplied for foreach()
#0 /home/amandeep/public_html/maara/app/Views/admin/orderManagement.php(64): CodeIgniter\Debug\Exceptions->errorHandler(2, 'Invalid argumen...', '/home/amandeep/...', 64, Array)
#1 /home/amandeep/public_html/maara/vendor/codeigniter4/framework/system/View/View.php(210): include('/home/amandeep/...')
#2 /home/amandeep/public_html/maara/vendor/codeigniter4/framework/system/View/View.php(213): CodeIgniter\View\View->CodeIgniter\View\{closure}()
#3 /home/amandeep/public_html/maara/vendor/codeigniter4/framework/system/Common.php(1089): CodeIgniter\View\View->render('admin/orderMana...', Array, true)
#4 /home/amandeep/public_html/maara/app/Controllers/BaseController.php(529): view('admin/orderMana...', Array)
#5 /home/amandeep/public_html/maara/app/Controllers/Dashboard.php(662): App\Controllers\BaseController->loadViews('orderManagement', Array)
#6 /home/amandeep/public_html/maara/vendor/codeigniter4/framework/system/CodeIgniter.php(832): App\Controllers\Dashboard->orderManagement()
#7 /home/amandeep/public_html/maara/vendor/codeigniter4/framework/system/CodeIgniter.php(419): CodeIgniter\CodeIgniter->runController(Object(App\Controllers\Dashboard))
#8 /home/amandeep/public_html/maara/vendor/codeigniter4/framework/system/CodeIgniter.php(326): CodeIgniter\CodeIgniter->handleRequest(NULL, Object(Config\Cache), false)
#9 /home/amandeep/public_html/maara/index.php(43): CodeIgniter\CodeIgniter->run()
#10 {main}
