CRITICAL - 2022-05-27 00:02:47 --> Invalid argument supplied for foreach()
#0 /home/amandeep/public_html/maara/app/Views/admin/addProduct.php(36): CodeIgniter\Debug\Exceptions->errorHandler(2, 'Invalid argumen...', '/home/amandeep/...', 36, Array)
#1 /home/amandeep/public_html/maara/vendor/codeigniter4/framework/system/View/View.php(210): include('/home/amandeep/...')
#2 /home/amandeep/public_html/maara/vendor/codeigniter4/framework/system/View/View.php(213): CodeIgniter\View\View->CodeIgniter\View\{closure}()
#3 /home/amandeep/public_html/maara/vendor/codeigniter4/framework/system/Common.php(1089): CodeIgniter\View\View->render('admin/addProduc...', Array, true)
#4 /home/amandeep/public_html/maara/app/Controllers/BaseController.php(485): view('admin/addProduc...', Array)
#5 /home/amandeep/public_html/maara/app/Controllers/Dashboard.php(164): App\Controllers\BaseController->loadViews('addProduct', Array)
#6 /home/amandeep/public_html/maara/vendor/codeigniter4/framework/system/CodeIgniter.php(832): App\Controllers\Dashboard->addProduct()
#7 /home/amandeep/public_html/maara/vendor/codeigniter4/framework/system/CodeIgniter.php(419): CodeIgniter\CodeIgniter->runController(Object(App\Controllers\Dashboard))
#8 /home/amandeep/public_html/maara/vendor/codeigniter4/framework/system/CodeIgniter.php(326): CodeIgniter\CodeIgniter->handleRequest(NULL, Object(Config\Cache), false)
#9 /home/amandeep/public_html/maara/index.php(43): CodeIgniter\CodeIgniter->run()
#10 {main}
CRITICAL - 2022-05-27 00:04:24 --> Invalid argument supplied for foreach()
#0 /home/amandeep/public_html/maara/app/Views/admin/addProduct.php(36): CodeIgniter\Debug\Exceptions->errorHandler(2, 'Invalid argumen...', '/home/amandeep/...', 36, Array)
#1 /home/amandeep/public_html/maara/vendor/codeigniter4/framework/system/View/View.php(210): include('/home/amandeep/...')
#2 /home/amandeep/public_html/maara/vendor/codeigniter4/framework/system/View/View.php(213): CodeIgniter\View\View->CodeIgniter\View\{closure}()
#3 /home/amandeep/public_html/maara/vendor/codeigniter4/framework/system/Common.php(1089): CodeIgniter\View\View->render('admin/addProduc...', Array, true)
#4 /home/amandeep/public_html/maara/app/Controllers/BaseController.php(485): view('admin/addProduc...', Array)
#5 /home/amandeep/public_html/maara/app/Controllers/Dashboard.php(164): App\Controllers\BaseController->loadViews('addProduct', Array)
#6 /home/amandeep/public_html/maara/vendor/codeigniter4/framework/system/CodeIgniter.php(832): App\Controllers\Dashboard->addProduct()
#7 /home/amandeep/public_html/maara/vendor/codeigniter4/framework/system/CodeIgniter.php(419): CodeIgniter\CodeIgniter->runController(Object(App\Controllers\Dashboard))
#8 /home/amandeep/public_html/maara/vendor/codeigniter4/framework/system/CodeIgniter.php(326): CodeIgniter\CodeIgniter->handleRequest(NULL, Object(Config\Cache), false)
#9 /home/amandeep/public_html/maara/index.php(43): CodeIgniter\CodeIgniter->run()
#10 {main}
CRITICAL - 2022-05-27 00:04:26 --> Invalid argument supplied for foreach()
#0 /home/amandeep/public_html/maara/app/Views/admin/addProduct.php(36): CodeIgniter\Debug\Exceptions->errorHandler(2, 'Invalid argumen...', '/home/amandeep/...', 36, Array)
#1 /home/amandeep/public_html/maara/vendor/codeigniter4/framework/system/View/View.php(210): include('/home/amandeep/...')
#2 /home/amandeep/public_html/maara/vendor/codeigniter4/framework/system/View/View.php(213): CodeIgniter\View\View->CodeIgniter\View\{closure}()
#3 /home/amandeep/public_html/maara/vendor/codeigniter4/framework/system/Common.php(1089): CodeIgniter\View\View->render('admin/addProduc...', Array, true)
#4 /home/amandeep/public_html/maara/app/Controllers/BaseController.php(485): view('admin/addProduc...', Array)
#5 /home/amandeep/public_html/maara/app/Controllers/Dashboard.php(164): App\Controllers\BaseController->loadViews('addProduct', Array)
#6 /home/amandeep/public_html/maara/vendor/codeigniter4/framework/system/CodeIgniter.php(832): App\Controllers\Dashboard->addProduct()
#7 /home/amandeep/public_html/maara/vendor/codeigniter4/framework/system/CodeIgniter.php(419): CodeIgniter\CodeIgniter->runController(Object(App\Controllers\Dashboard))
#8 /home/amandeep/public_html/maara/vendor/codeigniter4/framework/system/CodeIgniter.php(326): CodeIgniter\CodeIgniter->handleRequest(NULL, Object(Config\Cache), false)
#9 /home/amandeep/public_html/maara/index.php(43): CodeIgniter\CodeIgniter->run()
#10 {main}
ERROR - 2022-05-27 00:12:17 --> Cannot add or update a child row: a foreign key constraint fails (`amandeep_maaraDB`.`tbl_productColorImages`, CONSTRAINT `tbl_productColorImages_colorID_foreign` FOREIGN KEY (`colorID`) REFERENCES `tbl_colors` (`id`) ON DELETE CASCADE ON UPDATE CASCADE)
CRITICAL - 2022-05-27 00:12:17 --> Call to undefined method CodeIgniter\Session\Session::set_flashdata()
#0 /home/amandeep/public_html/maara/app/Controllers/Dashboard.php(227): App\Controllers\Dashboard->addColorImages(NULL)
#1 /home/amandeep/public_html/maara/vendor/codeigniter4/framework/system/CodeIgniter.php(832): App\Controllers\Dashboard->insertProduct()
#2 /home/amandeep/public_html/maara/vendor/codeigniter4/framework/system/CodeIgniter.php(419): CodeIgniter\CodeIgniter->runController(Object(App\Controllers\Dashboard))
#3 /home/amandeep/public_html/maara/vendor/codeigniter4/framework/system/CodeIgniter.php(326): CodeIgniter\CodeIgniter->handleRequest(NULL, Object(Config\Cache), false)
#4 /home/amandeep/public_html/maara/index.php(43): CodeIgniter\CodeIgniter->run()
#5 {main}
ERROR - 2022-05-27 00:21:52 --> Cannot add or update a child row: a foreign key constraint fails (`amandeep_maaraDB`.`tbl_productColorImages`, CONSTRAINT `tbl_productColorImages_colorID_foreign` FOREIGN KEY (`colorID`) REFERENCES `tbl_colors` (`id`) ON DELETE CASCADE ON UPDATE CASCADE)
CRITICAL - 2022-05-27 00:21:52 --> Call to undefined method CodeIgniter\Session\Session::set_flashdata()
#0 /home/amandeep/public_html/maara/app/Controllers/Dashboard.php(227): App\Controllers\Dashboard->addColorImages(6)
#1 /home/amandeep/public_html/maara/vendor/codeigniter4/framework/system/CodeIgniter.php(832): App\Controllers\Dashboard->insertProduct()
#2 /home/amandeep/public_html/maara/vendor/codeigniter4/framework/system/CodeIgniter.php(419): CodeIgniter\CodeIgniter->runController(Object(App\Controllers\Dashboard))
#3 /home/amandeep/public_html/maara/vendor/codeigniter4/framework/system/CodeIgniter.php(326): CodeIgniter\CodeIgniter->handleRequest(NULL, Object(Config\Cache), false)
#4 /home/amandeep/public_html/maara/index.php(43): CodeIgniter\CodeIgniter->run()
#5 {main}
ERROR - 2022-05-27 00:22:12 --> Cannot add or update a child row: a foreign key constraint fails (`amandeep_maaraDB`.`tbl_productColorImages`, CONSTRAINT `tbl_productColorImages_colorID_foreign` FOREIGN KEY (`colorID`) REFERENCES `tbl_colors` (`id`) ON DELETE CASCADE ON UPDATE CASCADE)
CRITICAL - 2022-05-27 00:22:12 --> Call to undefined method CodeIgniter\Session\Session::set_flashdata()
#0 /home/amandeep/public_html/maara/app/Controllers/Dashboard.php(227): App\Controllers\Dashboard->addColorImages(7)
#1 /home/amandeep/public_html/maara/vendor/codeigniter4/framework/system/CodeIgniter.php(832): App\Controllers\Dashboard->insertProduct()
#2 /home/amandeep/public_html/maara/vendor/codeigniter4/framework/system/CodeIgniter.php(419): CodeIgniter\CodeIgniter->runController(Object(App\Controllers\Dashboard))
#3 /home/amandeep/public_html/maara/vendor/codeigniter4/framework/system/CodeIgniter.php(326): CodeIgniter\CodeIgniter->handleRequest(NULL, Object(Config\Cache), false)
#4 /home/amandeep/public_html/maara/index.php(43): CodeIgniter\CodeIgniter->run()
#5 {main}
ERROR - 2022-05-27 00:23:21 --> Cannot add or update a child row: a foreign key constraint fails (`amandeep_maaraDB`.`tbl_productColorImages`, CONSTRAINT `tbl_productColorImages_colorID_foreign` FOREIGN KEY (`colorID`) REFERENCES `tbl_colors` (`id`) ON DELETE CASCADE ON UPDATE CASCADE)
CRITICAL - 2022-05-27 00:23:22 --> implode(): Invalid arguments passed
#0 [internal function]: CodeIgniter\Debug\Exceptions->errorHandler(2, 'implode(): Inva...', '/home/amandeep/...', 525, Array)
#1 /home/amandeep/public_html/maara/app/Controllers/BaseController.php(525): implode('<br>', 'Something went ...')
#2 /home/amandeep/public_html/maara/app/Controllers/Dashboard.php(105): App\Controllers\BaseController->SessionMessageForSuccessAndError('productSuccess', 'productError')
#3 /home/amandeep/public_html/maara/vendor/codeigniter4/framework/system/CodeIgniter.php(832): App\Controllers\Dashboard->productsManagement()
#4 /home/amandeep/public_html/maara/vendor/codeigniter4/framework/system/CodeIgniter.php(419): CodeIgniter\CodeIgniter->runController(Object(App\Controllers\Dashboard))
#5 /home/amandeep/public_html/maara/vendor/codeigniter4/framework/system/CodeIgniter.php(326): CodeIgniter\CodeIgniter->handleRequest(NULL, Object(Config\Cache), false)
#6 /home/amandeep/public_html/maara/index.php(43): CodeIgniter\CodeIgniter->run()
#7 {main}
ERROR - 2022-05-27 00:24:21 --> Cannot add or update a child row: a foreign key constraint fails (`amandeep_maaraDB`.`tbl_productColorImages`, CONSTRAINT `tbl_productColorImages_colorID_foreign` FOREIGN KEY (`colorID`) REFERENCES `tbl_colors` (`id`) ON DELETE CASCADE ON UPDATE CASCADE)
ERROR - 2022-05-27 00:34:48 --> SELECT command denied to user 'amandeep_maaraUser'@'localhost' for table 'image'
CRITICAL - 2022-05-27 00:34:48 --> Call to a member function getResultArray() on bool
#0 /home/amandeep/public_html/maara/app/Controllers/Dashboard.php(102): Config\Services::getProducts()
#1 /home/amandeep/public_html/maara/vendor/codeigniter4/framework/system/CodeIgniter.php(832): App\Controllers\Dashboard->productsManagement()
#2 /home/amandeep/public_html/maara/vendor/codeigniter4/framework/system/CodeIgniter.php(419): CodeIgniter\CodeIgniter->runController(Object(App\Controllers\Dashboard))
#3 /home/amandeep/public_html/maara/vendor/codeigniter4/framework/system/CodeIgniter.php(326): CodeIgniter\CodeIgniter->handleRequest(NULL, Object(Config\Cache), false)
#4 /home/amandeep/public_html/maara/index.php(43): CodeIgniter\CodeIgniter->run()
#5 {main}
ERROR - 2022-05-27 04:42:03 --> Table 'amandeep_maaraDB.tbl_images' doesn't exist
CRITICAL - 2022-05-27 04:42:03 --> Call to a member function getResultArray() on bool
#0 /home/amandeep/public_html/maara/app/Controllers/Dashboard.php(346): Config\Services::getProductImages('9')
#1 /home/amandeep/public_html/maara/vendor/codeigniter4/framework/system/CodeIgniter.php(832): App\Controllers\Dashboard->productsDetail('OQ==')
#2 /home/amandeep/public_html/maara/vendor/codeigniter4/framework/system/CodeIgniter.php(419): CodeIgniter\CodeIgniter->runController(Object(App\Controllers\Dashboard))
#3 /home/amandeep/public_html/maara/vendor/codeigniter4/framework/system/CodeIgniter.php(326): CodeIgniter\CodeIgniter->handleRequest(NULL, Object(Config\Cache), false)
#4 /home/amandeep/public_html/maara/index.php(43): CodeIgniter\CodeIgniter->run()
#5 {main}
ERROR - 2022-05-27 04:45:17 --> Table 'amandeep_maaraDB.tbl_images' doesn't exist
CRITICAL - 2022-05-27 04:45:17 --> Call to a member function getResultArray() on bool
#0 /home/amandeep/public_html/maara/app/Controllers/Dashboard.php(346): Config\Services::getProductImages('9')
#1 /home/amandeep/public_html/maara/vendor/codeigniter4/framework/system/CodeIgniter.php(832): App\Controllers\Dashboard->productsDetail('OQ==')
#2 /home/amandeep/public_html/maara/vendor/codeigniter4/framework/system/CodeIgniter.php(419): CodeIgniter\CodeIgniter->runController(Object(App\Controllers\Dashboard))
#3 /home/amandeep/public_html/maara/vendor/codeigniter4/framework/system/CodeIgniter.php(326): CodeIgniter\CodeIgniter->handleRequest(NULL, Object(Config\Cache), false)
#4 /home/amandeep/public_html/maara/index.php(43): CodeIgniter\CodeIgniter->run()
#5 {main}
ERROR - 2022-05-27 04:45:19 --> Table 'amandeep_maaraDB.tbl_images' doesn't exist
CRITICAL - 2022-05-27 04:45:19 --> Call to a member function getResultArray() on bool
#0 /home/amandeep/public_html/maara/app/Controllers/Dashboard.php(346): Config\Services::getProductImages('9')
#1 /home/amandeep/public_html/maara/vendor/codeigniter4/framework/system/CodeIgniter.php(832): App\Controllers\Dashboard->productsDetail('OQ==')
#2 /home/amandeep/public_html/maara/vendor/codeigniter4/framework/system/CodeIgniter.php(419): CodeIgniter\CodeIgniter->runController(Object(App\Controllers\Dashboard))
#3 /home/amandeep/public_html/maara/vendor/codeigniter4/framework/system/CodeIgniter.php(326): CodeIgniter\CodeIgniter->handleRequest(NULL, Object(Config\Cache), false)
#4 /home/amandeep/public_html/maara/index.php(43): CodeIgniter\CodeIgniter->run()
#5 {main}
ERROR - 2022-05-27 04:45:45 --> Table 'amandeep_maaraDB.tbl_images' doesn't exist
CRITICAL - 2022-05-27 04:45:45 --> Call to undefined method CodeIgniter\Database\MySQLi\Builder::getLastQuery()
#0 /home/amandeep/public_html/maara/app/Controllers/Dashboard.php(346): Config\Services::getProductImages('9')
#1 /home/amandeep/public_html/maara/vendor/codeigniter4/framework/system/CodeIgniter.php(832): App\Controllers\Dashboard->productsDetail('OQ==')
#2 /home/amandeep/public_html/maara/vendor/codeigniter4/framework/system/CodeIgniter.php(419): CodeIgniter\CodeIgniter->runController(Object(App\Controllers\Dashboard))
#3 /home/amandeep/public_html/maara/vendor/codeigniter4/framework/system/CodeIgniter.php(326): CodeIgniter\CodeIgniter->handleRequest(NULL, Object(Config\Cache), false)
#4 /home/amandeep/public_html/maara/index.php(43): CodeIgniter\CodeIgniter->run()
#5 {main}
ERROR - 2022-05-27 04:45:57 --> Table 'amandeep_maaraDB.tbl_images' doesn't exist
CRITICAL - 2022-05-27 04:45:57 --> Invalid argument supplied for foreach()
#0 /home/amandeep/public_html/maara/app/Views/admin/productDetail.php(21): CodeIgniter\Debug\Exceptions->errorHandler(2, 'Invalid argumen...', '/home/amandeep/...', 21, Array)
#1 /home/amandeep/public_html/maara/vendor/codeigniter4/framework/system/View/View.php(210): include('/home/amandeep/...')
#2 /home/amandeep/public_html/maara/vendor/codeigniter4/framework/system/View/View.php(213): CodeIgniter\View\View->CodeIgniter\View\{closure}()
#3 /home/amandeep/public_html/maara/vendor/codeigniter4/framework/system/Common.php(1089): CodeIgniter\View\View->render('admin/productDe...', Array, true)
#4 /home/amandeep/public_html/maara/app/Controllers/BaseController.php(485): view('admin/productDe...', Array)
#5 /home/amandeep/public_html/maara/app/Controllers/Dashboard.php(355): App\Controllers\BaseController->loadViews('productDetail', Array)
#6 /home/amandeep/public_html/maara/vendor/codeigniter4/framework/system/CodeIgniter.php(832): App\Controllers\Dashboard->productsDetail('OQ==')
#7 /home/amandeep/public_html/maara/vendor/codeigniter4/framework/system/CodeIgniter.php(419): CodeIgniter\CodeIgniter->runController(Object(App\Controllers\Dashboard))
#8 /home/amandeep/public_html/maara/vendor/codeigniter4/framework/system/CodeIgniter.php(326): CodeIgniter\CodeIgniter->handleRequest(NULL, Object(Config\Cache), false)
#9 /home/amandeep/public_html/maara/index.php(43): CodeIgniter\CodeIgniter->run()
#10 {main}
CRITICAL - 2022-05-27 05:22:42 --> Call to a member function findAll() on null
#0 /home/amandeep/public_html/maara/vendor/codeigniter4/framework/system/CodeIgniter.php(832): App\Controllers\Dashboard->updateProduct('OQ==')
#1 /home/amandeep/public_html/maara/vendor/codeigniter4/framework/system/CodeIgniter.php(419): CodeIgniter\CodeIgniter->runController(Object(App\Controllers\Dashboard))
#2 /home/amandeep/public_html/maara/vendor/codeigniter4/framework/system/CodeIgniter.php(326): CodeIgniter\CodeIgniter->handleRequest(NULL, Object(Config\Cache), false)
#3 /home/amandeep/public_html/maara/index.php(43): CodeIgniter\CodeIgniter->run()
#4 {main}
CRITICAL - 2022-05-27 05:23:21 --> Call to a member function findAll() on null
#0 /home/amandeep/public_html/maara/vendor/codeigniter4/framework/system/CodeIgniter.php(832): App\Controllers\Dashboard->updateProduct('OQ==')
#1 /home/amandeep/public_html/maara/vendor/codeigniter4/framework/system/CodeIgniter.php(419): CodeIgniter\CodeIgniter->runController(Object(App\Controllers\Dashboard))
#2 /home/amandeep/public_html/maara/vendor/codeigniter4/framework/system/CodeIgniter.php(326): CodeIgniter\CodeIgniter->handleRequest(NULL, Object(Config\Cache), false)
#3 /home/amandeep/public_html/maara/index.php(43): CodeIgniter\CodeIgniter->run()
#4 {main}
