ERROR - 2022-06-26 04:53:59 --> Unknown column 'CASE WHEN 0 != 0 THEN `p.blurImage` ELSE `p.image` END' in 'field list'
CRITICAL - 2022-06-26 04:53:59 --> Call to a member function getRowArray() on bool
#0 /home/amandeep/public_html/maara/app/Controllers/User.php(706): Config\Services::userPlatformDetail(145, 'public', '81')
#1 /home/amandeep/public_html/maara/vendor/codeigniter4/framework/system/CodeIgniter.php(832): App\Controllers\User->addPlatforms()
#2 /home/amandeep/public_html/maara/vendor/codeigniter4/framework/system/CodeIgniter.php(419): CodeIgniter\CodeIgniter->runController(Object(App\Controllers\User))
#3 /home/amandeep/public_html/maara/vendor/codeigniter4/framework/system/CodeIgniter.php(326): CodeIgniter\CodeIgniter->handleRequest(NULL, Object(Config\Cache), false)
#4 /home/amandeep/public_html/maara/index.php(43): CodeIgniter\CodeIgniter->run()
#5 {main}
ERROR - 2022-06-26 04:56:16 --> Unknown column 'CASE WHEN 0 != 0 THEN `p.blurImage` ELSE `p.image` END' in 'field list'
CRITICAL - 2022-06-26 04:56:16 --> Call to a member function getRowArray() on bool
#0 /home/amandeep/public_html/maara/app/Controllers/User.php(706): Config\Services::userPlatformDetail(146, 'public', '81')
#1 /home/amandeep/public_html/maara/vendor/codeigniter4/framework/system/CodeIgniter.php(832): App\Controllers\User->addPlatforms()
#2 /home/amandeep/public_html/maara/vendor/codeigniter4/framework/system/CodeIgniter.php(419): CodeIgniter\CodeIgniter->runController(Object(App\Controllers\User))
#3 /home/amandeep/public_html/maara/vendor/codeigniter4/framework/system/CodeIgniter.php(326): CodeIgniter\CodeIgniter->handleRequest(NULL, Object(Config\Cache), false)
#4 /home/amandeep/public_html/maara/index.php(43): CodeIgniter\CodeIgniter->run()
#5 {main}
ERROR - 2022-06-26 04:57:42 --> Unknown column 'CASE WHEN 0 != 0 THEN `p.blurImage` ELSE `p.image` END' in 'field list'
CRITICAL - 2022-06-26 04:57:42 --> Call to a member function getRowArray() on bool
#0 /home/amandeep/public_html/maara/app/Controllers/User.php(706): Config\Services::userPlatformDetail(147, 'public', '81')
#1 /home/amandeep/public_html/maara/vendor/codeigniter4/framework/system/CodeIgniter.php(832): App\Controllers\User->addPlatforms()
#2 /home/amandeep/public_html/maara/vendor/codeigniter4/framework/system/CodeIgniter.php(419): CodeIgniter\CodeIgniter->runController(Object(App\Controllers\User))
#3 /home/amandeep/public_html/maara/vendor/codeigniter4/framework/system/CodeIgniter.php(326): CodeIgniter\CodeIgniter->handleRequest(NULL, Object(Config\Cache), false)
#4 /home/amandeep/public_html/maara/index.php(43): CodeIgniter\CodeIgniter->run()
#5 {main}
ERROR - 2022-06-26 05:01:23 --> Unknown column 'CASE WHEN 0 != 0 THEN `p.blurImage` ELSE `p.image` END' in 'field list'
CRITICAL - 2022-06-26 05:01:23 --> Call to a member function getRowArray() on bool
#0 /home/amandeep/public_html/maara/app/Controllers/User.php(706): Config\Services::userPlatformDetail(148, 'public', '81')
#1 /home/amandeep/public_html/maara/vendor/codeigniter4/framework/system/CodeIgniter.php(832): App\Controllers\User->addPlatforms()
#2 /home/amandeep/public_html/maara/vendor/codeigniter4/framework/system/CodeIgniter.php(419): CodeIgniter\CodeIgniter->runController(Object(App\Controllers\User))
#3 /home/amandeep/public_html/maara/vendor/codeigniter4/framework/system/CodeIgniter.php(326): CodeIgniter\CodeIgniter->handleRequest(NULL, Object(Config\Cache), false)
#4 /home/amandeep/public_html/maara/index.php(43): CodeIgniter\CodeIgniter->run()
#5 {main}
ERROR - 2022-06-26 05:03:25 --> Unknown column 'CASE WHEN 0 != 0 THEN `p.blurImage` ELSE `p.image` END' in 'field list'
CRITICAL - 2022-06-26 05:03:25 --> Call to a member function getRowArray() on bool
#0 /home/amandeep/public_html/maara/app/Controllers/User.php(706): Config\Services::userPlatformDetail(149, 'public', '81')
#1 /home/amandeep/public_html/maara/vendor/codeigniter4/framework/system/CodeIgniter.php(832): App\Controllers\User->addPlatforms()
#2 /home/amandeep/public_html/maara/vendor/codeigniter4/framework/system/CodeIgniter.php(419): CodeIgniter\CodeIgniter->runController(Object(App\Controllers\User))
#3 /home/amandeep/public_html/maara/vendor/codeigniter4/framework/system/CodeIgniter.php(326): CodeIgniter\CodeIgniter->handleRequest(NULL, Object(Config\Cache), false)
#4 /home/amandeep/public_html/maara/index.php(43): CodeIgniter\CodeIgniter->run()
#5 {main}
ERROR - 2022-06-26 22:40:29 --> Unknown column 'CASE WHEN 1 != 0 THEN `p.blurImage` ELSE `p.image` END' in 'field list'
CRITICAL - 2022-06-26 22:40:29 --> Call to a member function getRowArray() on bool
#0 /home/amandeep/public_html/maara/app/Controllers/User.php(706): Config\Services::userPlatformDetail(150, 'public', '61')
#1 /home/amandeep/public_html/maara/vendor/codeigniter4/framework/system/CodeIgniter.php(832): App\Controllers\User->addPlatforms()
#2 /home/amandeep/public_html/maara/vendor/codeigniter4/framework/system/CodeIgniter.php(419): CodeIgniter\CodeIgniter->runController(Object(App\Controllers\User))
#3 /home/amandeep/public_html/maara/vendor/codeigniter4/framework/system/CodeIgniter.php(326): CodeIgniter\CodeIgniter->handleRequest(NULL, Object(Config\Cache), false)
#4 /home/amandeep/public_html/maara/index.php(43): CodeIgniter\CodeIgniter->run()
#5 {main}
ERROR - 2022-06-26 22:41:46 --> Unknown column 'CASE WHEN 1 != 0 THEN `p.blurImage` ELSE `p.image` END' in 'field list'
CRITICAL - 2022-06-26 22:41:46 --> Call to a member function getRowArray() on bool
#0 /home/amandeep/public_html/maara/app/Controllers/User.php(706): Config\Services::userPlatformDetail(151, 'public', '61')
#1 /home/amandeep/public_html/maara/vendor/codeigniter4/framework/system/CodeIgniter.php(832): App\Controllers\User->addPlatforms()
#2 /home/amandeep/public_html/maara/vendor/codeigniter4/framework/system/CodeIgniter.php(419): CodeIgniter\CodeIgniter->runController(Object(App\Controllers\User))
#3 /home/amandeep/public_html/maara/vendor/codeigniter4/framework/system/CodeIgniter.php(326): CodeIgniter\CodeIgniter->handleRequest(NULL, Object(Config\Cache), false)
#4 /home/amandeep/public_html/maara/index.php(43): CodeIgniter\CodeIgniter->run()
#5 {main}
ERROR - 2022-06-26 22:44:17 --> Unknown column 'CASE WHEN 1 != 0 THEN `p.blurImage` ELSE `p.image` END' in 'field list'
CRITICAL - 2022-06-26 22:44:17 --> Call to a member function getRowArray() on bool
#0 /home/amandeep/public_html/maara/app/Controllers/User.php(706): Config\Services::userPlatformDetail(152, 'public', '61')
#1 /home/amandeep/public_html/maara/vendor/codeigniter4/framework/system/CodeIgniter.php(832): App\Controllers\User->addPlatforms()
#2 /home/amandeep/public_html/maara/vendor/codeigniter4/framework/system/CodeIgniter.php(419): CodeIgniter\CodeIgniter->runController(Object(App\Controllers\User))
#3 /home/amandeep/public_html/maara/vendor/codeigniter4/framework/system/CodeIgniter.php(326): CodeIgniter\CodeIgniter->handleRequest(NULL, Object(Config\Cache), false)
#4 /home/amandeep/public_html/maara/index.php(43): CodeIgniter\CodeIgniter->run()
#5 {main}
ERROR - 2022-06-26 22:47:55 --> Unknown column 'CASE WHEN 1 != 0 THEN p.blurImage ELSE p.image END' in 'field list'
CRITICAL - 2022-06-26 22:47:55 --> Call to a member function getRowArray() on bool
#0 /home/amandeep/public_html/maara/app/Controllers/User.php(721): Config\Services::userPlatformDetail(NULL, 'public', '61')
#1 /home/amandeep/public_html/maara/vendor/codeigniter4/framework/system/CodeIgniter.php(832): App\Controllers\User->addPlatforms()
#2 /home/amandeep/public_html/maara/vendor/codeigniter4/framework/system/CodeIgniter.php(419): CodeIgniter\CodeIgniter->runController(Object(App\Controllers\User))
#3 /home/amandeep/public_html/maara/vendor/codeigniter4/framework/system/CodeIgniter.php(326): CodeIgniter\CodeIgniter->handleRequest(NULL, Object(Config\Cache), false)
#4 /home/amandeep/public_html/maara/index.php(43): CodeIgniter\CodeIgniter->run()
#5 {main}
ERROR - 2022-06-26 22:48:12 --> Unknown column 'CASE WHEN 1 != 0 THEN p.blurImage ELSE p.image END' in 'field list'
CRITICAL - 2022-06-26 22:48:12 --> Call to a member function getRowArray() on bool
#0 /home/amandeep/public_html/maara/app/Controllers/User.php(721): Config\Services::userPlatformDetail(NULL, 'public', '61')
#1 /home/amandeep/public_html/maara/vendor/codeigniter4/framework/system/CodeIgniter.php(832): App\Controllers\User->addPlatforms()
#2 /home/amandeep/public_html/maara/vendor/codeigniter4/framework/system/CodeIgniter.php(419): CodeIgniter\CodeIgniter->runController(Object(App\Controllers\User))
#3 /home/amandeep/public_html/maara/vendor/codeigniter4/framework/system/CodeIgniter.php(326): CodeIgniter\CodeIgniter->handleRequest(NULL, Object(Config\Cache), false)
#4 /home/amandeep/public_html/maara/index.php(43): CodeIgniter\CodeIgniter->run()
#5 {main}
ERROR - 2022-06-26 22:48:41 --> Unknown column 'CASE WHEN $isDirectLink != 0 THEN p.blurImage ELSE p.image END' in 'field list'
CRITICAL - 2022-06-26 22:48:41 --> Call to a member function getRowArray() on bool
#0 /home/amandeep/public_html/maara/app/Controllers/User.php(721): Config\Services::userPlatformDetail(NULL, 'public', '61')
#1 /home/amandeep/public_html/maara/vendor/codeigniter4/framework/system/CodeIgniter.php(832): App\Controllers\User->addPlatforms()
#2 /home/amandeep/public_html/maara/vendor/codeigniter4/framework/system/CodeIgniter.php(419): CodeIgniter\CodeIgniter->runController(Object(App\Controllers\User))
#3 /home/amandeep/public_html/maara/vendor/codeigniter4/framework/system/CodeIgniter.php(326): CodeIgniter\CodeIgniter->handleRequest(NULL, Object(Config\Cache), false)
#4 /home/amandeep/public_html/maara/index.php(43): CodeIgniter\CodeIgniter->run()
#5 {main}
ERROR - 2022-06-26 22:51:16 --> You have an error in your SQL syntax; check the manual that corresponds to your MySQL server version for the right syntax to use near '' at line 7
CRITICAL - 2022-06-26 22:51:16 --> Call to a member function getRowArray() on bool
#0 /home/amandeep/public_html/maara/app/Controllers/User.php(721): Config\Services::userPlatformDetail(NULL, 'public', '61')
#1 /home/amandeep/public_html/maara/vendor/codeigniter4/framework/system/CodeIgniter.php(832): App\Controllers\User->addPlatforms()
#2 /home/amandeep/public_html/maara/vendor/codeigniter4/framework/system/CodeIgniter.php(419): CodeIgniter\CodeIgniter->runController(Object(App\Controllers\User))
#3 /home/amandeep/public_html/maara/vendor/codeigniter4/framework/system/CodeIgniter.php(326): CodeIgniter\CodeIgniter->handleRequest(NULL, Object(Config\Cache), false)
#4 /home/amandeep/public_html/maara/index.php(43): CodeIgniter\CodeIgniter->run()
#5 {main}
ERROR - 2022-06-26 22:51:26 --> You have an error in your SQL syntax; check the manual that corresponds to your MySQL server version for the right syntax to use near '' at line 7
CRITICAL - 2022-06-26 22:51:26 --> Call to a member function getRowArray() on bool
#0 /home/amandeep/public_html/maara/app/Controllers/User.php(721): Config\Services::userPlatformDetail(NULL, 'public', '61')
#1 /home/amandeep/public_html/maara/vendor/codeigniter4/framework/system/CodeIgniter.php(832): App\Controllers\User->addPlatforms()
#2 /home/amandeep/public_html/maara/vendor/codeigniter4/framework/system/CodeIgniter.php(419): CodeIgniter\CodeIgniter->runController(Object(App\Controllers\User))
#3 /home/amandeep/public_html/maara/vendor/codeigniter4/framework/system/CodeIgniter.php(326): CodeIgniter\CodeIgniter->handleRequest(NULL, Object(Config\Cache), false)
#4 /home/amandeep/public_html/maara/index.php(43): CodeIgniter\CodeIgniter->run()
#5 {main}
ERROR - 2022-06-26 22:51:56 --> You have an error in your SQL syntax; check the manual that corresponds to your MySQL server version for the right syntax to use near '153' at line 7
CRITICAL - 2022-06-26 22:51:56 --> Call to a member function getRowArray() on bool
#0 /home/amandeep/public_html/maara/app/Controllers/User.php(706): Config\Services::userPlatformDetail(153, 'public', '61')
#1 /home/amandeep/public_html/maara/vendor/codeigniter4/framework/system/CodeIgniter.php(832): App\Controllers\User->addPlatforms()
#2 /home/amandeep/public_html/maara/vendor/codeigniter4/framework/system/CodeIgniter.php(419): CodeIgniter\CodeIgniter->runController(Object(App\Controllers\User))
#3 /home/amandeep/public_html/maara/vendor/codeigniter4/framework/system/CodeIgniter.php(326): CodeIgniter\CodeIgniter->handleRequest(NULL, Object(Config\Cache), false)
#4 /home/amandeep/public_html/maara/index.php(43): CodeIgniter\CodeIgniter->run()
#5 {main}
ERROR - 2022-06-26 22:52:29 --> You have an error in your SQL syntax; check the manual that corresponds to your MySQL server version for the right syntax to use near '' at line 7
CRITICAL - 2022-06-26 22:52:29 --> Call to a member function getRowArray() on bool
#0 /home/amandeep/public_html/maara/app/Controllers/User.php(721): Config\Services::userPlatformDetail(NULL, 'public', '61')
#1 /home/amandeep/public_html/maara/vendor/codeigniter4/framework/system/CodeIgniter.php(832): App\Controllers\User->addPlatforms()
#2 /home/amandeep/public_html/maara/vendor/codeigniter4/framework/system/CodeIgniter.php(419): CodeIgniter\CodeIgniter->runController(Object(App\Controllers\User))
#3 /home/amandeep/public_html/maara/vendor/codeigniter4/framework/system/CodeIgniter.php(326): CodeIgniter\CodeIgniter->handleRequest(NULL, Object(Config\Cache), false)
#4 /home/amandeep/public_html/maara/index.php(43): CodeIgniter\CodeIgniter->run()
#5 {main}
CRITICAL - 2022-06-26 23:18:17 --> Invalid argument supplied for foreach()
#0 /home/amandeep/public_html/maara/app/Views/userProfile.php(372): CodeIgniter\Debug\Exceptions->errorHandler(2, 'Invalid argumen...', '/home/amandeep/...', 372, Array)
#1 /home/amandeep/public_html/maara/vendor/codeigniter4/framework/system/View/View.php(210): include('/home/amandeep/...')
#2 /home/amandeep/public_html/maara/vendor/codeigniter4/framework/system/View/View.php(213): CodeIgniter\View\View->CodeIgniter\View\{closure}()
#3 /home/amandeep/public_html/maara/vendor/codeigniter4/framework/system/Common.php(1089): CodeIgniter\View\View->render('userProfile', Array, true)
#4 /home/amandeep/public_html/maara/app/Controllers/Home.php(1291): view('userProfile', Array)
#5 /home/amandeep/public_html/maara/vendor/codeigniter4/framework/system/CodeIgniter.php(832): App\Controllers\Home->getUserProfileForWeb('url("https:', 'fonts.googleapi...', 'css2')
#6 /home/amandeep/public_html/maara/vendor/codeigniter4/framework/system/CodeIgniter.php(419): CodeIgniter\CodeIgniter->runController(Object(App\Controllers\Home))
#7 /home/amandeep/public_html/maara/vendor/codeigniter4/framework/system/CodeIgniter.php(326): CodeIgniter\CodeIgniter->handleRequest(NULL, Object(Config\Cache), false)
#8 /home/amandeep/public_html/maara/index.php(43): CodeIgniter\CodeIgniter->run()
#9 {main}
CRITICAL - 2022-06-26 23:18:17 --> Invalid argument supplied for foreach()
#0 /home/amandeep/public_html/maara/app/Views/userProfile.php(372): CodeIgniter\Debug\Exceptions->errorHandler(2, 'Invalid argumen...', '/home/amandeep/...', 372, Array)
#1 /home/amandeep/public_html/maara/vendor/codeigniter4/framework/system/View/View.php(210): include('/home/amandeep/...')
#2 /home/amandeep/public_html/maara/vendor/codeigniter4/framework/system/View/View.php(213): CodeIgniter\View\View->CodeIgniter\View\{closure}()
#3 /home/amandeep/public_html/maara/vendor/codeigniter4/framework/system/Common.php(1089): CodeIgniter\View\View->render('userProfile', Array, true)
#4 /home/amandeep/public_html/maara/app/Controllers/Home.php(1291): view('userProfile', Array)
#5 /home/amandeep/public_html/maara/vendor/codeigniter4/framework/system/CodeIgniter.php(832): App\Controllers\Home->getUserProfileForWeb('images', 'profile_img.jpg')
#6 /home/amandeep/public_html/maara/vendor/codeigniter4/framework/system/CodeIgniter.php(419): CodeIgniter\CodeIgniter->runController(Object(App\Controllers\Home))
#7 /home/amandeep/public_html/maara/vendor/codeigniter4/framework/system/CodeIgniter.php(326): CodeIgniter\CodeIgniter->handleRequest(NULL, Object(Config\Cache), false)
#8 /home/amandeep/public_html/maara/index.php(43): CodeIgniter\CodeIgniter->run()
#9 {main}
CRITICAL - 2022-06-26 23:18:17 --> Invalid argument supplied for foreach()
#0 /home/amandeep/public_html/maara/app/Views/userProfile.php(372): CodeIgniter\Debug\Exceptions->errorHandler(2, 'Invalid argumen...', '/home/amandeep/...', 372, Array)
#1 /home/amandeep/public_html/maara/vendor/codeigniter4/framework/system/View/View.php(210): include('/home/amandeep/...')
#2 /home/amandeep/public_html/maara/vendor/codeigniter4/framework/system/View/View.php(213): CodeIgniter\View\View->CodeIgniter\View\{closure}()
#3 /home/amandeep/public_html/maara/vendor/codeigniter4/framework/system/Common.php(1089): CodeIgniter\View\View->render('userProfile', Array, true)
#4 /home/amandeep/public_html/maara/app/Controllers/Home.php(1291): view('userProfile', Array)
#5 /home/amandeep/public_html/maara/vendor/codeigniter4/framework/system/CodeIgniter.php(832): App\Controllers\Home->getUserProfileForWeb('images', 'marra_logo.png')
#6 /home/amandeep/public_html/maara/vendor/codeigniter4/framework/system/CodeIgniter.php(419): CodeIgniter\CodeIgniter->runController(Object(App\Controllers\Home))
#7 /home/amandeep/public_html/maara/vendor/codeigniter4/framework/system/CodeIgniter.php(326): CodeIgniter\CodeIgniter->handleRequest(NULL, Object(Config\Cache), false)
#8 /home/amandeep/public_html/maara/index.php(43): CodeIgniter\CodeIgniter->run()
#9 {main}
CRITICAL - 2022-06-26 23:18:18 --> Invalid argument supplied for foreach()
#0 /home/amandeep/public_html/maara/app/Views/userProfile.php(372): CodeIgniter\Debug\Exceptions->errorHandler(2, 'Invalid argumen...', '/home/amandeep/...', 372, Array)
#1 /home/amandeep/public_html/maara/vendor/codeigniter4/framework/system/View/View.php(210): include('/home/amandeep/...')
#2 /home/amandeep/public_html/maara/vendor/codeigniter4/framework/system/View/View.php(213): CodeIgniter\View\View->CodeIgniter\View\{closure}()
#3 /home/amandeep/public_html/maara/vendor/codeigniter4/framework/system/Common.php(1089): CodeIgniter\View\View->render('userProfile', Array, true)
#4 /home/amandeep/public_html/maara/app/Controllers/Home.php(1291): view('userProfile', Array)
#5 /home/amandeep/public_html/maara/vendor/codeigniter4/framework/system/CodeIgniter.php(832): App\Controllers\Home->getUserProfileForWeb('images', 'user_1.png')
#6 /home/amandeep/public_html/maara/vendor/codeigniter4/framework/system/CodeIgniter.php(419): CodeIgniter\CodeIgniter->runController(Object(App\Controllers\Home))
#7 /home/amandeep/public_html/maara/vendor/codeigniter4/framework/system/CodeIgniter.php(326): CodeIgniter\CodeIgniter->handleRequest(NULL, Object(Config\Cache), false)
#8 /home/amandeep/public_html/maara/index.php(43): CodeIgniter\CodeIgniter->run()
#9 {main}
CRITICAL - 2022-06-26 23:31:04 --> count(): Parameter must be an array or an object that implements Countable
#0 /home/amandeep/public_html/maara/app/Views/userProfile.php(290): CodeIgniter\Debug\Exceptions->errorHandler(2, 'count(): Parame...', '/home/amandeep/...', 290, Array)
#1 /home/amandeep/public_html/maara/vendor/codeigniter4/framework/system/View/View.php(210): include('/home/amandeep/...')
#2 /home/amandeep/public_html/maara/vendor/codeigniter4/framework/system/View/View.php(213): CodeIgniter\View\View->CodeIgniter\View\{closure}()
#3 /home/amandeep/public_html/maara/vendor/codeigniter4/framework/system/Common.php(1089): CodeIgniter\View\View->render('userProfile', Array, true)
#4 /home/amandeep/public_html/maara/app/Controllers/Home.php(1293): view('userProfile', Array)
#5 /home/amandeep/public_html/maara/vendor/codeigniter4/framework/system/CodeIgniter.php(832): App\Controllers\Home->getUserProfileForWeb(' Qh48hqTFwy0wCR...')
#6 /home/amandeep/public_html/maara/vendor/codeigniter4/framework/system/CodeIgniter.php(419): CodeIgniter\CodeIgniter->runController(Object(App\Controllers\Home))
#7 /home/amandeep/public_html/maara/vendor/codeigniter4/framework/system/CodeIgniter.php(326): CodeIgniter\CodeIgniter->handleRequest(NULL, Object(Config\Cache), false)
#8 /home/amandeep/public_html/maara/index.php(43): CodeIgniter\CodeIgniter->run()
#9 {main}
CRITICAL - 2022-06-26 23:33:16 --> Invalid argument supplied for foreach()
#0 /home/amandeep/public_html/maara/app/Views/userProfile.php(358): CodeIgniter\Debug\Exceptions->errorHandler(2, 'Invalid argumen...', '/home/amandeep/...', 358, Array)
#1 /home/amandeep/public_html/maara/vendor/codeigniter4/framework/system/View/View.php(210): include('/home/amandeep/...')
#2 /home/amandeep/public_html/maara/vendor/codeigniter4/framework/system/View/View.php(213): CodeIgniter\View\View->CodeIgniter\View\{closure}()
#3 /home/amandeep/public_html/maara/vendor/codeigniter4/framework/system/Common.php(1089): CodeIgniter\View\View->render('userProfile', Array, true)
#4 /home/amandeep/public_html/maara/app/Controllers/Home.php(1293): view('userProfile', Array)
#5 /home/amandeep/public_html/maara/vendor/codeigniter4/framework/system/CodeIgniter.php(832): App\Controllers\Home->getUserProfileForWeb('url("https:', 'fonts.googleapi...', 'css2')
#6 /home/amandeep/public_html/maara/vendor/codeigniter4/framework/system/CodeIgniter.php(419): CodeIgniter\CodeIgniter->runController(Object(App\Controllers\Home))
#7 /home/amandeep/public_html/maara/vendor/codeigniter4/framework/system/CodeIgniter.php(326): CodeIgniter\CodeIgniter->handleRequest(NULL, Object(Config\Cache), false)
#8 /home/amandeep/public_html/maara/index.php(43): CodeIgniter\CodeIgniter->run()
#9 {main}
CRITICAL - 2022-06-26 23:33:16 --> Invalid argument supplied for foreach()
#0 /home/amandeep/public_html/maara/app/Views/userProfile.php(358): CodeIgniter\Debug\Exceptions->errorHandler(2, 'Invalid argumen...', '/home/amandeep/...', 358, Array)
#1 /home/amandeep/public_html/maara/vendor/codeigniter4/framework/system/View/View.php(210): include('/home/amandeep/...')
#2 /home/amandeep/public_html/maara/vendor/codeigniter4/framework/system/View/View.php(213): CodeIgniter\View\View->CodeIgniter\View\{closure}()
#3 /home/amandeep/public_html/maara/vendor/codeigniter4/framework/system/Common.php(1089): CodeIgniter\View\View->render('userProfile', Array, true)
#4 /home/amandeep/public_html/maara/app/Controllers/Home.php(1293): view('userProfile', Array)
#5 /home/amandeep/public_html/maara/vendor/codeigniter4/framework/system/CodeIgniter.php(832): App\Controllers\Home->getUserProfileForWeb('images', 'profile_img.jpg')
#6 /home/amandeep/public_html/maara/vendor/codeigniter4/framework/system/CodeIgniter.php(419): CodeIgniter\CodeIgniter->runController(Object(App\Controllers\Home))
#7 /home/amandeep/public_html/maara/vendor/codeigniter4/framework/system/CodeIgniter.php(326): CodeIgniter\CodeIgniter->handleRequest(NULL, Object(Config\Cache), false)
#8 /home/amandeep/public_html/maara/index.php(43): CodeIgniter\CodeIgniter->run()
#9 {main}
CRITICAL - 2022-06-26 23:33:16 --> Invalid argument supplied for foreach()
#0 /home/amandeep/public_html/maara/app/Views/userProfile.php(358): CodeIgniter\Debug\Exceptions->errorHandler(2, 'Invalid argumen...', '/home/amandeep/...', 358, Array)
#1 /home/amandeep/public_html/maara/vendor/codeigniter4/framework/system/View/View.php(210): include('/home/amandeep/...')
#2 /home/amandeep/public_html/maara/vendor/codeigniter4/framework/system/View/View.php(213): CodeIgniter\View\View->CodeIgniter\View\{closure}()
#3 /home/amandeep/public_html/maara/vendor/codeigniter4/framework/system/Common.php(1089): CodeIgniter\View\View->render('userProfile', Array, true)
#4 /home/amandeep/public_html/maara/app/Controllers/Home.php(1293): view('userProfile', Array)
#5 /home/amandeep/public_html/maara/vendor/codeigniter4/framework/system/CodeIgniter.php(832): App\Controllers\Home->getUserProfileForWeb('images', 'marra_logo.png')
#6 /home/amandeep/public_html/maara/vendor/codeigniter4/framework/system/CodeIgniter.php(419): CodeIgniter\CodeIgniter->runController(Object(App\Controllers\Home))
#7 /home/amandeep/public_html/maara/vendor/codeigniter4/framework/system/CodeIgniter.php(326): CodeIgniter\CodeIgniter->handleRequest(NULL, Object(Config\Cache), false)
#8 /home/amandeep/public_html/maara/index.php(43): CodeIgniter\CodeIgniter->run()
#9 {main}
