CRITICAL - 2022-08-28 23:58:16 --> Invalid argument supplied for foreach()
#0 /home/zjtoavd5rlc8/maaracard.com/app/Views/shop.php(25): CodeIgniter\Debug\Exceptions->errorHandler(2, 'Invalid argumen...', '/home/zjtoavd5r...', 25, Array)
#1 /home/zjtoavd5rlc8/maaracard.com/vendor/codeigniter4/framework/system/View/View.php(210): include('/home/zjtoavd5r...')
#2 /home/zjtoavd5rlc8/maaracard.com/vendor/codeigniter4/framework/system/View/View.php(213): CodeIgniter\View\View->CodeIgniter\View\{closure}()
#3 /home/zjtoavd5rlc8/maaracard.com/vendor/codeigniter4/framework/system/Common.php(1089): CodeIgniter\View\View->render('shop', Array, true)
#4 /home/zjtoavd5rlc8/maaracard.com/app/Controllers/BaseController.php(592): view('shop', Array)
#5 /home/zjtoavd5rlc8/maaracard.com/app/Controllers/Landing.php(236): App\Controllers\BaseController->loadLandingViews('shop', Array)
#6 /home/zjtoavd5rlc8/maaracard.com/vendor/codeigniter4/framework/system/CodeIgniter.php(832): App\Controllers\Landing->shop()
#7 /home/zjtoavd5rlc8/maaracard.com/vendor/codeigniter4/framework/system/CodeIgniter.php(419): CodeIgniter\CodeIgniter->runController(Object(App\Controllers\Landing))
#8 /home/zjtoavd5rlc8/maaracard.com/vendor/codeigniter4/framework/system/CodeIgniter.php(326): CodeIgniter\CodeIgniter->handleRequest(NULL, Object(Config\Cache), false)
#9 /home/zjtoavd5rlc8/maaracard.com/index.php(43): CodeIgniter\CodeIgniter->run()
#10 {main}
CRITICAL - 2022-08-28 23:58:37 --> Invalid argument supplied for foreach()
#0 /home/zjtoavd5rlc8/maaracard.com/app/Views/shop.php(25): CodeIgniter\Debug\Exceptions->errorHandler(2, 'Invalid argumen...', '/home/zjtoavd5r...', 25, Array)
#1 /home/zjtoavd5rlc8/maaracard.com/vendor/codeigniter4/framework/system/View/View.php(210): include('/home/zjtoavd5r...')
#2 /home/zjtoavd5rlc8/maaracard.com/vendor/codeigniter4/framework/system/View/View.php(213): CodeIgniter\View\View->CodeIgniter\View\{closure}()
#3 /home/zjtoavd5rlc8/maaracard.com/vendor/codeigniter4/framework/system/Common.php(1089): CodeIgniter\View\View->render('shop', Array, true)
#4 /home/zjtoavd5rlc8/maaracard.com/app/Controllers/BaseController.php(592): view('shop', Array)
#5 /home/zjtoavd5rlc8/maaracard.com/app/Controllers/Landing.php(236): App\Controllers\BaseController->loadLandingViews('shop', Array)
#6 /home/zjtoavd5rlc8/maaracard.com/vendor/codeigniter4/framework/system/CodeIgniter.php(832): App\Controllers\Landing->shop()
#7 /home/zjtoavd5rlc8/maaracard.com/vendor/codeigniter4/framework/system/CodeIgniter.php(419): CodeIgniter\CodeIgniter->runController(Object(App\Controllers\Landing))
#8 /home/zjtoavd5rlc8/maaracard.com/vendor/codeigniter4/framework/system/CodeIgniter.php(326): CodeIgniter\CodeIgniter->handleRequest(NULL, Object(Config\Cache), false)
#9 /home/zjtoavd5rlc8/maaracard.com/index.php(43): CodeIgniter\CodeIgniter->run()
#10 {main}
