CRITICAL - 2022-03-24 02:17:10 --> Cannot use App\Models\BusinessStaffAccountModel as BusinessStaffAccountModel because the name is already in use
#0 [internal function]: CodeIgniter\Debug\Exceptions->shutdownHandler()
#1 {main}
CRITICAL - 2022-03-24 02:17:53 --> Cannot use App\Models\BusinessStaffAccountModel as BusinessStaffAccountModel because the name is already in use
#0 [internal function]: CodeIgniter\Debug\Exceptions->shutdownHandler()
#1 {main}
CRITICAL - 2022-03-24 02:18:44 --> Cannot use App\Models\BusinessStaffAccountModel as BusinessStaffAccountModel because the name is already in use
#0 [internal function]: CodeIgniter\Debug\Exceptions->shutdownHandler()
#1 {main}
CRITICAL - 2022-03-24 02:18:56 --> Cannot use App\Models\BusinessStaffAccountModel as BusinessStaffAccountModel because the name is already in use
#0 [internal function]: CodeIgniter\Debug\Exceptions->shutdownHandler()
#1 {main}
CRITICAL - 2022-03-24 02:19:25 --> Cannot use App\Models\BusinessStaffAccountModel as BusinessStaffAccountModel because the name is already in use
#0 [internal function]: CodeIgniter\Debug\Exceptions->shutdownHandler()
#1 {main}
CRITICAL - 2022-03-24 02:23:55 --> Cannot use App\Models\BusinessStaffAccountModel as BusinessStaffAccountModel because the name is already in use
#0 [internal function]: CodeIgniter\Debug\Exceptions->shutdownHandler()
#1 {main}
ERROR - 2022-03-24 08:01:46 --> Unknown column 'tbl_privateAccount.id' in 'where clause'
ERROR - 2022-03-24 08:02:09 --> Unknown column 'tbl_privateAccount.id' in 'where clause'
CRITICAL - 2022-03-24 08:02:09 --> Call to a member function getLastQuery() on null
#0 /home/amandeep/public_html/maara/app/Controllers/User.php(503): App\Controllers\User->privateAccountStatus('2', '1', '2')
#1 /home/amandeep/public_html/maara/vendor/codeigniter4/framework/system/CodeIgniter.php(832): App\Controllers\User->userStatus()
#2 /home/amandeep/public_html/maara/vendor/codeigniter4/framework/system/CodeIgniter.php(419): CodeIgniter\CodeIgniter->runController(Object(App\Controllers\User))
#3 /home/amandeep/public_html/maara/vendor/codeigniter4/framework/system/CodeIgniter.php(326): CodeIgniter\CodeIgniter->handleRequest(NULL, Object(Config\Cache), false)
#4 /home/amandeep/public_html/maara/index.php(43): CodeIgniter\CodeIgniter->run()
#5 {main}
ERROR - 2022-03-24 08:02:12 --> Unknown column 'tbl_privateAccount.id' in 'where clause'
CRITICAL - 2022-03-24 08:02:12 --> Call to a member function getLastQuery() on null
#0 /home/amandeep/public_html/maara/app/Controllers/User.php(503): App\Controllers\User->privateAccountStatus('2', '1', '2')
#1 /home/amandeep/public_html/maara/vendor/codeigniter4/framework/system/CodeIgniter.php(832): App\Controllers\User->userStatus()
#2 /home/amandeep/public_html/maara/vendor/codeigniter4/framework/system/CodeIgniter.php(419): CodeIgniter\CodeIgniter->runController(Object(App\Controllers\User))
#3 /home/amandeep/public_html/maara/vendor/codeigniter4/framework/system/CodeIgniter.php(326): CodeIgniter\CodeIgniter->handleRequest(NULL, Object(Config\Cache), false)
#4 /home/amandeep/public_html/maara/index.php(43): CodeIgniter\CodeIgniter->run()
#5 {main}
ERROR - 2022-03-24 08:02:18 --> Unknown column 'tbl_privateAccount.id' in 'where clause'
ERROR - 2022-03-24 08:03:18 --> Unknown column 'tbl_privateAccount.id' in 'where clause'
