ERROR - 2022-07-11 02:23:23 --> Unknown table 'b'
CRITICAL - 2022-07-11 02:23:23 --> Call to a member function getResultArray() on bool
#0 /home/amandeep/public_html/maara/app/Controllers/User.php(1016): Config\Services::getAnalytics('tbl_businessAcc...', 'business', 'BID')
#1 /home/amandeep/public_html/maara/vendor/codeigniter4/framework/system/CodeIgniter.php(832): App\Controllers\User->analytics()
#2 /home/amandeep/public_html/maara/vendor/codeigniter4/framework/system/CodeIgniter.php(419): CodeIgniter\CodeIgniter->runController(Object(App\Controllers\User))
#3 /home/amandeep/public_html/maara/vendor/codeigniter4/framework/system/CodeIgniter.php(326): CodeIgniter\CodeIgniter->handleRequest(NULL, Object(Config\Cache), false)
#4 /home/amandeep/public_html/maara/index.php(43): CodeIgniter\CodeIgniter->run()
#5 {main}
ERROR - 2022-07-11 02:24:31 --> Unknown table 'b'
CRITICAL - 2022-07-11 02:24:31 --> Call to a member function getResultArray() on bool
#0 /home/amandeep/public_html/maara/app/Controllers/User.php(1016): Config\Services::getAnalytics('tbl_businessAcc...', 'business', 'BID')
#1 /home/amandeep/public_html/maara/vendor/codeigniter4/framework/system/CodeIgniter.php(832): App\Controllers\User->analytics()
#2 /home/amandeep/public_html/maara/vendor/codeigniter4/framework/system/CodeIgniter.php(419): CodeIgniter\CodeIgniter->runController(Object(App\Controllers\User))
#3 /home/amandeep/public_html/maara/vendor/codeigniter4/framework/system/CodeIgniter.php(326): CodeIgniter\CodeIgniter->handleRequest(NULL, Object(Config\Cache), false)
#4 /home/amandeep/public_html/maara/index.php(43): CodeIgniter\CodeIgniter->run()
#5 {main}
ERROR - 2022-07-11 02:24:42 --> Unknown column 'business' in 'on clause'
CRITICAL - 2022-07-11 02:24:42 --> Call to a member function getResultArray() on bool
#0 /home/amandeep/public_html/maara/app/Controllers/User.php(1016): Config\Services::getAnalytics('tbl_businessAcc...', 'business', 'BID')
#1 /home/amandeep/public_html/maara/vendor/codeigniter4/framework/system/CodeIgniter.php(832): App\Controllers\User->analytics()
#2 /home/amandeep/public_html/maara/vendor/codeigniter4/framework/system/CodeIgniter.php(419): CodeIgniter\CodeIgniter->runController(Object(App\Controllers\User))
#3 /home/amandeep/public_html/maara/vendor/codeigniter4/framework/system/CodeIgniter.php(326): CodeIgniter\CodeIgniter->handleRequest(NULL, Object(Config\Cache), false)
#4 /home/amandeep/public_html/maara/index.php(43): CodeIgniter\CodeIgniter->run()
#5 {main}
ERROR - 2022-07-11 02:25:12 --> Unknown column 'business' in 'on clause'
CRITICAL - 2022-07-11 02:25:12 --> Call to a member function getResultArray() on bool
#0 /home/amandeep/public_html/maara/app/Controllers/User.php(1016): Config\Services::getAnalytics('tbl_businessAcc...', 'business', 'BID')
#1 /home/amandeep/public_html/maara/vendor/codeigniter4/framework/system/CodeIgniter.php(832): App\Controllers\User->analytics()
#2 /home/amandeep/public_html/maara/vendor/codeigniter4/framework/system/CodeIgniter.php(419): CodeIgniter\CodeIgniter->runController(Object(App\Controllers\User))
#3 /home/amandeep/public_html/maara/vendor/codeigniter4/framework/system/CodeIgniter.php(326): CodeIgniter\CodeIgniter->handleRequest(NULL, Object(Config\Cache), false)
#4 /home/amandeep/public_html/maara/index.php(43): CodeIgniter\CodeIgniter->run()
#5 {main}
ERROR - 2022-07-11 02:25:49 --> Unknown column 'business' in 'on clause'
CRITICAL - 2022-07-11 02:25:49 --> Call to a member function getResultArray() on bool
#0 /home/amandeep/public_html/maara/app/Controllers/User.php(1016): Config\Services::getAnalytics('tbl_businessAcc...', 'business', 'BID', '66')
#1 /home/amandeep/public_html/maara/vendor/codeigniter4/framework/system/CodeIgniter.php(832): App\Controllers\User->analytics()
#2 /home/amandeep/public_html/maara/vendor/codeigniter4/framework/system/CodeIgniter.php(419): CodeIgniter\CodeIgniter->runController(Object(App\Controllers\User))
#3 /home/amandeep/public_html/maara/vendor/codeigniter4/framework/system/CodeIgniter.php(326): CodeIgniter\CodeIgniter->handleRequest(NULL, Object(Config\Cache), false)
#4 /home/amandeep/public_html/maara/index.php(43): CodeIgniter\CodeIgniter->run()
#5 {main}
ERROR - 2022-07-11 02:32:01 --> Unknown column 'b.BID' in 'group statement'
CRITICAL - 2022-07-11 02:32:01 --> Call to a member function getResultArray() on bool
#0 /home/amandeep/public_html/maara/app/Controllers/User.php(1016): Config\Services::getAnalytics('tbl_businessAcc...', 'business', 'BID', '66')
#1 /home/amandeep/public_html/maara/vendor/codeigniter4/framework/system/CodeIgniter.php(832): App\Controllers\User->analytics()
#2 /home/amandeep/public_html/maara/vendor/codeigniter4/framework/system/CodeIgniter.php(419): CodeIgniter\CodeIgniter->runController(Object(App\Controllers\User))
#3 /home/amandeep/public_html/maara/vendor/codeigniter4/framework/system/CodeIgniter.php(326): CodeIgniter\CodeIgniter->handleRequest(NULL, Object(Config\Cache), false)
#4 /home/amandeep/public_html/maara/index.php(43): CodeIgniter\CodeIgniter->run()
#5 {main}
ERROR - 2022-07-11 02:35:19 --> Unknown column 't.userID' in 'where clause'
CRITICAL - 2022-07-11 02:35:19 --> Call to a member function getResultArray() on bool
#0 /home/amandeep/public_html/maara/app/Controllers/User.php(1013): Config\Services::getAnalytics('tbl_users', 'public', 'id', '66')
#1 /home/amandeep/public_html/maara/vendor/codeigniter4/framework/system/CodeIgniter.php(832): App\Controllers\User->analytics()
#2 /home/amandeep/public_html/maara/vendor/codeigniter4/framework/system/CodeIgniter.php(419): CodeIgniter\CodeIgniter->runController(Object(App\Controllers\User))
#3 /home/amandeep/public_html/maara/vendor/codeigniter4/framework/system/CodeIgniter.php(326): CodeIgniter\CodeIgniter->handleRequest(NULL, Object(Config\Cache), false)
#4 /home/amandeep/public_html/maara/index.php(43): CodeIgniter\CodeIgniter->run()
#5 {main}
ERROR - 2022-07-11 02:36:01 --> Unknown column 't.userID' in 'where clause'
CRITICAL - 2022-07-11 02:36:01 --> Call to a member function getResultArray() on bool
#0 /home/amandeep/public_html/maara/app/Controllers/User.php(1013): Config\Services::getAnalytics('tbl_users', 'public', 'id', '66')
#1 /home/amandeep/public_html/maara/vendor/codeigniter4/framework/system/CodeIgniter.php(832): App\Controllers\User->analytics()
#2 /home/amandeep/public_html/maara/vendor/codeigniter4/framework/system/CodeIgniter.php(419): CodeIgniter\CodeIgniter->runController(Object(App\Controllers\User))
#3 /home/amandeep/public_html/maara/vendor/codeigniter4/framework/system/CodeIgniter.php(326): CodeIgniter\CodeIgniter->handleRequest(NULL, Object(Config\Cache), false)
#4 /home/amandeep/public_html/maara/index.php(43): CodeIgniter\CodeIgniter->run()
#5 {main}
ERROR - 2022-07-11 02:50:16 --> Column 'status' in on clause is ambiguous
CRITICAL - 2022-07-11 02:50:16 --> Call to a member function getResultArray() on bool
#0 /home/amandeep/public_html/maara/app/Controllers/User.php(1013): Config\Services::getAnalytics('tbl_users', 'public', 'id', '66', 'id')
#1 /home/amandeep/public_html/maara/vendor/codeigniter4/framework/system/CodeIgniter.php(832): App\Controllers\User->analytics()
#2 /home/amandeep/public_html/maara/vendor/codeigniter4/framework/system/CodeIgniter.php(419): CodeIgniter\CodeIgniter->runController(Object(App\Controllers\User))
#3 /home/amandeep/public_html/maara/vendor/codeigniter4/framework/system/CodeIgniter.php(326): CodeIgniter\CodeIgniter->handleRequest(NULL, Object(Config\Cache), false)
#4 /home/amandeep/public_html/maara/index.php(43): CodeIgniter\CodeIgniter->run()
#5 {main}
CRITICAL - 2022-07-11 04:34:47 --> Call to undefined method CodeIgniter\Database\MySQLi\Result::getNumRow()
#0 /home/amandeep/public_html/maara/app/Controllers/Home.php(1176): App\Controllers\Home->addAnalytics(Array)
#1 /home/amandeep/public_html/maara/vendor/codeigniter4/framework/system/CodeIgniter.php(832): App\Controllers\Home->connectionUserDetail()
#2 /home/amandeep/public_html/maara/vendor/codeigniter4/framework/system/CodeIgniter.php(419): CodeIgniter\CodeIgniter->runController(Object(App\Controllers\Home))
#3 /home/amandeep/public_html/maara/vendor/codeigniter4/framework/system/CodeIgniter.php(326): CodeIgniter\CodeIgniter->handleRequest(NULL, Object(Config\Cache), false)
#4 /home/amandeep/public_html/maara/index.php(43): CodeIgniter\CodeIgniter->run()
#5 {main}
CRITICAL - 2022-07-11 04:36:37 --> Call to undefined method CodeIgniter\Database\MySQLi\Result::getNumRow()
#0 /home/amandeep/public_html/maara/app/Controllers/Home.php(1174): App\Controllers\Home->addAnalytics(Array)
#1 /home/amandeep/public_html/maara/vendor/codeigniter4/framework/system/CodeIgniter.php(832): App\Controllers\Home->connectionUserDetail()
#2 /home/amandeep/public_html/maara/vendor/codeigniter4/framework/system/CodeIgniter.php(419): CodeIgniter\CodeIgniter->runController(Object(App\Controllers\Home))
#3 /home/amandeep/public_html/maara/vendor/codeigniter4/framework/system/CodeIgniter.php(326): CodeIgniter\CodeIgniter->handleRequest(NULL, Object(Config\Cache), false)
#4 /home/amandeep/public_html/maara/index.php(43): CodeIgniter\CodeIgniter->run()
#5 {main}
CRITICAL - 2022-07-11 04:36:57 --> Call to undefined method CodeIgniter\Database\MySQLi\Result::getNumRow()
#0 /home/amandeep/public_html/maara/app/Controllers/Home.php(1174): App\Controllers\Home->addAnalytics(Array)
#1 /home/amandeep/public_html/maara/vendor/codeigniter4/framework/system/CodeIgniter.php(832): App\Controllers\Home->connectionUserDetail()
#2 /home/amandeep/public_html/maara/vendor/codeigniter4/framework/system/CodeIgniter.php(419): CodeIgniter\CodeIgniter->runController(Object(App\Controllers\Home))
#3 /home/amandeep/public_html/maara/vendor/codeigniter4/framework/system/CodeIgniter.php(326): CodeIgniter\CodeIgniter->handleRequest(NULL, Object(Config\Cache), false)
#4 /home/amandeep/public_html/maara/index.php(43): CodeIgniter\CodeIgniter->run()
#5 {main}
ERROR - 2022-07-11 04:37:41 --> Unknown column 'profileID' in 'field list'
ERROR - 2022-07-11 04:37:57 --> Unknown column 'profileID' in 'field list'
ERROR - 2022-07-11 04:38:34 --> Unknown column 'profileID' in 'field list'
ERROR - 2022-07-11 04:40:00 --> Unknown column 'profileID' in 'field list'
ERROR - 2022-07-11 04:40:51 --> Unknown column 'profileID' in 'field list'
ERROR - 2022-07-11 04:41:18 --> Unknown column 'profileID' in 'field list'
ERROR - 2022-07-11 04:42:25 --> Unknown column 'profileID' in 'field list'
CRITICAL - 2022-07-11 04:50:44 --> Call to undefined method App\Controllers\Home::getLastQuery()
#0 /home/amandeep/public_html/maara/app/Controllers/Home.php(1174): App\Controllers\Home->addAnalytics(Array)
#1 /home/amandeep/public_html/maara/vendor/codeigniter4/framework/system/CodeIgniter.php(832): App\Controllers\Home->connectionUserDetail()
#2 /home/amandeep/public_html/maara/vendor/codeigniter4/framework/system/CodeIgniter.php(419): CodeIgniter\CodeIgniter->runController(Object(App\Controllers\Home))
#3 /home/amandeep/public_html/maara/vendor/codeigniter4/framework/system/CodeIgniter.php(326): CodeIgniter\CodeIgniter->handleRequest(NULL, Object(Config\Cache), false)
#4 /home/amandeep/public_html/maara/index.php(43): CodeIgniter\CodeIgniter->run()
#5 {main}
CRITICAL - 2022-07-11 04:51:10 --> Call to undefined method App\Controllers\Home::getLastQuery()
#0 /home/amandeep/public_html/maara/app/Controllers/Home.php(1174): App\Controllers\Home->addAnalytics(Array)
#1 /home/amandeep/public_html/maara/vendor/codeigniter4/framework/system/CodeIgniter.php(832): App\Controllers\Home->connectionUserDetail()
#2 /home/amandeep/public_html/maara/vendor/codeigniter4/framework/system/CodeIgniter.php(419): CodeIgniter\CodeIgniter->runController(Object(App\Controllers\Home))
#3 /home/amandeep/public_html/maara/vendor/codeigniter4/framework/system/CodeIgniter.php(326): CodeIgniter\CodeIgniter->handleRequest(NULL, Object(Config\Cache), false)
#4 /home/amandeep/public_html/maara/index.php(43): CodeIgniter\CodeIgniter->run()
#5 {main}
CRITICAL - 2022-07-11 04:51:28 --> Call to undefined method App\Controllers\Home::getLastQuery()
#0 /home/amandeep/public_html/maara/app/Controllers/Home.php(1174): App\Controllers\Home->addAnalytics(Array)
#1 /home/amandeep/public_html/maara/vendor/codeigniter4/framework/system/CodeIgniter.php(832): App\Controllers\Home->connectionUserDetail()
#2 /home/amandeep/public_html/maara/vendor/codeigniter4/framework/system/CodeIgniter.php(419): CodeIgniter\CodeIgniter->runController(Object(App\Controllers\Home))
#3 /home/amandeep/public_html/maara/vendor/codeigniter4/framework/system/CodeIgniter.php(326): CodeIgniter\CodeIgniter->handleRequest(NULL, Object(Config\Cache), false)
#4 /home/amandeep/public_html/maara/index.php(43): CodeIgniter\CodeIgniter->run()
#5 {main}
CRITICAL - 2022-07-11 05:25:19 --> Call to undefined function App\Controllers\array_sum_values()
#0 /home/amandeep/public_html/maara/vendor/codeigniter4/framework/system/CodeIgniter.php(832): App\Controllers\User->analytics()
#1 /home/amandeep/public_html/maara/vendor/codeigniter4/framework/system/CodeIgniter.php(419): CodeIgniter\CodeIgniter->runController(Object(App\Controllers\User))
#2 /home/amandeep/public_html/maara/vendor/codeigniter4/framework/system/CodeIgniter.php(326): CodeIgniter\CodeIgniter->handleRequest(NULL, Object(Config\Cache), false)
#3 /home/amandeep/public_html/maara/index.php(43): CodeIgniter\CodeIgniter->run()
#4 {main}
